<?xml version="1.0" encoding="UTF-8"?>
<coverage generated="1785908983109" clover="3.2.0">
  <project timestamp="1785908983110" name="All files">
    <metrics statements="10050" coveredstatements="8676" conditionals="6169" coveredconditionals="5317" methods="3226" coveredmethods="2460" elements="19445" coveredelements="16453" complexity="0" loc="10050" ncloc="10050" packages="169" files="351" classes="351"/>
    <package name="src">
      <metrics statements="24" coveredstatements="20" conditionals="16" coveredconditionals="15" methods="7" coveredmethods="4"/>
      <file name="App.js" path="C:\DFolder\Projects\EVOX\E2eTesting\EVOX Code-Git\evox-app-e2e\client\src\App.js">
        <metrics statements="22" coveredstatements="19" conditionals="16" coveredconditionals="15" methods="7" coveredmethods="4"/>
        <line num="27" count="10" type="cond" truecount="4" falsecount="0"/>
        <line num="30" count="1" type="stmt"/>
        <line num="31" count="1" type="stmt"/>
        <line num="32" count="1" type="stmt"/>
        <line num="33" count="1" type="stmt"/>
        <line num="36" count="1" type="cond" truecount="2" falsecount="0"/>
        <line num="37" count="2" type="stmt"/>
        <line num="38" count="1" type="stmt"/>
        <line num="39" count="1" type="stmt"/>
        <line num="45" count="13" type="cond" truecount="2" falsecount="0"/>
        <line num="46" count="1" type="cond" truecount="3" falsecount="1"/>
        <line num="47" count="1" type="stmt"/>
        <line num="48" count="5" type="cond" truecount="2" falsecount="0"/>
        <line num="49" count="4" type="stmt"/>
        <line num="50" count="4" type="stmt"/>
        <line num="60" count="13" type="cond" truecount="2" falsecount="0"/>
        <line num="61" count="6" type="stmt"/>
        <line num="65" count="13" type="stmt"/>
        <line num="76" count="1" type="stmt"/>
        <line num="77" count="0" type="stmt"/>
        <line num="79" count="0" type="stmt"/>
        <line num="81" count="0" type="stmt"/>
      </file>
      <file name="index.js" path="C:\DFolder\Projects\EVOX\E2eTesting\EVOX Code-Git\evox-app-e2e\client\src\index.js">
        <metrics statements="1" coveredstatements="0" conditionals="0" coveredconditionals="0" methods="0" coveredmethods="0"/>
        <line num="22" count="0" type="stmt"/>
      </file>
      <file name="store.js" path="C:\DFolder\Projects\EVOX\E2eTesting\EVOX Code-Git\evox-app-e2e\client\src\store.js">
        <metrics statements="1" coveredstatements="1" conditionals="0" coveredconditionals="0" methods="0" coveredmethods="0"/>
        <line num="6" count="55" type="stmt"/>
      </file>
    </package>
    <package name="src.components.AssetManagementForm">
      <metrics statements="51" coveredstatements="49" conditionals="44" coveredconditionals="42" methods="17" coveredmethods="15"/>
      <file name="AssetManagementForm.js" path="C:\DFolder\Projects\EVOX\E2eTesting\EVOX Code-Git\evox-app-e2e\client\src\components\AssetManagementForm\AssetManagementForm.js">
        <metrics statements="51" coveredstatements="49" conditionals="44" coveredconditionals="42" methods="17" coveredmethods="15"/>
        <line num="24" count="34" type="stmt"/>
        <line num="25" count="34" type="stmt"/>
        <line num="33" count="34" type="stmt"/>
        <line num="35" count="8" type="stmt"/>
        <line num="37" count="8" type="stmt"/>
        <line num="38" count="41" type="cond" truecount="2" falsecount="0"/>
        <line num="39" count="37" type="stmt"/>
        <line num="43" count="8" type="cond" truecount="2" falsecount="0"/>
        <line num="44" count="6" type="cond" truecount="2" falsecount="0"/>
        <line num="45" count="4" type="stmt"/>
        <line num="47" count="2" type="cond" truecount="1" falsecount="1"/>
        <line num="48" count="2" type="stmt"/>
        <line num="49" count="2" type="stmt"/>
        <line num="50" count="2" type="stmt"/>
        <line num="55" count="34" type="cond" truecount="2" falsecount="0"/>
        <line num="56" count="7" type="cond" truecount="1" falsecount="1"/>
        <line num="57" count="7" type="stmt"/>
        <line num="60" count="27" type="cond" truecount="2" falsecount="0"/>
        <line num="61" count="22" type="stmt"/>
        <line num="66" count="34" type="stmt"/>
        <line num="68" count="43" type="stmt"/>
        <line num="70" count="43" type="stmt"/>
        <line num="71" count="43" type="stmt"/>
        <line num="72" count="43" type="stmt"/>
        <line num="73" count="43" type="stmt"/>
        <line num="74" count="43" type="cond" truecount="2" falsecount="0"/>
        <line num="77" count="43" type="stmt"/>
        <line num="87" count="43" type="stmt"/>
        <line num="95" count="155" type="stmt"/>
        <line num="139" count="9" type="cond" truecount="2" falsecount="0"/>
        <line num="185" count="1" type="stmt"/>
        <line num="187" count="8" type="stmt"/>
        <line num="207" count="282" type="stmt"/>
        <line num="208" count="282" type="cond" truecount="2" falsecount="0"/>
        <line num="209" count="282" type="cond" truecount="2" falsecount="0"/>
        <line num="210" count="282" type="cond" truecount="2" falsecount="0"/>
        <line num="211" count="94" type="stmt"/>
        <line num="212" count="188" type="cond" truecount="2" falsecount="0"/>
        <line num="213" count="94" type="stmt"/>
        <line num="215" count="282" type="stmt"/>
        <line num="223" count="1" type="stmt"/>
        <line num="245" count="5" type="stmt"/>
        <line num="256" count="5" type="stmt"/>
        <line num="257" count="9" type="stmt"/>
        <line num="263" count="5" type="stmt"/>
        <line num="264" count="4" type="stmt"/>
        <line num="265" count="1" type="stmt"/>
        <line num="266" count="0" type="stmt"/>
        <line num="267" count="3" type="stmt"/>
        <line num="268" count="1" type="stmt"/>
        <line num="269" count="0" type="stmt"/>
      </file>
    </package>
    <package name="src.components.AssetManagementForm.AssetReport">
      <metrics statements="42" coveredstatements="38" conditionals="26" coveredconditionals="26" methods="16" coveredmethods="12"/>
      <file name="AssetReport.js" path="C:\DFolder\Projects\EVOX\E2eTesting\EVOX Code-Git\evox-app-e2e\client\src\components\AssetManagementForm\AssetReport\AssetReport.js">
        <metrics statements="42" coveredstatements="38" conditionals="26" coveredconditionals="26" methods="16" coveredmethods="12"/>
        <line num="19" count="34" type="stmt"/>
        <line num="20" count="34" type="stmt"/>
        <line num="29" count="34" type="stmt"/>
        <line num="30" count="19" type="stmt"/>
        <line num="31" count="19" type="stmt"/>
        <line num="32" count="95" type="cond" truecount="4" falsecount="0"/>
        <line num="33" count="45" type="cond" truecount="1" falsecount="0"/>
        <line num="35" count="45" type="stmt"/>
        <line num="36" count="45" type="stmt"/>
        <line num="41" count="19" type="cond" truecount="2" falsecount="0"/>
        <line num="42" count="10" type="stmt"/>
        <line num="43" count="9" type="cond" truecount="2" falsecount="0"/>
        <line num="44" count="8" type="stmt"/>
        <line num="50" count="6" type="stmt"/>
        <line num="51" count="6" type="stmt"/>
        <line num="52" count="6" type="stmt"/>
        <line num="53" count="6" type="stmt"/>
        <line num="54" count="6" type="stmt"/>
        <line num="55" count="6" type="stmt"/>
        <line num="64" count="34" type="cond" truecount="2" falsecount="0"/>
        <line num="65" count="3" type="stmt"/>
        <line num="70" count="3" type="stmt"/>
        <line num="74" count="34" type="stmt"/>
        <line num="76" count="34" type="stmt"/>
        <line num="77" count="34" type="stmt"/>
        <line num="78" count="34" type="stmt"/>
        <line num="79" count="34" type="stmt"/>
        <line num="80" count="34" type="stmt"/>
        <line num="83" count="34" type="stmt"/>
        <line num="91" count="34" type="stmt"/>
        <line num="99" count="110" type="stmt"/>
        <line num="117" count="212" type="stmt"/>
        <line num="133" count="128" type="stmt"/>
        <line num="147" count="5" type="stmt"/>
        <line num="150" count="4" type="stmt"/>
        <line num="171" count="6" type="stmt"/>
        <line num="194" count="2" type="stmt"/>
        <line num="195" count="0" type="stmt"/>
        <line num="204" count="2" type="stmt"/>
        <line num="205" count="0" type="stmt"/>
        <line num="206" count="0" type="stmt"/>
        <line num="207" count="0" type="stmt"/>
      </file>
    </package>
    <package name="src.components.ChangePasswordForm">
      <metrics statements="22" coveredstatements="7" conditionals="19" coveredconditionals="9" methods="7" coveredmethods="2"/>
      <file name="ChangePasswordForm.js" path="C:\DFolder\Projects\EVOX\E2eTesting\EVOX Code-Git\evox-app-e2e\client\src\components\ChangePasswordForm\ChangePasswordForm.js">
        <metrics statements="22" coveredstatements="7" conditionals="19" coveredconditionals="9" methods="7" coveredmethods="2"/>
        <line num="13" count="3" type="stmt"/>
        <line num="20" count="0" type="stmt"/>
        <line num="22" count="0" type="stmt"/>
        <line num="23" count="0" type="cond" truecount="0" falsecount="4"/>
        <line num="24" count="0" type="cond" truecount="0" falsecount="1"/>
        <line num="26" count="0" type="stmt"/>
        <line num="27" count="0" type="stmt"/>
        <line num="33" count="0" type="cond" truecount="0" falsecount="2"/>
        <line num="34" count="0" type="stmt"/>
        <line num="38" count="0" type="cond" truecount="0" falsecount="2"/>
        <line num="39" count="0" type="stmt"/>
        <line num="40" count="0" type="stmt"/>
        <line num="45" count="4" type="stmt"/>
        <line num="51" count="4" type="stmt"/>
        <line num="57" count="4" type="cond" truecount="5" falsecount="1"/>
        <line num="66" count="8" type="stmt"/>
        <line num="105" count="0" type="stmt"/>
        <line num="120" count="3" type="stmt"/>
        <line num="121" count="0" type="stmt"/>
        <line num="127" count="3" type="stmt"/>
        <line num="128" count="0" type="stmt"/>
        <line num="129" count="0" type="stmt"/>
      </file>
      <file name="index.js" path="C:\DFolder\Projects\EVOX\E2eTesting\EVOX Code-Git\evox-app-e2e\client\src\components\ChangePasswordForm\index.js">
        <metrics statements="0" coveredstatements="0" conditionals="0" coveredconditionals="0" methods="0" coveredmethods="0"/>
      </file>
    </package>
    <package name="src.components.ChangePasswordFormComponent">
      <metrics statements="26" coveredstatements="11" conditionals="7" coveredconditionals="0" methods="9" coveredmethods="3"/>
      <file name="ChangePasswordFormComponent.js" path="C:\DFolder\Projects\EVOX\E2eTesting\EVOX Code-Git\evox-app-e2e\client\src\components\ChangePasswordFormComponent\ChangePasswordFormComponent.js">
        <metrics statements="26" coveredstatements="11" conditionals="7" coveredconditionals="0" methods="9" coveredmethods="3"/>
        <line num="17" count="3" type="stmt"/>
        <line num="19" count="3" type="stmt"/>
        <line num="27" count="3" type="stmt"/>
        <line num="28" count="0" type="cond" truecount="0" falsecount="2"/>
        <line num="29" count="0" type="stmt"/>
        <line num="33" count="3" type="stmt"/>
        <line num="35" count="0" type="stmt"/>
        <line num="37" count="0" type="stmt"/>
        <line num="38" count="0" type="cond" truecount="0" falsecount="4"/>
        <line num="39" count="0" type="cond" truecount="0" falsecount="1"/>
        <line num="41" count="0" type="stmt"/>
        <line num="42" count="0" type="stmt"/>
        <line num="52" count="0" type="stmt"/>
        <line num="54" count="0" type="stmt"/>
        <line num="56" count="0" type="stmt"/>
        <line num="67" count="3" type="stmt"/>
        <line num="68" count="3" type="stmt"/>
        <line num="76" count="3" type="stmt"/>
        <line num="85" count="6" type="stmt"/>
        <line num="124" count="0" type="stmt"/>
        <line num="137" count="3" type="stmt"/>
        <line num="142" count="3" type="stmt"/>
        <line num="143" count="0" type="stmt"/>
        <line num="151" count="3" type="stmt"/>
        <line num="152" count="0" type="stmt"/>
        <line num="153" count="0" type="stmt"/>
      </file>
      <file name="index.js" path="C:\DFolder\Projects\EVOX\E2eTesting\EVOX Code-Git\evox-app-e2e\client\src\components\ChangePasswordFormComponent\index.js">
        <metrics statements="0" coveredstatements="0" conditionals="0" coveredconditionals="0" methods="0" coveredmethods="0"/>
      </file>
    </package>
    <package name="src.components.Dashboard.BirthdayAnniversary">
      <metrics statements="22" coveredstatements="14" conditionals="5" coveredconditionals="3" methods="10" coveredmethods="5"/>
      <file name="BirthdayAnniversary.js" path="C:\DFolder\Projects\EVOX\E2eTesting\EVOX Code-Git\evox-app-e2e\client\src\components\Dashboard\BirthdayAnniversary\BirthdayAnniversary.js">
        <metrics statements="22" coveredstatements="14" conditionals="5" coveredconditionals="3" methods="10" coveredmethods="5"/>
        <line num="17" count="3" type="stmt"/>
        <line num="20" count="3" type="stmt"/>
        <line num="26" count="3" type="stmt"/>
        <line num="32" count="3" type="stmt"/>
        <line num="33" count="3" type="stmt"/>
        <line num="34" count="3" type="stmt"/>
        <line num="45" count="2" type="stmt"/>
        <line num="46" count="2" type="cond" truecount="1" falsecount="2"/>
        <line num="48" count="2" type="stmt"/>
        <line num="49" count="2" type="stmt"/>
        <line num="51" count="0" type="stmt"/>
        <line num="52" count="0" type="stmt"/>
        <line num="54" count="0" type="stmt"/>
        <line num="55" count="0" type="stmt"/>
        <line num="57" count="2" type="stmt"/>
        <line num="81" count="2" type="stmt"/>
        <line num="83" count="2" type="stmt"/>
        <line num="84" count="0" type="stmt"/>
        <line num="89" count="2" type="stmt"/>
        <line num="90" count="0" type="stmt"/>
        <line num="91" count="0" type="stmt"/>
        <line num="93" count="0" type="stmt"/>
      </file>
      <file name="index.js" path="C:\DFolder\Projects\EVOX\E2eTesting\EVOX Code-Git\evox-app-e2e\client\src\components\Dashboard\BirthdayAnniversary\index.js">
        <metrics statements="0" coveredstatements="0" conditionals="0" coveredconditionals="0" methods="0" coveredmethods="0"/>
      </file>
    </package>
    <package name="src.components.Dashboard.ChangeLogs">
      <metrics statements="19" coveredstatements="11" conditionals="6" coveredconditionals="4" methods="13" coveredmethods="4"/>
      <file name="ChangeLogs.js" path="C:\DFolder\Projects\EVOX\E2eTesting\EVOX Code-Git\evox-app-e2e\client\src\components\Dashboard\ChangeLogs\ChangeLogs.js">
        <metrics statements="19" coveredstatements="11" conditionals="6" coveredconditionals="4" methods="13" coveredmethods="4"/>
        <line num="9" count="0" type="stmt"/>
        <line num="13" count="0" type="stmt"/>
        <line num="29" count="3" type="stmt"/>
        <line num="30" count="3" type="stmt"/>
        <line num="34" count="3" type="stmt"/>
        <line num="38" count="3" type="stmt"/>
        <line num="41" count="3" type="stmt"/>
        <line num="42" count="0" type="stmt"/>
        <line num="48" count="3" type="stmt"/>
        <line num="49" count="0" type="stmt"/>
        <line num="55" count="3" type="stmt"/>
        <line num="57" count="3" type="stmt"/>
        <line num="62" count="2" type="stmt"/>
        <line num="77" count="0" type="stmt"/>
        <line num="86" count="2" type="stmt"/>
        <line num="87" count="0" type="stmt"/>
        <line num="92" count="2" type="stmt"/>
        <line num="93" count="0" type="stmt"/>
        <line num="94" count="0" type="stmt"/>
      </file>
      <file name="index.js" path="C:\DFolder\Projects\EVOX\E2eTesting\EVOX Code-Git\evox-app-e2e\client\src\components\Dashboard\ChangeLogs\index.js">
        <metrics statements="0" coveredstatements="0" conditionals="0" coveredconditionals="0" methods="0" coveredmethods="0"/>
      </file>
    </package>
    <package name="src.components.Dashboard.DashboardAnnouncementsList">
      <metrics statements="62" coveredstatements="53" conditionals="26" coveredconditionals="22" methods="25" coveredmethods="18"/>
      <file name="DashboardAnnouncementsList.js" path="C:\DFolder\Projects\EVOX\E2eTesting\EVOX Code-Git\evox-app-e2e\client\src\components\Dashboard\DashboardAnnouncementsList\DashboardAnnouncementsList.js">
        <metrics statements="62" coveredstatements="53" conditionals="26" coveredconditionals="22" methods="25" coveredmethods="18"/>
        <line num="18" count="6" type="stmt"/>
        <line num="20" count="6" type="stmt"/>
        <line num="22" count="6" type="stmt"/>
        <line num="32" count="6" type="stmt"/>
        <line num="33" count="6" type="stmt"/>
        <line num="36" count="6" type="stmt"/>
        <line num="39" count="6" type="stmt"/>
        <line num="40" count="1" type="stmt"/>
        <line num="41" count="1" type="stmt"/>
        <line num="42" count="1" type="stmt"/>
        <line num="46" count="1" type="stmt"/>
        <line num="47" count="1" type="stmt"/>
        <line num="55" count="1" type="stmt"/>
        <line num="58" count="6" type="stmt"/>
        <line num="59" count="0" type="stmt"/>
        <line num="60" count="0" type="stmt"/>
        <line num="62" count="0" type="stmt"/>
        <line num="65" count="6" type="stmt"/>
        <line num="66" count="1" type="stmt"/>
        <line num="67" count="1" type="stmt"/>
        <line num="68" count="1" type="stmt"/>
        <line num="69" count="1" type="stmt"/>
        <line num="71" count="1" type="stmt"/>
        <line num="72" count="1" type="stmt"/>
        <line num="80" count="1" type="stmt"/>
        <line num="82" count="6" type="stmt"/>
        <line num="86" count="19" type="stmt"/>
        <line num="97" count="21" type="stmt"/>
        <line num="113" count="1" type="stmt"/>
        <line num="114" count="1" type="stmt"/>
        <line num="124" count="42" type="stmt"/>
        <line num="158" count="1" type="stmt"/>
        <line num="160" count="21" type="stmt"/>
        <line num="161" count="21" type="cond" truecount="4" falsecount="0"/>
        <line num="162" count="7" type="stmt"/>
        <line num="163" count="7" type="cond" truecount="2" falsecount="0"/>
        <line num="164" count="5" type="cond" truecount="1" falsecount="1"/>
        <line num="165" count="5" type="stmt"/>
        <line num="172" count="8" type="stmt"/>
        <line num="203" count="1" type="stmt"/>
        <line num="226" count="2" type="stmt"/>
        <line num="239" count="14" type="stmt"/>
        <line num="243" count="1" type="stmt"/>
        <line num="245" count="8" type="stmt"/>
        <line num="246" count="8" type="stmt"/>
        <line num="247" count="8" type="stmt"/>
        <line num="249" count="8" type="stmt"/>
        <line num="250" count="8" type="stmt"/>
        <line num="251" count="8" type="stmt"/>
        <line num="252" count="8" type="stmt"/>
        <line num="283" count="1" type="stmt"/>
        <line num="284" count="26" type="stmt"/>
        <line num="292" count="1" type="stmt"/>
        <line num="293" count="6" type="stmt"/>
        <line num="295" count="0" type="stmt"/>
        <line num="296" count="7" type="stmt"/>
        <line num="297" count="0" type="stmt"/>
        <line num="298" count="0" type="stmt"/>
        <line num="299" count="0" type="stmt"/>
        <line num="300" count="0" type="stmt"/>
        <line num="302" count="0" type="stmt"/>
        <line num="304" count="8" type="stmt"/>
      </file>
      <file name="index.js" path="C:\DFolder\Projects\EVOX\E2eTesting\EVOX Code-Git\evox-app-e2e\client\src\components\Dashboard\DashboardAnnouncementsList\index.js">
        <metrics statements="0" coveredstatements="0" conditionals="0" coveredconditionals="0" methods="0" coveredmethods="0"/>
      </file>
    </package>
    <package name="src.components.Dashboard.DashboardTabs">
      <metrics statements="25" coveredstatements="19" conditionals="18" coveredconditionals="15" methods="11" coveredmethods="7"/>
      <file name="DashboardTabs.js" path="C:\DFolder\Projects\EVOX\E2eTesting\EVOX Code-Git\evox-app-e2e\client\src\components\Dashboard\DashboardTabs\DashboardTabs.js">
        <metrics statements="25" coveredstatements="19" conditionals="18" coveredconditionals="15" methods="11" coveredmethods="7"/>
        <line num="48" count="6" type="stmt"/>
        <line num="50" count="6" type="stmt"/>
        <line num="51" count="6" type="stmt"/>
        <line num="52" count="6" type="stmt"/>
        <line num="54" count="6" type="stmt"/>
        <line num="68" count="6" type="cond" truecount="2" falsecount="0"/>
        <line num="69" count="4" type="stmt"/>
        <line num="73" count="2" type="stmt"/>
        <line num="78" count="6" type="stmt"/>
        <line num="79" count="0" type="stmt"/>
        <line num="80" count="0" type="stmt"/>
        <line num="81" count="0" type="stmt"/>
        <line num="83" count="6" type="stmt"/>
        <line num="84" count="12" type="cond" truecount="2" falsecount="0"/>
        <line num="85" count="8" type="stmt"/>
        <line num="88" count="4" type="stmt"/>
        <line num="91" count="6" type="stmt"/>
        <line num="92" count="0" type="stmt"/>
        <line num="102" count="12" type="stmt"/>
        <line num="169" count="2" type="stmt"/>
        <line num="170" count="3" type="stmt"/>
        <line num="176" count="2" type="stmt"/>
        <line num="177" count="3" type="stmt"/>
        <line num="179" count="0" type="stmt"/>
        <line num="181" count="0" type="stmt"/>
      </file>
      <file name="index.js" path="C:\DFolder\Projects\EVOX\E2eTesting\EVOX Code-Git\evox-app-e2e\client\src\components\Dashboard\DashboardTabs\index.js">
        <metrics statements="0" coveredstatements="0" conditionals="0" coveredconditionals="0" methods="0" coveredmethods="0"/>
      </file>
    </package>
    <package name="src.components.Dashboard.DtrNotifications">
      <metrics statements="23" coveredstatements="16" conditionals="14" coveredconditionals="9" methods="9" coveredmethods="4"/>
      <file name="DtrNotifications.js" path="C:\DFolder\Projects\EVOX\E2eTesting\EVOX Code-Git\evox-app-e2e\client\src\components\Dashboard\DtrNotifications\DtrNotifications.js">
        <metrics statements="23" coveredstatements="16" conditionals="14" coveredconditionals="9" methods="9" coveredmethods="4"/>
        <line num="17" count="3" type="stmt"/>
        <line num="18" count="3" type="stmt"/>
        <line num="23" count="3" type="stmt"/>
        <line num="34" count="3" type="stmt"/>
        <line num="36" count="3" type="cond" truecount="4" falsecount="0"/>
        <line num="37" count="2" type="stmt"/>
        <line num="40" count="3" type="stmt"/>
        <line num="41" count="3" type="stmt"/>
        <line num="51" count="1" type="cond" truecount="1" falsecount="1"/>
        <line num="52" count="0" type="stmt"/>
        <line num="54" count="1" type="stmt"/>
        <line num="55" count="1" type="stmt"/>
        <line num="57" count="1" type="stmt"/>
        <line num="58" count="0" type="cond" truecount="0" falsecount="2"/>
        <line num="59" count="0" type="stmt"/>
        <line num="60" count="0" type="stmt"/>
        <line num="64" count="1" type="stmt"/>
        <line num="116" count="2" type="stmt"/>
        <line num="118" count="2" type="stmt"/>
        <line num="119" count="0" type="stmt"/>
        <line num="124" count="2" type="stmt"/>
        <line num="125" count="0" type="stmt"/>
        <line num="126" count="0" type="stmt"/>
      </file>
      <file name="index.js" path="C:\DFolder\Projects\EVOX\E2eTesting\EVOX Code-Git\evox-app-e2e\client\src\components\Dashboard\DtrNotifications\index.js">
        <metrics statements="0" coveredstatements="0" conditionals="0" coveredconditionals="0" methods="0" coveredmethods="0"/>
      </file>
    </package>
    <package name="src.components.Dashboard.EmployeeDashboard">
      <metrics statements="14" coveredstatements="10" conditionals="2" coveredconditionals="2" methods="5" coveredmethods="1"/>
      <file name="EmployeeDashboard.js" path="C:\DFolder\Projects\EVOX\E2eTesting\EVOX Code-Git\evox-app-e2e\client\src\components\Dashboard\EmployeeDashboard\EmployeeDashboard.js">
        <metrics statements="14" coveredstatements="10" conditionals="2" coveredconditionals="2" methods="5" coveredmethods="1"/>
        <line num="24" count="1" type="stmt"/>
        <line num="26" count="3" type="stmt"/>
        <line num="40" count="0" type="stmt"/>
        <line num="51" count="3" type="stmt"/>
        <line num="53" count="3" type="stmt"/>
        <line num="54" count="3" type="stmt"/>
        <line num="55" count="3" type="stmt"/>
        <line num="57" count="3" type="cond" truecount="2" falsecount="0"/>
        <line num="59" count="3" type="stmt"/>
        <line num="76" count="1" type="stmt"/>
        <line num="77" count="0" type="stmt"/>
        <line num="84" count="1" type="stmt"/>
        <line num="85" count="0" type="stmt"/>
        <line num="86" count="0" type="stmt"/>
      </file>
      <file name="index.js" path="C:\DFolder\Projects\EVOX\E2eTesting\EVOX Code-Git\evox-app-e2e\client\src\components\Dashboard\EmployeeDashboard\index.js">
        <metrics statements="0" coveredstatements="0" conditionals="0" coveredconditionals="0" methods="0" coveredmethods="0"/>
      </file>
    </package>
    <package name="src.components.Dashboard.Engagement">
      <metrics statements="2" coveredstatements="2" conditionals="0" coveredconditionals="0" methods="1" coveredmethods="1"/>
      <file name="Engagement.js" path="C:\DFolder\Projects\EVOX\E2eTesting\EVOX Code-Git\evox-app-e2e\client\src\components\Dashboard\Engagement\Engagement.js">
        <metrics statements="2" coveredstatements="2" conditionals="0" coveredconditionals="0" methods="1" coveredmethods="1"/>
        <line num="5" count="1" type="stmt"/>
        <line num="6" count="3" type="stmt"/>
      </file>
    </package>
    <package name="src.components.Dashboard.HandlerDashboard">
      <metrics statements="34" coveredstatements="20" conditionals="19" coveredconditionals="11" methods="14" coveredmethods="8"/>
      <file name="HandlerDashboard.js" path="C:\DFolder\Projects\EVOX\E2eTesting\EVOX Code-Git\evox-app-e2e\client\src\components\Dashboard\HandlerDashboard\HandlerDashboard.js">
        <metrics statements="34" coveredstatements="20" conditionals="19" coveredconditionals="11" methods="14" coveredmethods="8"/>
        <line num="26" count="6" type="stmt"/>
        <line num="28" count="6" type="stmt"/>
        <line num="35" count="6" type="stmt"/>
        <line num="38" count="6" type="stmt"/>
        <line num="40" count="0" type="stmt"/>
        <line num="42" count="0" type="stmt"/>
        <line num="43" count="0" type="cond" truecount="0" falsecount="4"/>
        <line num="44" count="0" type="cond" truecount="0" falsecount="1"/>
        <line num="46" count="0" type="stmt"/>
        <line num="47" count="0" type="stmt"/>
        <line num="52" count="0" type="stmt"/>
        <line num="53" count="0" type="stmt"/>
        <line num="55" count="0" type="cond" truecount="0" falsecount="2"/>
        <line num="56" count="0" type="stmt"/>
        <line num="63" count="6" type="cond" truecount="2" falsecount="0"/>
        <line num="64" count="5" type="stmt"/>
        <line num="69" count="6" type="stmt"/>
        <line num="72" count="6" type="stmt"/>
        <line num="74" count="6" type="stmt"/>
        <line num="75" count="6" type="stmt"/>
        <line num="76" count="6" type="stmt"/>
        <line num="77" count="6" type="stmt"/>
        <line num="79" count="6" type="stmt"/>
        <line num="86" count="12" type="stmt"/>
        <line num="95" count="0" type="stmt"/>
        <line num="101" count="4" type="stmt"/>
        <line num="155" count="2" type="stmt"/>
        <line num="156" count="2" type="stmt"/>
        <line num="162" count="2" type="stmt"/>
        <line num="163" count="2" type="stmt"/>
        <line num="164" count="0" type="stmt"/>
        <line num="165" count="0" type="stmt"/>
        <line num="166" count="0" type="stmt"/>
        <line num="167" count="1" type="stmt"/>
      </file>
      <file name="index.js" path="C:\DFolder\Projects\EVOX\E2eTesting\EVOX Code-Git\evox-app-e2e\client\src\components\Dashboard\HandlerDashboard\index.js">
        <metrics statements="0" coveredstatements="0" conditionals="0" coveredconditionals="0" methods="0" coveredmethods="0"/>
      </file>
    </package>
    <package name="src.components.Dashboard.Holiday">
      <metrics statements="9" coveredstatements="6" conditionals="2" coveredconditionals="2" methods="6" coveredmethods="3"/>
      <file name="Holiday.js" path="C:\DFolder\Projects\EVOX\E2eTesting\EVOX Code-Git\evox-app-e2e\client\src\components\Dashboard\Holiday\Holiday.js">
        <metrics statements="9" coveredstatements="6" conditionals="2" coveredconditionals="2" methods="6" coveredmethods="3"/>
        <line num="11" count="4" type="stmt"/>
        <line num="15" count="4" type="stmt"/>
        <line num="17" count="4" type="stmt"/>
        <line num="22" count="6" type="stmt"/>
        <line num="41" count="2" type="stmt"/>
        <line num="42" count="0" type="stmt"/>
        <line num="47" count="2" type="stmt"/>
        <line num="48" count="0" type="stmt"/>
        <line num="49" count="0" type="stmt"/>
      </file>
      <file name="index.js" path="C:\DFolder\Projects\EVOX\E2eTesting\EVOX Code-Git\evox-app-e2e\client\src\components\Dashboard\Holiday\index.js">
        <metrics statements="0" coveredstatements="0" conditionals="0" coveredconditionals="0" methods="0" coveredmethods="0"/>
      </file>
    </package>
    <package name="src.components.Dashboard.JobOpenings">
      <metrics statements="19" coveredstatements="11" conditionals="4" coveredconditionals="4" methods="9" coveredmethods="3"/>
      <file name="JobOpenings.js" path="C:\DFolder\Projects\EVOX\E2eTesting\EVOX Code-Git\evox-app-e2e\client\src\components\Dashboard\JobOpenings\JobOpenings.js">
        <metrics statements="19" coveredstatements="11" conditionals="4" coveredconditionals="4" methods="9" coveredmethods="3"/>
        <line num="42" count="3" type="stmt"/>
        <line num="44" count="3" type="stmt"/>
        <line num="46" count="3" type="stmt"/>
        <line num="51" count="3" type="stmt"/>
        <line num="53" count="3" type="stmt"/>
        <line num="54" count="0" type="stmt"/>
        <line num="55" count="0" type="stmt"/>
        <line num="56" count="0" type="stmt"/>
        <line num="59" count="3" type="stmt"/>
        <line num="60" count="3" type="cond" truecount="2" falsecount="0"/>
        <line num="61" count="3" type="cond" truecount="2" falsecount="0"/>
        <line num="63" count="3" type="stmt"/>
        <line num="73" count="1" type="stmt"/>
        <line num="74" count="0" type="stmt"/>
        <line num="80" count="1" type="stmt"/>
        <line num="81" count="0" type="stmt"/>
        <line num="83" count="0" type="stmt"/>
        <line num="85" count="0" type="stmt"/>
        <line num="87" count="0" type="stmt"/>
      </file>
      <file name="index.js" path="C:\DFolder\Projects\EVOX\E2eTesting\EVOX Code-Git\evox-app-e2e\client\src\components\Dashboard\JobOpenings\index.js">
        <metrics statements="0" coveredstatements="0" conditionals="0" coveredconditionals="0" methods="0" coveredmethods="0"/>
      </file>
    </package>
    <package name="src.components.Dashboard.PunchComponents.MultiQuickpunch">
      <metrics statements="124" coveredstatements="120" conditionals="104" coveredconditionals="99" methods="26" coveredmethods="24"/>
      <file name="MultiQuickpunch.js" path="C:\DFolder\Projects\EVOX\E2eTesting\EVOX Code-Git\evox-app-e2e\client\src\components\Dashboard\PunchComponents\MultiQuickpunch\MultiQuickpunch.js">
        <metrics statements="124" coveredstatements="120" conditionals="104" coveredconditionals="99" methods="26" coveredmethods="24"/>
        <line num="18" count="70" type="stmt"/>
        <line num="19" count="70" type="stmt"/>
        <line num="20" count="70" type="stmt"/>
        <line num="30" count="70" type="stmt"/>
        <line num="32" count="33" type="stmt"/>
        <line num="33" count="33" type="cond" truecount="4" falsecount="0"/>
        <line num="34" count="14" type="stmt"/>
        <line num="36" count="41" type="cond" truecount="2" falsecount="0"/>
        <line num="37" count="40" type="cond" truecount="1" falsecount="0"/>
        <line num="39" count="40" type="stmt"/>
        <line num="40" count="40" type="stmt"/>
        <line num="45" count="14" type="cond" truecount="2" falsecount="0"/>
        <line num="46" count="8" type="cond" truecount="2" falsecount="0"/>
        <line num="48" count="5" type="stmt"/>
        <line num="51" count="6" type="stmt"/>
        <line num="55" count="19" type="stmt"/>
        <line num="56" count="19" type="stmt"/>
        <line num="57" count="19" type="stmt"/>
        <line num="65" count="12" type="stmt"/>
        <line num="66" count="12" type="stmt"/>
        <line num="72" count="70" type="stmt"/>
        <line num="73" count="13" type="stmt"/>
        <line num="74" count="13" type="stmt"/>
        <line num="75" count="13" type="stmt"/>
        <line num="77" count="29" type="cond" truecount="1" falsecount="1"/>
        <line num="78" count="29" type="cond" truecount="1" falsecount="0"/>
        <line num="80" count="29" type="stmt"/>
        <line num="81" count="29" type="stmt"/>
        <line num="85" count="13" type="cond" truecount="4" falsecount="0"/>
        <line num="86" count="5" type="stmt"/>
        <line num="88" count="8" type="stmt"/>
        <line num="89" count="8" type="stmt"/>
        <line num="90" count="8" type="stmt"/>
        <line num="93" count="8" type="cond" truecount="2" falsecount="0"/>
        <line num="94" count="2" type="cond" truecount="2" falsecount="0"/>
        <line num="96" count="1" type="stmt"/>
        <line num="99" count="6" type="stmt"/>
        <line num="103" count="8" type="stmt"/>
        <line num="108" count="70" type="stmt"/>
        <line num="109" count="11" type="stmt"/>
        <line num="112" count="70" type="stmt"/>
        <line num="113" count="8" type="stmt"/>
        <line num="116" count="70" type="stmt"/>
        <line num="117" count="8" type="stmt"/>
        <line num="123" count="592" type="stmt"/>
        <line num="125" count="592" type="stmt"/>
        <line num="126" count="522" type="stmt"/>
        <line num="135" count="522" type="stmt"/>
        <line num="140" count="522" type="stmt"/>
        <line num="145" count="70" type="stmt"/>
        <line num="148" count="70" type="stmt"/>
        <line num="151" count="213" type="stmt"/>
        <line num="152" count="213" type="stmt"/>
        <line num="153" count="213" type="stmt"/>
        <line num="154" count="213" type="stmt"/>
        <line num="155" count="213" type="stmt"/>
        <line num="156" count="213" type="stmt"/>
        <line num="157" count="213" type="stmt"/>
        <line num="158" count="213" type="stmt"/>
        <line num="159" count="213" type="stmt"/>
        <line num="161" count="213" type="cond" truecount="2" falsecount="0"/>
        <line num="165" count="173" type="cond" truecount="2" falsecount="0"/>
        <line num="167" count="118" type="stmt"/>
        <line num="169" count="118" type="cond" truecount="2" falsecount="0"/>
        <line num="170" count="9" type="stmt"/>
        <line num="173" count="118" type="cond" truecount="2" falsecount="0"/>
        <line num="174" count="26" type="stmt"/>
        <line num="178" count="118" type="cond" truecount="4" falsecount="0"/>
        <line num="179" count="80" type="stmt"/>
        <line num="184" count="173" type="cond" truecount="2" falsecount="0"/>
        <line num="186" count="118" type="stmt"/>
        <line num="187" count="118" type="cond" truecount="2" falsecount="0"/>
        <line num="188" count="16" type="stmt"/>
        <line num="189" count="16" type="stmt"/>
        <line num="190" count="16" type="stmt"/>
        <line num="191" count="16" type="stmt"/>
        <line num="193" count="16" type="cond" truecount="4" falsecount="0"/>
        <line num="195" count="6" type="stmt"/>
        <line num="201" count="6" type="cond" truecount="4" falsecount="0"/>
        <line num="202" count="1" type="stmt"/>
        <line num="204" count="6" type="stmt"/>
        <line num="207" count="118" type="cond" truecount="5" falsecount="0"/>
        <line num="208" count="6" type="cond" truecount="2" falsecount="0"/>
        <line num="209" count="1" type="stmt"/>
        <line num="213" count="118" type="cond" truecount="2" falsecount="0"/>
        <line num="214" count="16" type="cond" truecount="2" falsecount="0"/>
        <line num="215" count="3" type="stmt"/>
        <line num="218" count="118" type="cond" truecount="4" falsecount="0"/>
        <line num="221" count="18" type="cond" truecount="2" falsecount="0"/>
        <line num="223" count="4" type="stmt"/>
        <line num="224" count="4" type="cond" truecount="3" falsecount="1"/>
        <line num="225" count="4" type="stmt"/>
        <line num="226" count="4" type="stmt"/>
        <line num="227" count="4" type="cond" truecount="2" falsecount="0"/>
        <line num="228" count="1" type="stmt"/>
        <line num="231" count="4" type="cond" truecount="4" falsecount="1"/>
        <line num="232" count="0" type="cond" truecount="0" falsecount="2"/>
        <line num="233" count="0" type="stmt"/>
        <line num="243" count="173" type="cond" truecount="2" falsecount="0"/>
        <line num="244" count="55" type="stmt"/>
        <line num="245" count="55" type="cond" truecount="2" falsecount="0"/>
        <line num="247" count="6" type="stmt"/>
        <line num="258" count="213" type="stmt"/>
        <line num="265" count="213" type="cond" truecount="2" falsecount="0"/>
        <line num="266" count="213" type="stmt"/>
        <line num="275" count="343" type="stmt"/>
        <line num="298" count="2" type="cond" truecount="2" falsecount="0"/>
        <line num="304" count="2" type="stmt"/>
        <line num="306" count="0" type="stmt"/>
        <line num="307" count="1" type="stmt"/>
        <line num="312" count="4" type="stmt"/>
        <line num="320" count="2" type="stmt"/>
        <line num="321" count="2" type="stmt"/>
        <line num="329" count="5" type="stmt"/>
        <line num="360" count="5" type="stmt"/>
        <line num="369" count="213" type="stmt"/>
        <line num="379" count="2" type="stmt"/>
        <line num="391" count="2" type="stmt"/>
        <line num="416" count="5" type="stmt"/>
        <line num="418" count="5" type="stmt"/>
        <line num="419" count="5" type="stmt"/>
        <line num="424" count="5" type="stmt"/>
        <line num="425" count="5" type="stmt"/>
        <line num="426" count="0" type="stmt"/>
      </file>
      <file name="index.js" path="C:\DFolder\Projects\EVOX\E2eTesting\EVOX Code-Git\evox-app-e2e\client\src\components\Dashboard\PunchComponents\MultiQuickpunch\index.js">
        <metrics statements="0" coveredstatements="0" conditionals="0" coveredconditionals="0" methods="0" coveredmethods="0"/>
      </file>
    </package>
    <package name="src.components.Dashboard.PunchComponents.RecentPunch">
      <metrics statements="29" coveredstatements="18" conditionals="27" coveredconditionals="24" methods="9" coveredmethods="4"/>
      <file name="RecentPunch.js" path="C:\DFolder\Projects\EVOX\E2eTesting\EVOX Code-Git\evox-app-e2e\client\src\components\Dashboard\PunchComponents\RecentPunch\RecentPunch.js">
        <metrics statements="29" coveredstatements="18" conditionals="27" coveredconditionals="24" methods="9" coveredmethods="4"/>
        <line num="17" count="16" type="stmt"/>
        <line num="18" count="16" type="stmt"/>
        <line num="19" count="16" type="stmt"/>
        <line num="24" count="16" type="stmt"/>
        <line num="26" count="0" type="stmt"/>
        <line num="28" count="0" type="stmt"/>
        <line num="30" count="0" type="cond" truecount="0" falsecount="2"/>
        <line num="31" count="0" type="cond" truecount="0" falsecount="1"/>
        <line num="33" count="0" type="stmt"/>
        <line num="34" count="0" type="stmt"/>
        <line num="38" count="0" type="stmt"/>
        <line num="42" count="16" type="stmt"/>
        <line num="43" count="16" type="stmt"/>
        <line num="44" count="16" type="stmt"/>
        <line num="55" count="16" type="stmt"/>
        <line num="56" count="17" type="stmt"/>
        <line num="60" count="17" type="stmt"/>
        <line num="61" count="17" type="stmt"/>
        <line num="64" count="17" type="cond" truecount="2" falsecount="0"/>
        <line num="66" count="13" type="stmt"/>
        <line num="105" count="16" type="stmt"/>
        <line num="139" count="4" type="stmt"/>
        <line num="148" count="1" type="stmt"/>
        <line num="150" count="1" type="stmt"/>
        <line num="151" count="0" type="stmt"/>
        <line num="157" count="1" type="stmt"/>
        <line num="158" count="0" type="stmt"/>
        <line num="159" count="0" type="stmt"/>
        <line num="160" count="0" type="stmt"/>
      </file>
      <file name="index.js" path="C:\DFolder\Projects\EVOX\E2eTesting\EVOX Code-Git\evox-app-e2e\client\src\components\Dashboard\PunchComponents\RecentPunch\index.js">
        <metrics statements="0" coveredstatements="0" conditionals="0" coveredconditionals="0" methods="0" coveredmethods="0"/>
      </file>
    </package>
    <package name="src.components.Dashboard.QuickPunch">
      <metrics statements="28" coveredstatements="24" conditionals="13" coveredconditionals="10" methods="15" coveredmethods="11"/>
      <file name="QuickPunch.js" path="C:\DFolder\Projects\EVOX\E2eTesting\EVOX Code-Git\evox-app-e2e\client\src\components\Dashboard\QuickPunch\QuickPunch.js">
        <metrics statements="28" coveredstatements="24" conditionals="13" coveredconditionals="10" methods="15" coveredmethods="11"/>
        <line num="14" count="12" type="stmt"/>
        <line num="15" count="12" type="stmt"/>
        <line num="16" count="12" type="stmt"/>
        <line num="21" count="12" type="stmt"/>
        <line num="23" count="4" type="stmt"/>
        <line num="25" count="4" type="stmt"/>
        <line num="27" count="5" type="cond" truecount="1" falsecount="1"/>
        <line num="28" count="5" type="cond" truecount="1" falsecount="0"/>
        <line num="30" count="5" type="stmt"/>
        <line num="31" count="5" type="stmt"/>
        <line num="35" count="4" type="stmt"/>
        <line num="39" count="12" type="stmt"/>
        <line num="40" count="0" type="stmt"/>
        <line num="43" count="0" type="stmt"/>
        <line num="48" count="12" type="stmt"/>
        <line num="51" count="12" type="stmt"/>
        <line num="52" count="12" type="stmt"/>
        <line num="56" count="12" type="stmt"/>
        <line num="63" count="36" type="stmt"/>
        <line num="89" count="1" type="stmt"/>
        <line num="95" count="0" type="cond" truecount="1" falsecount="1"/>
        <line num="101" count="2" type="cond" truecount="1" falsecount="1"/>
        <line num="117" count="4" type="stmt"/>
        <line num="119" count="4" type="stmt"/>
        <line num="120" count="1" type="stmt"/>
        <line num="125" count="4" type="stmt"/>
        <line num="126" count="1" type="stmt"/>
        <line num="127" count="0" type="stmt"/>
      </file>
      <file name="index.js" path="C:\DFolder\Projects\EVOX\E2eTesting\EVOX Code-Git\evox-app-e2e\client\src\components\Dashboard\QuickPunch\index.js">
        <metrics statements="0" coveredstatements="0" conditionals="0" coveredconditionals="0" methods="0" coveredmethods="0"/>
      </file>
    </package>
    <package name="src.components.Dashboard.RecentDtr">
      <metrics statements="50" coveredstatements="45" conditionals="29" coveredconditionals="25" methods="14" coveredmethods="10"/>
      <file name="RecentDtr.js" path="C:\DFolder\Projects\EVOX\E2eTesting\EVOX Code-Git\evox-app-e2e\client\src\components\Dashboard\RecentDtr\RecentDtr.js">
        <metrics statements="50" coveredstatements="45" conditionals="29" coveredconditionals="25" methods="14" coveredmethods="10"/>
        <line num="17" count="17" type="stmt"/>
        <line num="18" count="17" type="stmt"/>
        <line num="19" count="17" type="stmt"/>
        <line num="24" count="17" type="stmt"/>
        <line num="26" count="1" type="stmt"/>
        <line num="28" count="1" type="stmt"/>
        <line num="30" count="1" type="cond" truecount="1" falsecount="1"/>
        <line num="31" count="1" type="cond" truecount="1" falsecount="0"/>
        <line num="33" count="1" type="stmt"/>
        <line num="34" count="1" type="stmt"/>
        <line num="38" count="1" type="stmt"/>
        <line num="42" count="17" type="stmt"/>
        <line num="43" count="17" type="stmt"/>
        <line num="44" count="17" type="stmt"/>
        <line num="46" count="17" type="stmt"/>
        <line num="47" count="0" type="stmt"/>
        <line num="56" count="17" type="stmt"/>
        <line num="61" count="3" type="stmt"/>
        <line num="62" count="3" type="stmt"/>
        <line num="63" count="3" type="cond" truecount="4" falsecount="0"/>
        <line num="64" count="1" type="stmt"/>
        <line num="65" count="2" type="stmt"/>
        <line num="66" count="2" type="stmt"/>
        <line num="67" count="2" type="stmt"/>
        <line num="68" count="2" type="stmt"/>
        <line num="69" count="2" type="stmt"/>
        <line num="72" count="17" type="stmt"/>
        <line num="73" count="17" type="stmt"/>
        <line num="76" count="17" type="stmt"/>
        <line num="78" count="17" type="cond" truecount="2" falsecount="0"/>
        <line num="81" count="17" type="stmt"/>
        <line num="110" count="10" type="stmt"/>
        <line num="111" count="10" type="stmt"/>
        <line num="114" count="10" type="cond" truecount="2" falsecount="0"/>
        <line num="115" count="1" type="stmt"/>
        <line num="116" count="1" type="stmt"/>
        <line num="117" count="9" type="cond" truecount="2" falsecount="0"/>
        <line num="118" count="1" type="stmt"/>
        <line num="122" count="10" type="cond" truecount="1" falsecount="1"/>
        <line num="123" count="0" type="stmt"/>
        <line num="126" count="10" type="stmt"/>
        <line num="144" count="0" type="stmt"/>
        <line num="145" count="0" type="stmt"/>
        <line num="171" count="5" type="stmt"/>
        <line num="173" count="5" type="stmt"/>
        <line num="174" count="2" type="stmt"/>
        <line num="179" count="5" type="stmt"/>
        <line num="180" count="1" type="stmt"/>
        <line num="181" count="1" type="stmt"/>
        <line num="182" count="0" type="stmt"/>
      </file>
      <file name="index.js" path="C:\DFolder\Projects\EVOX\E2eTesting\EVOX Code-Git\evox-app-e2e\client\src\components\Dashboard\RecentDtr\index.js">
        <metrics statements="0" coveredstatements="0" conditionals="0" coveredconditionals="0" methods="0" coveredmethods="0"/>
      </file>
    </package>
    <package name="src.components.Dashboard.RecentDtrNav">
      <metrics statements="49" coveredstatements="43" conditionals="37" coveredconditionals="33" methods="15" coveredmethods="10"/>
      <file name="RecentDtrNav.js" path="C:\DFolder\Projects\EVOX\E2eTesting\EVOX Code-Git\evox-app-e2e\client\src\components\Dashboard\RecentDtrNav\RecentDtrNav.js">
        <metrics statements="49" coveredstatements="43" conditionals="37" coveredconditionals="33" methods="15" coveredmethods="10"/>
        <line num="18" count="35" type="stmt"/>
        <line num="19" count="35" type="stmt"/>
        <line num="20" count="35" type="stmt"/>
        <line num="26" count="35" type="stmt"/>
        <line num="28" count="5" type="stmt"/>
        <line num="30" count="5" type="stmt"/>
        <line num="32" count="10" type="cond" truecount="1" falsecount="1"/>
        <line num="33" count="10" type="cond" truecount="1" falsecount="0"/>
        <line num="35" count="10" type="stmt"/>
        <line num="36" count="10" type="stmt"/>
        <line num="40" count="5" type="stmt"/>
        <line num="43" count="35" type="stmt"/>
        <line num="53" count="35" type="stmt"/>
        <line num="54" count="20" type="stmt"/>
        <line num="63" count="35" type="stmt"/>
        <line num="70" count="18" type="cond" truecount="2" falsecount="2"/>
        <line num="71" count="0" type="stmt"/>
        <line num="72" count="18" type="stmt"/>
        <line num="73" count="18" type="stmt"/>
        <line num="74" count="18" type="stmt"/>
        <line num="76" count="18" type="stmt"/>
        <line num="79" count="35" type="stmt"/>
        <line num="80" count="41" type="stmt"/>
        <line num="81" count="41" type="stmt"/>
        <line num="88" count="41" type="stmt"/>
        <line num="91" count="41" type="stmt"/>
        <line num="93" count="41" type="cond" truecount="2" falsecount="0"/>
        <line num="97" count="41" type="cond" truecount="2" falsecount="0"/>
        <line num="101" count="41" type="stmt"/>
        <line num="129" count="49" type="stmt"/>
        <line num="130" count="49" type="stmt"/>
        <line num="136" count="49" type="cond" truecount="2" falsecount="0"/>
        <line num="137" count="2" type="stmt"/>
        <line num="138" count="2" type="stmt"/>
        <line num="139" count="47" type="cond" truecount="2" falsecount="0"/>
        <line num="140" count="4" type="stmt"/>
        <line num="144" count="49" type="cond" truecount="2" falsecount="0"/>
        <line num="145" count="1" type="stmt"/>
        <line num="148" count="48" type="stmt"/>
        <line num="175" count="43" type="stmt"/>
        <line num="176" count="5" type="stmt"/>
        <line num="208" count="2" type="stmt"/>
        <line num="210" count="2" type="stmt"/>
        <line num="211" count="0" type="stmt"/>
        <line num="216" count="2" type="stmt"/>
        <line num="217" count="0" type="stmt"/>
        <line num="218" count="0" type="stmt"/>
        <line num="219" count="0" type="stmt"/>
        <line num="220" count="0" type="stmt"/>
      </file>
      <file name="index.js" path="C:\DFolder\Projects\EVOX\E2eTesting\EVOX Code-Git\evox-app-e2e\client\src\components\Dashboard\RecentDtrNav\index.js">
        <metrics statements="0" coveredstatements="0" conditionals="0" coveredconditionals="0" methods="0" coveredmethods="0"/>
      </file>
    </package>
    <package name="src.components.Dashboard.TeamAttendance">
      <metrics statements="20" coveredstatements="10" conditionals="8" coveredconditionals="1" methods="15" coveredmethods="4"/>
      <file name="TeamAttendance.js" path="C:\DFolder\Projects\EVOX\E2eTesting\EVOX Code-Git\evox-app-e2e\client\src\components\Dashboard\TeamAttendance\TeamAttendance.js">
        <metrics statements="20" coveredstatements="10" conditionals="8" coveredconditionals="1" methods="15" coveredmethods="4"/>
        <line num="16" count="3" type="stmt"/>
        <line num="19" count="3" type="stmt"/>
        <line num="24" count="3" type="stmt"/>
        <line num="31" count="3" type="stmt"/>
        <line num="32" count="3" type="stmt"/>
        <line num="33" count="3" type="stmt"/>
        <line num="47" count="1" type="stmt"/>
        <line num="48" count="0" type="stmt"/>
        <line num="59" count="0" type="stmt"/>
        <line num="63" count="0" type="stmt"/>
        <line num="71" count="0" type="stmt"/>
        <line num="72" count="0" type="stmt"/>
        <line num="84" count="0" type="stmt"/>
        <line num="85" count="0" type="stmt"/>
        <line num="101" count="1" type="stmt"/>
        <line num="103" count="1" type="stmt"/>
        <line num="104" count="0" type="stmt"/>
        <line num="109" count="1" type="stmt"/>
        <line num="110" count="0" type="stmt"/>
        <line num="111" count="0" type="stmt"/>
      </file>
      <file name="index.js" path="C:\DFolder\Projects\EVOX\E2eTesting\EVOX Code-Git\evox-app-e2e\client\src\components\Dashboard\TeamAttendance\index.js">
        <metrics statements="0" coveredstatements="0" conditionals="0" coveredconditionals="0" methods="0" coveredmethods="0"/>
      </file>
    </package>
    <package name="src.components.DatePickerComponent">
      <metrics statements="88" coveredstatements="88" conditionals="90" coveredconditionals="60" methods="33" coveredmethods="33"/>
      <file name="DatePicker.js" path="C:\DFolder\Projects\EVOX\E2eTesting\EVOX Code-Git\evox-app-e2e\client\src\components\DatePickerComponent\DatePicker.js">
        <metrics statements="88" coveredstatements="88" conditionals="90" coveredconditionals="60" methods="33" coveredmethods="33"/>
        <line num="10" count="9" type="stmt"/>
        <line num="12" count="14" type="cond" truecount="2" falsecount="0"/>
        <line num="13" count="1" type="stmt"/>
        <line num="15" count="3" type="stmt"/>
        <line num="25" count="2" type="stmt"/>
        <line num="35" count="13" type="cond" truecount="2" falsecount="0"/>
        <line num="36" count="3" type="stmt"/>
        <line num="38" count="3" type="stmt"/>
        <line num="40" count="4" type="stmt"/>
        <line num="52" count="1" type="stmt"/>
        <line num="62" count="10" type="cond" truecount="2" falsecount="0"/>
        <line num="63" count="3" type="stmt"/>
        <line num="65" count="3" type="stmt"/>
        <line num="67" count="4" type="stmt"/>
        <line num="79" count="1" type="stmt"/>
        <line num="88" count="7" type="cond" truecount="2" falsecount="0"/>
        <line num="89" count="5" type="stmt"/>
        <line num="91" count="7" type="stmt"/>
        <line num="101" count="2" type="stmt"/>
        <line num="102" count="2" type="stmt"/>
        <line num="113" count="2" type="cond" truecount="2" falsecount="0"/>
        <line num="114" count="1" type="stmt"/>
        <line num="116" count="1" type="stmt"/>
        <line num="119" count="2" type="stmt"/>
        <line num="132" count="1" type="stmt"/>
        <line num="133" count="1" type="stmt"/>
        <line num="145" count="1" type="stmt"/>
        <line num="147" count="2" type="stmt"/>
        <line num="157" count="1" type="stmt"/>
        <line num="173" count="9" type="stmt"/>
        <line num="174" count="337" type="stmt"/>
        <line num="176" count="338" type="stmt"/>
        <line num="186" count="9" type="stmt"/>
        <line num="198" count="9" type="stmt"/>
        <line num="199" count="12" type="stmt"/>
        <line num="202" count="2" type="cond" truecount="2" falsecount="0"/>
        <line num="203" count="1" type="stmt"/>
        <line num="211" count="9" type="stmt"/>
        <line num="212" count="3" type="cond" truecount="2" falsecount="0"/>
        <line num="213" count="1" type="stmt"/>
        <line num="215" count="3" type="stmt"/>
        <line num="228" count="2" type="stmt"/>
        <line num="229" count="2" type="stmt"/>
        <line num="238" count="2" type="stmt"/>
        <line num="240" count="3" type="stmt"/>
        <line num="253" count="1" type="stmt"/>
        <line num="264" count="9" type="stmt"/>
        <line num="265" count="3" type="cond" truecount="2" falsecount="0"/>
        <line num="266" count="1" type="stmt"/>
        <line num="268" count="2" type="stmt"/>
        <line num="281" count="1" type="stmt"/>
        <line num="282" count="1" type="stmt"/>
        <line num="291" count="2" type="cond" truecount="2" falsecount="0"/>
        <line num="292" count="1" type="stmt"/>
        <line num="294" count="1" type="stmt"/>
        <line num="297" count="2" type="stmt"/>
        <line num="315" count="1" type="stmt"/>
        <line num="316" count="1" type="stmt"/>
        <line num="328" count="1" type="stmt"/>
        <line num="330" count="2" type="stmt"/>
        <line num="343" count="1" type="stmt"/>
        <line num="357" count="9" type="stmt"/>
        <line num="358" count="2" type="cond" truecount="2" falsecount="0"/>
        <line num="359" count="1" type="stmt"/>
        <line num="360" count="1" type="stmt"/>
        <line num="361" count="1" type="stmt"/>
        <line num="363" count="1" type="stmt"/>
        <line num="364" count="1" type="stmt"/>
        <line num="366" count="1" type="stmt"/>
        <line num="367" count="1" type="stmt"/>
        <line num="369" count="1" type="stmt"/>
        <line num="370" count="1" type="stmt"/>
        <line num="371" count="1" type="stmt"/>
        <line num="373" count="1" type="stmt"/>
        <line num="378" count="9" type="stmt"/>
        <line num="379" count="2" type="cond" truecount="2" falsecount="0"/>
        <line num="380" count="1" type="stmt"/>
        <line num="381" count="1" type="stmt"/>
        <line num="385" count="1" type="stmt"/>
        <line num="389" count="1" type="stmt"/>
        <line num="391" count="1" type="stmt"/>
        <line num="396" count="9" type="stmt"/>
        <line num="397" count="3" type="cond" truecount="2" falsecount="0"/>
        <line num="398" count="2" type="stmt"/>
        <line num="399" count="2" type="stmt"/>
        <line num="401" count="2" type="stmt"/>
        <line num="405" count="2" type="stmt"/>
        <line num="407" count="1" type="stmt"/>
      </file>
    </package>
    <package name="src.components.DateReport">
      <metrics statements="176" coveredstatements="162" conditionals="68" coveredconditionals="60" methods="45" coveredmethods="36"/>
      <file name="PayrollReportApi.js" path="C:\DFolder\Projects\EVOX\E2eTesting\EVOX Code-Git\evox-app-e2e\client\src\components\DateReport\PayrollReportApi.js">
        <metrics statements="10" coveredstatements="4" conditionals="0" coveredconditionals="0" methods="8" coveredmethods="2"/>
        <line num="4" count="1" type="stmt"/>
        <line num="7" count="5" type="stmt"/>
        <line num="9" count="0" type="stmt"/>
        <line num="14" count="0" type="stmt"/>
        <line num="20" count="0" type="stmt"/>
        <line num="26" count="1" type="stmt"/>
        <line num="29" count="2" type="stmt"/>
        <line num="31" count="0" type="stmt"/>
        <line num="36" count="0" type="stmt"/>
        <line num="42" count="0" type="stmt"/>
      </file>
      <file name="ViewReport.js" path="C:\DFolder\Projects\EVOX\E2eTesting\EVOX Code-Git\evox-app-e2e\client\src\components\DateReport\ViewReport.js">
        <metrics statements="82" coveredstatements="78" conditionals="32" coveredconditionals="28" methods="17" coveredmethods="16"/>
        <line num="16" count="3" type="stmt"/>
        <line num="17" count="119" type="stmt"/>
        <line num="18" count="119" type="stmt"/>
        <line num="19" count="119" type="stmt"/>
        <line num="20" count="119" type="stmt"/>
        <line num="21" count="119" type="stmt"/>
        <line num="22" count="119" type="stmt"/>
        <line num="23" count="119" type="stmt"/>
        <line num="24" count="119" type="stmt"/>
        <line num="25" count="119" type="stmt"/>
        <line num="26" count="119" type="stmt"/>
        <line num="27" count="119" type="stmt"/>
        <line num="28" count="119" type="stmt"/>
        <line num="29" count="119" type="stmt"/>
        <line num="30" count="119" type="stmt"/>
        <line num="31" count="119" type="stmt"/>
        <line num="32" count="119" type="stmt"/>
        <line num="33" count="119" type="stmt"/>
        <line num="34" count="119" type="stmt"/>
        <line num="36" count="119" type="stmt"/>
        <line num="37" count="119" type="stmt"/>
        <line num="38" count="31" type="stmt"/>
        <line num="39" count="31" type="stmt"/>
        <line num="40" count="31" type="stmt"/>
        <line num="41" count="93" type="stmt"/>
        <line num="43" count="62" type="stmt"/>
        <line num="44" count="31" type="stmt"/>
        <line num="45" count="31" type="stmt"/>
        <line num="50" count="119" type="stmt"/>
        <line num="51" count="31" type="stmt"/>
        <line num="55" count="31" type="stmt"/>
        <line num="58" count="119" type="stmt"/>
        <line num="59" count="14" type="stmt"/>
        <line num="62" count="119" type="stmt"/>
        <line num="63" count="14" type="stmt"/>
        <line num="64" count="14" type="cond" truecount="1" falsecount="1"/>
        <line num="65" count="14" type="cond" truecount="4" falsecount="0"/>
        <line num="66" count="2" type="stmt"/>
        <line num="67" count="2" type="stmt"/>
        <line num="68" count="12" type="cond" truecount="2" falsecount="0"/>
        <line num="69" count="1" type="stmt"/>
        <line num="70" count="11" type="cond" truecount="2" falsecount="0"/>
        <line num="71" count="2" type="stmt"/>
        <line num="73" count="9" type="stmt"/>
        <line num="79" count="8" type="stmt"/>
        <line num="81" count="8" type="cond" truecount="2" falsecount="0"/>
        <line num="82" count="7" type="stmt"/>
        <line num="84" count="7" type="stmt"/>
        <line num="86" count="7" type="stmt"/>
        <line num="95" count="1" type="stmt"/>
        <line num="99" count="119" type="stmt"/>
        <line num="100" count="5" type="stmt"/>
        <line num="101" count="5" type="cond" truecount="4" falsecount="0"/>
        <line num="102" count="1" type="stmt"/>
        <line num="103" count="1" type="stmt"/>
        <line num="104" count="4" type="cond" truecount="1" falsecount="1"/>
        <line num="105" count="0" type="stmt"/>
        <line num="106" count="4" type="cond" truecount="1" falsecount="1"/>
        <line num="107" count="0" type="stmt"/>
        <line num="109" count="4" type="stmt"/>
        <line num="115" count="2" type="stmt"/>
        <line num="116" count="2" type="stmt"/>
        <line num="117" count="2" type="stmt"/>
        <line num="118" count="2" type="stmt"/>
        <line num="119" count="2" type="stmt"/>
        <line num="120" count="2" type="stmt"/>
        <line num="131" count="2" type="stmt"/>
        <line num="138" count="119" type="stmt"/>
        <line num="156" count="16" type="stmt"/>
        <line num="157" count="16" type="cond" truecount="2" falsecount="0"/>
        <line num="158" count="1" type="stmt"/>
        <line num="160" count="15" type="stmt"/>
        <line num="161" count="15" type="stmt"/>
        <line num="194" count="13" type="stmt"/>
        <line num="195" count="13" type="cond" truecount="1" falsecount="1"/>
        <line num="196" count="0" type="stmt"/>
        <line num="198" count="13" type="stmt"/>
        <line num="205" count="264" type="stmt"/>
        <line num="293" count="6" type="stmt"/>
        <line num="321" count="1" type="stmt"/>
        <line num="404" count="3" type="stmt"/>
        <line num="405" count="0" type="stmt"/>
      </file>
      <file name="ViewReportMorocco.js" path="C:\DFolder\Projects\EVOX\E2eTesting\EVOX Code-Git\evox-app-e2e\client\src\components\DateReport\ViewReportMorocco.js">
        <metrics statements="84" coveredstatements="80" conditionals="36" coveredconditionals="32" methods="20" coveredmethods="18"/>
        <line num="17" count="3" type="stmt"/>
        <line num="18" count="114" type="stmt"/>
        <line num="19" count="114" type="stmt"/>
        <line num="20" count="114" type="stmt"/>
        <line num="21" count="114" type="stmt"/>
        <line num="22" count="114" type="stmt"/>
        <line num="23" count="114" type="stmt"/>
        <line num="24" count="114" type="stmt"/>
        <line num="25" count="114" type="stmt"/>
        <line num="26" count="114" type="stmt"/>
        <line num="27" count="114" type="stmt"/>
        <line num="28" count="114" type="stmt"/>
        <line num="29" count="114" type="stmt"/>
        <line num="30" count="114" type="stmt"/>
        <line num="31" count="114" type="stmt"/>
        <line num="32" count="114" type="stmt"/>
        <line num="33" count="114" type="stmt"/>
        <line num="34" count="114" type="stmt"/>
        <line num="35" count="114" type="stmt"/>
        <line num="36" count="114" type="stmt"/>
        <line num="37" count="114" type="stmt"/>
        <line num="39" count="114" type="stmt"/>
        <line num="40" count="114" type="stmt"/>
        <line num="41" count="32" type="stmt"/>
        <line num="42" count="32" type="stmt"/>
        <line num="43" count="32" type="stmt"/>
        <line num="44" count="96" type="stmt"/>
        <line num="46" count="64" type="stmt"/>
        <line num="47" count="32" type="stmt"/>
        <line num="48" count="32" type="stmt"/>
        <line num="49" count="32" type="stmt"/>
        <line num="54" count="114" type="stmt"/>
        <line num="55" count="26" type="stmt"/>
        <line num="59" count="26" type="stmt"/>
        <line num="62" count="114" type="stmt"/>
        <line num="63" count="11" type="stmt"/>
        <line num="66" count="114" type="stmt"/>
        <line num="67" count="11" type="stmt"/>
        <line num="68" count="11" type="cond" truecount="1" falsecount="1"/>
        <line num="69" count="11" type="cond" truecount="4" falsecount="0"/>
        <line num="70" count="2" type="stmt"/>
        <line num="71" count="2" type="stmt"/>
        <line num="72" count="9" type="cond" truecount="2" falsecount="0"/>
        <line num="73" count="1" type="stmt"/>
        <line num="74" count="8" type="cond" truecount="2" falsecount="0"/>
        <line num="75" count="1" type="stmt"/>
        <line num="77" count="7" type="stmt"/>
        <line num="84" count="6" type="cond" truecount="2" falsecount="0"/>
        <line num="85" count="5" type="stmt"/>
        <line num="89" count="2" type="stmt"/>
        <line num="93" count="114" type="stmt"/>
        <line num="94" count="6" type="cond" truecount="4" falsecount="0"/>
        <line num="95" count="2" type="stmt"/>
        <line num="96" count="2" type="stmt"/>
        <line num="97" count="4" type="cond" truecount="1" falsecount="1"/>
        <line num="98" count="0" type="stmt"/>
        <line num="99" count="4" type="cond" truecount="1" falsecount="1"/>
        <line num="100" count="0" type="stmt"/>
        <line num="102" count="4" type="stmt"/>
        <line num="108" count="3" type="stmt"/>
        <line num="109" count="3" type="stmt"/>
        <line num="110" count="3" type="stmt"/>
        <line num="111" count="3" type="stmt"/>
        <line num="112" count="3" type="stmt"/>
        <line num="113" count="3" type="stmt"/>
        <line num="124" count="1" type="stmt"/>
        <line num="131" count="114" type="stmt"/>
        <line num="149" count="13" type="stmt"/>
        <line num="150" count="13" type="cond" truecount="2" falsecount="0"/>
        <line num="151" count="1" type="stmt"/>
        <line num="153" count="12" type="stmt"/>
        <line num="154" count="12" type="stmt"/>
        <line num="161" count="262" type="stmt"/>
        <line num="181" count="12" type="stmt"/>
        <line num="182" count="12" type="cond" truecount="2" falsecount="0"/>
        <line num="183" count="1" type="stmt"/>
        <line num="185" count="11" type="stmt"/>
        <line num="192" count="172" type="stmt"/>
        <line num="212" count="4" type="stmt"/>
        <line num="218" count="172" type="stmt"/>
        <line num="315" count="10" type="stmt"/>
        <line num="361" count="0" type="stmt"/>
        <line num="438" count="3" type="stmt"/>
        <line num="439" count="0" type="stmt"/>
      </file>
    </package>
    <package name="src.components.FreshService">
      <metrics statements="446" coveredstatements="373" conditionals="305" coveredconditionals="223" methods="128" coveredmethods="108"/>
      <file name="FreshServiceForm.js" path="C:\DFolder\Projects\EVOX\E2eTesting\EVOX Code-Git\evox-app-e2e\client\src\components\FreshService\FreshServiceForm.js">
        <metrics statements="189" coveredstatements="155" conditionals="153" coveredconditionals="107" methods="56" coveredmethods="49"/>
        <line num="13" count="6" type="stmt"/>
        <line num="16" count="6" type="stmt"/>
        <line num="17" count="0" type="cond" truecount="0" falsecount="2"/>
        <line num="18" count="0" type="stmt"/>
        <line num="19" count="0" type="stmt"/>
        <line num="21" count="0" type="cond" truecount="0" falsecount="2"/>
        <line num="22" count="0" type="stmt"/>
        <line num="24" count="0" type="stmt"/>
        <line num="26" count="0" type="stmt"/>
        <line num="28" count="0" type="stmt"/>
        <line num="38" count="0" type="cond" truecount="0" falsecount="2"/>
        <line num="39" count="0" type="stmt"/>
        <line num="42" count="0" type="stmt"/>
        <line num="43" count="0" type="stmt"/>
        <line num="48" count="6" type="stmt"/>
        <line num="49" count="0" type="cond" truecount="0" falsecount="2"/>
        <line num="50" count="0" type="stmt"/>
        <line num="51" count="0" type="stmt"/>
        <line num="55" count="0" type="cond" truecount="0" falsecount="2"/>
        <line num="59" count="6" type="stmt"/>
        <line num="60" count="0" type="cond" truecount="0" falsecount="2"/>
        <line num="61" count="0" type="stmt"/>
        <line num="62" count="0" type="stmt"/>
        <line num="66" count="6" type="stmt"/>
        <line num="67" count="26" type="cond" truecount="1" falsecount="1"/>
        <line num="68" count="26" type="stmt"/>
        <line num="71" count="6" type="stmt"/>
        <line num="72" count="227" type="cond" truecount="2" falsecount="0"/>
        <line num="73" count="125" type="cond" truecount="2" falsecount="0"/>
        <line num="75" count="26" type="stmt"/>
        <line num="76" count="26" type="cond" truecount="4" falsecount="0"/>
        <line num="78" count="26" type="stmt"/>
        <line num="82" count="6" type="stmt"/>
        <line num="83" count="40" type="stmt"/>
        <line num="85" count="40" type="stmt"/>
        <line num="86" count="40" type="stmt"/>
        <line num="88" count="40" type="cond" truecount="4" falsecount="0"/>
        <line num="89" count="6" type="stmt"/>
        <line num="90" count="34" type="cond" truecount="2" falsecount="0"/>
        <line num="91" count="2" type="stmt"/>
        <line num="94" count="40" type="cond" truecount="4" falsecount="0"/>
        <line num="95" count="2" type="stmt"/>
        <line num="96" count="38" type="cond" truecount="2" falsecount="0"/>
        <line num="97" count="2" type="stmt"/>
        <line num="98" count="36" type="cond" truecount="2" falsecount="0"/>
        <line num="102" count="40" type="cond" truecount="3" falsecount="1"/>
        <line num="103" count="0" type="stmt"/>
        <line num="106" count="40" type="cond" truecount="2" falsecount="0"/>
        <line num="107" count="9" type="stmt"/>
        <line num="110" count="40" type="cond" truecount="3" falsecount="1"/>
        <line num="111" count="0" type="stmt"/>
        <line num="112" count="0" type="stmt"/>
        <line num="113" count="0" type="stmt"/>
        <line num="116" count="0" type="cond" truecount="0" falsecount="4"/>
        <line num="117" count="0" type="stmt"/>
        <line num="118" count="0" type="cond" truecount="0" falsecount="4"/>
        <line num="119" count="0" type="stmt"/>
        <line num="123" count="40" type="cond" truecount="4" falsecount="1"/>
        <line num="124" count="0" type="cond" truecount="0" falsecount="2"/>
        <line num="125" count="0" type="cond" truecount="0" falsecount="4"/>
        <line num="126" count="0" type="stmt"/>
        <line num="127" count="0" type="cond" truecount="0" falsecount="4"/>
        <line num="128" count="0" type="stmt"/>
        <line num="132" count="40" type="stmt"/>
        <line num="139" count="6" type="stmt"/>
        <line num="140" count="586" type="stmt"/>
        <line num="141" count="586" type="cond" truecount="1" falsecount="1"/>
        <line num="142" count="586" type="stmt"/>
        <line num="150" count="586" type="stmt"/>
        <line num="151" count="586" type="stmt"/>
        <line num="152" count="586" type="stmt"/>
        <line num="153" count="586" type="stmt"/>
        <line num="155" count="586" type="stmt"/>
        <line num="174" count="586" type="stmt"/>
        <line num="175" count="586" type="stmt"/>
        <line num="176" count="586" type="stmt"/>
        <line num="178" count="586" type="stmt"/>
        <line num="179" count="187" type="stmt"/>
        <line num="184" count="187" type="stmt"/>
        <line num="185" count="187" type="stmt"/>
        <line num="189" count="586" type="stmt"/>
        <line num="190" count="96" type="cond" truecount="1" falsecount="1"/>
        <line num="191" count="0" type="stmt"/>
        <line num="192" count="0" type="stmt"/>
        <line num="195" count="96" type="cond" truecount="2" falsecount="0"/>
        <line num="197" count="96" type="cond" truecount="4" falsecount="0"/>
        <line num="198" count="74" type="stmt"/>
        <line num="199" count="74" type="stmt"/>
        <line num="202" count="22" type="stmt"/>
        <line num="203" count="19" type="stmt"/>
        <line num="204" count="19" type="stmt"/>
        <line num="206" count="19" type="cond" truecount="2" falsecount="0"/>
        <line num="208" count="16" type="stmt"/>
        <line num="216" count="14" type="stmt"/>
        <line num="219" count="2" type="stmt"/>
        <line num="222" count="16" type="stmt"/>
        <line num="226" count="22" type="stmt"/>
        <line num="229" count="586" type="stmt"/>
        <line num="231" count="586" type="stmt"/>
        <line num="232" count="338" type="stmt"/>
        <line num="233" count="338" type="stmt"/>
        <line num="235" count="338" type="cond" truecount="2" falsecount="0"/>
        <line num="236" count="44" type="stmt"/>
        <line num="237" count="44" type="stmt"/>
        <line num="239" count="338" type="cond" truecount="2" falsecount="0"/>
        <line num="240" count="13" type="stmt"/>
        <line num="243" count="338" type="stmt"/>
        <line num="246" count="338" type="cond" truecount="2" falsecount="0"/>
        <line num="247" count="6" type="stmt"/>
        <line num="248" count="6" type="stmt"/>
        <line num="249" count="6" type="stmt"/>
        <line num="250" count="6" type="stmt"/>
        <line num="255" count="586" type="stmt"/>
        <line num="256" count="40" type="stmt"/>
        <line num="258" count="40" type="stmt"/>
        <line num="259" count="40" type="stmt"/>
        <line num="261" count="40" type="cond" truecount="2" falsecount="0"/>
        <line num="262" count="26" type="stmt"/>
        <line num="264" count="26" type="stmt"/>
        <line num="275" count="26" type="stmt"/>
        <line num="281" count="22" type="stmt"/>
        <line num="282" count="22" type="stmt"/>
        <line num="283" count="22" type="stmt"/>
        <line num="301" count="22" type="stmt"/>
        <line num="304" count="2" type="stmt"/>
        <line num="307" count="24" type="stmt"/>
        <line num="312" count="586" type="cond" truecount="4" falsecount="0"/>
        <line num="314" count="659" type="stmt"/>
        <line num="321" count="586" type="cond" truecount="5" falsecount="0"/>
        <line num="323" count="94" type="stmt"/>
        <line num="330" count="586" type="stmt"/>
        <line num="347" count="44" type="stmt"/>
        <line num="348" count="44" type="stmt"/>
        <line num="349" count="44" type="stmt"/>
        <line num="350" count="44" type="stmt"/>
        <line num="355" count="1353" type="stmt"/>
        <line num="369" count="13" type="stmt"/>
        <line num="370" count="13" type="stmt"/>
        <line num="371" count="13" type="stmt"/>
        <line num="372" count="13" type="stmt"/>
        <line num="377" count="659" type="stmt"/>
        <line num="391" count="4" type="stmt"/>
        <line num="392" count="4" type="stmt"/>
        <line num="393" count="4" type="stmt"/>
        <line num="398" count="94" type="cond" truecount="2" falsecount="0"/>
        <line num="418" count="38" type="stmt"/>
        <line num="430" count="22" type="stmt"/>
        <line num="436" count="2" type="stmt"/>
        <line num="437" count="2" type="stmt"/>
        <line num="449" count="24" type="stmt"/>
        <line num="450" count="24" type="stmt"/>
        <line num="455" count="40" type="stmt"/>
        <line num="459" count="8" type="cond" truecount="2" falsecount="0"/>
        <line num="460" count="8" type="cond" truecount="2" falsecount="0"/>
        <line num="461" count="6" type="stmt"/>
        <line num="462" count="6" type="stmt"/>
        <line num="463" count="6" type="stmt"/>
        <line num="464" count="6" type="stmt"/>
        <line num="484" count="26" type="stmt"/>
        <line num="486" count="67" type="cond" truecount="4" falsecount="0"/>
        <line num="487" count="64" type="stmt"/>
        <line num="488" count="64" type="stmt"/>
        <line num="528" count="7" type="stmt"/>
        <line num="529" count="7" type="stmt"/>
        <line num="530" count="7" type="stmt"/>
        <line num="532" count="7" type="stmt"/>
        <line num="533" count="7" type="stmt"/>
        <line num="535" count="7" type="stmt"/>
        <line num="541" count="5" type="stmt"/>
        <line num="542" count="5" type="stmt"/>
        <line num="545" count="2" type="stmt"/>
        <line num="548" count="7" type="stmt"/>
        <line num="549" count="7" type="cond" truecount="1" falsecount="1"/>
        <line num="550" count="7" type="stmt"/>
        <line num="561" count="24" type="stmt"/>
        <line num="567" count="4" type="stmt"/>
        <line num="568" count="3" type="stmt"/>
        <line num="569" count="3" type="stmt"/>
        <line num="570" count="4" type="stmt"/>
        <line num="571" count="3" type="stmt"/>
        <line num="583" count="4" type="stmt"/>
        <line num="606" count="6" type="stmt"/>
        <line num="607" count="76" type="stmt"/>
        <line num="608" count="76" type="stmt"/>
        <line num="611" count="76" type="stmt"/>
        <line num="612" count="76" type="stmt"/>
        <line num="615" count="76" type="stmt"/>
        <line num="649" count="6" type="stmt"/>
        <line num="650" count="39" type="stmt"/>
      </file>
      <file name="FreshServiceTickets.js" path="C:\DFolder\Projects\EVOX\E2eTesting\EVOX Code-Git\evox-app-e2e\client\src\components\FreshService\FreshServiceTickets.js">
        <metrics statements="257" coveredstatements="218" conditionals="152" coveredconditionals="116" methods="72" coveredmethods="59"/>
        <line num="12" count="6" type="stmt"/>
        <line num="13" count="244" type="stmt"/>
        <line num="14" count="244" type="cond" truecount="2" falsecount="0"/>
        <line num="15" count="228" type="stmt"/>
        <line num="16" count="228" type="cond" truecount="2" falsecount="0"/>
        <line num="17" count="211" type="stmt"/>
        <line num="25" count="0" type="stmt"/>
        <line num="30" count="6" type="stmt"/>
        <line num="33" count="6" type="stmt"/>
[...]
        <line num="20" count="1" type="stmt"/>
        <line num="21" count="1" type="stmt"/>
        <line num="25" count="0" type="stmt"/>
        <line num="29" count="1" type="stmt"/>
        <line num="35" count="0" type="stmt"/>
        <line num="39" count="1" type="stmt"/>
        <line num="43" count="0" type="stmt"/>
        <line num="46" count="328" type="stmt"/>
        <line num="48" count="328" type="stmt"/>
      </file>
      <file name="alterLogReducers.js" path="C:\DFolder\Projects\EVOX\E2eTesting\EVOX Code-Git\evox-app-e2e\client\src\store\reducers\requests\alterLogReducers.js">
        <metrics statements="13" coveredstatements="10" conditionals="5" coveredconditionals="5" methods="1" coveredmethods="1"/>
        <line num="5" count="56" type="stmt"/>
        <line num="10" count="56" type="cond" truecount="1" falsecount="0"/>
        <line num="11" count="331" type="stmt"/>
        <line num="12" count="331" type="stmt"/>
        <line num="13" count="331" type="cond" truecount="4" falsecount="0"/>
        <line num="20" count="1" type="stmt"/>
        <line num="24" count="0" type="stmt"/>
        <line num="28" count="1" type="stmt"/>
        <line num="34" count="0" type="stmt"/>
        <line num="38" count="1" type="stmt"/>
        <line num="42" count="0" type="stmt"/>
        <line num="45" count="328" type="stmt"/>
        <line num="47" count="328" type="stmt"/>
      </file>
      <file name="changeScheduleReducers.js" path="C:\DFolder\Projects\EVOX\E2eTesting\EVOX Code-Git\evox-app-e2e\client\src\store\reducers\requests\changeScheduleReducers.js">
        <metrics statements="13" coveredstatements="10" conditionals="5" coveredconditionals="5" methods="1" coveredmethods="1"/>
        <line num="5" count="56" type="stmt"/>
        <line num="10" count="56" type="cond" truecount="1" falsecount="0"/>
        <line num="11" count="331" type="stmt"/>
        <line num="12" count="331" type="stmt"/>
        <line num="13" count="331" type="cond" truecount="4" falsecount="0"/>
        <line num="20" count="1" type="stmt"/>
        <line num="24" count="0" type="stmt"/>
        <line num="28" count="1" type="stmt"/>
        <line num="34" count="0" type="stmt"/>
        <line num="38" count="1" type="stmt"/>
        <line num="42" count="0" type="stmt"/>
        <line num="45" count="328" type="stmt"/>
        <line num="47" count="328" type="stmt"/>
      </file>
      <file name="coeReducers.js" path="C:\DFolder\Projects\EVOX\E2eTesting\EVOX Code-Git\evox-app-e2e\client\src\store\reducers\requests\coeReducers.js">
        <metrics statements="17" coveredstatements="15" conditionals="4" coveredconditionals="4" methods="1" coveredmethods="1"/>
        <line num="5" count="56" type="stmt"/>
        <line num="10" count="56" type="cond" truecount="1" falsecount="0"/>
        <line num="11" count="330" type="stmt"/>
        <line num="12" count="330" type="stmt"/>
        <line num="13" count="330" type="cond" truecount="3" falsecount="0"/>
        <line num="18" count="1" type="stmt"/>
        <line num="22" count="0" type="stmt"/>
        <line num="24" count="1" type="stmt"/>
        <line num="27" count="1" type="stmt"/>
        <line num="28" count="1" type="stmt"/>
        <line num="29" count="1" type="stmt"/>
        <line num="30" count="1" type="stmt"/>
        <line num="31" count="1" type="stmt"/>
        <line num="32" count="1" type="stmt"/>
        <line num="33" count="0" type="stmt"/>
        <line num="35" count="328" type="stmt"/>
        <line num="37" count="328" type="stmt"/>
      </file>
      <file name="overtimeReducers.js" path="C:\DFolder\Projects\EVOX\E2eTesting\EVOX Code-Git\evox-app-e2e\client\src\store\reducers\requests\overtimeReducers.js">
        <metrics statements="13" coveredstatements="10" conditionals="5" coveredconditionals="5" methods="1" coveredmethods="1"/>
        <line num="5" count="56" type="stmt"/>
        <line num="10" count="56" type="cond" truecount="1" falsecount="0"/>
        <line num="11" count="331" type="stmt"/>
        <line num="12" count="331" type="stmt"/>
        <line num="13" count="331" type="cond" truecount="4" falsecount="0"/>
        <line num="18" count="1" type="stmt"/>
        <line num="22" count="0" type="stmt"/>
        <line num="24" count="1" type="stmt"/>
        <line num="27" count="0" type="stmt"/>
        <line num="31" count="1" type="stmt"/>
        <line num="35" count="0" type="stmt"/>
        <line num="37" count="328" type="stmt"/>
        <line num="39" count="328" type="stmt"/>
      </file>
      <file name="restDayWorkReducers.js" path="C:\DFolder\Projects\EVOX\E2eTesting\EVOX Code-Git\evox-app-e2e\client\src\store\reducers\requests\restDayWorkReducers.js">
        <metrics statements="13" coveredstatements="10" conditionals="5" coveredconditionals="5" methods="1" coveredmethods="1"/>
        <line num="5" count="56" type="stmt"/>
        <line num="10" count="56" type="cond" truecount="1" falsecount="0"/>
        <line num="11" count="331" type="stmt"/>
        <line num="12" count="331" type="stmt"/>
        <line num="13" count="331" type="cond" truecount="4" falsecount="0"/>
        <line num="17" count="1" type="stmt"/>
        <line num="21" count="0" type="stmt"/>
        <line num="25" count="1" type="stmt"/>
        <line num="31" count="0" type="stmt"/>
        <line num="35" count="1" type="stmt"/>
        <line num="39" count="0" type="stmt"/>
        <line num="42" count="328" type="stmt"/>
        <line num="44" count="328" type="stmt"/>
      </file>
    </package>
    <package name="src.store.reducers.schedule">
      <metrics statements="44" coveredstatements="35" conditionals="18" coveredconditionals="18" methods="2" coveredmethods="2"/>
      <file name="scheduleReducers.js" path="C:\DFolder\Projects\EVOX\E2eTesting\EVOX Code-Git\evox-app-e2e\client\src\store\reducers\schedule\scheduleReducers.js">
        <metrics statements="24" coveredstatements="18" conditionals="8" coveredconditionals="8" methods="1" coveredmethods="1"/>
        <line num="5" count="56" type="stmt"/>
        <line num="15" count="56" type="cond" truecount="1" falsecount="0"/>
        <line num="16" count="334" type="stmt"/>
        <line num="17" count="334" type="stmt"/>
        <line num="18" count="334" type="cond" truecount="7" falsecount="0"/>
        <line num="23" count="1" type="stmt"/>
        <line num="24" count="1" type="stmt"/>
        <line num="30" count="0" type="stmt"/>
        <line num="32" count="1" type="stmt"/>
        <line num="33" count="1" type="stmt"/>
        <line num="41" count="0" type="stmt"/>
        <line num="43" count="1" type="stmt"/>
        <line num="44" count="1" type="stmt"/>
        <line num="49" count="0" type="stmt"/>
        <line num="51" count="1" type="stmt"/>
        <line num="52" count="1" type="stmt"/>
        <line num="57" count="0" type="stmt"/>
        <line num="59" count="1" type="stmt"/>
        <line num="63" count="0" type="stmt"/>
        <line num="66" count="1" type="stmt"/>
        <line num="67" count="1" type="stmt"/>
        <line num="70" count="0" type="stmt"/>
        <line num="75" count="328" type="stmt"/>
        <line num="77" count="328" type="stmt"/>
      </file>
      <file name="teamSchedule.js" path="C:\DFolder\Projects\EVOX\E2eTesting\EVOX Code-Git\evox-app-e2e\client\src\store\reducers\schedule\teamSchedule.js">
        <metrics statements="20" coveredstatements="17" conditionals="10" coveredconditionals="10" methods="1" coveredmethods="1"/>
        <line num="5" count="57" type="stmt"/>
        <line num="12" count="57" type="cond" truecount="1" falsecount="0"/>
        <line num="13" count="347" type="stmt"/>
        <line num="14" count="347" type="stmt"/>
        <line num="15" count="347" type="cond" truecount="9" falsecount="0"/>
        <line num="17" count="2" type="stmt"/>
        <line num="21" count="0" type="stmt"/>
        <line num="23" count="2" type="stmt"/>
        <line num="27" count="0" type="stmt"/>
        <line num="29" count="2" type="stmt"/>
        <line num="38" count="2" type="stmt"/>
        <line num="39" count="2" type="stmt"/>
        <line num="40" count="2" type="stmt"/>
        <line num="42" count="2" type="stmt"/>
        <line num="52" count="2" type="stmt"/>
        <line num="62" count="2" type="stmt"/>
        <line num="66" count="0" type="stmt"/>
        <line num="68" count="2" type="stmt"/>
        <line num="76" count="331" type="stmt"/>
        <line num="78" count="331" type="stmt"/>
      </file>
    </package>
    <package name="src.store.reducers.settings">
      <metrics statements="88" coveredstatements="74" conditionals="57" coveredconditionals="44" methods="7" coveredmethods="7"/>
      <file name="alertReducers.js" path="C:\DFolder\Projects\EVOX\E2eTesting\EVOX Code-Git\evox-app-e2e\client\src\store\reducers\settings\alertReducers.js">
        <metrics statements="20" coveredstatements="16" conditionals="32" coveredconditionals="19" methods="1" coveredmethods="1"/>
        <line num="5" count="56" type="stmt"/>
        <line num="16" count="56" type="cond" truecount="1" falsecount="0"/>
        <line num="17" count="333" type="stmt"/>
        <line num="19" count="333" type="cond" truecount="5" falsecount="0"/>
        <line num="25" count="2" type="stmt"/>
        <line num="26" count="2" type="cond" truecount="2" falsecount="0"/>
        <line num="27" count="1" type="stmt"/>
        <line num="36" count="1" type="stmt"/>
        <line num="45" count="2" type="stmt"/>
        <line num="46" count="0" type="stmt"/>
        <line num="48" count="1" type="stmt"/>
        <line num="50" count="1" type="stmt"/>
        <line num="59" count="1" type="stmt"/>
        <line num="60" count="0" type="stmt"/>
        <line num="62" count="1" type="stmt"/>
        <line num="63" count="0" type="stmt"/>
        <line num="65" count="1" type="stmt"/>
        <line num="69" count="0" type="stmt"/>
        <line num="73" count="328" type="stmt"/>
        <line num="75" count="328" type="stmt"/>
      </file>
      <file name="constantReducers.js" path="C:\DFolder\Projects\EVOX\E2eTesting\EVOX Code-Git\evox-app-e2e\client\src\store\reducers\settings\constantReducers.js">
        <metrics statements="9" coveredstatements="8" conditionals="3" coveredconditionals="3" methods="1" coveredmethods="1"/>
        <line num="5" count="56" type="stmt"/>
        <line num="7" count="56" type="cond" truecount="1" falsecount="0"/>
        <line num="8" count="329" type="stmt"/>
        <line num="9" count="329" type="stmt"/>
        <line num="10" count="329" type="cond" truecount="2" falsecount="0"/>
        <line num="16" count="1" type="stmt"/>
        <line num="19" count="0" type="stmt"/>
        <line num="23" count="328" type="stmt"/>
        <line num="25" count="328" type="stmt"/>
      </file>
      <file name="currentActionReducers.js" path="C:\DFolder\Projects\EVOX\E2eTesting\EVOX Code-Git\evox-app-e2e\client\src\store\reducers\settings\currentActionReducers.js">
        <metrics statements="9" coveredstatements="8" conditionals="3" coveredconditionals="3" methods="1" coveredmethods="1"/>
        <line num="5" count="1" type="stmt"/>
        <line num="7" count="1" type="cond" truecount="1" falsecount="0"/>
        <line num="8" count="2" type="stmt"/>
        <line num="9" count="2" type="stmt"/>
        <line num="10" count="2" type="cond" truecount="2" falsecount="0"/>
        <line num="16" count="1" type="stmt"/>
        <line num="19" count="0" type="stmt"/>
        <line num="23" count="1" type="stmt"/>
        <line num="25" count="1" type="stmt"/>
      </file>
      <file name="modalLoginReducer.js" path="C:\DFolder\Projects\EVOX\E2eTesting\EVOX Code-Git\evox-app-e2e\client\src\store\reducers\settings\modalLoginReducer.js">
        <metrics statements="11" coveredstatements="10" conditionals="4" coveredconditionals="4" methods="1" coveredmethods="1"/>
        <line num="5" count="56" type="stmt"/>
        <line num="9" count="56" type="cond" truecount="1" falsecount="0"/>
        <line num="10" count="330" type="stmt"/>
        <line num="12" count="330" type="cond" truecount="3" falsecount="0"/>
        <line num="18" count="1" type="stmt"/>
        <line num="22" count="1" type="stmt"/>
        <line num="23" count="0" type="stmt"/>
        <line num="26" count="1" type="stmt"/>
        <line num="28" count="1" type="stmt"/>
        <line num="31" count="328" type="stmt"/>
        <line num="33" count="329" type="stmt"/>
      </file>
      <file name="pageReducers.js" path="C:\DFolder\Projects\EVOX\E2eTesting\EVOX Code-Git\evox-app-e2e\client\src\store\reducers\settings\pageReducers.js">
        <metrics statements="19" coveredstatements="15" conditionals="6" coveredconditionals="6" methods="1" coveredmethods="1"/>
        <line num="5" count="56" type="stmt"/>
        <line num="10" count="56" type="cond" truecount="1" falsecount="0"/>
        <line num="11" count="332" type="stmt"/>
        <line num="12" count="332" type="stmt"/>
        <line num="13" count="332" type="cond" truecount="5" falsecount="0"/>
        <line num="19" count="1" type="stmt"/>
        <line num="20" count="1" type="stmt"/>
        <line num="23" count="0" type="stmt"/>
        <line num="25" count="1" type="stmt"/>
        <line num="26" count="1" type="stmt"/>
        <line num="29" count="0" type="stmt"/>
        <line num="36" count="1" type="stmt"/>
        <line num="37" count="1" type="stmt"/>
        <line num="40" count="0" type="stmt"/>
        <line num="42" count="1" type="stmt"/>
        <line num="43" count="1" type="stmt"/>
        <line num="46" count="0" type="stmt"/>
        <line num="50" count="328" type="stmt"/>
        <line num="52" count="328" type="stmt"/>
      </file>
      <file name="redirectReducers.js" path="C:\DFolder\Projects\EVOX\E2eTesting\EVOX Code-Git\evox-app-e2e\client\src\store\reducers\settings\redirectReducers.js">
        <metrics statements="11" coveredstatements="9" conditionals="6" coveredconditionals="6" methods="1" coveredmethods="1"/>
        <line num="5" count="56" type="stmt"/>
        <line num="10" count="56" type="cond" truecount="1" falsecount="0"/>
        <line num="11" count="331" type="stmt"/>
        <line num="12" count="331" type="stmt"/>
        <line num="13" count="331" type="cond" truecount="3" falsecount="0"/>
        <line num="17" count="2" type="stmt"/>
        <line num="21" count="0" type="stmt"/>
        <line num="23" count="1" type="stmt"/>
        <line num="24" count="0" type="stmt"/>
        <line num="26" count="328" type="stmt"/>
        <line num="28" count="328" type="stmt"/>
      </file>
      <file name="settingsReducers.js" path="C:\DFolder\Projects\EVOX\E2eTesting\EVOX Code-Git\evox-app-e2e\client\src\store\reducers\settings\settingsReducers.js">
        <metrics statements="9" coveredstatements="8" conditionals="3" coveredconditionals="3" methods="1" coveredmethods="1"/>
        <line num="5" count="58" type="stmt"/>
        <line num="7" count="58" type="cond" truecount="1" falsecount="0"/>
        <line num="8" count="329" type="stmt"/>
        <line num="9" count="329" type="stmt"/>
        <line num="10" count="329" type="cond" truecount="2" falsecount="0"/>
        <line num="16" count="1" type="stmt"/>
        <line num="19" count="0" type="stmt"/>
        <line num="23" count="328" type="stmt"/>
        <line num="25" count="328" type="stmt"/>
      </file>
    </package>
    <package name="src.store.reducers.user">
      <metrics statements="76" coveredstatements="45" conditionals="36" coveredconditionals="24" methods="5" coveredmethods="1"/>
      <file name="userReducers.js" path="C:\DFolder\Projects\EVOX\E2eTesting\EVOX Code-Git\evox-app-e2e\client\src\store\reducers\user\userReducers.js">
        <metrics statements="76" coveredstatements="45" conditionals="36" coveredconditionals="24" methods="5" coveredmethods="1"/>
        <line num="7" count="58" type="stmt"/>
        <line num="11" count="58" type="cond" truecount="1" falsecount="0"/>
        <line num="12" count="424" type="stmt"/>
        <line num="13" count="424" type="stmt"/>
        <line num="14" count="424" type="cond" truecount="21" falsecount="2"/>
        <line num="20" count="10" type="stmt"/>
        <line num="22" count="10" type="stmt"/>
        <line num="23" count="10" type="stmt"/>
        <line num="24" count="10" type="stmt"/>
        <line num="25" count="10" type="stmt"/>
        <line num="28" count="10" type="stmt"/>
        <line num="32" count="0" type="stmt"/>
        <line num="39" count="4" type="stmt"/>
        <line num="40" count="4" type="stmt"/>
        <line num="41" count="4" type="stmt"/>
        <line num="42" count="4" type="stmt"/>
        <line num="43" count="4" type="stmt"/>
        <line num="47" count="0" type="stmt"/>
        <line num="49" count="4" type="stmt"/>
        <line num="50" count="4" type="stmt"/>
        <line num="53" count="0" type="stmt"/>
        <line num="57" count="30" type="stmt"/>
        <line num="58" count="30" type="stmt"/>
        <line num="59" count="30" type="stmt"/>
        <line num="60" count="30" type="stmt"/>
        <line num="61" count="30" type="stmt"/>
        <line num="62" count="30" type="stmt"/>
        <line num="66" count="0" type="stmt"/>
        <line num="70" count="5" type="stmt"/>
        <line num="74" count="0" type="stmt"/>
        <line num="78" count="4" type="stmt"/>
        <line num="82" count="0" type="stmt"/>
        <line num="86" count="14" type="cond" truecount="2" falsecount="0"/>
        <line num="87" count="6" type="stmt"/>
        <line num="92" count="8" type="stmt"/>
        <line num="95" count="0" type="stmt"/>
        <line num="96" count="0" type="stmt"/>
        <line num="99" count="0" type="cond" truecount="0" falsecount="2"/>
        <line num="102" count="0" type="cond" truecount="0" falsecount="2"/>
        <line num="103" count="0" type="stmt"/>
        <line num="104" count="0" type="cond" truecount="0" falsecount="4"/>
        <line num="110" count="0" type="cond" truecount="0" falsecount="2"/>
        <line num="111" count="0" type="stmt"/>
        <line num="114" count="0" type="stmt"/>
        <line num="117" count="0" type="stmt"/>
        <line num="120" count="5" type="stmt"/>
        <line num="125" count="0" type="stmt"/>
        <line num="128" count="4" type="stmt"/>
        <line num="133" count="0" type="stmt"/>
        <line num="136" count="4" type="stmt"/>
        <line num="140" count="0" type="stmt"/>
        <line num="144" count="4" type="stmt"/>
        <line num="145" count="4" type="stmt"/>
        <line num="148" count="0" type="stmt"/>
        <line num="151" count="4" type="stmt"/>
        <line num="157" count="0" type="stmt"/>
        <line num="160" count="0" type="stmt"/>
        <line num="166" count="0" type="stmt"/>
        <line num="169" count="4" type="stmt"/>
        <line num="174" count="0" type="stmt"/>
        <line num="177" count="4" type="stmt"/>
        <line num="181" count="0" type="stmt"/>
        <line num="184" count="4" type="stmt"/>
        <line num="189" count="0" type="stmt"/>
        <line num="192" count="4" type="stmt"/>
        <line num="196" count="0" type="stmt"/>
        <line num="199" count="4" type="stmt"/>
        <line num="204" count="0" type="stmt"/>
        <line num="207" count="4" type="stmt"/>
        <line num="211" count="0" type="stmt"/>
        <line num="214" count="4" type="stmt"/>
        <line num="219" count="0" type="stmt"/>
        <line num="222" count="4" type="stmt"/>
        <line num="226" count="0" type="stmt"/>
        <line num="232" count="300" type="stmt"/>
        <line num="234" count="308" type="stmt"/>
      </file>
    </package>
  </project>
</coverage>
