TN:
SF:C:\DFolder\Projects\EVOX\E2eTesting\EVOX Code-Git\evox-app-e2e\client\src\App.js
FN:24,(anonymous_0)
FN:37,gtag
FN:43,(anonymous_2)
FN:50,(anonymous_3)
FN:76,(anonymous_4)
FN:78,(anonymous_5)
FN:81,(anonymous_6)
FNF:7
FNH:4
FNDA:10,(anonymous_0)
FNDA:2,gtag
FNDA:13,(anonymous_2)
FNDA:1,(anonymous_3)
FNDA:0,(anonymous_4)
FNDA:0,(anonymous_5)
FNDA:0,(anonymous_6)
DA:27,10
DA:30,1
DA:31,1
DA:32,1
DA:33,1
DA:36,1
DA:37,2
DA:38,1
DA:39,1
DA:45,13
DA:46,1
DA:47,1
DA:48,5
DA:49,4
DA:50,4
DA:60,13
DA:61,6
DA:65,13
DA:76,1
DA:77,0
DA:79,0
DA:81,0
LF:22
LH:19
BRDA:27,0,0,1
BRDA:27,0,1,9
BRDA:27,1,0,10
BRDA:27,1,1,2
BRDA:36,2,0,1
BRDA:36,2,1,1
BRDA:45,3,0,1
BRDA:45,3,1,12
BRDA:46,4,0,1
BRDA:46,4,1,0
BRDA:46,5,0,1
BRDA:46,5,1,1
BRDA:48,6,0,4
BRDA:48,6,1,1
BRDA:60,7,0,6
BRDA:60,7,1,7
BRF:16
BRH:15
end_of_record
TN:
SF:C:\DFolder\Projects\EVOX\E2eTesting\EVOX Code-Git\evox-app-e2e\client\src\index.js
FNF:0
FNH:0
DA:22,0
LF:1
LH:0
BRF:0
BRH:0
end_of_record
TN:
SF:C:\DFolder\Projects\EVOX\E2eTesting\EVOX Code-Git\evox-app-e2e\client\src\store.js
FNF:0
FNH:0
DA:6,55
LF:1
LH:1
BRF:0
BRH:0
end_of_record
TN:
SF:C:\DFolder\Projects\EVOX\E2eTesting\EVOX Code-Git\evox-app-e2e\client\src\components\AssetManagementForm\AssetManagementForm.js
FN:23,(anonymous_0)
FN:33,(anonymous_1)
FN:54,(anonymous_2)
FN:66,(anonymous_3)
FN:94,(anonymous_4)
FN:139,(anonymous_5)
FN:185,(anonymous_6)
FN:187,(anonymous_7)
FN:206,(anonymous_8)
FN:223,(anonymous_9)
FN:256,(anonymous_10)
FN:263,(anonymous_11)
FN:265,(anonymous_12)
FN:266,(anonymous_13)
FN:267,(anonymous_14)
FN:268,(anonymous_15)
FN:269,(anonymous_16)
FNF:17
FNH:15
FNDA:34,(anonymous_0)
FNDA:8,(anonymous_1)
FNDA:34,(anonymous_2)
FNDA:43,(anonymous_3)
FNDA:155,(anonymous_4)
FNDA:9,(anonymous_5)
FNDA:1,(anonymous_6)
FNDA:8,(anonymous_7)
FNDA:282,(anonymous_8)
FNDA:1,(anonymous_9)
FNDA:9,(anonymous_10)
FNDA:4,(anonymous_11)
FNDA:1,(anonymous_12)
FNDA:0,(anonymous_13)
FNDA:3,(anonymous_14)
FNDA:1,(anonymous_15)
FNDA:0,(anonymous_16)
DA:24,34
DA:25,34
DA:33,34
DA:35,8
DA:37,8
DA:38,41
DA:39,37
DA:43,8
DA:44,6
DA:45,4
DA:47,2
DA:48,2
DA:49,2
DA:50,2
DA:55,34
DA:56,7
DA:57,7
DA:60,27
DA:61,22
DA:66,34
DA:68,43
DA:70,43
DA:71,43
DA:72,43
DA:73,43
DA:74,43
DA:77,43
DA:87,43
DA:95,155
DA:139,9
DA:185,1
DA:187,8
DA:207,282
DA:208,282
DA:209,282
DA:210,282
DA:211,94
DA:212,188
DA:213,94
DA:215,282
DA:223,1
DA:245,5
DA:256,5
DA:257,9
DA:263,5
DA:264,4
DA:265,1
DA:266,0
DA:267,3
DA:268,1
DA:269,0
LF:51
LH:49
BRDA:38,0,0,37
BRDA:38,0,1,4
BRDA:43,1,0,6
BRDA:43,1,1,2
BRDA:44,2,0,4
BRDA:44,2,1,2
BRDA:47,3,0,2
BRDA:47,3,1,0
BRDA:55,4,0,7
BRDA:55,4,1,27
BRDA:56,5,0,7
BRDA:56,5,1,0
BRDA:60,6,0,22
BRDA:60,6,1,5
BRDA:74,7,0,7
BRDA:74,7,1,36
BRDA:80,8,0,8
BRDA:80,8,1,35
BRDA:81,9,0,8
BRDA:81,9,1,35
BRDA:82,10,0,8
BRDA:82,10,1,35
BRDA:83,11,0,8
BRDA:83,11,1,35
BRDA:84,12,0,8
BRDA:84,12,1,35
BRDA:139,13,0,4
BRDA:139,13,1,5
BRDA:154,14,0,155
BRDA:154,14,1,25
BRDA:191,15,0,133
BRDA:191,15,1,22
BRDA:193,16,0,94
BRDA:193,16,1,39
BRDA:193,17,0,133
BRDA:193,17,1,112
BRDA:208,18,0,282
BRDA:208,18,1,94
BRDA:209,19,0,282
BRDA:209,19,1,94
BRDA:210,20,0,94
BRDA:210,20,1,188
BRDA:212,21,0,94
BRDA:212,21,1,94
BRF:44
BRH:42
end_of_record
TN:
SF:C:\DFolder\Projects\EVOX\E2eTesting\EVOX Code-Git\evox-app-e2e\client\src\components\AssetManagementForm\AssetReport\AssetReport.js
FN:18,(anonymous_0)
FN:29,(anonymous_1)
FN:49,(anonymous_2)
FN:57,(anonymous_3)
FN:63,(anonymous_4)
FN:74,(anonymous_5)
FN:98,(anonymous_6)
FN:116,(anonymous_7)
FN:132,(anonymous_8)
FN:147,(anonymous_9)
FN:150,(anonymous_10)
FN:170,(anonymous_11)
FN:194,(anonymous_12)
FN:204,(anonymous_13)
FN:206,(anonymous_14)
FN:207,(anonymous_15)
FNF:16
FNH:12
FNDA:34,(anonymous_0)
FNDA:19,(anonymous_1)
FNDA:6,(anonymous_2)
FNDA:2,(anonymous_3)
FNDA:34,(anonymous_4)
FNDA:34,(anonymous_5)
FNDA:110,(anonymous_6)
FNDA:212,(anonymous_7)
FNDA:128,(anonymous_8)
FNDA:5,(anonymous_9)
FNDA:4,(anonymous_10)
FNDA:6,(anonymous_11)
FNDA:0,(anonymous_12)
FNDA:0,(anonymous_13)
FNDA:0,(anonymous_14)
FNDA:0,(anonymous_15)
DA:19,34
DA:20,34
DA:29,34
DA:30,19
DA:31,19
DA:32,95
DA:33,45
DA:35,45
DA:36,45
DA:41,19
DA:42,10
DA:43,9
DA:44,8
DA:50,6
DA:51,6
DA:52,6
DA:53,6
DA:54,6
DA:55,6
DA:64,34
DA:65,3
DA:70,3
DA:74,34
DA:76,34
DA:77,34
DA:78,34
DA:79,34
DA:80,34
DA:83,34
DA:91,34
DA:99,110
DA:117,212
DA:133,128
DA:147,5
DA:150,4
DA:171,6
DA:194,2
DA:195,0
DA:204,2
DA:205,0
DA:206,0
DA:207,0
LF:42
LH:38
BRDA:32,0,0,45
BRDA:32,0,1,50
BRDA:32,1,0,95
BRDA:32,1,1,90
BRDA:33,2,0,45
BRDA:41,3,0,10
BRDA:41,3,1,9
BRDA:43,4,0,8
BRDA:43,4,1,1
BRDA:64,5,0,3
BRDA:64,5,1,31
BRDA:86,6,0,2
BRDA:86,6,1,32
BRDA:87,7,0,2
BRDA:87,7,1,32
BRDA:88,8,0,2
BRDA:88,8,1,32
BRDA:116,9,0,110
BRDA:116,9,1,110
BRDA:116,9,2,106
BRDA:132,10,0,110
BRDA:132,10,1,110
BRDA:132,10,2,102
BRDA:169,11,0,110
BRDA:169,11,1,106
BRDA:169,11,2,4
BRF:26
BRH:26
end_of_record
TN:
SF:C:\DFolder\Projects\EVOX\E2eTesting\EVOX Code-Git\evox-app-e2e\client\src\components\ChangePasswordForm\ChangePasswordForm.js
FN:13,(anonymous_0)
FN:18,onSubmitHandler
FN:65,(anonymous_2)
FN:105,(anonymous_3)
FN:120,(anonymous_4)
FN:127,(anonymous_5)
FN:129,(anonymous_6)
FNF:7
FNH:2
FNDA:4,(anonymous_0)
FNDA:0,onSubmitHandler
FNDA:8,(anonymous_2)
FNDA:0,(anonymous_3)
FNDA:0,(anonymous_4)
FNDA:0,(anonymous_5)
FNDA:0,(anonymous_6)
DA:13,3
DA:20,0
DA:22,0
DA:23,0
DA:24,0
DA:26,0
DA:27,0
DA:33,0
DA:34,0
DA:38,0
DA:39,0
DA:40,0
DA:45,4
DA:51,4
DA:57,4
DA:66,8
DA:105,0
DA:120,3
DA:121,0
DA:127,3
DA:128,0
DA:129,0
LF:22
LH:7
BRDA:23,0,0,0
BRDA:23,0,1,0
BRDA:23,1,0,0
BRDA:23,1,1,0
BRDA:24,2,0,0
BRDA:33,3,0,0
BRDA:33,3,1,0
BRDA:38,4,0,0
BRDA:38,4,1,0
BRDA:57,5,0,0
BRDA:57,5,1,4
BRDA:57,6,0,1
BRDA:57,6,1,3
BRDA:57,7,0,1
BRDA:57,7,1,3
BRDA:69,8,0,2
BRDA:69,8,1,6
BRDA:104,9,0,6
BRDA:104,9,1,2
BRF:19
BRH:9
end_of_record
TN:
SF:C:\DFolder\Projects\EVOX\E2eTesting\EVOX Code-Git\evox-app-e2e\client\src\components\ChangePasswordForm\index.js
FNF:0
FNH:0
LF:0
LH:0
BRF:0
BRH:0
end_of_record
TN:
SF:C:\DFolder\Projects\EVOX\E2eTesting\EVOX Code-Git\evox-app-e2e\client\src\components\ChangePasswordFormComponent\ChangePasswordFormComponent.js
FN:16,(anonymous_0)
FN:27,(anonymous_1)
FN:33,(anonymous_2)
FN:67,(anonymous_3)
FN:84,(anonymous_4)
FN:124,(anonymous_5)
FN:142,(anonymous_6)
FN:151,(anonymous_7)
FN:153,(anonymous_8)
FNF:9
FNH:3
FNDA:3,(anonymous_0)
FNDA:0,(anonymous_1)
FNDA:0,(anonymous_2)
FNDA:3,(anonymous_3)
FNDA:6,(anonymous_4)
FNDA:0,(anonymous_5)
FNDA:0,(anonymous_6)
FNDA:0,(anonymous_7)
FNDA:0,(anonymous_8)
DA:17,3
DA:19,3
DA:27,3
DA:28,0
DA:29,0
DA:33,3
DA:35,0
DA:37,0
DA:38,0
DA:39,0
DA:41,0
DA:42,0
DA:52,0
DA:54,0
DA:56,0
DA:67,3
DA:68,3
DA:76,3
DA:85,6
DA:124,0
DA:137,3
DA:142,3
DA:143,0
DA:151,3
DA:152,0
DA:153,0
LF:26
LH:11
BRDA:28,0,0,0
BRDA:28,0,1,0
BRDA:38,1,0,0
BRDA:38,1,1,0
BRDA:38,2,0,0
BRDA:38,2,1,0
BRDA:39,3,0,0
BRF:7
BRH:0
end_of_record
TN:
SF:C:\DFolder\Projects\EVOX\E2eTesting\EVOX Code-Git\evox-app-e2e\client\src\components\ChangePasswordFormComponent\index.js
FNF:0
FNH:0
LF:0
LH:0
BRF:0
BRH:0
end_of_record
TN:
SF:C:\DFolder\Projects\EVOX\E2eTesting\EVOX Code-Git\evox-app-e2e\client\src\components\Dashboard\BirthdayAnniversary\BirthdayAnniversary.js
FN:16,(anonymous_0)
FN:20,(anonymous_1)
FN:24,(anonymous_2)
FN:29,(anonymous_3)
FN:32,(anonymous_4)
FN:44,(anonymous_5)
FN:83,(anonymous_6)
FN:89,(anonymous_7)
FN:91,(anonymous_8)
FN:92,(anonymous_9)
FNF:10
FNH:5
FNDA:3,(anonymous_0)
FNDA:0,(anonymous_1)
FNDA:3,(anonymous_2)
FNDA:3,(anonymous_3)
FNDA:3,(anonymous_4)
FNDA:2,(anonymous_5)
FNDA:0,(anonymous_6)
FNDA:0,(anonymous_7)
FNDA:0,(anonymous_8)
FNDA:0,(anonymous_9)
DA:17,3
DA:20,3
DA:26,3
DA:32,3
DA:33,3
DA:34,3
DA:45,2
DA:46,2
DA:48,2
DA:49,2
DA:51,0
DA:52,0
DA:54,0
DA:55,0
DA:57,2
DA:81,2
DA:83,2
DA:84,0
DA:89,2
DA:90,0
DA:91,0
DA:93,0
LF:22
LH:14
BRDA:38,0,0,2
BRDA:38,0,1,1
BRDA:46,1,0,2
BRDA:46,1,1,0
BRDA:46,1,2,0
BRF:5
BRH:3
end_of_record
TN:
SF:C:\DFolder\Projects\EVOX\E2eTesting\EVOX Code-Git\evox-app-e2e\client\src\components\Dashboard\BirthdayAnniversary\index.js
FNF:0
FNH:0
LF:0
LH:0
BRF:0
BRH:0
end_of_record
TN:
SF:C:\DFolder\Projects\EVOX\E2eTesting\EVOX Code-Git\evox-app-e2e\client\src\components\Dashboard\ChangeLogs\ChangeLogs.js
FN:8,ChangeLogsInfo
FN:13,(anonymous_1)
FN:28,(anonymous_2)
FN:37,(anonymous_3)
FN:41,(anonymous_4)
FN:48,(anonymous_5)
FN:54,(anonymous_6)
FN:61,(anonymous_7)
FN:62,(anonymous_8)
FN:77,(anonymous_9)
FN:86,(anonymous_10)
FN:92,(anonymous_11)
FN:94,(anonymous_12)
FNF:13
FNH:4
FNDA:0,ChangeLogsInfo
FNDA:0,(anonymous_1)
FNDA:3,(anonymous_2)
FNDA:3,(anonymous_3)
FNDA:0,(anonymous_4)
FNDA:0,(anonymous_5)
FNDA:3,(anonymous_6)
FNDA:2,(anonymous_7)
FNDA:0,(anonymous_8)
FNDA:0,(anonymous_9)
FNDA:0,(anonymous_10)
FNDA:0,(anonymous_11)
FNDA:0,(anonymous_12)
DA:9,0
DA:13,0
DA:29,3
DA:30,3
DA:34,3
DA:38,3
DA:41,3
DA:42,0
DA:48,3
DA:49,0
DA:55,3
DA:57,3
DA:62,2
DA:77,0
DA:86,2
DA:87,0
DA:92,2
DA:93,0
DA:94,0
LF:19
LH:11
BRDA:58,0,0,2
BRDA:58,0,1,1
BRDA:64,1,0,2
BRDA:64,1,1,0
BRDA:73,2,0,3
BRDA:73,2,1,0
BRF:6
BRH:4
end_of_record
TN:
SF:C:\DFolder\Projects\EVOX\E2eTesting\EVOX Code-Git\evox-app-e2e\client\src\components\Dashboard\ChangeLogs\index.js
FNF:0
FNH:0
LF:0
LH:0
BRF:0
BRH:0
end_of_record
TN:
SF:C:\DFolder\Projects\EVOX\E2eTesting\EVOX Code-Git\evox-app-e2e\client\src\components\Dashboard\DashboardAnnouncementsList\DashboardAnnouncementsList.js
FN:17,(anonymous_0)
FN:32,(anonymous_1)
FN:39,(anonymous_2)
FN:47,(anonymous_3)
FN:58,(anonymous_4)
FN:65,(anonymous_5)
FN:72,(anonymous_6)
FN:82,(anonymous_7)
FN:96,(anonymous_8)
FN:112,(anonymous_9)
FN:122,(anonymous_10)
FN:158,(anonymous_11)
FN:168,(anonymous_12)
FN:202,(anonymous_13)
FN:243,(anonymous_14)
FN:283,(anonymous_15)
FN:292,(anonymous_16)
FN:295,(anonymous_17)
FN:296,(anonymous_18)
FN:297,(anonymous_19)
FN:298,(anonymous_20)
FN:299,(anonymous_21)
FN:300,(anonymous_22)
FN:301,(anonymous_23)
FN:303,(anonymous_24)
FNF:25
FNH:18
FNDA:6,(anonymous_0)
FNDA:6,(anonymous_1)
FNDA:1,(anonymous_2)
FNDA:1,(anonymous_3)
FNDA:0,(anonymous_4)
FNDA:1,(anonymous_5)
FNDA:1,(anonymous_6)
FNDA:19,(anonymous_7)
FNDA:21,(anonymous_8)
FNDA:1,(anonymous_9)
FNDA:42,(anonymous_10)
FNDA:21,(anonymous_11)
FNDA:8,(anonymous_12)
FNDA:1,(anonymous_13)
FNDA:8,(anonymous_14)
FNDA:26,(anonymous_15)
FNDA:6,(anonymous_16)
FNDA:0,(anonymous_17)
FNDA:7,(anonymous_18)
FNDA:0,(anonymous_19)
FNDA:0,(anonymous_20)
FNDA:0,(anonymous_21)
FNDA:0,(anonymous_22)
FNDA:0,(anonymous_23)
FNDA:8,(anonymous_24)
DA:18,6
DA:20,6
DA:22,6
DA:32,6
DA:33,6
DA:36,6
DA:39,6
DA:40,1
DA:41,1
DA:42,1
DA:46,1
DA:47,1
DA:55,1
DA:58,6
DA:59,0
DA:60,0
DA:62,0
DA:65,6
DA:66,1
DA:67,1
DA:68,1
DA:69,1
DA:71,1
DA:72,1
DA:80,1
DA:82,6
DA:86,19
DA:97,21
DA:113,1
DA:114,1
DA:124,42
DA:158,1
DA:160,21
DA:161,21
DA:162,7
DA:163,7
DA:164,5
DA:165,5
DA:172,8
DA:203,1
DA:226,2
DA:239,14
DA:243,1
DA:245,8
DA:246,8
DA:247,8
DA:249,8
DA:250,8
DA:251,8
DA:252,8
DA:283,1
DA:284,26
DA:292,1
DA:293,6
DA:295,0
DA:296,7
DA:297,0
DA:298,0
DA:299,0
DA:300,0
DA:302,0
DA:304,8
LF:62
LH:53
BRDA:106,0,0,21
BRDA:106,0,1,0
BRDA:121,1,0,21
BRDA:121,1,1,0
BRDA:161,2,0,7
BRDA:161,2,1,14
BRDA:161,3,0,21
BRDA:161,3,1,7
BRDA:163,4,0,5
BRDA:163,4,1,2
BRDA:164,5,0,0
BRDA:164,5,1,5
BRDA:174,6,0,3
BRDA:174,6,1,5
BRDA:176,7,0,0
BRDA:176,7,1,3
BRDA:176,8,0,3
BRDA:176,8,1,3
BRDA:199,9,0,4
BRDA:199,9,1,1
BRDA:255,10,0,3
BRDA:255,10,1,5
BRDA:259,11,0,3
BRDA:259,11,1,5
BRDA:271,12,0,3
BRDA:271,12,1,5
BRF:26
BRH:22
end_of_record
TN:
SF:C:\DFolder\Projects\EVOX\E2eTesting\EVOX Code-Git\evox-app-e2e\client\src\components\Dashboard\DashboardAnnouncementsList\index.js
FNF:0
FNH:0
LF:0
LH:0
BRF:0
BRH:0
end_of_record
TN:
SF:C:\DFolder\Projects\EVOX\E2eTesting\EVOX Code-Git\evox-app-e2e\client\src\components\Dashboard\DashboardTabs\DashboardTabs.js
FN:47,(anonymous_0)
FN:65,(anonymous_1)
FN:67,(anonymous_2)
FN:78,(anonymous_3)
FN:83,(anonymous_4)
FN:91,(anonymous_5)
FN:101,(anonymous_6)
FN:169,(anonymous_7)
FN:176,(anonymous_8)
FN:178,(anonymous_9)
FN:180,(anonymous_10)
FNF:11
FNH:7
FNDA:6,(anonymous_0)
FNDA:6,(anonymous_1)
FNDA:6,(anonymous_2)
FNDA:0,(anonymous_3)
FNDA:12,(anonymous_4)
FNDA:0,(anonymous_5)
FNDA:12,(anonymous_6)
FNDA:3,(anonymous_7)
FNDA:3,(anonymous_8)
FNDA:0,(anonymous_9)
FNDA:0,(anonymous_10)
DA:48,6
DA:50,6
DA:51,6
DA:52,6
DA:54,6
DA:68,6
DA:69,4
DA:73,2
DA:78,6
DA:79,0
DA:80,0
DA:81,0
DA:83,6
DA:84,12
DA:85,8
DA:88,4
DA:91,6
DA:92,0
DA:102,12
DA:169,2
DA:170,3
DA:176,2
DA:177,3
DA:179,0
DA:181,0
LF:25
LH:19
BRDA:68,0,0,4
BRDA:68,0,1,2
BRDA:84,1,0,8
BRDA:84,1,1,4
BRDA:113,2,0,12
BRDA:113,2,1,8
BRDA:119,3,0,8
BRDA:119,3,1,4
BRDA:122,4,0,12
BRDA:122,4,1,8
BRDA:128,5,0,8
BRDA:128,5,1,0
BRDA:136,6,0,12
BRDA:136,6,1,2
BRDA:143,7,0,12
BRDA:143,7,1,0
BRDA:150,8,0,12
BRDA:150,8,1,0
BRF:18
BRH:15
end_of_record
TN:
SF:C:\DFolder\Projects\EVOX\E2eTesting\EVOX Code-Git\evox-app-e2e\client\src\components\Dashboard\DashboardTabs\index.js
FNF:0
FNH:0
LF:0
LH:0
BRF:0
BRH:0
end_of_record
TN:
SF:C:\DFolder\Projects\EVOX\E2eTesting\EVOX Code-Git\evox-app-e2e\client\src\components\Dashboard\DtrNotifications\DtrNotifications.js
FN:16,(anonymous_0)
FN:23,(anonymous_1)
FN:27,(anonymous_2)
FN:34,(anonymous_3)
FN:48,(anonymous_4)
FN:57,(anonymous_5)
FN:118,(anonymous_6)
FN:124,(anonymous_7)
FN:126,(anonymous_8)
FNF:9
FNH:4
FNDA:3,(anonymous_0)
FNDA:0,(anonymous_1)
FNDA:3,(anonymous_2)
FNDA:3,(anonymous_3)
FNDA:1,(anonymous_4)
FNDA:0,(anonymous_5)
FNDA:0,(anonymous_6)
FNDA:0,(anonymous_7)
FNDA:0,(anonymous_8)
DA:17,3
DA:18,3
DA:23,3
DA:34,3
DA:36,3
DA:37,2
DA:40,3
DA:41,3
DA:51,1
DA:52,0
DA:54,1
DA:55,1
DA:57,1
DA:58,0
DA:59,0
DA:60,0
DA:64,1
DA:116,2
DA:118,2
DA:119,0
DA:124,2
DA:125,0
DA:126,0
LF:23
LH:16
BRDA:36,0,0,2
BRDA:36,0,1,1
BRDA:36,1,0,3
BRDA:36,1,1,2
BRDA:43,2,0,1
BRDA:43,2,1,2
BRDA:51,3,0,0
BRDA:51,3,1,1
BRDA:58,4,0,0
BRDA:58,4,1,0
BRDA:70,5,0,0
BRDA:70,5,1,1
BRDA:80,6,0,0
BRDA:80,6,1,1
BRF:14
BRH:9
end_of_record
TN:
SF:C:\DFolder\Projects\EVOX\E2eTesting\EVOX Code-Git\evox-app-e2e\client\src\components\Dashboard\DtrNotifications\index.js
FNF:0
FNH:0
LF:0
LH:0
BRF:0
BRH:0
end_of_record
TN:
SF:C:\DFolder\Projects\EVOX\E2eTesting\EVOX Code-Git\evox-app-e2e\client\src\components\Dashboard\EmployeeDashboard\EmployeeDashboard.js
FN:24,(anonymous_0)
FN:40,(anonymous_1)
FN:76,(anonymous_2)
FN:84,(anonymous_3)
FN:86,(anonymous_4)
FNF:5
FNH:1
FNDA:3,(anonymous_0)
FNDA:0,(anonymous_1)
FNDA:0,(anonymous_2)
FNDA:0,(anonymous_3)
FNDA:0,(anonymous_4)
DA:24,1
DA:26,3
DA:40,0
DA:51,3
DA:53,3
DA:54,3
DA:55,3
DA:57,3
DA:59,3
DA:76,1
DA:77,0
DA:84,1
DA:85,0
DA:86,0
LF:14
LH:10
BRDA:57,0,0,1
BRDA:57,0,1,2
BRF:2
BRH:2
end_of_record
TN:
SF:C:\DFolder\Projects\EVOX\E2eTesting\EVOX Code-Git\evox-app-e2e\client\src\components\Dashboard\EmployeeDashboard\index.js
FNF:0
FNH:0
LF:0
LH:0
BRF:0
BRH:0
end_of_record
TN:
SF:C:\DFolder\Projects\EVOX\E2eTesting\EVOX Code-Git\evox-app-e2e\client\src\components\Dashboard\Engagement\Engagement.js
FN:5,(anonymous_0)
FNF:1
FNH:1
FNDA:3,(anonymous_0)
DA:5,1
DA:6,3
LF:2
LH:2
BRF:0
BRH:0
end_of_record
TN:
SF:C:\DFolder\Projects\EVOX\E2eTesting\EVOX Code-Git\evox-app-e2e\client\src\components\Dashboard\HandlerDashboard\HandlerDashboard.js
FN:25,(anonymous_0)
FN:38,(anonymous_1)
FN:61,(anonymous_2)
FN:69,(anonymous_3)
FN:72,(anonymous_4)
FN:85,(anonymous_5)
FN:95,(anonymous_6)
FN:100,(anonymous_7)
FN:155,(anonymous_8)
FN:162,(anonymous_9)
FN:164,(anonymous_10)
FN:165,(anonymous_11)
FN:166,(anonymous_12)
FN:167,(anonymous_13)
FNF:14
FNH:8
FNDA:6,(anonymous_0)
FNDA:0,(anonymous_1)
FNDA:6,(anonymous_2)
FNDA:0,(anonymous_3)
FNDA:6,(anonymous_4)
FNDA:12,(anonymous_5)
FNDA:0,(anonymous_6)
FNDA:4,(anonymous_7)
FNDA:2,(anonymous_8)
FNDA:2,(anonymous_9)
FNDA:0,(anonymous_10)
FNDA:0,(anonymous_11)
FNDA:0,(anonymous_12)
FNDA:1,(anonymous_13)
DA:26,6
DA:28,6
DA:35,6
DA:38,6
DA:40,0
DA:42,0
DA:43,0
DA:44,0
DA:46,0
DA:47,0
DA:52,0
DA:53,0
DA:55,0
DA:56,0
DA:63,6
DA:64,5
DA:69,6
DA:72,6
DA:74,6
DA:75,6
DA:76,6
DA:77,6
DA:79,6
DA:86,12
DA:95,0
DA:101,4
DA:155,2
DA:156,2
DA:162,2
DA:163,2
DA:164,0
DA:165,0
DA:166,0
DA:167,1
LF:34
LH:20
BRDA:43,0,0,0
BRDA:43,0,1,0
BRDA:43,1,0,0
BRDA:43,1,1,0
BRDA:44,2,0,0
BRDA:55,3,0,0
BRDA:55,3,1,0
BRDA:63,4,0,5
BRDA:63,4,1,1
BRDA:89,5,0,2
BRDA:89,5,1,10
BRDA:99,6,0,2
BRDA:99,6,1,0
BRDA:114,7,0,10
BRDA:114,7,1,2
BRDA:117,8,0,10
BRDA:117,8,1,10
BRDA:130,9,0,10
BRDA:130,9,1,2
BRF:19
BRH:11
end_of_record
TN:
SF:C:\DFolder\Projects\EVOX\E2eTesting\EVOX Code-Git\evox-app-e2e\client\src\components\Dashboard\HandlerDashboard\index.js
FNF:0
FNH:0
LF:0
LH:0
BRF:0
BRH:0
end_of_record
TN:
SF:C:\DFolder\Projects\EVOX\E2eTesting\EVOX Code-Git\evox-app-e2e\client\src\components\Dashboard\Holiday\Holiday.js
FN:10,(anonymous_0)
FN:14,(anonymous_1)
FN:21,(anonymous_2)
FN:41,(anonymous_3)
FN:47,(anonymous_4)
FN:49,(anonymous_5)
FNF:6
FNH:3
FNDA:4,(anonymous_0)
FNDA:4,(anonymous_1)
FNDA:6,(anonymous_2)
FNDA:0,(anonymous_3)
FNDA:0,(anonymous_4)
FNDA:0,(anonymous_5)
DA:11,4
DA:15,4
DA:17,4
DA:22,6
DA:41,2
DA:42,0
DA:47,2
DA:48,0
DA:49,0
LF:9
LH:6
BRDA:18,0,0,3
BRDA:18,0,1,1
BRF:2
BRH:2
end_of_record
TN:
SF:C:\DFolder\Projects\EVOX\E2eTesting\EVOX Code-Git\evox-app-e2e\client\src\components\Dashboard\Holiday\index.js
FNF:0
FNH:0
LF:0
LH:0
BRF:0
BRH:0
end_of_record
TN:
SF:C:\DFolder\Projects\EVOX\E2eTesting\EVOX Code-Git\evox-app-e2e\client\src\components\Dashboard\JobOpenings\JobOpenings.js
FN:41,(anonymous_0)
FN:50,(anonymous_1)
FN:53,(anonymous_2)
FN:58,(anonymous_3)
FN:73,(anonymous_4)
FN:80,(anonymous_5)
FN:82,(anonymous_6)
FN:84,(anonymous_7)
FN:86,(anonymous_8)
FNF:9
FNH:3
FNDA:3,(anonymous_0)
FNDA:3,(anonymous_1)
FNDA:0,(anonymous_2)
FNDA:3,(anonymous_3)
FNDA:0,(anonymous_4)
FNDA:0,(anonymous_5)
FNDA:0,(anonymous_6)
FNDA:0,(anonymous_7)
FNDA:0,(anonymous_8)
DA:42,3
DA:44,3
DA:46,3
DA:51,3
DA:53,3
DA:54,0
DA:55,0
DA:56,0
DA:59,3
DA:60,3
DA:61,3
DA:63,3
DA:73,1
DA:74,0
DA:80,1
DA:81,0
DA:83,0
DA:85,0
DA:87,0
LF:19
LH:11
BRDA:60,0,0,2
BRDA:60,0,1,1
BRDA:61,1,0,2
BRDA:61,1,1,1
BRF:4
BRH:4
end_of_record
TN:
SF:C:\DFolder\Projects\EVOX\E2eTesting\EVOX Code-Git\evox-app-e2e\client\src\components\Dashboard\JobOpenings\index.js
FNF:0
FNH:0
LF:0
LH:0
BRF:0
BRH:0
end_of_record
TN:
SF:C:\DFolder\Projects\EVOX\E2eTesting\EVOX Code-Git\evox-app-e2e\client\src\components\Dashboard\PunchComponents\MultiQuickpunch\MultiQuickpunch.js
FN:15,(anonymous_0)
FN:30,(anonymous_1)
FN:64,(anonymous_2)
FN:72,(anonymous_3)
FN:108,(anonymous_4)
FN:112,(anonymous_5)
FN:116,(anonymous_6)
FN:122,(anonymous_7)
FN:125,(anonymous_8)
FN:144,(anonymous_9)
FN:148,(anonymous_10)
FN:274,(anonymous_11)
FN:298,(anonymous_12)
FN:304,(anonymous_13)
FN:306,(anonymous_14)
FN:307,(anonymous_15)
FN:312,(anonymous_16)
FN:320,(anonymous_17)
FN:321,(anonymous_18)
FN:329,(anonymous_19)
FN:360,(anonymous_20)
FN:379,(anonymous_21)
FN:391,(anonymous_22)
FN:418,(anonymous_23)
FN:424,(anonymous_24)
FN:426,(anonymous_25)
FNF:26
FNH:24
FNDA:70,(anonymous_0)
FNDA:33,(anonymous_1)
FNDA:12,(anonymous_2)
FNDA:13,(anonymous_3)
FNDA:11,(anonymous_4)
FNDA:8,(anonymous_5)
FNDA:8,(anonymous_6)
FNDA:592,(anonymous_7)
FNDA:522,(anonymous_8)
FNDA:70,(anonymous_9)
FNDA:213,(anonymous_10)
FNDA:343,(anonymous_11)
FNDA:2,(anonymous_12)
FNDA:2,(anonymous_13)
FNDA:0,(anonymous_14)
FNDA:1,(anonymous_15)
FNDA:4,(anonymous_16)
FNDA:2,(anonymous_17)
FNDA:2,(anonymous_18)
FNDA:5,(anonymous_19)
FNDA:213,(anonymous_20)
FNDA:2,(anonymous_21)
FNDA:2,(anonymous_22)
FNDA:5,(anonymous_23)
FNDA:5,(anonymous_24)
FNDA:0,(anonymous_25)
DA:18,70
DA:19,70
DA:20,70
DA:30,70
DA:32,33
DA:33,33
DA:34,14
DA:36,41
DA:37,40
DA:39,40
DA:40,40
DA:45,14
DA:46,8
DA:48,5
DA:51,6
DA:55,19
DA:56,19
DA:57,19
DA:65,12
DA:66,12
DA:72,70
DA:73,13
DA:74,13
DA:75,13
DA:77,29
DA:78,29
DA:80,29
DA:81,29
DA:85,13
DA:86,5
DA:88,8
DA:89,8
DA:90,8
DA:93,8
DA:94,2
DA:96,1
DA:99,6
DA:103,8
DA:108,70
DA:109,11
DA:112,70
DA:113,8
DA:116,70
DA:117,8
DA:123,592
DA:125,592
DA:126,522
DA:135,522
DA:140,522
DA:145,70
DA:148,70
DA:151,213
DA:152,213
DA:153,213
DA:154,213
DA:155,213
DA:156,213
DA:157,213
DA:158,213
DA:159,213
DA:161,213
DA:165,173
DA:167,118
DA:169,118
DA:170,9
DA:173,118
DA:174,26
DA:178,118
DA:179,80
DA:184,173
DA:186,118
DA:187,118
DA:188,16
DA:189,16
DA:190,16
DA:191,16
DA:193,16
DA:195,6
DA:201,6
DA:202,1
DA:204,6
DA:207,118
DA:208,6
DA:209,1
DA:213,118
DA:214,16
DA:215,3
DA:218,118
DA:221,18
DA:223,4
DA:224,4
DA:225,4
DA:226,4
DA:227,4
DA:228,1
DA:231,4
DA:232,0
DA:233,0
DA:243,173
DA:244,55
DA:245,55
DA:247,6
DA:258,213
DA:265,213
DA:266,213
DA:275,343
DA:298,2
DA:304,2
DA:306,0
DA:307,1
DA:312,4
DA:320,2
DA:321,2
DA:329,5
DA:360,5
DA:369,213
DA:379,2
DA:391,2
DA:416,5
DA:418,5
DA:419,5
DA:424,5
DA:425,5
DA:426,0
LF:124
LH:120
BRDA:33,0,0,14
BRDA:33,0,1,19
BRDA:33,1,0,33
BRDA:33,1,1,23
BRDA:36,2,0,40
BRDA:36,2,1,1
BRDA:37,3,0,40
BRDA:45,4,0,8
BRDA:45,4,1,6
BRDA:46,5,0,5
BRDA:46,5,1,3
BRDA:77,6,0,29
BRDA:77,6,1,0
BRDA:78,7,0,29
BRDA:85,8,0,5
BRDA:85,8,1,8
BRDA:85,9,0,13
BRDA:85,9,1,9
BRDA:93,10,0,2
BRDA:93,10,1,6
BRDA:94,11,0,1
BRDA:94,11,1,1
BRDA:127,12,0,13
BRDA:127,12,1,509
BRDA:127,13,0,522
BRDA:127,13,1,509
BRDA:128,14,0,11
BRDA:128,14,1,2
BRDA:136,15,0,13
BRDA:136,15,1,509
BRDA:136,16,0,522
BRDA:136,16,1,509
BRDA:161,17,0,173
BRDA:161,17,1,40
BRDA:165,18,0,118
BRDA:165,18,1,55
BRDA:169,19,0,9
BRDA:169,19,1,109
BRDA:173,20,0,26
BRDA:173,20,1,92
BRDA:178,21,0,80
BRDA:178,21,1,38
BRDA:178,22,0,118
BRDA:178,22,1,42
BRDA:184,23,0,118
BRDA:184,23,1,55
BRDA:187,24,0,16
BRDA:187,24,1,102
BRDA:193,25,0,6
BRDA:193,25,1,10
BRDA:193,26,0,16
BRDA:193,26,1,6
BRDA:201,27,0,1
BRDA:201,27,1,5
BRDA:201,28,0,6
BRDA:201,28,1,2
BRDA:207,29,0,6
BRDA:207,29,1,112
BRDA:207,30,0,118
BRDA:207,30,1,83
BRDA:207,30,2,26
BRDA:208,31,0,1
BRDA:208,31,1,5
BRDA:213,32,0,16
BRDA:213,32,1,102
BRDA:214,33,0,3
BRDA:214,33,1,13
BRDA:218,34,0,18
BRDA:218,34,1,100
BRDA:218,35,0,118
BRDA:218,35,1,26
BRDA:221,36,0,4
BRDA:221,36,1,14
BRDA:224,37,0,4
BRDA:224,37,1,0
BRDA:224,38,0,4
BRDA:224,38,1,4
BRDA:227,39,0,1
BRDA:227,39,1,3
BRDA:231,40,0,0
BRDA:231,40,1,4
BRDA:231,41,0,4
BRDA:231,41,1,4
BRDA:231,41,2,4
BRDA:232,42,0,0
BRDA:232,42,1,0
BRDA:243,43,0,55
BRDA:243,43,1,118
BRDA:245,44,0,6
BRDA:245,44,1,49
BRDA:265,45,0,213
BRDA:265,45,1,81
BRDA:293,46,0,291
BRDA:293,46,1,52
BRDA:296,47,0,255
BRDA:296,47,1,36
BRDA:298,48,0,255
BRDA:298,48,1,113
BRDA:317,49,0,142
BRDA:317,49,1,149
BRDA:319,50,0,20
BRDA:319,50,1,122
BRDA:399,51,0,213
BRDA:399,51,1,9
BRF:104
BRH:99
end_of_record
TN:
SF:C:\DFolder\Projects\EVOX\E2eTesting\EVOX Code-Git\evox-app-e2e\client\src\components\Dashboard\PunchComponents\MultiQuickpunch\index.js
FNF:0
FNH:0
LF:0
LH:0
BRF:0
BRH:0
end_of_record
TN:
SF:C:\DFolder\Projects\EVOX\E2eTesting\EVOX Code-Git\evox-app-e2e\client\src\components\Dashboard\PunchComponents\RecentPunch\RecentPunch.js
FN:16,(anonymous_0)
FN:24,(anonymous_1)
FN:41,(anonymous_2)
FN:55,(anonymous_3)
FN:88,(anonymous_4)
FN:150,(anonymous_5)
FN:157,(anonymous_6)
FN:159,(anonymous_7)
FN:160,(anonymous_8)
FNF:9
FNH:4
FNDA:16,(anonymous_0)
FNDA:0,(anonymous_1)
FNDA:16,(anonymous_2)
FNDA:17,(anonymous_3)
FNDA:16,(anonymous_4)
FNDA:0,(anonymous_5)
FNDA:0,(anonymous_6)
FNDA:0,(anonymous_7)
FNDA:0,(anonymous_8)
DA:17,16
DA:18,16
DA:19,16
DA:24,16
DA:26,0
DA:28,0
DA:30,0
DA:31,0
DA:33,0
DA:34,0
DA:38,0
DA:42,16
DA:43,16
DA:44,16
DA:55,16
DA:56,17
DA:60,17
DA:61,17
DA:64,17
DA:66,13
DA:105,16
DA:139,4
DA:148,1
DA:150,1
DA:151,0
DA:157,1
DA:158,0
DA:159,0
DA:160,0
LF:29
LH:18
BRDA:30,0,0,0
BRDA:30,0,1,0
BRDA:31,1,0,0
BRDA:64,2,0,13
BRDA:64,2,1,4
BRDA:70,3,0,12
BRDA:70,3,1,1
BRDA:119,4,0,12
BRDA:119,4,1,4
BRDA:119,5,0,16
BRDA:119,5,1,12
BRDA:119,5,2,15
BRDA:119,5,3,11
BRDA:119,6,0,2
BRDA:119,6,1,2
BRDA:119,7,0,1
BRDA:119,7,1,1
BRDA:121,8,0,12
BRDA:121,8,1,4
BRDA:121,9,0,16
BRDA:121,9,1,12
BRDA:121,9,2,15
BRDA:121,9,3,11
BRDA:121,10,0,2
BRDA:121,10,1,2
BRDA:121,11,0,1
BRDA:121,11,1,1
BRF:27
BRH:24
end_of_record
TN:
SF:C:\DFolder\Projects\EVOX\E2eTesting\EVOX Code-Git\evox-app-e2e\client\src\components\Dashboard\PunchComponents\RecentPunch\index.js
FNF:0
FNH:0
LF:0
LH:0
BRF:0
BRH:0
end_of_record
TN:
SF:C:\DFolder\Projects\EVOX\E2eTesting\EVOX Code-Git\evox-app-e2e\client\src\components\Dashboard\QuickPunch\QuickPunch.js
FN:13,(anonymous_0)
FN:21,(anonymous_1)
FN:38,(anonymous_2)
FN:39,(anonymous_3)
FN:47,(anonymous_4)
FN:51,(anonymous_5)
FN:62,(anonymous_6)
FN:89,(anonymous_7)
FN:95,(anonymous_8)
FN:95,(anonymous_9)
FN:101,(anonymous_10)
FN:101,(anonymous_11)
FN:119,(anonymous_12)
FN:125,(anonymous_13)
FN:127,(anonymous_14)
FNF:15
FNH:11
FNDA:12,(anonymous_0)
FNDA:4,(anonymous_1)
FNDA:12,(anonymous_2)
FNDA:0,(anonymous_3)
FNDA:12,(anonymous_4)
FNDA:12,(anonymous_5)
FNDA:36,(anonymous_6)
FNDA:1,(anonymous_7)
FNDA:0,(anonymous_8)
FNDA:0,(anonymous_9)
FNDA:2,(anonymous_10)
FNDA:1,(anonymous_11)
FNDA:1,(anonymous_12)
FNDA:1,(anonymous_13)
FNDA:0,(anonymous_14)
DA:14,12
DA:15,12
DA:16,12
DA:21,12
DA:23,4
DA:25,4
DA:27,5
DA:28,5
DA:30,5
DA:31,5
DA:35,4
DA:39,12
DA:40,0
DA:43,0
DA:48,12
DA:51,12
DA:52,12
DA:56,12
DA:63,36
DA:89,1
DA:95,0
DA:101,2
DA:117,4
DA:119,4
DA:120,1
DA:125,4
DA:126,1
DA:127,0
LF:28
LH:24
BRDA:27,0,0,5
BRDA:27,0,1,0
BRDA:28,1,0,5
BRDA:80,2,0,9
BRDA:80,2,1,27
BRDA:81,3,0,7
BRDA:81,3,1,2
BRDA:82,4,0,2
BRDA:82,4,1,5
BRDA:95,5,0,2
BRDA:95,5,1,0
BRDA:101,6,0,0
BRDA:101,6,1,27
BRF:13
BRH:10
end_of_record
TN:
SF:C:\DFolder\Projects\EVOX\E2eTesting\EVOX Code-Git\evox-app-e2e\client\src\components\Dashboard\QuickPunch\index.js
FNF:0
FNH:0
LF:0
LH:0
BRF:0
BRH:0
end_of_record
TN:
SF:C:\DFolder\Projects\EVOX\E2eTesting\EVOX Code-Git\evox-app-e2e\client\src\components\Dashboard\RecentDtr\RecentDtr.js
FN:16,(anonymous_0)
FN:24,(anonymous_1)
FN:41,(anonymous_2)
FN:46,(anonymous_3)
FN:55,(anonymous_4)
FN:60,(anonymous_5)
FN:72,(anonymous_6)
FN:109,(anonymous_7)
FN:143,(anonymous_8)
FN:145,(anonymous_9)
FN:173,(anonymous_10)
FN:179,(anonymous_11)
FN:181,(anonymous_12)
FN:182,(anonymous_13)
FNF:14
FNH:10
FNDA:17,(anonymous_0)
FNDA:1,(anonymous_1)
FNDA:17,(anonymous_2)
FNDA:0,(anonymous_3)
FNDA:17,(anonymous_4)
FNDA:3,(anonymous_5)
FNDA:17,(anonymous_6)
FNDA:10,(anonymous_7)
FNDA:0,(anonymous_8)
FNDA:0,(anonymous_9)
FNDA:2,(anonymous_10)
FNDA:1,(anonymous_11)
FNDA:1,(anonymous_12)
FNDA:0,(anonymous_13)
DA:17,17
DA:18,17
DA:19,17
DA:24,17
DA:26,1
DA:28,1
DA:30,1
DA:31,1
DA:33,1
DA:34,1
DA:38,1
DA:42,17
DA:43,17
DA:44,17
DA:46,17
DA:47,0
DA:56,17
DA:61,3
DA:62,3
DA:63,3
DA:64,1
DA:65,2
DA:66,2
DA:67,2
DA:68,2
DA:69,2
DA:72,17
DA:73,17
DA:76,17
DA:78,17
DA:81,17
DA:110,10
DA:111,10
DA:114,10
DA:115,1
DA:116,1
DA:117,9
DA:118,1
DA:122,10
DA:123,0
DA:126,10
DA:144,0
DA:145,0
DA:171,5
DA:173,5
DA:174,2
DA:179,5
DA:180,1
DA:181,1
DA:182,0
LF:50
LH:45
BRDA:30,0,0,1
BRDA:30,0,1,0
BRDA:31,1,0,1
BRDA:63,2,0,1
BRDA:63,2,1,2
BRDA:63,3,0,3
BRDA:63,3,1,1
BRDA:78,4,0,5
BRDA:78,4,1,12
BRDA:79,5,0,0
BRDA:79,5,1,5
BRDA:80,6,0,1
BRDA:80,6,1,4
BRDA:85,7,0,5
BRDA:85,7,1,12
BRDA:88,8,0,1
BRDA:88,8,1,4
BRDA:114,9,0,1
BRDA:114,9,1,9
BRDA:117,10,0,1
BRDA:117,10,1,8
BRDA:122,11,0,0
BRDA:122,11,1,10
BRDA:132,12,0,8
BRDA:132,12,1,2
BRDA:135,13,0,0
BRDA:135,13,1,2
BRDA:135,14,0,2
BRDA:135,14,1,1
BRF:29
BRH:25
end_of_record
TN:
SF:C:\DFolder\Projects\EVOX\E2eTesting\EVOX Code-Git\evox-app-e2e\client\src\components\Dashboard\RecentDtr\index.js
FNF:0
FNH:0
LF:0
LH:0
BRF:0
BRH:0
end_of_record
TN:
SF:C:\DFolder\Projects\EVOX\E2eTesting\EVOX Code-Git\evox-app-e2e\client\src\components\Dashboard\RecentDtrNav\RecentDtrNav.js
FN:17,(anonymous_0)
FN:26,(anonymous_1)
FN:43,(anonymous_2)
FN:53,(anonymous_3)
FN:62,(anonymous_4)
FN:67,(anonymous_5)
FN:79,(anonymous_6)
FN:128,(anonymous_7)
FN:174,(anonymous_8)
FN:176,(anonymous_9)
FN:210,(anonymous_10)
FN:216,(anonymous_11)
FN:218,(anonymous_12)
FN:219,(anonymous_13)
FN:220,(anonymous_14)
FNF:15
FNH:10
FNDA:35,(anonymous_0)
FNDA:5,(anonymous_1)
FNDA:35,(anonymous_2)
FNDA:20,(anonymous_3)
FNDA:35,(anonymous_4)
FNDA:18,(anonymous_5)
FNDA:41,(anonymous_6)
FNDA:49,(anonymous_7)
FNDA:43,(anonymous_8)
FNDA:5,(anonymous_9)
FNDA:0,(anonymous_10)
FNDA:0,(anonymous_11)
FNDA:0,(anonymous_12)
FNDA:0,(anonymous_13)
FNDA:0,(anonymous_14)
DA:18,35
DA:19,35
DA:20,35
DA:26,35
DA:28,5
DA:30,5
DA:32,10
DA:33,10
DA:35,10
DA:36,10
DA:40,5
DA:43,35
DA:53,35
DA:54,20
DA:63,35
DA:70,18
DA:71,0
DA:72,18
DA:73,18
DA:74,18
DA:76,18
DA:79,35
DA:80,41
DA:81,41
DA:88,41
DA:91,41
DA:93,41
DA:97,41
DA:101,41
DA:129,49
DA:130,49
DA:136,49
DA:137,2
DA:138,2
DA:139,47
DA:140,4
DA:144,49
DA:145,1
DA:148,48
DA:175,43
DA:176,5
DA:208,2
DA:210,2
DA:211,0
DA:216,2
DA:217,0
DA:218,0
DA:219,0
DA:220,0
LF:49
LH:43
BRDA:32,0,0,10
BRDA:32,0,1,0
BRDA:33,1,0,10
BRDA:70,2,0,0
BRDA:70,2,1,18
BRDA:70,3,0,18
BRDA:70,3,1,0
BRDA:93,4,0,33
BRDA:93,4,1,8
BRDA:94,5,0,1
BRDA:94,5,1,32
BRDA:95,6,0,1
BRDA:95,6,1,31
BRDA:97,7,0,33
BRDA:97,7,1,8
BRDA:98,8,0,2
BRDA:98,8,1,31
BRDA:105,9,0,33
BRDA:105,9,1,8
BRDA:108,10,0,2
BRDA:108,10,1,31
BRDA:118,11,0,2
BRDA:118,11,1,31
BRDA:128,12,0,33
BRDA:128,12,1,0
BRDA:136,13,0,2
BRDA:136,13,1,47
BRDA:139,14,0,4
BRDA:139,14,1,43
BRDA:144,15,0,1
BRDA:144,15,1,48
BRDA:162,16,0,1
BRDA:162,16,1,47
BRDA:166,17,0,14
BRDA:166,17,1,33
BRDA:166,18,0,47
BRDA:166,18,1,18
BRF:37
BRH:33
end_of_record
TN:
SF:C:\DFolder\Projects\EVOX\E2eTesting\EVOX Code-Git\evox-app-e2e\client\src\components\Dashboard\RecentDtrNav\index.js
FNF:0
FNH:0
LF:0
LH:0
BRF:0
BRH:0
end_of_record
TN:
SF:C:\DFolder\Projects\EVOX\E2eTesting\EVOX Code-Git\evox-app-e2e\client\src\components\Dashboard\TeamAttendance\TeamAttendance.js
FN:15,(anonymous_0)
FN:19,(anonymous_1)
FN:23,(anonymous_2)
FN:27,(anonymous_3)
FN:31,(anonymous_4)
FN:47,(anonymous_5)
FN:58,(anonymous_6)
FN:62,(anonymous_7)
FN:71,(anonymous_8)
FN:72,(anonymous_9)
FN:83,(anonymous_10)
FN:85,(anonymous_11)
FN:103,(anonymous_12)
FN:109,(anonymous_13)
FN:111,(anonymous_14)
FNF:15
FNH:4
FNDA:3,(anonymous_0)
FNDA:0,(anonymous_1)
FNDA:3,(anonymous_2)
FNDA:3,(anonymous_3)
FNDA:3,(anonymous_4)
FNDA:0,(anonymous_5)
FNDA:0,(anonymous_6)
FNDA:0,(anonymous_7)
FNDA:0,(anonymous_8)
FNDA:0,(anonymous_9)
FNDA:0,(anonymous_10)
FNDA:0,(anonymous_11)
FNDA:0,(anonymous_12)
FNDA:0,(anonymous_13)
FNDA:0,(anonymous_14)
DA:16,3
DA:19,3
DA:24,3
DA:31,3
DA:32,3
DA:33,3
DA:47,1
DA:48,0
DA:59,0
DA:63,0
DA:71,0
DA:72,0
DA:84,0
DA:85,0
DA:101,1
DA:103,1
DA:104,0
DA:109,1
DA:110,0
DA:111,0
LF:20
LH:10
BRDA:35,0,0,0
BRDA:35,0,1,3
BRDA:70,1,0,0
BRDA:70,1,1,0
BRDA:73,2,0,0
BRDA:73,2,1,0
BRDA:82,3,0,0
BRDA:82,3,1,0
BRF:8
BRH:1
end_of_record
TN:
SF:C:\DFolder\Projects\EVOX\E2eTesting\EVOX Code-Git\evox-app-e2e\client\src\components\Dashboard\TeamAttendance\index.js
FNF:0
FNH:0
LF:0
LH:0
BRF:0
BRH:0
end_of_record
TN:
SF:C:\DFolder\Projects\EVOX\E2eTesting\EVOX Code-Git\evox-app-e2e\client\src\components\DatePickerComponent\DatePicker.js
FN:10,(anonymous_0)
FN:14,(anonymous_1)
FN:25,(anonymous_2)
FN:39,(anonymous_3)
FN:52,(anonymous_4)
FN:66,(anonymous_5)
FN:79,(anonymous_6)
FN:90,(anonymous_7)
FN:101,(anonymous_8)
FN:118,(anonymous_9)
FN:131,(anonymous_10)
FN:146,(anonymous_11)
FN:157,(anonymous_12)
FN:173,(anonymous_13)
FN:175,(anonymous_14)
FN:186,(anonymous_15)
FN:198,(anonymous_16)
FN:201,(anonymous_17)
FN:211,(anonymous_18)
FN:214,(anonymous_19)
FN:228,(anonymous_20)
FN:239,(anonymous_21)
FN:253,(anonymous_22)
FN:264,(anonymous_23)
FN:267,(anonymous_24)
FN:281,(anonymous_25)
FN:296,(anonymous_26)
FN:314,(anonymous_27)
FN:329,(anonymous_28)
FN:343,(anonymous_29)
FN:357,(anonymous_30)
FN:378,(anonymous_31)
FN:396,(anonymous_32)
FNF:33
FNH:33
FNDA:14,(anonymous_0)
FNDA:3,(anonymous_1)
FNDA:2,(anonymous_2)
FNDA:4,(anonymous_3)
FNDA:1,(anonymous_4)
FNDA:4,(anonymous_5)
FNDA:1,(anonymous_6)
FNDA:7,(anonymous_7)
FNDA:2,(anonymous_8)
FNDA:2,(anonymous_9)
FNDA:1,(anonymous_10)
FNDA:2,(anonymous_11)
FNDA:1,(anonymous_12)
FNDA:337,(anonymous_13)
FNDA:338,(anonymous_14)
FNDA:9,(anonymous_15)
FNDA:12,(anonymous_16)
FNDA:2,(anonymous_17)
FNDA:3,(anonymous_18)
FNDA:3,(anonymous_19)
FNDA:2,(anonymous_20)
FNDA:3,(anonymous_21)
FNDA:1,(anonymous_22)
FNDA:3,(anonymous_23)
FNDA:2,(anonymous_24)
FNDA:1,(anonymous_25)
FNDA:2,(anonymous_26)
FNDA:1,(anonymous_27)
FNDA:2,(anonymous_28)
FNDA:1,(anonymous_29)
FNDA:2,(anonymous_30)
FNDA:2,(anonymous_31)
FNDA:3,(anonymous_32)
DA:10,9
DA:12,14
DA:13,1
DA:15,3
DA:25,2
DA:35,13
DA:36,3
DA:38,3
DA:40,4
DA:52,1
DA:62,10
DA:63,3
DA:65,3
DA:67,4
DA:79,1
DA:88,7
DA:89,5
DA:91,7
DA:101,2
DA:102,2
DA:113,2
DA:114,1
DA:116,1
DA:119,2
DA:132,1
DA:133,1
DA:145,1
DA:147,2
DA:157,1
DA:173,9
DA:174,337
DA:176,338
DA:186,9
DA:198,9
DA:199,12
DA:202,2
DA:203,1
DA:211,9
DA:212,3
DA:213,1
DA:215,3
DA:228,2
DA:229,2
DA:238,2
DA:240,3
DA:253,1
DA:264,9
DA:265,3
DA:266,1
DA:268,2
DA:281,1
DA:282,1
DA:291,2
DA:292,1
DA:294,1
DA:297,2
DA:315,1
DA:316,1
DA:328,1
DA:330,2
DA:343,1
DA:357,9
DA:358,2
DA:359,1
DA:360,1
DA:361,1
DA:363,1
DA:364,1
DA:366,1
DA:367,1
DA:369,1
DA:370,1
DA:371,1
DA:373,1
DA:378,9
DA:379,2
DA:380,1
DA:381,1
DA:385,1
DA:389,1
DA:391,1
DA:396,9
DA:397,3
DA:398,2
DA:399,2
DA:401,2
DA:405,2
DA:407,1
LF:88
LH:88
BRDA:12,0,0,1
BRDA:12,0,1,13
BRDA:35,1,0,3
BRDA:35,1,1,10
BRDA:51,2,0,3
BRDA:51,2,1,1
BRDA:62,3,0,3
BRDA:62,3,1,7
BRDA:78,4,0,1
BRDA:78,4,1,3
BRDA:88,5,0,5
BRDA:88,5,1,2
BRDA:113,6,0,1
BRDA:113,6,1,1
BRDA:185,7,0,2
BRDA:185,7,1,336
BRDA:202,8,0,1
BRDA:202,8,1,1
BRDA:212,9,0,1
BRDA:212,9,1,2
BRDA:220,10,0,0
BRDA:220,10,1,3
BRDA:221,11,0,0
BRDA:221,11,1,3
BRDA:222,12,0,0
BRDA:222,12,1,3
BRDA:223,13,0,0
BRDA:223,13,1,3
BRDA:224,14,0,0
BRDA:224,14,1,3
BRDA:227,15,0,0
BRDA:227,15,1,3
BRDA:245,16,0,0
BRDA:245,16,1,3
BRDA:246,17,0,0
BRDA:246,17,1,3
BRDA:247,18,0,0
BRDA:247,18,1,3
BRDA:248,19,0,0
BRDA:248,19,1,3
BRDA:249,20,0,0
BRDA:249,20,1,3
BRDA:252,21,0,0
BRDA:252,21,1,3
BRDA:265,22,0,1
BRDA:265,22,1,2
BRDA:273,23,0,0
BRDA:273,23,1,2
BRDA:274,24,0,0
BRDA:274,24,1,2
BRDA:275,25,0,0
BRDA:275,25,1,2
BRDA:276,26,0,0
BRDA:276,26,1,2
BRDA:277,27,0,0
BRDA:277,27,1,2
BRDA:280,28,0,0
BRDA:280,28,1,2
BRDA:291,29,0,1
BRDA:291,29,1,1
BRDA:303,30,0,0
BRDA:303,30,1,2
BRDA:304,31,0,0
BRDA:304,31,1,2
BRDA:305,32,0,0
BRDA:305,32,1,2
BRDA:306,33,0,0
BRDA:306,33,1,2
BRDA:307,34,0,0
BRDA:307,34,1,2
BRDA:313,35,0,0
BRDA:313,35,1,2
BRDA:335,36,0,0
BRDA:335,36,1,2
BRDA:336,37,0,0
BRDA:336,37,1,2
BRDA:337,38,0,0
BRDA:337,38,1,2
BRDA:338,39,0,0
BRDA:338,39,1,2
BRDA:339,40,0,0
BRDA:339,40,1,2
BRDA:342,41,0,0
BRDA:342,41,1,2
BRDA:358,42,0,1
BRDA:358,42,1,1
BRDA:379,43,0,1
BRDA:379,43,1,1
BRDA:397,44,0,2
BRDA:397,44,1,1
BRF:90
BRH:60
end_of_record
TN:
SF:C:\DFolder\Projects\EVOX\E2eTesting\EVOX Code-Git\evox-app-e2e\client\src\components\DateReport\PayrollReportApi.js
FN:4,(anonymous_0)
FN:7,(anonymous_1)
FN:13,(anonymous_2)
FN:19,(anonymous_3)
FN:26,(anonymous_4)
FN:29,(anonymous_5)
FN:35,(anonymous_6)
FN:41,(anonymous_7)
FNF:8
FNH:2
FNDA:5,(anonymous_0)
FNDA:0,(anonymous_1)
FNDA:0,(anonymous_2)
FNDA:0,(anonymous_3)
FNDA:2,(anonymous_4)
FNDA:0,(anonymous_5)
FNDA:0,(anonymous_6)
FNDA:0,(anonymous_7)
DA:4,1
DA:7,5
DA:9,0
DA:14,0
DA:20,0
DA:26,1
DA:29,2
DA:31,0
DA:36,0
DA:42,0
LF:10
LH:4
BRF:0
BRH:0
end_of_record
TN:
SF:C:\DFolder\Projects\EVOX\E2eTesting\EVOX Code-Git\evox-app-e2e\client\src\components\DateReport\ViewReport.js
FN:16,(anonymous_0)
FN:37,(anonymous_1)
FN:43,(anonymous_2)
FN:50,(anonymous_3)
FN:58,(anonymous_4)
FN:62,(anonymous_5)
FN:78,(anonymous_6)
FN:94,(anonymous_7)
FN:99,(anonymous_8)
FN:113,(anonymous_9)
FN:130,(anonymous_10)
FN:155,(anonymous_11)
FN:193,(anonymous_12)
FN:204,(anonymous_13)
FN:292,(anonymous_14)
FN:320,(anonymous_15)
FN:404,(anonymous_16)
FNF:17
FNH:16
FNDA:119,(anonymous_0)
FNDA:31,(anonymous_1)
FNDA:62,(anonymous_2)
FNDA:31,(anonymous_3)
FNDA:14,(anonymous_4)
FNDA:14,(anonymous_5)
FNDA:8,(anonymous_6)
FNDA:1,(anonymous_7)
FNDA:5,(anonymous_8)
FNDA:2,(anonymous_9)
FNDA:2,(anonymous_10)
FNDA:16,(anonymous_11)
FNDA:13,(anonymous_12)
FNDA:264,(anonymous_13)
FNDA:6,(anonymous_14)
FNDA:1,(anonymous_15)
FNDA:0,(anonymous_16)
DA:16,3
DA:17,119
DA:18,119
DA:19,119
DA:20,119
DA:21,119
DA:22,119
DA:23,119
DA:24,119
DA:25,119
DA:26,119
DA:27,119
DA:28,119
DA:29,119
DA:30,119
DA:31,119
DA:32,119
DA:33,119
DA:34,119
DA:36,119
DA:37,119
DA:38,31
DA:39,31
DA:40,31
DA:41,93
DA:43,62
DA:44,31
DA:45,31
DA:50,119
DA:51,31
DA:55,31
DA:58,119
DA:59,14
DA:62,119
DA:63,14
DA:64,14
DA:65,14
DA:66,2
DA:67,2
DA:68,12
DA:69,1
DA:70,11
DA:71,2
DA:73,9
DA:79,8
DA:81,8
DA:82,7
DA:84,7
DA:86,7
DA:95,1
DA:99,119
DA:100,5
DA:101,5
DA:102,1
DA:103,1
DA:104,4
DA:105,0
DA:106,4
DA:107,0
DA:109,4
DA:115,2
DA:116,2
DA:117,2
DA:118,2
DA:119,2
DA:120,2
DA:131,2
DA:138,119
DA:156,16
DA:157,16
DA:158,1
DA:160,15
DA:161,15
DA:194,13
DA:195,13
DA:196,0
DA:198,13
DA:205,264
DA:293,6
DA:321,1
DA:404,3
DA:405,0
LF:82
LH:78
BRDA:64,0,0,0
BRDA:64,0,1,14
BRDA:65,1,0,2
BRDA:65,1,1,12
BRDA:65,2,0,14
BRDA:65,2,1,3
BRDA:68,3,0,1
BRDA:68,3,1,11
BRDA:70,4,0,2
BRDA:70,4,1,9
BRDA:81,5,0,7
BRDA:81,5,1,1
BRDA:101,6,0,1
BRDA:101,6,1,4
BRDA:101,7,0,5
BRDA:101,7,1,1
BRDA:104,8,0,0
BRDA:104,8,1,4
BRDA:106,9,0,0
BRDA:106,9,1,4
BRDA:157,10,0,1
BRDA:157,10,1,15
BRDA:179,11,0,119
BRDA:179,11,1,7
BRDA:195,12,0,0
BRDA:195,12,1,13
BRDA:203,13,0,119
BRDA:203,13,1,88
BRDA:210,14,0,119
BRDA:210,14,1,4
BRDA:308,15,0,1
BRDA:308,15,1,118
BRF:32
BRH:28
end_of_record
TN:
SF:C:\DFolder\Projects\EVOX\E2eTesting\EVOX Code-Git\evox-app-e2e\client\src\components\DateReport\ViewReportMorocco.js
FN:17,(anonymous_0)
FN:40,(anonymous_1)
FN:46,(anonymous_2)
FN:54,(anonymous_3)
FN:62,(anonymous_4)
FN:66,(anonymous_5)
FN:82,(anonymous_6)
FN:88,(anonymous_7)
FN:93,(anonymous_8)
FN:106,(anonymous_9)
FN:123,(anonymous_10)
FN:148,(anonymous_11)
FN:160,(anonymous_12)
FN:180,(anonymous_13)
FN:191,(anonymous_14)
FN:211,(anonymous_15)
FN:217,(anonymous_16)
FN:314,(anonymous_17)
FN:360,(anonymous_18)
FN:438,(anonymous_19)
FNF:20
FNH:18
FNDA:114,(anonymous_0)
FNDA:32,(anonymous_1)
FNDA:64,(anonymous_2)
FNDA:26,(anonymous_3)
FNDA:11,(anonymous_4)
FNDA:11,(anonymous_5)
FNDA:6,(anonymous_6)
FNDA:2,(anonymous_7)
FNDA:6,(anonymous_8)
FNDA:3,(anonymous_9)
FNDA:1,(anonymous_10)
FNDA:13,(anonymous_11)
FNDA:262,(anonymous_12)
FNDA:12,(anonymous_13)
FNDA:172,(anonymous_14)
FNDA:4,(anonymous_15)
FNDA:172,(anonymous_16)
FNDA:10,(anonymous_17)
FNDA:0,(anonymous_18)
FNDA:0,(anonymous_19)
DA:17,3
DA:18,114
DA:19,114
DA:20,114
DA:21,114
DA:22,114
DA:23,114
DA:24,114
DA:25,114
DA:26,114
DA:27,114
DA:28,114
DA:29,114
DA:30,114
DA:31,114
DA:32,114
DA:33,114
DA:34,114
DA:35,114
DA:36,114
DA:37,114
DA:39,114
DA:40,114
DA:41,32
DA:42,32
DA:43,32
DA:44,96
DA:46,64
DA:47,32
DA:48,32
DA:49,32
DA:54,114
DA:55,26
DA:59,26
DA:62,114
DA:63,11
DA:66,114
DA:67,11
DA:68,11
DA:69,11
DA:70,2
DA:71,2
DA:72,9
DA:73,1
DA:74,8
DA:75,1
DA:77,7
DA:84,6
DA:85,5
DA:89,2
DA:93,114
DA:94,6
DA:95,2
DA:96,2
DA:97,4
DA:98,0
DA:99,4
DA:100,0
DA:102,4
DA:108,3
DA:109,3
DA:110,3
DA:111,3
DA:112,3
DA:113,3
DA:124,1
DA:131,114
DA:149,13
DA:150,13
DA:151,1
DA:153,12
DA:154,12
DA:161,262
DA:181,12
DA:182,12
DA:183,1
DA:185,11
DA:192,172
DA:212,4
DA:218,172
DA:315,10
DA:361,0
DA:438,3
DA:439,0
LF:84
LH:80
BRDA:68,0,0,0
BRDA:68,0,1,11
BRDA:69,1,0,2
BRDA:69,1,1,9
BRDA:69,2,0,11
BRDA:69,2,1,3
BRDA:72,3,0,1
BRDA:72,3,1,8
BRDA:74,4,0,1
BRDA:74,4,1,7
BRDA:84,5,0,5
BRDA:84,5,1,1
BRDA:94,6,0,2
BRDA:94,6,1,4
BRDA:94,7,0,6
BRDA:94,7,1,2
BRDA:97,8,0,0
BRDA:97,8,1,4
BRDA:99,9,0,0
BRDA:99,9,1,4
BRDA:150,10,0,1
BRDA:150,10,1,12
BRDA:159,11,0,114
BRDA:159,11,1,94
BRDA:166,12,0,112
BRDA:166,12,1,6
BRDA:182,13,0,1
BRDA:182,13,1,11
BRDA:190,14,0,112
BRDA:190,14,1,94
BRDA:197,15,0,112
BRDA:197,15,1,8
BRDA:216,16,0,112
BRDA:216,16,1,94
BRDA:348,17,0,0
BRDA:348,17,1,110
BRF:36
BRH:32
end_of_record
TN:
SF:C:\DFolder\Projects\EVOX\E2eTesting\EVOX Code-Git\evox-app-e2e\client\src\components\FreshService\FreshServiceForm.js
FN:16,(anonymous_0)
FN:37,(anonymous_1)
FN:41,(anonymous_2)
FN:48,(anonymous_3)
FN:59,(anonymous_4)
FN:62,(anonymous_5)
FN:66,(anonymous_6)
FN:71,(anonymous_7)
FN:82,(anonymous_8)
FN:112,(anonymous_9)
FN:139,(anonymous_10)
FN:178,(anonymous_11)
FN:184,(anonymous_12)
FN:189,(anonymous_13)
FN:202,(anonymous_14)
FN:215,(anonymous_15)
FN:218,(anonymous_16)
FN:221,(anonymous_17)
FN:226,(anonymous_18)
FN:231,(anonymous_19)
FN:232,(anonymous_20)
FN:247,(anonymous_21)
FN:255,(anonymous_22)
FN:280,(anonymous_23)
FN:301,(anonymous_24)
FN:303,(anonymous_25)
FN:306,(anonymous_26)
FN:313,(anonymous_27)
FN:322,(anonymous_28)
FN:346,(anonymous_29)
FN:354,(anonymous_30)
FN:368,(anonymous_31)
FN:376,(anonymous_32)
FN:390,(anonymous_33)
FN:397,(anonymous_34)
FN:418,(anonymous_35)
FN:429,(anonymous_36)
FN:435,(anonymous_37)
FN:436,(anonymous_38)
FN:448,(anonymous_39)
FN:454,(anonymous_40)
FN:458,(anonymous_41)
FN:484,(anonymous_42)
FN:485,(anonymous_43)
FN:527,(anonymous_44)
FN:540,(anonymous_45)
FN:544,(anonymous_46)
FN:547,(anonymous_47)
FN:560,(anonymous_48)
FN:566,(anonymous_49)
FN:567,(anonymous_50)
FN:570,(anonymous_51)
FN:583,(anonymous_52)
FN:606,(anonymous_53)
FN:611,(anonymous_54)
FN:649,(anonymous_55)
FNF:56
FNH:49
FNDA:0,(anonymous_0)
FNDA:0,(anonymous_1)
FNDA:0,(anonymous_2)
FNDA:0,(anonymous_3)
FNDA:0,(anonymous_4)
FNDA:0,(anonymous_5)
FNDA:26,(anonymous_6)
FNDA:227,(anonymous_7)
FNDA:40,(anonymous_8)
FNDA:0,(anonymous_9)
FNDA:586,(anonymous_10)
FNDA:187,(anonymous_11)
FNDA:187,(anonymous_12)
FNDA:96,(anonymous_13)
FNDA:19,(anonymous_14)
FNDA:14,(anonymous_15)
FNDA:2,(anonymous_16)
FNDA:16,(anonymous_17)
FNDA:22,(anonymous_18)
FNDA:338,(anonymous_19)
FNDA:338,(anonymous_20)
FNDA:6,(anonymous_21)
FNDA:40,(anonymous_22)
FNDA:22,(anonymous_23)
FNDA:17,(anonymous_24)
FNDA:2,(anonymous_25)
FNDA:24,(anonymous_26)
FNDA:659,(anonymous_27)
FNDA:94,(anonymous_28)
FNDA:44,(anonymous_29)
FNDA:1353,(anonymous_30)
FNDA:13,(anonymous_31)
FNDA:659,(anonymous_32)
FNDA:4,(anonymous_33)
FNDA:94,(anonymous_34)
FNDA:38,(anonymous_35)
FNDA:22,(anonymous_36)
FNDA:2,(anonymous_37)
FNDA:2,(anonymous_38)
FNDA:24,(anonymous_39)
FNDA:40,(anonymous_40)
FNDA:8,(anonymous_41)
FNDA:26,(anonymous_42)
FNDA:67,(anonymous_43)
FNDA:7,(anonymous_44)
FNDA:5,(anonymous_45)
FNDA:2,(anonymous_46)
FNDA:7,(anonymous_47)
FNDA:24,(anonymous_48)
FNDA:3,(anonymous_49)
FNDA:4,(anonymous_50)
FNDA:4,(anonymous_51)
FNDA:4,(anonymous_52)
FNDA:76,(anonymous_53)
FNDA:76,(anonymous_54)
FNDA:39,(anonymous_55)
DA:13,6
DA:16,6
DA:17,0
DA:18,0
DA:19,0
DA:21,0
DA:22,0
DA:24,0
DA:26,0
DA:28,0
DA:38,0
DA:39,0
DA:42,0
DA:43,0
DA:48,6
DA:49,0
DA:50,0
DA:51,0
DA:55,0
DA:59,6
DA:60,0
DA:61,0
DA:62,0
DA:66,6
DA:67,26
DA:68,26
DA:71,6
DA:72,227
DA:73,125
DA:75,26
DA:76,26
DA:78,26
DA:82,6
DA:83,40
DA:85,40
DA:86,40
DA:88,40
DA:89,6
DA:90,34
DA:91,2
DA:94,40
DA:95,2
DA:96,38
DA:97,2
DA:98,36
DA:102,40
DA:103,0
DA:106,40
DA:107,9
DA:110,40
DA:111,0
DA:112,0
DA:113,0
DA:116,0
DA:117,0
DA:118,0
DA:119,0
DA:123,40
DA:124,0
DA:125,0
DA:126,0
DA:127,0
DA:128,0
DA:132,40
DA:139,6
DA:140,586
DA:141,586
DA:142,586
DA:150,586
DA:151,586
DA:152,586
DA:153,586
DA:155,586
DA:174,586
DA:175,586
DA:176,586
DA:178,586
DA:179,187
DA:184,187
DA:185,187
DA:189,586
DA:190,96
DA:191,0
DA:192,0
DA:195,96
DA:197,96
DA:198,74
DA:199,74
DA:202,22
DA:203,19
DA:204,19
DA:206,19
DA:208,16
DA:216,14
DA:219,2
DA:222,16
DA:226,22
DA:229,586
DA:231,586
DA:232,338
DA:233,338
DA:235,338
DA:236,44
DA:237,44
DA:239,338
DA:240,13
DA:243,338
DA:246,338
DA:247,6
DA:248,6
DA:249,6
DA:250,6
DA:255,586
DA:256,40
DA:258,40
DA:259,40
DA:261,40
DA:262,26
DA:264,26
DA:275,26
DA:281,22
DA:282,22
DA:283,22
DA:301,22
DA:304,2
DA:307,24
DA:312,586
DA:314,659
DA:321,586
DA:323,94
DA:330,586
DA:347,44
DA:348,44
DA:349,44
DA:350,44
DA:355,1353
DA:369,13
DA:370,13
DA:371,13
DA:372,13
DA:377,659
DA:391,4
DA:392,4
DA:393,4
DA:398,94
DA:418,38
DA:430,22
DA:436,2
DA:437,2
DA:449,24
DA:450,24
DA:455,40
DA:459,8
DA:460,8
DA:461,6
DA:462,6
DA:463,6
DA:464,6
DA:484,26
DA:486,67
DA:487,64
DA:488,64
DA:528,7
DA:529,7
DA:530,7
DA:532,7
DA:533,7
DA:535,7
DA:541,5
DA:542,5
DA:545,2
DA:548,7
DA:549,7
DA:550,7
DA:561,24
DA:567,4
DA:568,3
DA:569,3
DA:570,4
DA:571,3
DA:583,4
DA:606,6
DA:607,76
DA:608,76
DA:611,76
DA:612,76
DA:615,76
DA:649,6
DA:650,39
LF:189
LH:155
BRDA:17,0,0,0
BRDA:17,0,1,0
BRDA:21,1,0,0
BRDA:21,1,1,0
BRDA:34,2,0,0
BRDA:34,2,1,0
BRDA:35,3,0,0
BRDA:35,3,1,0
BRDA:38,4,0,0
BRDA:38,4,1,0
BRDA:49,5,0,0
BRDA:49,5,1,0
BRDA:55,6,0,0
BRDA:55,6,1,0
BRDA:60,7,0,0
BRDA:60,7,1,0
BRDA:67,8,0,0
BRDA:67,8,1,26
BRDA:72,9,0,102
BRDA:72,9,1,125
BRDA:73,10,0,99
BRDA:73,10,1,26
BRDA:76,11,0,7
BRDA:76,11,1,19
BRDA:76,12,0,26
BRDA:76,12,1,7
BRDA:88,13,0,6
BRDA:88,13,1,34
BRDA:88,14,0,40
BRDA:88,14,1,36
BRDA:90,15,0,2
BRDA:90,15,1,32
BRDA:94,16,0,2
BRDA:94,16,1,38
BRDA:94,17,0,40
BRDA:94,17,1,38
BRDA:96,18,0,2
BRDA:96,18,1,36
BRDA:98,19,0,1
BRDA:98,19,1,35
BRDA:102,20,0,0
BRDA:102,20,1,40
BRDA:102,21,0,40
BRDA:102,21,1,40
BRDA:106,22,0,9
BRDA:106,22,1,31
BRDA:110,23,0,0
BRDA:110,23,1,40
BRDA:110,24,0,40
BRDA:110,24,1,31
BRDA:116,25,0,0
BRDA:116,25,1,0
BRDA:116,26,0,0
BRDA:116,26,1,0
BRDA:118,27,0,0
BRDA:118,27,1,0
BRDA:118,28,0,0
BRDA:118,28,1,0
BRDA:123,29,0,0
BRDA:123,29,1,40
BRDA:123,30,0,40
BRDA:123,30,1,31
BRDA:123,30,2,4
BRDA:124,31,0,0
BRDA:124,31,1,0
BRDA:125,32,0,0
BRDA:125,32,1,0
BRDA:125,33,0,0
BRDA:125,33,1,0
BRDA:127,34,0,0
BRDA:127,34,1,0
BRDA:127,35,0,0
BRDA:127,35,1,0
BRDA:141,36,0,586
BRDA:141,36,1,0
BRDA:190,37,0,0
BRDA:190,37,1,96
BRDA:195,38,0,13
BRDA:195,38,1,83
BRDA:197,39,0,74
BRDA:197,39,1,22
BRDA:197,40,0,96
BRDA:197,40,1,22
BRDA:206,41,0,3
BRDA:206,41,1,16
BRDA:235,42,0,44
BRDA:235,42,1,294
BRDA:239,43,0,13
BRDA:239,43,1,325
BRDA:246,44,0,6
BRDA:246,44,1,332
BRDA:261,45,0,26
BRDA:261,45,1,14
BRDA:312,46,0,284
BRDA:312,46,1,302
BRDA:312,47,0,586
BRDA:312,47,1,315
BRDA:321,48,0,50
BRDA:321,48,1,536
BRDA:321,49,0,586
BRDA:321,49,1,315
BRDA:321,49,2,56
BRDA:336,50,0,586
BRDA:336,50,1,87
BRDA:358,51,0,586
BRDA:358,51,1,17
BRDA:363,52,0,586
BRDA:363,52,1,315
BRDA:363,52,2,284
BRDA:380,53,0,284
BRDA:380,53,1,0
BRDA:385,54,0,586
BRDA:385,54,1,54
BRDA:385,54,2,48
BRDA:398,55,0,94
BRDA:398,55,1,14
BRDA:401,56,0,48
BRDA:401,56,1,0
BRDA:409,57,0,586
BRDA:409,57,1,298
BRDA:420,58,0,586
BRDA:420,58,1,8
BRDA:453,59,0,586
BRDA:453,59,1,28
BRDA:459,60,0,8
BRDA:459,60,1,1
BRDA:460,61,0,6
BRDA:460,61,1,2
BRDA:471,62,0,586
BRDA:471,62,1,0
BRDA:486,63,0,64
BRDA:486,63,1,3
BRDA:486,64,0,67
BRDA:486,64,1,3
BRDA:514,65,0,586
BRDA:514,65,1,4
BRDA:519,66,0,315
BRDA:519,66,1,271
BRDA:549,67,0,7
BRDA:549,67,1,0
BRDA:555,68,0,315
BRDA:555,68,1,0
BRDA:559,69,0,586
BRDA:559,69,1,21
BRDA:596,70,0,108
BRDA:596,70,1,478
BRDA:598,71,0,586
BRDA:598,71,1,0
BRDA:623,72,0,8
BRDA:623,72,1,68
BRDA:629,73,0,68
BRDA:629,73,1,68
BRDA:629,73,2,66
BRF:153
BRH:107
end_of_record
TN:
SF:C:\DFolder\Projects\EVOX\E2eTesting\EVOX Code-Git\evox-app-e2e\client\src\components\FreshService\FreshServiceTickets.js
FN:12,(anonymous_0)
FN:33,(anonymous_1)
FN:54,(anonymous_2)
FN:58,(anonymous_3)
FN:65,(anonymous_4)
FN:76,(anonymous_5)
FN:79,(anonymous_6)
FN:83,(anonymous_7)
FN:88,(anonymous_8)
FN:94,(anonymous_9)
FN:105,Pagination
FN:120,(anonymous_11)
FN:135,(anonymous_12)
FN:144,(anonymous_13)
FN:156,(anonymous_14)
FN:166,(anonymous_15)
FN:176,(anonymous_16)
FN:186,(anonymous_17)
FN:197,(anonymous_18)
FN:203,(anonymous_19)
FN:230,(anonymous_20)
FN:233,(anonymous_21)
FN:247,(anonymous_22)
FN:305,(anonymous_23)
FN:311,(anonymous_24)
FN:364,(anonymous_25)
FN:384,(anonymous_26)
FN:397,(anonymous_27)
FN:405,(anonymous_28)
FN:409,(anonymous_29)
FN:414,(anonymous_30)
FN:427,(anonymous_31)
FN:435,(anonymous_32)
FN:439,(anonymous_33)
FN:444,(anonymous_34)
FN:457,(anonymous_35)
FN:470,(anonymous_36)
FN:473,(anonymous_37)
FN:476,(anonymous_38)
FN:481,(anonymous_39)
FN:484,(anonymous_40)
FN:504,(anonymous_41)
FN:515,(anonymous_42)
FN:519,(anonymous_43)
FN:523,(anonymous_44)
FN:527,(anonymous_45)
FN:531,(anonymous_46)
FN:570,(anonymous_47)
FN:599,(anonymous_48)
FN:617,(anonymous_49)
FN:698,(anonymous_50)
FN:731,(anonymous_51)
FN:745,(anonymous_52)
FN:749,(anonymous_53)
FN:752,(anonymous_54)
FN:765,(anonymous_55)
FN:771,(anonymous_56)
FN:772,(anonymous_57)
FN:775,(anonymous_58)
FN:801,(anonymous_59)
FN:818,(anonymous_60)
FN:823,(anonymous_61)
FN:842,(anonymous_62)
FN:847,(anonymous_63)
FN:852,(anonymous_64)
FN:862,(anonymous_65)
FN:869,(anonymous_66)
FN:874,(anonymous_67)
FN:879,(anonymous_68)
FN:883,(anonymous_69)
FN:884,(anonymous_70)
FN:933,(anonymous_71)
FNF:72
FNH:59
FNDA:244,(anonymous_0)
FNDA:0,(anonymous_1)
FNDA:0,(anonymous_2)
FNDA:0,(anonymous_3)
FNDA:0,(anonymous_4)
FNDA:0,(anonymous_5)
FNDA:0,(anonymous_6)
FNDA:144,(anonymous_7)
FNDA:0,(anonymous_8)
FNDA:0,(anonymous_9)
FNDA:69,Pagination
FNDA:1,(anonymous_11)
FNDA:2,(anonymous_12)
FNDA:475,(anonymous_13)
FNDA:144,(anonymous_14)
FNDA:144,(anonymous_15)
FNDA:144,(anonymous_16)
FNDA:144,(anonymous_17)
FNDA:144,(anonymous_18)
FNDA:144,(anonymous_19)
FNDA:67,(anonymous_20)
FNDA:685,(anonymous_21)
FNDA:6,(anonymous_22)
FNDA:144,(anonymous_23)
FNDA:37,(anonymous_24)
FNDA:341,(anonymous_25)
FNDA:37,(anonymous_26)
FNDA:33,(anonymous_27)
FNDA:1,(anonymous_28)
FNDA:34,(anonymous_29)
FNDA:37,(anonymous_30)
FNDA:33,(anonymous_31)
FNDA:1,(anonymous_32)
FNDA:34,(anonymous_33)
FNDA:37,(anonymous_34)
FNDA:0,(anonymous_35)
FNDA:0,(anonymous_36)
FNDA:0,(anonymous_37)
FNDA:0,(anonymous_38)
FNDA:0,(anonymous_39)
FNDA:15,(anonymous_40)
FNDA:11,(anonymous_41)
FNDA:10,(anonymous_42)
FNDA:1,(anonymous_43)
FNDA:11,(anonymous_44)
FNDA:3,(anonymous_45)
FNDA:14,(anonymous_46)
FNDA:54,(anonymous_47)
FNDA:100,(anonymous_48)
FNDA:38,(anonymous_49)
FNDA:17,(anonymous_50)
FNDA:10,(anonymous_51)
FNDA:8,(anonymous_52)
FNDA:2,(anonymous_53)
FNDA:10,(anonymous_54)
FNDA:38,(anonymous_55)
FNDA:3,(anonymous_56)
FNDA:4,(anonymous_57)
FNDA:4,(anonymous_58)
FNDA:577,(anonymous_59)
FNDA:83,(anonymous_60)
FNDA:162,(anonymous_61)
FNDA:72,(anonymous_62)
FNDA:3,(anonymous_63)
FNDA:75,(anonymous_64)
FNDA:196,(anonymous_65)
FNDA:37,(anonymous_66)
FNDA:3,(anonymous_67)
FNDA:3,(anonymous_68)
FNDA:73,(anonymous_69)
FNDA:73,(anonymous_70)
FNDA:38,(anonymous_71)
DA:12,6
DA:13,244
DA:14,244
DA:15,228
DA:16,228
DA:17,211
DA:25,0
DA:30,6
DA:33,6
DA:34,0
DA:35,0
DA:36,0
DA:38,0
DA:39,0
DA:41,0
DA:43,0
DA:45,0
DA:55,0
DA:56,0
DA:59,0
DA:60,0
DA:65,6
DA:66,0
DA:67,0
DA:68,0
DA:72,0
DA:76,6
DA:77,0
DA:78,0
DA:79,0
DA:83,6
DA:84,144
DA:85,144
DA:88,6
DA:89,0
DA:90,0
DA:91,0
DA:94,6
DA:95,0
DA:96,0
DA:98,0
DA:99,0
DA:101,0
DA:106,69
DA:107,48
DA:110,21
DA:112,21
DA:120,1
DA:135,2
DA:144,6
DA:145,475
DA:146,475
DA:147,475
DA:148,475
DA:149,475
DA:150,475
DA:151,475
DA:152,475
DA:153,475
DA:154,475
DA:156,475
DA:157,144
DA:158,80
DA:159,16
DA:160,16
DA:161,16
DA:162,16
DA:166,475
DA:167,144
DA:168,17
DA:169,79
DA:170,16
DA:171,16
DA:172,16
DA:176,475
DA:177,144
DA:178,80
DA:179,16
DA:180,16
DA:181,16
DA:182,16
DA:186,475
DA:187,144
DA:188,17
DA:189,79
DA:190,16
DA:191,16
DA:192,16
DA:197,475
DA:199,144
DA:200,144
DA:203,475
DA:204,144
DA:205,40
DA:206,64
DA:207,20
DA:208,18
DA:209,2
DA:213,475
DA:214,166
DA:222,309
DA:230,67
DA:234,685
DA:247,6
DA:306,144
DA:307,144
DA:309,144
DA:311,37
DA:364,6
DA:365,341
DA:366,341
DA:367,341
DA:368,341
DA:370,341
DA:371,341
DA:372,341
DA:373,341
DA:374,341
DA:375,341
DA:376,341
DA:377,341
DA:379,341
DA:380,341
DA:381,341
DA:382,341
DA:384,341
DA:385,37
DA:387,36
DA:388,36
DA:390,34
DA:393,34
DA:398,33
DA:399,33
DA:406,1
DA:407,1
DA:414,341
DA:415,37
DA:417,36
DA:418,36
DA:420,34
DA:421,34
DA:423,34
DA:428,33
DA:429,33
DA:436,1
DA:437,1
DA:440,34
DA:444,341
DA:445,37
DA:446,0
DA:447,0
DA:450,37
DA:452,37
DA:453,37
DA:454,37
DA:457,0
DA:458,0
DA:459,0
DA:461,0
DA:463,0
DA:471,0
DA:474,0
DA:477,0
DA:481,0
DA:484,341
DA:485,15
DA:486,15
DA:488,14
DA:489,14
DA:491,14
DA:499,14
DA:505,11
DA:506,11
DA:511,11
DA:516,10
DA:517,10
DA:520,1
DA:521,1
DA:524,11
DA:528,3
DA:529,3
DA:532,14
DA:533,14
DA:534,14
DA:535,14
DA:539,341
DA:571,54
DA:600,100
DA:618,38
DA:698,17
DA:732,10
DA:733,10
DA:734,10
DA:736,10
DA:737,10
DA:738,10
DA:740,10
DA:746,8
DA:747,8
DA:750,2
DA:753,10
DA:754,10
DA:755,10
DA:766,38
DA:772,4
DA:773,3
DA:774,3
DA:775,4
DA:776,3
DA:801,6
DA:802,577
DA:803,577
DA:804,577
DA:806,577
DA:807,577
DA:808,577
DA:809,577
DA:813,577
DA:814,577
DA:815,577
DA:818,577
DA:819,83
DA:823,577
DA:824,162
DA:825,162
DA:826,162
DA:828,162
DA:835,162
DA:836,75
DA:838,75
DA:843,72
DA:844,72
DA:845,72
DA:848,3
DA:849,3
DA:850,3
DA:853,75
DA:856,87
DA:857,87
DA:858,87
DA:862,577
DA:863,196
DA:864,159
DA:869,577
DA:870,37
DA:871,37
DA:874,577
DA:875,3
DA:876,3
DA:879,577
DA:880,3
DA:883,577
DA:884,73
DA:885,73
DA:889,577
DA:933,6
DA:934,38
LF:257
LH:218
BRDA:14,0,0,16
BRDA:14,0,1,228
BRDA:16,1,0,17
BRDA:16,1,1,211
BRDA:34,2,0,0
BRDA:34,2,1,0
BRDA:38,3,0,0
BRDA:38,3,1,0
BRDA:51,4,0,0
BRDA:51,4,1,0
BRDA:52,5,0,0
BRDA:52,5,1,0
BRDA:55,6,0,0
BRDA:55,6,1,0
BRDA:66,7,0,0
BRDA:66,7,1,0
BRDA:72,8,0,0
BRDA:72,8,1,0
BRDA:77,9,0,0
BRDA:77,9,1,0
BRDA:84,10,0,0
BRDA:84,10,1,144
BRDA:89,11,0,0
BRDA:89,11,1,0
BRDA:95,12,0,0
BRDA:95,12,1,0
BRDA:96,13,0,0
BRDA:96,13,1,0
BRDA:99,14,0,0
BRDA:99,14,1,0
BRDA:99,15,0,0
BRDA:99,15,1,0
BRDA:106,16,0,48
BRDA:106,16,1,21
BRDA:106,17,0,69
BRDA:106,17,1,23
BRDA:120,18,0,1
BRDA:120,18,1,1
BRDA:135,19,0,2
BRDA:135,19,1,2
BRDA:157,20,0,80
BRDA:157,20,1,16
BRDA:157,20,2,16
BRDA:157,20,3,16
BRDA:157,20,4,16
BRDA:167,21,0,17
BRDA:167,21,1,79
BRDA:167,21,2,16
BRDA:167,21,3,16
BRDA:167,21,4,16
BRDA:177,22,0,80
BRDA:177,22,1,16
BRDA:177,22,2,16
BRDA:177,22,3,16
BRDA:177,22,4,16
BRDA:187,23,0,17
BRDA:187,23,1,79
BRDA:187,23,2,16
BRDA:187,23,3,16
BRDA:187,23,4,16
BRDA:204,24,0,40
BRDA:204,24,1,64
BRDA:204,24,2,20
BRDA:204,24,3,18
BRDA:204,24,4,2
BRDA:213,25,0,166
BRDA:213,25,1,309
BRDA:275,26,0,309
BRDA:275,26,1,69
BRDA:279,27,0,309
BRDA:279,27,1,2
BRDA:285,28,0,240
BRDA:285,28,1,69
BRDA:307,29,0,144
BRDA:307,29,1,15
BRDA:322,30,0,144
BRDA:322,30,1,16
BRDA:385,31,0,1
BRDA:385,31,1,36
BRDA:388,32,0,2
BRDA:388,32,1,34
BRDA:388,33,0,36
BRDA:388,33,1,35
BRDA:415,34,0,1
BRDA:415,34,1,36
BRDA:418,35,0,2
BRDA:418,35,1,34
BRDA:418,36,0,36
BRDA:418,36,1,35
BRDA:429,37,0,33
BRDA:429,37,1,1
BRDA:445,38,0,0
BRDA:445,38,1,37
BRDA:450,39,0,0
BRDA:450,39,1,37
BRDA:452,40,0,37
BRDA:452,40,1,0
BRDA:452,41,0,37
BRDA:452,41,1,0
BRDA:461,42,0,0
BRDA:461,42,1,0
BRDA:486,43,0,1
BRDA:486,43,1,14
BRDA:517,44,0,10
BRDA:517,44,1,1
BRDA:563,45,0,341
BRDA:563,45,1,287
BRDA:570,46,0,341
BRDA:570,46,1,54
BRDA:588,47,0,100
BRDA:588,47,1,241
BRDA:593,48,0,179
BRDA:593,48,1,62
BRDA:607,49,0,100
BRDA:607,49,1,61
BRDA:608,50,0,38
BRDA:608,50,1,62
BRDA:608,51,0,100
BRDA:608,51,1,39
BRDA:614,52,0,100
BRDA:614,52,1,62
BRDA:614,52,2,38
BRDA:617,53,0,100
BRDA:617,53,1,38
BRDA:754,54,0,10
BRDA:754,54,1,0
BRDA:764,55,0,341
BRDA:764,55,1,35
BRDA:786,56,0,341
BRDA:786,56,1,260
BRDA:788,57,0,81
BRDA:788,57,1,260
BRDA:823,58,0,159
BRDA:830,59,0,162
BRDA:830,59,1,159
BRDA:835,60,0,75
BRDA:835,60,1,87
BRDA:843,61,0,72
BRDA:843,61,1,1
BRDA:844,62,0,72
BRDA:844,62,1,51
BRDA:863,63,0,159
BRDA:863,63,1,37
BRDA:879,64,0,0
BRDA:897,65,0,12
BRDA:897,65,1,565
BRDA:902,66,0,528
BRDA:902,66,1,37
BRDA:915,67,0,37
BRDA:915,67,1,0
BRDA:915,68,0,37
BRDA:915,68,1,37
BRF:152
BRH:116
end_of_record
TN:
SF:C:\DFolder\Projects\EVOX\E2eTesting\EVOX Code-Git\evox-app-e2e\client\src\components\GridComponent\AdminLte.js
FN:7,(anonymous_0)
FN:20,(anonymous_1)
FN:25,(anonymous_2)
FN:30,(anonymous_3)
FN:50,(anonymous_4)
FN:55,(anonymous_5)
FN:60,(anonymous_6)
FNF:7
FNH:5
FNDA:0,(anonymous_0)
FNDA:143,(anonymous_1)
FNDA:106,(anonymous_2)
FNDA:104,(anonymous_3)
FNDA:101,(anonymous_4)
FNDA:293,(anonymous_5)
FNDA:0,(anonymous_6)
DA:7,17
DA:8,0
DA:20,17
DA:21,143
DA:25,17
DA:26,106
DA:30,17
DA:31,104
DA:50,17
DA:51,101
DA:55,17
DA:56,293
DA:60,17
DA:61,0
LF:14
LH:12
BRDA:38,0,0,82
BRDA:38,0,1,22
BRF:2
BRH:2
end_of_record
TN:
SF:C:\DFolder\Projects\EVOX\E2eTesting\EVOX Code-Git\evox-app-e2e\client\src\components\JobReferal\JobReferalapi.js
FN:4,(anonymous_0)
FN:5,(anonymous_1)
FN:10,(anonymous_2)
FN:17,(anonymous_3)
FN:23,(anonymous_4)
FN:36,(anonymous_5)
FN:56,(anonymous_6)
FN:68,(anonymous_7)
FNF:8
FNH:8
FNDA:4,(anonymous_0)
FNDA:4,(anonymous_1)
FNDA:3,(anonymous_2)
FNDA:1,(anonymous_3)
FNDA:8,(anonymous_4)
FNDA:8,(anonymous_5)
FNDA:3,(anonymous_6)
FNDA:5,(anonymous_7)
DA:4,1
DA:5,4
DA:6,4
DA:11,3
DA:12,3
DA:18,1
DA:23,1
DA:36,8
DA:37,8
DA:58,3
DA:59,3
DA:65,3
DA:69,5
DA:70,5
DA:71,1
DA:77,1
DA:79,3
DA:82,1
LF:18
LH:18
BRDA:70,0,0,1
BRDA:70,0,1,3
BRDA:70,1,0,5
BRDA:70,1,1,3
BRF:4
BRH:4
end_of_record
TN:
SF:C:\DFolder\Projects\EVOX\E2eTesting\EVOX Code-Git\evox-app-e2e\client\src\components\JobReferal\Referalmachanisam.js
FN:4,(anonymous_0)
FNF:1
FNH:0
FNDA:0,(anonymous_0)
DA:4,0
DA:5,0
LF:2
LH:0
BRF:0
BRH:0
end_of_record
TN:
SF:C:\DFolder\Projects\EVOX\E2eTesting\EVOX Code-Git\evox-app-e2e\client\src\components\JobReferal\Referjobs.js
FN:19,(anonymous_0)
FN:55,(anonymous_1)
FN:56,(anonymous_2)
FN:59,(anonymous_3)
FN:62,(anonymous_4)
FN:67,(anonymous_5)
FN:106,isValidEmail
FN:117,(anonymous_7)
FN:198,(anonymous_8)
FN:216,(anonymous_9)
FN:221,(anonymous_10)
FN:245,(anonymous_11)
FN:249,(anonymous_12)
FN:275,(anonymous_13)
FN:279,(anonymous_14)
FN:303,(anonymous_15)
FN:321,(anonymous_16)
FN:343,(anonymous_17)
FN:346,(anonymous_18)
FN:372,(anonymous_19)
FN:375,(anonymous_20)
FN:401,(anonymous_21)
FN:419,(anonymous_22)
FN:436,(anonymous_23)
FN:441,(anonymous_24)
FN:450,(anonymous_25)
FN:475,(anonymous_26)
FN:499,(anonymous_27)
FN:509,(anonymous_28)
FN:547,(anonymous_29)
FNF:30
FNH:28
FNDA:365,(anonymous_0)
FNDA:21,(anonymous_1)
FNDA:21,(anonymous_2)
FNDA:21,(anonymous_3)
FNDA:0,(anonymous_4)
FNDA:29,(anonymous_5)
FNDA:42,isValidEmail
FNDA:29,(anonymous_7)
FNDA:12,(anonymous_8)
FNDA:12,(anonymous_9)
FNDA:55,(anonymous_10)
FNDA:640,(anonymous_11)
FNDA:16,(anonymous_12)
FNDA:640,(anonymous_13)
FNDA:15,(anonymous_14)
FNDA:11,(anonymous_15)
FNDA:11,(anonymous_16)
FNDA:640,(anonymous_17)
FNDA:18,(anonymous_18)
FNDA:640,(anonymous_19)
FNDA:18,(anonymous_20)
FNDA:12,(anonymous_21)
FNDA:12,(anonymous_22)
FNDA:640,(anonymous_23)
FNDA:13,(anonymous_24)
FNDA:887,(anonymous_25)
FNDA:29,(anonymous_26)
FNDA:18,(anonymous_27)
FNDA:558,(anonymous_28)
FNDA:0,(anonymous_29)
DA:19,3
DA:20,365
DA:22,365
DA:23,365
DA:24,365
DA:25,365
DA:38,365
DA:39,365
DA:40,365
DA:41,365
DA:42,365
DA:43,365
DA:44,365
DA:45,365
DA:46,365
DA:47,365
DA:48,365
DA:49,365
DA:50,365
DA:51,365
DA:52,365
DA:53,365
DA:54,365
DA:55,365
DA:56,21
DA:57,21
DA:58,21
DA:59,21
DA:60,21
DA:62,21
DA:63,0
DA:67,365
DA:68,29
DA:69,29
DA:70,29
DA:71,29
DA:72,29
DA:73,29
DA:74,29
DA:75,29
DA:76,29
DA:77,29
DA:78,2
DA:80,2
DA:81,2
DA:82,2
DA:83,2
DA:84,27
DA:93,21
DA:94,21
DA:95,21
DA:96,21
DA:98,6
DA:99,6
DA:100,6
DA:101,6
DA:102,6
DA:107,42
DA:110,365
DA:111,365
DA:112,365
DA:113,365
DA:114,365
DA:115,365
DA:116,365
DA:117,365
DA:120,29
DA:121,29
DA:122,29
DA:123,29
DA:124,29
DA:125,29
DA:126,29
DA:127,29
DA:128,29
DA:129,29
DA:130,15
DA:132,29
DA:133,15
DA:135,29
DA:136,13
DA:138,29
DA:140,15
DA:142,29
DA:143,15
DA:145,29
DA:146,15
DA:148,29
DA:149,16
DA:151,29
DA:152,0
DA:154,29
DA:155,15
DA:156,14
DA:157,0
DA:158,14
DA:159,0
DA:160,14
DA:161,0
DA:162,14
DA:163,0
DA:164,14
DA:165,1
DA:166,13
DA:167,0
DA:170,29
DA:180,12
DA:181,12
DA:182,12
DA:198,12
DA:211,12
DA:212,12
DA:216,365
DA:217,12
DA:218,12
DA:221,365
DA:222,55
DA:224,365
DA:246,640
DA:250,16
DA:254,16
DA:276,640
DA:280,15
DA:284,15
DA:304,11
DA:322,11
DA:344,640
DA:347,18
DA:351,18
DA:373,640
DA:376,18
DA:377,17
DA:381,17
DA:402,12
DA:420,12
DA:437,640
DA:442,13
DA:443,13
DA:451,887
DA:475,29
DA:500,18
DA:504,18
DA:507,18
DA:510,558
DA:547,3
DA:548,0
LF:146
LH:138
BRDA:77,0,0,2
BRDA:77,0,1,27
BRDA:84,1,0,21
BRDA:84,1,1,6
BRDA:85,2,0,27
BRDA:85,2,1,10
BRDA:85,2,2,9
BRDA:85,2,3,9
BRDA:85,2,4,8
BRDA:85,2,5,8
BRDA:85,2,6,7
BRDA:129,3,0,15
BRDA:129,3,1,14
BRDA:132,4,0,15
BRDA:132,4,1,14
BRDA:135,5,0,13
BRDA:135,5,1,16
BRDA:138,6,0,15
BRDA:138,6,1,14
BRDA:142,7,0,15
BRDA:142,7,1,14
BRDA:145,8,0,15
BRDA:145,8,1,14
BRDA:148,9,0,16
BRDA:148,9,1,13
BRDA:151,10,0,0
BRDA:151,10,1,29
BRDA:154,11,0,15
BRDA:154,11,1,14
BRDA:156,12,0,0
BRDA:156,12,1,14
BRDA:158,13,0,0
BRDA:158,13,1,14
BRDA:160,14,0,0
BRDA:160,14,1,14
BRDA:162,15,0,0
BRDA:162,15,1,14
BRDA:164,16,0,1
BRDA:164,16,1,13
BRDA:166,17,0,0
BRDA:166,17,1,13
BRDA:170,18,0,12
BRDA:170,18,1,17
BRDA:171,19,0,29
BRDA:171,19,1,14
BRDA:171,19,2,14
BRDA:171,19,3,14
BRDA:171,19,4,14
BRDA:171,19,5,14
BRDA:171,19,6,13
BRDA:171,19,7,13
BRDA:257,20,0,365
BRDA:257,20,1,19
BRDA:287,21,0,365
BRDA:287,21,1,19
BRDA:354,22,0,365
BRDA:354,22,1,19
BRDA:376,23,0,17
BRDA:376,23,1,1
BRDA:385,24,0,365
BRDA:385,24,1,19
BRDA:439,25,0,365
BRDA:439,25,1,0
BRDA:447,26,0,0
BRDA:447,26,1,365
BRDA:457,27,0,365
BRDA:457,27,1,0
BRDA:477,28,0,365
BRDA:477,28,1,15
BRDA:477,28,2,14
BRDA:482,29,0,365
BRDA:482,29,1,20
BRDA:504,30,0,2
BRDA:504,30,1,16
BRDA:518,31,0,365
BRDA:518,31,1,20
BRF:76
BRH:67
end_of_record
TN:
SF:C:\DFolder\Projects\EVOX\E2eTesting\EVOX Code-Git\evox-app-e2e\client\src\components\NeoReport\NeoDetails.js
FN:14,(anonymous_0)
FN:44,(anonymous_1)
FN:49,(anonymous_2)
FN:55,(anonymous_3)
FN:57,(anonymous_4)
FN:62,(anonymous_5)
FN:72,(anonymous_6)
FN:74,(anonymous_7)
FN:82,(anonymous_8)
FN:89,(anonymous_9)
FN:94,(anonymous_10)
FN:100,(anonymous_11)
FN:151,(anonymous_12)
FN:156,(anonymous_13)
FN:158,(anonymous_14)
FN:186,(anonymous_15)
FN:195,(anonymous_16)
FN:212,(anonymous_17)
FN:221,(anonymous_18)
FN:228,(anonymous_19)
FN:233,(anonymous_20)
FN:294,(anonymous_21)
FN:304,(anonymous_22)
FN:316,(anonymous_23)
FN:317,(anonymous_24)
FN:340,(anonymous_25)
FN:341,(anonymous_26)
FN:355,(anonymous_27)
FNF:28
FNH:26
FNDA:220,(anonymous_0)
FNDA:70,(anonymous_1)
FNDA:71,(anonymous_2)
FNDA:60,(anonymous_3)
FNDA:60,(anonymous_4)
FNDA:60,(anonymous_5)
FNDA:15,(anonymous_6)
FNDA:12,(anonymous_7)
FNDA:18,(anonymous_8)
FNDA:10,(anonymous_9)
FNDA:8,(anonymous_10)
FNDA:42,(anonymous_11)
FNDA:2,(anonymous_12)
FNDA:21,(anonymous_13)
FNDA:123,(anonymous_14)
FNDA:5,(anonymous_15)
FNDA:1,(anonymous_16)
FNDA:6,(anonymous_17)
FNDA:1,(anonymous_18)
FNDA:3,(anonymous_19)
FNDA:0,(anonymous_20)
FNDA:882,(anonymous_21)
FNDA:10,(anonymous_22)
FNDA:40,(anonymous_23)
FNDA:20,(anonymous_24)
FNDA:1,(anonymous_25)
FNDA:21,(anonymous_26)
FNDA:0,(anonymous_27)
DA:14,5
DA:15,220
DA:16,220
DA:17,220
DA:18,220
DA:19,220
DA:20,220
DA:21,220
DA:22,220
DA:23,220
DA:24,220
DA:25,220
DA:44,220
DA:46,70
DA:49,220
DA:50,71
DA:51,41
DA:55,220
DA:57,60
DA:62,60
DA:63,60
DA:65,20
DA:66,20
DA:72,40
DA:73,40
DA:74,40
DA:75,12
DA:77,40
DA:82,220
DA:83,18
DA:85,18
DA:86,18
DA:89,220
DA:90,10
DA:95,8
DA:96,7
DA:97,7
DA:98,6
DA:99,6
DA:100,42
DA:101,6
DA:102,6
DA:103,6
DA:108,6
DA:109,2
DA:133,2
DA:134,2
DA:135,2
DA:138,4
DA:141,6
DA:143,1
DA:144,1
DA:147,1
DA:148,1
DA:152,2
DA:156,220
DA:158,21
DA:159,123
DA:161,21
DA:162,2
DA:163,2
DA:164,2
DA:168,19
DA:169,3
DA:170,3
DA:173,16
DA:174,8
DA:175,6
DA:187,5
DA:188,4
DA:189,4
DA:196,1
DA:200,8
DA:201,7
DA:213,6
DA:214,6
DA:215,6
DA:222,1
DA:228,220
DA:229,3
DA:230,3
DA:233,220
DA:234,0
DA:237,220
DA:243,220
DA:295,882
DA:296,734
DA:297,734
DA:298,734
DA:304,10
DA:316,40
DA:317,20
DA:340,1
DA:341,21
DA:355,5
DA:356,0
LF:96
LH:94
BRDA:50,0,0,41
BRDA:50,0,1,30
BRDA:63,1,0,20
BRDA:63,1,1,40
BRDA:95,2,0,7
BRDA:95,2,1,1
BRDA:97,3,0,6
BRDA:97,3,1,1
BRDA:108,4,0,2
BRDA:108,4,1,4
BRDA:159,5,0,123
BRDA:159,5,1,81
BRDA:159,5,2,60
BRDA:161,6,0,2
BRDA:161,6,1,19
BRDA:168,7,0,3
BRDA:168,7,1,16
BRDA:173,8,0,8
BRDA:173,8,1,8
BRDA:173,9,0,16
BRDA:173,9,1,16
BRDA:174,10,0,6
BRDA:174,10,1,2
BRDA:187,11,0,4
BRDA:187,11,1,1
BRDA:200,12,0,7
BRDA:200,12,1,1
BRDA:213,13,0,6
BRDA:213,13,1,0
BRDA:245,14,0,220
BRDA:245,14,1,6
BRDA:293,15,0,220
BRDA:293,15,1,220
BRDA:293,15,2,148
BRDA:295,16,0,148
BRDA:295,16,1,734
BRDA:296,17,0,734
BRDA:296,17,1,734
BRDA:302,18,0,588
BRDA:302,18,1,146
BRDA:302,19,0,734
BRDA:302,19,1,697
BRDA:303,20,0,146
BRDA:303,20,1,442
BRDA:310,21,0,514
BRDA:310,21,1,220
BRDA:312,22,0,148
BRDA:312,22,1,586
BRDA:314,23,0,438
BRDA:314,23,1,148
BRDA:316,24,0,58
BRDA:316,24,1,380
BRDA:317,25,0,116
BRDA:317,25,1,322
BRDA:327,26,0,220
BRDA:327,26,1,220
BRDA:327,26,2,148
BRDA:331,27,0,3
BRDA:331,27,1,145
BRF:59
BRH:58
end_of_record
TN:
SF:C:\DFolder\Projects\EVOX\E2eTesting\EVOX Code-Git\evox-app-e2e\client\src\components\NeoReport\NeoOnboarding.js
FN:10,(anonymous_0)
FN:13,(anonymous_1)
FN:18,(anonymous_2)
FN:52,(anonymous_3)
FN:62,(anonymous_4)
FN:78,(anonymous_5)
FNF:6
FNH:2
FNDA:12,(anonymous_0)
FNDA:12,(anonymous_1)
FNDA:0,(anonymous_2)
FNDA:0,(anonymous_3)
FNDA:0,(anonymous_4)
FNDA:0,(anonymous_5)
DA:10,2
DA:11,12
DA:13,12
DA:15,12
DA:18,12
DA:20,0
DA:23,0
DA:26,12
DA:53,0
DA:62,0
DA:78,2
DA:79,0
LF:12
LH:7
BRDA:35,0,0,0
BRDA:35,0,1,12
BRDA:35,1,0,12
BRDA:35,1,1,0
BRDA:52,2,0,12
BRDA:52,2,1,0
BRDA:58,3,0,0
BRDA:58,3,1,0
BRDA:60,4,0,0
BRDA:60,4,1,0
BRDA:62,5,0,0
BRDA:62,5,1,0
BRF:12
BRH:3
end_of_record
TN:
SF:C:\DFolder\Projects\EVOX\E2eTesting\EVOX Code-Git\evox-app-e2e\client\src\components\NeoReport\NeoSubmissions.js
FN:10,(anonymous_0)
FN:13,(anonymous_1)
FN:47,(anonymous_2)
FN:78,(anonymous_3)
FNF:4
FNH:2
FNDA:13,(anonymous_0)
FNDA:13,(anonymous_1)
FNDA:0,(anonymous_2)
FNDA:0,(anonymous_3)
DA:10,3
DA:11,13
DA:13,13
DA:15,13
DA:18,13
DA:48,0
DA:78,3
DA:79,0
LF:8
LH:6
BRDA:27,0,0,0
BRDA:27,0,1,13
BRDA:27,1,0,13
BRDA:27,1,1,0
BRDA:47,2,0,13
BRDA:47,2,1,0
BRDA:53,3,0,0
BRDA:53,3,1,0
BRDA:54,4,0,0
BRDA:54,4,1,0
BRF:10
BRH:3
end_of_record
TN:
SF:C:\DFolder\Projects\EVOX\E2eTesting\EVOX Code-Git\evox-app-e2e\client\src\components\PayrollDispute\Disouteapi.js
FN:4,(anonymous_0)
FN:7,(anonymous_1)
FN:13,(anonymous_2)
FN:20,(anonymous_3)
FN:27,(anonymous_4)
FN:30,(anonymous_5)
FN:37,(anonymous_6)
FN:43,(anonymous_7)
FNF:8
FNH:0
FNDA:0,(anonymous_0)
FNDA:0,(anonymous_1)
FNDA:0,(anonymous_2)
FNDA:0,(anonymous_3)
FNDA:0,(anonymous_4)
FNDA:0,(anonymous_5)
FNDA:0,(anonymous_6)
FNDA:0,(anonymous_7)
DA:4,0
DA:7,0
DA:9,0
DA:14,0
DA:15,0
DA:21,0
DA:27,0
DA:30,0
DA:32,0
DA:38,0
DA:44,0
LF:11
LH:0
BRF:0
BRH:0
end_of_record
TN:
SF:C:\DFolder\Projects\EVOX\E2eTesting\EVOX Code-Git\evox-app-e2e\client\src\components\PayrollDispute\DisputeForm.js
FN:24,DisputeForm
FN:127,(anonymous_1)
FN:154,(anonymous_2)
FN:198,(anonymous_3)
FN:205,(anonymous_4)
FN:253,(anonymous_5)
FN:264,(anonymous_6)
FN:271,(anonymous_7)
FN:292,(anonymous_8)
FN:316,(anonymous_9)
FN:324,(anonymous_10)
FN:355,(anonymous_11)
FN:368,(anonymous_12)
FN:414,(anonymous_13)
FN:425,(anonymous_14)
FN:429,(anonymous_15)
FN:506,(anonymous_16)
FN:521,(anonymous_17)
FN:525,(anonymous_18)
FN:576,(anonymous_19)
FN:674,(anonymous_20)
FN:694,(anonymous_21)
FN:1284,(anonymous_22)
FN:1287,(anonymous_23)
FN:1288,(anonymous_24)
FN:1327,(anonymous_25)
FN:1350,(anonymous_26)
FN:1353,(anonymous_27)
FN:1354,(anonymous_28)
FN:1356,(anonymous_29)
FN:1357,(anonymous_30)
FN:1358,(anonymous_31)
FNF:32
FNH:16
FNDA:75,DisputeForm
FNDA:0,(anonymous_1)
FNDA:31,(anonymous_2)
FNDA:0,(anonymous_3)
FNDA:0,(anonymous_4)
FNDA:0,(anonymous_5)
FNDA:16,(anonymous_6)
FNDA:12,(anonymous_7)
FNDA:2,(anonymous_8)
FNDA:0,(anonymous_9)
FNDA:0,(anonymous_10)
FNDA:0,(anonymous_11)
FNDA:3,(anonymous_12)
FNDA:10,(anonymous_13)
FNDA:8,(anonymous_14)
FNDA:2,(anonymous_15)
FNDA:1,(anonymous_16)
FNDA:1,(anonymous_17)
FNDA:0,(anonymous_18)
FNDA:0,(anonymous_19)
FNDA:1,(anonymous_20)
FNDA:18,(anonymous_21)
FNDA:1,(anonymous_22)
FNDA:7,(anonymous_23)
FNDA:3,(anonymous_24)
FNDA:0,(anonymous_25)
FNDA:0,(anonymous_26)
FNDA:0,(anonymous_27)
FNDA:0,(anonymous_28)
FNDA:0,(anonymous_29)
FNDA:0,(anonymous_30)
FNDA:0,(anonymous_31)
DA:25,75
DA:26,75
DA:27,75
DA:28,75
DA:29,75
DA:30,75
DA:31,75
DA:32,75
DA:33,75
DA:34,75
DA:35,75
DA:36,75
DA:37,75
DA:38,75
DA:39,75
DA:40,75
DA:41,75
DA:42,75
DA:43,75
DA:44,75
DA:51,75
DA:56,75
DA:80,75
DA:85,75
DA:127,75
DA:129,0
DA:130,0
DA:131,0
DA:132,0
DA:134,0
DA:137,0
DA:141,75
DA:154,75
DA:155,31
DA:156,16
DA:157,16
DA:158,16
DA:159,16
DA:160,16
DA:161,16
DA:162,16
DA:166,16
DA:168,16
DA:169,4
DA:170,1
DA:172,3
DA:176,12
DA:177,1
DA:179,11
DA:184,15
DA:198,75
DA:199,0
DA:201,0
DA:206,0
DA:245,0
DA:254,0
DA:259,0
DA:264,75
DA:265,16
DA:267,16
DA:272,12
DA:273,7
DA:274,7
DA:275,7
DA:276,6
DA:284,6
DA:286,5
DA:287,5
DA:293,2
DA:296,13
DA:297,0
DA:311,13
DA:316,75
DA:317,0
DA:320,0
DA:325,0
DA:326,0
DA:327,0
DA:328,0
DA:329,0
DA:335,0
DA:336,0
DA:338,0
DA:339,0
DA:345,0
DA:346,0
DA:350,0
DA:351,0
DA:356,0
DA:357,0
DA:363,0
DA:368,75
DA:369,3
DA:370,3
DA:371,0
DA:375,0
DA:376,0
DA:378,0
DA:384,0
DA:388,0
DA:394,3
DA:395,0
DA:399,0
DA:404,3
DA:414,75
DA:415,10
DA:416,10
DA:417,10
DA:426,8
DA:427,8
DA:430,2
DA:433,0
DA:506,75
DA:509,1
DA:510,1
DA:511,1
DA:522,1
DA:523,1
DA:526,0
DA:529,0
DA:533,75
DA:568,75
DA:576,75
DA:578,0
DA:613,0
DA:625,75
DA:675,1
DA:676,1
DA:677,1
DA:681,1
DA:695,18
DA:1284,1
DA:1287,7
DA:1288,3
DA:1327,4
DA:1328,0
DA:1350,4
DA:1351,0
DA:1353,0
DA:1354,0
DA:1356,0
DA:1357,0
DA:1358,0
LF:143
LH:92
BRDA:130,0,0,0
BRDA:130,0,1,0
BRDA:131,1,0,0
BRDA:131,1,1,0
BRDA:155,2,0,16
BRDA:155,2,1,15
BRDA:168,3,0,4
BRDA:168,3,1,12
BRDA:169,4,0,1
BRDA:169,4,1,3
BRDA:176,5,0,1
BRDA:176,5,1,11
BRDA:272,6,0,7
BRDA:272,6,1,5
BRDA:275,7,0,7
BRDA:275,7,1,1
BRDA:325,8,0,0
BRDA:325,8,1,0
BRDA:325,9,0,0
BRDA:325,9,1,0
BRDA:325,9,2,0
BRDA:326,10,0,0
BRDA:326,10,1,0
BRDA:370,11,0,0
BRDA:370,11,1,3
BRDA:376,12,0,0
BRDA:376,12,1,0
BRDA:394,13,0,0
BRDA:394,13,1,3
BRDA:632,14,0,57
BRDA:632,14,1,18
BRDA:633,15,0,57
BRDA:633,15,1,18
BRDA:633,16,0,18
BRDA:633,16,1,0
BRDA:664,17,0,75
BRDA:664,17,1,57
BRDA:694,18,0,57
BRDA:694,18,1,57
BRDA:694,18,2,18
BRDA:721,19,0,75
BRDA:721,19,1,75
BRDA:1284,20,0,0
BRDA:1284,20,1,75
BRF:44
BRH:27
end_of_record
TN:
SF:C:\DFolder\Projects\EVOX\E2eTesting\EVOX Code-Git\evox-app-e2e\client\src\components\PayrollDispute\DisputeReport.js
FN:21,(anonymous_0)
FN:40,(anonymous_1)
FN:47,(anonymous_2)
FN:52,(anonymous_3)
FN:63,(anonymous_4)
FN:85,(anonymous_5)
FN:91,(anonymous_6)
FN:100,(anonymous_7)
FN:106,(anonymous_8)
FN:117,(anonymous_9)
FN:146,(anonymous_10)
FN:165,(anonymous_11)
FN:293,(anonymous_12)
FN:358,(anonymous_13)
FN:398,(anonymous_14)
FNF:15
FNH:11
FNDA:111,(anonymous_0)
FNDA:0,(anonymous_1)
FNDA:0,(anonymous_2)
FNDA:0,(anonymous_3)
FNDA:5,(anonymous_4)
FNDA:4,(anonymous_5)
FNDA:3,(anonymous_6)
FNDA:1,(anonymous_7)
FNDA:50,(anonymous_8)
FNDA:9,(anonymous_9)
FNDA:9,(anonymous_10)
FNDA:9,(anonymous_11)
FNDA:8,(anonymous_12)
FNDA:10,(anonymous_13)
FNDA:0,(anonymous_14)
DA:21,4
DA:23,111
DA:26,111
DA:27,111
DA:28,111
DA:29,111
DA:30,111
DA:40,111
DA:41,0
DA:43,0
DA:49,0
DA:53,0
DA:58,0
DA:63,111
DA:64,5
DA:66,5
DA:81,0
DA:85,111
DA:86,4
DA:93,3
DA:94,3
DA:95,3
DA:96,3
DA:97,3
DA:98,3
DA:101,1
DA:106,111
DA:107,50
DA:111,50
DA:112,50
DA:117,111
DA:118,9
DA:120,9
DA:126,111
DA:147,9
DA:166,9
DA:294,8
DA:359,10
DA:398,4
DA:399,0
LF:40
LH:33
BRDA:108,0,0,45
BRDA:108,0,1,5
BRDA:109,1,0,45
BRDA:109,1,1,5
BRDA:134,2,0,111
BRDA:134,2,1,52
BRDA:146,3,0,52
BRDA:146,3,1,52
BRDA:146,3,2,7
BRDA:153,4,0,111
BRDA:153,4,1,59
BRDA:165,5,0,59
BRDA:165,5,1,59
BRDA:165,5,2,7
BRDA:184,6,0,111
BRDA:184,6,1,52
BRDA:203,7,0,111
BRDA:203,7,1,59
BRDA:217,8,0,111
BRDA:217,8,1,59
BRDA:236,9,0,111
BRDA:236,9,1,65
BRDA:246,10,0,61
BRDA:246,10,1,48
BRDA:246,11,0,111
BRDA:246,11,1,52
BRDA:292,12,0,61
BRDA:292,12,1,61
BRDA:292,12,2,6
BRDA:357,13,0,48
BRDA:357,13,1,44
BRDA:357,13,2,10
BRF:32
BRH:32
end_of_record
TN:
SF:C:\DFolder\Projects\EVOX\E2eTesting\EVOX Code-Git\evox-app-e2e\client\src\components\PoliciesDocument\PoliciesDocumentApi.js
FN:4,(anonymous_0)
FN:14,(anonymous_1)
FN:20,(anonymous_2)
FN:26,(anonymous_3)
FN:33,(anonymous_4)
FN:40,(anonymous_5)
FN:46,(anonymous_6)
FN:52,(anonymous_7)
FN:59,(anonymous_8)
FN:66,(anonymous_9)
FN:72,(anonymous_10)
FN:78,(anonymous_11)
FNF:12
FNH:2
FNDA:30,(anonymous_0)
FNDA:0,(anonymous_1)
FNDA:0,(anonymous_2)
FNDA:0,(anonymous_3)
FNDA:30,(anonymous_4)
FNDA:0,(anonymous_5)
FNDA:0,(anonymous_6)
FNDA:0,(anonymous_7)
FNDA:0,(anonymous_8)
FNDA:0,(anonymous_9)
FNDA:0,(anonymous_10)
FNDA:0,(anonymous_11)
DA:4,4
DA:6,30
DA:8,30
DA:9,30
DA:11,0
DA:14,30
DA:16,0
DA:21,0
DA:27,0
DA:33,4
DA:35,30
DA:37,30
DA:40,30
DA:42,0
DA:47,0
DA:53,0
DA:59,4
DA:61,0
DA:63,0
DA:66,0
DA:68,0
DA:73,0
DA:79,0
LF:23
LH:10
BRDA:8,0,0,30
BRDA:8,0,1,0
BRF:2
BRH:1
end_of_record
TN:
SF:C:\DFolder\Projects\EVOX\E2eTesting\EVOX Code-Git\evox-app-e2e\client\src\components\PoliciesDocument\PoliciesDocumentDownload.js
FN:23,(anonymous_0)
FN:42,(anonymous_1)
FN:45,(anonymous_2)
FN:51,(anonymous_3)
FN:57,(anonymous_4)
FN:66,(anonymous_5)
FN:81,(anonymous_6)
FN:142,(anonymous_7)
FN:154,(anonymous_8)
FN:166,(anonymous_9)
FN:172,(anonymous_10)
FN:175,(anonymous_11)
FN:176,(anonymous_12)
FN:180,(anonymous_13)
FN:184,(anonymous_14)
FN:186,(anonymous_15)
FN:196,(anonymous_16)
FN:205,(anonymous_17)
FN:211,(anonymous_18)
FN:230,(anonymous_19)
FN:252,(anonymous_20)
FN:284,(anonymous_21)
FN:314,(anonymous_22)
FNF:23
FNH:11
FNDA:60,(anonymous_0)
FNDA:6,(anonymous_1)
FNDA:2,(anonymous_2)
FNDA:6,(anonymous_3)
FNDA:49,(anonymous_4)
FNDA:0,(anonymous_5)
FNDA:0,(anonymous_6)
FNDA:0,(anonymous_7)
FNDA:0,(anonymous_8)
FNDA:0,(anonymous_9)
FNDA:0,(anonymous_10)
FNDA:0,(anonymous_11)
FNDA:0,(anonymous_12)
FNDA:0,(anonymous_13)
FNDA:0,(anonymous_14)
FNDA:0,(anonymous_15)
FNDA:49,(anonymous_16)
FNDA:25,(anonymous_17)
FNDA:18,(anonymous_18)
FNDA:62,(anonymous_19)
FNDA:124,(anonymous_20)
FNDA:6,(anonymous_21)
FNDA:0,(anonymous_22)
DA:23,7
DA:24,60
DA:25,60
DA:26,60
DA:27,60
DA:28,60
DA:29,60
DA:30,60
DA:31,60
DA:32,60
DA:33,60
DA:34,60
DA:35,60
DA:42,58
DA:45,58
DA:46,2
DA:47,2
DA:48,2
DA:51,58
DA:52,6
DA:53,6
DA:54,6
DA:57,58
DA:61,49
DA:66,58
DA:68,0
DA:71,0
DA:74,0
DA:77,0
DA:81,58
DA:102,0
DA:104,0
DA:111,0
DA:114,0
DA:121,0
DA:124,0
DA:142,58
DA:144,0
DA:146,0
DA:151,0
DA:154,58
DA:158,0
DA:163,0
DA:166,58
DA:169,0
DA:172,0
DA:174,0
DA:175,0
DA:177,0
DA:178,0
DA:180,0
DA:184,0
DA:185,0
DA:188,0
DA:189,0
DA:190,0
DA:191,0
DA:196,58
DA:200,49
DA:206,25
DA:212,18
DA:218,58
DA:231,62
DA:253,124
DA:254,124
DA:256,7
DA:257,7
DA:259,28
DA:260,28
DA:262,28
DA:263,28
DA:265,33
DA:266,33
DA:268,7
DA:269,7
DA:271,7
DA:272,7
DA:274,7
DA:275,7
DA:277,7
DA:279,124
DA:284,6
DA:314,7
DA:315,0
LF:84
LH:55
BRDA:102,0,0,0
BRDA:102,0,1,0
BRDA:149,1,0,0
BRDA:149,1,1,0
BRDA:229,2,0,35
BRDA:229,2,1,23
BRDA:229,3,0,58
BRDA:229,3,1,43
BRDA:254,4,0,7
BRDA:254,4,1,28
BRDA:254,4,2,28
BRDA:254,4,3,33
BRDA:254,4,4,7
BRDA:254,4,5,7
BRDA:254,4,6,7
BRDA:254,4,7,7
BRDA:306,5,0,58
BRDA:306,5,1,5
BRDA:306,5,2,5
BRF:19
BRH:15
end_of_record
TN:
SF:C:\DFolder\Projects\EVOX\E2eTesting\EVOX Code-Git\evox-app-e2e\client\src\components\PoliciesDocument\PoliciesDocumentModal.js
FN:9,(anonymous_0)
FN:15,(anonymous_1)
FN:18,(anonymous_2)
FN:21,(anonymous_3)
FN:28,(anonymous_4)
FN:43,(anonymous_5)
FN:49,(anonymous_6)
FN:52,(anonymous_7)
FN:53,(anonymous_8)
FN:57,(anonymous_9)
FN:61,(anonymous_10)
FN:63,(anonymous_11)
FN:94,(anonymous_12)
FN:129,(anonymous_13)
FN:130,(anonymous_14)
FN:163,(anonymous_15)
FNF:16
FNH:15
FNDA:29,(anonymous_0)
FNDA:4,(anonymous_1)
FNDA:1,(anonymous_2)
FNDA:4,(anonymous_3)
FNDA:5,(anonymous_4)
FNDA:4,(anonymous_5)
FNDA:32,(anonymous_6)
FNDA:23,(anonymous_7)
FNDA:23,(anonymous_8)
FNDA:1,(anonymous_9)
FNDA:4,(anonymous_10)
FNDA:4,(anonymous_11)
FNDA:178,(anonymous_12)
FNDA:5,(anonymous_13)
FNDA:4,(anonymous_14)
FNDA:0,(anonymous_15)
DA:9,6
DA:11,29
DA:12,29
DA:15,29
DA:18,29
DA:21,29
DA:22,4
DA:23,4
DA:28,29
DA:30,5
DA:33,5
DA:36,5
DA:39,5
DA:43,29
DA:46,4
DA:49,4
DA:51,32
DA:52,23
DA:54,23
DA:55,23
DA:57,1
DA:61,4
DA:62,4
DA:65,4
DA:66,4
DA:67,4
DA:68,4
DA:72,29
DA:73,27
DA:95,178
DA:96,178
DA:98,22
DA:99,22
DA:101,22
DA:102,22
DA:104,22
DA:105,22
DA:107,23
DA:108,23
DA:110,22
DA:111,22
DA:113,22
DA:114,22
DA:116,22
DA:117,22
DA:119,23
DA:121,178
DA:129,5
DA:130,4
DA:163,6
DA:164,0
LF:51
LH:50
BRDA:72,0,0,2
BRDA:72,0,1,27
BRDA:93,1,0,24
BRDA:93,1,1,3
BRDA:93,2,0,27
BRDA:93,2,1,26
BRDA:96,3,0,22
BRDA:96,3,1,22
BRDA:96,3,2,22
BRDA:96,3,3,23
BRDA:96,3,4,22
BRDA:96,3,5,22
BRDA:96,3,6,22
BRDA:96,3,7,23
BRDA:153,4,0,27
BRDA:153,4,1,26
BRDA:153,4,2,24
BRF:17
BRH:17
end_of_record
TN:
SF:C:\DFolder\Projects\EVOX\E2eTesting\EVOX Code-Git\evox-app-e2e\client\src\components\PoliciesDocument\PoliciesDocumentUpload.js
FN:20,PoliciesDocumentUpload
FN:44,(anonymous_1)
FN:49,(anonymous_2)
FN:50,(anonymous_3)
FN:50,(anonymous_4)
FN:51,(anonymous_5)
FN:56,(anonymous_6)
FN:57,(anonymous_7)
FN:79,(anonymous_8)
FN:89,(anonymous_9)
FN:90,(anonymous_10)
FN:95,(anonymous_11)
FN:100,(anonymous_12)
FN:124,(anonymous_13)
FN:153,(anonymous_14)
FN:172,(anonymous_15)
FN:185,(anonymous_16)
FN:202,(anonymous_17)
FN:210,(anonymous_18)
FN:218,(anonymous_19)
FN:223,(anonymous_20)
FN:348,(anonymous_21)
FN:465,(anonymous_22)
FNF:23
FNH:22
FNDA:285,PoliciesDocumentUpload
FNDA:101,(anonymous_1)
FNDA:4,(anonymous_2)
FNDA:4,(anonymous_3)
FNDA:6,(anonymous_4)
FNDA:4,(anonymous_5)
FNDA:285,(anonymous_6)
FNDA:95,(anonymous_7)
FNDA:4,(anonymous_8)
FNDA:6,(anonymous_9)
FNDA:7,(anonymous_10)
FNDA:35,(anonymous_11)
FNDA:29,(anonymous_12)
FNDA:15,(anonymous_13)
FNDA:12,(anonymous_14)
FNDA:2,(anonymous_15)
FNDA:96,(anonymous_16)
FNDA:62,(anonymous_17)
FNDA:7,(anonymous_18)
FNDA:4,(anonymous_19)
FNDA:47,(anonymous_20)
FNDA:527,(anonymous_21)
FNDA:0,(anonymous_22)
DA:21,285
DA:22,285
DA:23,285
DA:24,285
DA:25,285
DA:26,285
DA:27,285
DA:28,285
DA:29,285
DA:30,285
DA:31,285
DA:40,285
DA:41,285
DA:42,285
DA:44,285
DA:45,101
DA:46,101
DA:49,285
DA:50,6
DA:51,4
DA:52,4
DA:56,285
DA:57,285
DA:71,95
DA:79,4
DA:89,285
DA:90,6
DA:91,7
DA:95,285
DA:96,35
DA:98,35
DA:100,35
DA:101,35
DA:102,5
DA:103,5
DA:106,30
DA:108,2
DA:109,2
DA:110,28
DA:112,6
DA:113,22
DA:115,5
DA:116,17
DA:117,1
DA:118,14
DA:119,0
DA:123,14
DA:124,14
DA:125,15
DA:128,14
DA:129,14
DA:130,14
DA:131,14
DA:147,14
DA:148,14
DA:154,12
DA:155,12
DA:156,12
DA:157,12
DA:158,12
DA:159,12
DA:160,12
DA:161,12
DA:173,2
DA:176,0
DA:185,285
DA:186,96
DA:187,47
DA:188,47
DA:191,47
DA:193,47
DA:196,47
DA:197,0
DA:198,0
DA:200,47
DA:202,47
DA:203,62
DA:205,62
DA:206,62
DA:208,62
DA:210,7
DA:212,7
DA:213,7
DA:217,55
DA:218,4
DA:223,47
DA:247,49
DA:249,20
DA:250,20
DA:251,17
DA:252,17
DA:260,3
DA:261,3
DA:269,3
DA:271,29
DA:272,20
DA:280,9
DA:287,9
DA:288,9
DA:290,96
DA:293,285
DA:349,527
DA:465,7
DA:466,0
LF:104
LH:99
BRDA:101,0,0,5
BRDA:101,0,1,30
BRDA:106,1,0,2
BRDA:106,1,1,28
BRDA:106,2,0,30
BRDA:106,2,1,8
BRDA:106,2,2,2
BRDA:110,3,0,6
BRDA:110,3,1,22
BRDA:113,4,0,5
BRDA:113,4,1,17
BRDA:113,5,0,22
BRDA:113,5,1,9
BRDA:116,6,0,1
BRDA:116,6,1,14
BRDA:118,7,0,0
BRDA:118,7,1,14
BRDA:128,8,0,4
BRDA:128,8,1,10
BRDA:186,9,0,47
BRDA:186,9,1,49
BRDA:196,10,0,0
BRDA:196,10,1,47
BRDA:208,11,0,7
BRDA:208,11,1,55
BRDA:218,12,0,4
BRDA:218,12,1,3
BRDA:247,13,0,20
BRDA:247,13,1,29
BRDA:250,14,0,17
BRDA:250,14,1,3
BRDA:271,15,0,20
BRDA:271,15,1,9
BRDA:347,16,0,285
BRDA:347,16,1,285
BRDA:347,16,2,272
BRDA:354,17,0,285
BRDA:354,17,1,8
BRDA:400,18,0,285
BRDA:400,18,1,0
BRDA:420,19,0,285
BRDA:420,19,1,8
BRDA:425,20,0,285
BRDA:425,20,1,5
BRDA:432,21,0,285
BRDA:432,21,1,6
BRDA:433,22,0,285
BRDA:433,22,1,6
BRF:48
BRH:45
end_of_record
TN:
SF:C:\DFolder\Projects\EVOX\E2eTesting\EVOX Code-Git\evox-app-e2e\client\src\components\PoliciesDocument\PoliciesDocumentViewer.js
FN:12,(anonymous_0)
FN:19,(anonymous_1)
FN:26,(anonymous_2)
FN:60,(anonymous_3)
FN:66,(anonymous_4)
FN:69,(anonymous_5)
FN:70,(anonymous_6)
FN:74,(anonymous_7)
FN:78,(anonymous_8)
FN:80,(anonymous_9)
FN:114,(anonymous_10)
FN:152,(anonymous_11)
FNF:12
FNH:4
FNDA:14,(anonymous_0)
FNDA:7,(anonymous_1)
FNDA:1,(anonymous_2)
FNDA:0,(anonymous_3)
FNDA:0,(anonymous_4)
FNDA:0,(anonymous_5)
FNDA:0,(anonymous_6)
FNDA:0,(anonymous_7)
FNDA:0,(anonymous_8)
FNDA:0,(anonymous_9)
FNDA:1,(anonymous_10)
FNDA:0,(anonymous_11)
DA:12,5
DA:14,14
DA:15,14
DA:16,14
DA:17,14
DA:19,14
DA:20,7
DA:21,7
DA:22,7
DA:26,14
DA:28,1
DA:31,1
DA:34,1
DA:37,1
DA:60,14
DA:63,0
DA:66,0
DA:68,0
DA:69,0
DA:71,0
DA:72,0
DA:74,0
DA:78,0
DA:79,0
DA:82,0
DA:83,0
DA:84,0
DA:85,0
DA:91,14
DA:92,12
DA:114,1
DA:152,5
DA:153,0
LF:33
LH:19
BRDA:12,0,0,4
BRDA:91,1,0,2
BRDA:91,1,1,12
BRDA:115,2,0,10
BRDA:115,2,1,2
BRDA:117,3,0,2
BRDA:117,3,1,8
BRDA:117,4,0,0
BRDA:117,4,1,8
BRDA:118,5,0,6
BRDA:118,5,1,4
BRDA:118,6,0,10
BRDA:118,6,1,6
BRDA:118,6,2,4
BRDA:118,6,3,4
BRDA:125,7,0,0
BRDA:125,7,1,4
BRF:17
BRH:15
end_of_record
TN:
SF:C:\DFolder\Projects\EVOX\E2eTesting\EVOX Code-Git\evox-app-e2e\client\src\components\PoliciesDocument\UploadedDocumentList.js
FN:21,(anonymous_0)
FN:34,(anonymous_1)
FN:37,(anonymous_2)
FN:39,(anonymous_3)
[...]
FN:9,(anonymous_0)
FNF:1
FNH:1
FNDA:332,(anonymous_0)
DA:5,57
DA:9,57
DA:10,332
DA:11,332
DA:12,332
DA:15,2
DA:18,0
DA:20,330
DA:22,330
LF:9
LH:8
BRDA:9,0,0,168
BRDA:12,1,0,2
BRDA:12,1,1,330
BRF:3
BRH:3
end_of_record
TN:
SF:C:\DFolder\Projects\EVOX\E2eTesting\EVOX Code-Git\evox-app-e2e\client\src\store\reducers\admin\syncReducers.js
FN:11,(anonymous_0)
FNF:1
FNH:1
FNDA:338,(anonymous_0)
DA:5,57
DA:11,57
DA:12,338
DA:13,338
DA:14,338
DA:16,2
DA:20,0
DA:23,2
DA:27,0
DA:29,2
DA:33,0
DA:35,2
DA:39,0
DA:41,330
DA:43,330
LF:15
LH:11
BRDA:11,0,0,171
BRDA:14,1,0,2
BRDA:14,1,1,2
BRDA:14,1,2,2
BRDA:14,1,3,2
BRDA:14,1,4,330
BRF:6
BRH:6
end_of_record
TN:
SF:C:\DFolder\Projects\EVOX\E2eTesting\EVOX Code-Git\evox-app-e2e\client\src\store\reducers\announcements\departmentAnnouncementReducers.js
FN:11,(anonymous_0)
FNF:1
FNH:1
FNDA:342,(anonymous_0)
DA:5,57
DA:11,57
DA:13,342
DA:14,342
DA:15,342
DA:20,6
DA:26,0
DA:30,5
DA:36,0
DA:39,2
DA:43,0
DA:45,2
DA:49,0
DA:51,15
DA:57,0
DA:59,312
DA:61,312
LF:17
LH:12
BRDA:11,0,0,170
BRDA:15,1,0,6
BRDA:15,1,1,5
BRDA:15,1,2,2
BRDA:15,1,3,2
BRDA:15,1,4,15
BRDA:15,1,5,312
BRDA:34,2,0,5
BRDA:34,2,1,3
BRF:9
BRH:9
end_of_record
TN:
SF:C:\DFolder\Projects\EVOX\E2eTesting\EVOX Code-Git\evox-app-e2e\client\src\store\reducers\approvals\requestApprovalReducers.js
FN:11,(anonymous_0)
FNF:1
FNH:1
FNDA:330,(anonymous_0)
DA:5,56
DA:11,56
DA:12,330
DA:13,330
DA:14,330
DA:17,1
DA:21,0
DA:23,1
DA:27,0
DA:29,328
DA:31,328
LF:11
LH:9
BRDA:11,0,0,168
BRDA:14,1,0,1
BRDA:14,1,1,1
BRDA:14,1,2,328
BRF:4
BRH:4
end_of_record
TN:
SF:C:\DFolder\Projects\EVOX\E2eTesting\EVOX Code-Git\evox-app-e2e\client\src\store\reducers\dashboard\dashboardReducers.js
FN:34,(anonymous_0)
FNF:1
FNH:1
FNDA:353,(anonymous_0)
DA:5,56
DA:34,56
DA:35,353
DA:36,353
DA:37,353
DA:40,1
DA:44,1
DA:46,1
DA:50,1
DA:52,1
DA:56,1
DA:58,1
DA:62,1
DA:64,1
DA:68,1
DA:70,1
DA:74,1
DA:76,1
DA:80,1
DA:82,1
DA:86,1
DA:88,1
DA:92,1
DA:94,1
DA:98,1
DA:100,1
DA:104,1
DA:106,1
DA:110,1
DA:112,1
DA:118,1
DA:121,1
DA:127,1
DA:130,1
DA:136,1
DA:138,1
DA:142,1
DA:144,1
DA:148,1
DA:150,1
DA:162,1
DA:164,1
DA:171,1
DA:173,1
DA:177,1
DA:179,1
DA:183,1
DA:185,1
DA:189,1
DA:191,1
DA:195,1
DA:197,1
DA:205,1
DA:207,1
DA:211,1
DA:214,328
DA:216,353
LF:57
LH:57
BRDA:34,0,0,191
BRDA:37,1,0,1
BRDA:37,1,1,1
BRDA:37,1,2,1
BRDA:37,1,3,1
BRDA:37,1,4,1
BRDA:37,1,5,1
BRDA:37,1,6,1
BRDA:37,1,7,1
BRDA:37,1,8,1
BRDA:37,1,9,1
BRDA:37,1,10,1
BRDA:37,1,11,1
BRDA:37,1,12,1
BRDA:37,1,13,1
BRDA:37,1,14,1
BRDA:37,1,15,1
BRDA:37,1,16,1
BRDA:37,1,17,1
BRDA:37,1,18,1
BRDA:37,1,19,1
BRDA:37,1,20,1
BRDA:37,1,21,1
BRDA:37,1,22,1
BRDA:37,1,23,1
BRDA:37,1,24,1
BRDA:37,1,25,328
BRF:27
BRH:27
end_of_record
TN:
SF:C:\DFolder\Projects\EVOX\E2eTesting\EVOX Code-Git\evox-app-e2e\client\src\store\reducers\dtr\dtrConflictReducer.js
FN:14,(anonymous_0)
FNF:1
FNH:1
FNDA:329,(anonymous_0)
DA:7,56
DA:14,56
DA:15,329
DA:16,329
DA:17,329
DA:24,1
DA:34,0
DA:36,328
DA:38,328
LF:9
LH:8
BRDA:14,0,0,167
BRDA:17,1,0,1
BRDA:17,1,1,328
BRDA:28,2,0,0
BRDA:28,2,1,1
BRDA:29,3,0,0
BRDA:29,3,1,1
BRDA:30,4,0,0
BRDA:30,4,1,1
BRF:9
BRH:6
end_of_record
TN:
SF:C:\DFolder\Projects\EVOX\E2eTesting\EVOX Code-Git\evox-app-e2e\client\src\store\reducers\dtr\dtrLogsReducers.js
FN:10,(anonymous_0)
FNF:1
FNH:1
FNDA:329,(anonymous_0)
DA:5,56
DA:10,56
DA:11,329
DA:12,329
DA:13,329
DA:17,1
DA:21,0
DA:23,328
DA:25,328
LF:9
LH:8
BRDA:10,0,0,167
BRDA:13,1,0,1
BRDA:13,1,1,328
BRF:3
BRH:3
end_of_record
TN:
SF:C:\DFolder\Projects\EVOX\E2eTesting\EVOX Code-Git\evox-app-e2e\client\src\store\reducers\dtr\dtrMultiLogsSummaryReducers.js
FN:14,(anonymous_0)
FN:48,processItems
FNF:2
FNH:1
FNDA:330,(anonymous_0)
FNDA:0,processItems
DA:7,56
DA:14,56
DA:15,330
DA:16,330
DA:17,330
DA:19,1
DA:24,0
DA:26,1
DA:27,1
DA:28,1
DA:29,1
DA:30,1
DA:31,1
DA:32,1
DA:43,328
DA:45,328
DA:49,0
DA:50,0
DA:51,0
DA:53,0
DA:56,0
LF:21
LH:15
BRDA:14,0,0,168
BRDA:17,1,0,1
BRDA:17,1,1,1
BRDA:17,1,2,328
BRDA:50,2,0,0
BRDA:50,2,1,0
BRF:6
BRH:4
end_of_record
TN:
SF:C:\DFolder\Projects\EVOX\E2eTesting\EVOX Code-Git\evox-app-e2e\client\src\store\reducers\dtr\dtrReducers.js
FN:22,(anonymous_0)
FNF:1
FNH:1
FNDA:337,(anonymous_0)
DA:5,56
DA:22,56
DA:23,337
DA:24,337
DA:25,337
DA:30,1
DA:35,1
DA:37,1
DA:42,1
DA:45,1
DA:50,1
DA:53,1
DA:58,1
DA:62,1
DA:70,1
DA:73,1
DA:74,1
DA:77,0
DA:80,1
DA:84,0
DA:87,1
DA:91,0
DA:93,1
DA:98,0
DA:101,328
DA:103,333
LF:26
LH:22
BRDA:22,0,0,175
BRDA:25,1,0,1
BRDA:25,1,1,1
BRDA:25,1,2,1
BRDA:25,1,3,1
BRDA:25,1,4,1
BRDA:25,1,5,1
BRDA:25,1,6,1
BRDA:25,1,7,1
BRDA:25,1,8,1
BRDA:25,1,9,328
BRF:11
BRH:11
end_of_record
TN:
SF:C:\DFolder\Projects\EVOX\E2eTesting\EVOX Code-Git\evox-app-e2e\client\src\store\reducers\dtr\dtrSummaryReducers.js
FN:14,(anonymous_0)
FN:115,processItems
FNF:2
FNH:2
FNDA:336,(anonymous_0)
FNDA:2,processItems
DA:7,56
DA:14,56
DA:15,336
DA:16,336
DA:17,336
DA:24,1
DA:25,1
DA:35,0
DA:37,2
DA:47,0
DA:49,1
DA:50,1
DA:51,1
DA:52,1
DA:53,1
DA:54,1
DA:55,1
DA:66,1
DA:67,1
DA:68,1
DA:69,1
DA:70,1
DA:71,1
DA:72,1
DA:82,0
DA:83,0
DA:86,2
DA:96,0
DA:98,1
DA:108,0
DA:110,328
DA:112,328
DA:116,2
DA:117,2
DA:118,1
DA:120,1
DA:123,2
LF:37
LH:31
BRDA:14,0,0,173
BRDA:17,1,0,1
BRDA:17,1,1,2
BRDA:17,1,2,1
BRDA:17,1,3,1
BRDA:17,1,4,2
BRDA:17,1,5,1
BRDA:17,1,6,328
BRDA:41,2,0,1
BRDA:41,2,1,1
BRDA:42,3,0,1
BRDA:42,3,1,1
BRDA:43,4,0,1
BRDA:43,4,1,1
BRDA:90,5,0,1
BRDA:90,5,1,1
BRDA:91,6,0,1
BRDA:91,6,1,1
BRDA:92,7,0,1
BRDA:92,7,1,1
BRDA:102,8,0,0
BRDA:102,8,1,1
BRDA:103,9,0,0
BRDA:103,9,1,1
BRDA:104,10,0,0
BRDA:104,10,1,1
BRDA:117,11,0,1
BRDA:117,11,1,1
BRF:28
BRH:25
end_of_record
TN:
SF:C:\DFolder\Projects\EVOX\E2eTesting\EVOX Code-Git\evox-app-e2e\client\src\store\reducers\filters\dpaListReducers.js
FN:10,(anonymous_0)
FNF:1
FNH:1
FNDA:330,(anonymous_0)
DA:5,56
DA:10,56
DA:11,330
DA:12,330
DA:13,330
DA:16,1
DA:20,0
DA:23,1
DA:27,0
DA:32,328
DA:34,328
LF:11
LH:9
BRDA:10,0,0,168
BRDA:13,1,0,1
BRDA:13,1,1,1
BRDA:13,1,2,328
BRF:4
BRH:4
end_of_record
TN:
SF:C:\DFolder\Projects\EVOX\E2eTesting\EVOX Code-Git\evox-app-e2e\client\src\store\reducers\filters\myDepartmentsTeamsListReducers.js
FN:14,(anonymous_0)
FNF:1
FNH:1
FNDA:332,(anonymous_0)
DA:5,56
DA:14,56
DA:15,332
DA:16,332
DA:17,332
DA:19,1
DA:23,0
DA:25,1
DA:29,0
DA:31,1
DA:35,0
DA:37,1
DA:45,328
DA:47,328
LF:14
LH:11
BRDA:14,0,0,170
BRDA:17,1,0,1
BRDA:17,1,1,1
BRDA:17,1,2,1
BRDA:17,1,3,1
BRDA:17,1,4,328
BRF:6
BRH:6
end_of_record
TN:
SF:C:\DFolder\Projects\EVOX\E2eTesting\EVOX Code-Git\evox-app-e2e\client\src\store\reducers\filters\myDisputeRequestListReducers.js
FN:14,(anonymous_0)
FNF:1
FNH:1
FNDA:329,(anonymous_0)
DA:6,56
DA:14,56
DA:15,329
DA:16,329
DA:17,329
DA:19,1
DA:25,0
DA:28,328
DA:30,328
LF:9
LH:8
BRDA:14,0,0,167
BRDA:17,1,0,1
BRDA:17,1,1,328
BRF:3
BRH:3
end_of_record
TN:
SF:C:\DFolder\Projects\EVOX\E2eTesting\EVOX Code-Git\evox-app-e2e\client\src\store\reducers\filters\myRequestListReducers.js
FN:14,(anonymous_0)
FNF:1
FNH:1
FNDA:332,(anonymous_0)
DA:6,56
DA:14,56
DA:15,332
DA:16,332
DA:17,332
DA:25,1
DA:31,0
DA:34,1
DA:39,0
DA:41,1
DA:46,0
DA:49,1
DA:53,0
DA:56,328
DA:58,328
LF:15
LH:11
BRDA:14,0,0,170
BRDA:17,1,0,1
BRDA:17,1,1,1
BRDA:17,1,2,1
BRDA:17,1,3,1
BRDA:17,1,4,328
BRF:6
BRH:6
end_of_record
TN:
SF:C:\DFolder\Projects\EVOX\E2eTesting\EVOX Code-Git\evox-app-e2e\client\src\store\reducers\filters\myTeamListReducers.js
FN:15,(anonymous_0)
FNF:1
FNH:1
FNDA:340,(anonymous_0)
DA:5,57
DA:15,57
DA:16,340
DA:17,340
DA:18,340
DA:20,2
DA:24,0
DA:26,2
DA:30,0
DA:32,2
DA:36,0
DA:38,2
DA:44,2
DA:52,330
DA:54,330
LF:15
LH:12
BRDA:15,0,0,172
BRDA:18,1,0,2
BRDA:18,1,1,2
BRDA:18,1,2,2
BRDA:18,1,3,2
BRDA:18,1,4,2
BRDA:18,1,5,330
BRF:7
BRH:7
end_of_record
TN:
SF:C:\DFolder\Projects\EVOX\E2eTesting\EVOX Code-Git\evox-app-e2e\client\src\store\reducers\filters\myTeamRequestListReducers.js
FN:16,(anonymous_0)
FNF:1
FNH:1
FNDA:344,(anonymous_0)
DA:5,57
DA:16,57
DA:17,344
DA:18,344
DA:19,344
DA:26,2
DA:36,0
DA:39,4
DA:49,0
DA:51,2
DA:56,0
DA:59,2
DA:63,0
DA:67,2
DA:71,0
DA:73,2
DA:77,0
DA:80,330
DA:82,330
LF:19
LH:13
BRDA:16,0,0,174
BRDA:19,1,0,2
BRDA:19,1,1,4
BRDA:19,1,2,2
BRDA:19,1,3,2
BRDA:19,1,4,2
BRDA:19,1,5,2
BRDA:19,1,6,330
BRDA:39,2,0,2
BRDA:39,2,1,2
BRF:10
BRH:10
end_of_record
TN:
SF:C:\DFolder\Projects\EVOX\E2eTesting\EVOX Code-Git\evox-app-e2e\client\src\store\reducers\freshservice\freshServiceReducers.js
FN:10,(anonymous_0)
FNF:1
FNH:1
FNDA:334,(anonymous_0)
DA:5,57
DA:10,57
DA:11,334
DA:12,334
DA:13,334
DA:18,33
DA:25,0
DA:29,7
DA:33,0
DA:35,294
DA:37,294
LF:11
LH:9
BRDA:10,0,0,168
BRDA:13,1,0,33
BRDA:13,1,1,7
BRDA:13,1,2,294
BRF:4
BRH:4
end_of_record
TN:
SF:C:\DFolder\Projects\EVOX\E2eTesting\EVOX Code-Git\evox-app-e2e\client\src\store\reducers\hr\hrAnnouncementReducers.js
FN:12,(anonymous_0)
FNF:1
FNH:1
FNDA:331,(anonymous_0)
DA:5,56
DA:12,56
DA:13,331
DA:14,331
DA:15,331
DA:19,1
DA:24,0
DA:28,1
DA:32,0
DA:36,1
DA:42,328
DA:44,328
LF:12
LH:10
BRDA:12,0,0,168
BRDA:15,1,0,1
BRDA:15,1,1,1
BRDA:15,1,2,1
BRDA:15,1,3,328
BRF:5
BRH:5
end_of_record
TN:
SF:C:\DFolder\Projects\EVOX\E2eTesting\EVOX Code-Git\evox-app-e2e\client\src\store\reducers\lookup\lookupListReducers.js
FN:9,(anonymous_0)
FN:25,(anonymous_1)
FNF:2
FNH:2
FNDA:340,(anonymous_0)
FNDA:1,(anonymous_1)
DA:5,56
DA:9,56
DA:10,340
DA:11,340
DA:12,340
DA:16,1
DA:20,1
DA:21,1
DA:25,1
DA:27,1
DA:29,1
DA:32,1
DA:36,7
DA:40,7
DA:44,1
DA:48,1
DA:52,1
DA:56,1
DA:61,1
DA:65,1
DA:70,1
DA:74,1
DA:78,1
DA:82,1
DA:86,1
DA:90,1
DA:94,1
DA:98,1
DA:102,1
DA:106,1
DA:112,1
DA:116,1
DA:133,340
LF:33
LH:33
BRDA:9,0,0,177
BRDA:12,1,0,1
BRDA:12,1,1,1
BRDA:12,1,2,7
BRDA:12,1,3,1
BRDA:12,1,4,1
BRDA:12,1,5,1
BRDA:12,1,6,1
BRDA:12,1,7,1
BRDA:12,1,8,1
BRDA:12,1,9,1
BRDA:12,1,10,1
BRDA:12,1,11,1
BRF:13
BRH:13
end_of_record
TN:
SF:C:\DFolder\Projects\EVOX\E2eTesting\EVOX Code-Git\evox-app-e2e\client\src\store\reducers\neo\neoReducers.js
FN:10,(anonymous_0)
FNF:1
FNH:1
FNDA:331,(anonymous_0)
DA:5,56
DA:10,56
DA:11,331
DA:12,331
DA:13,331
DA:18,1
DA:23,0
DA:26,1
DA:31,0
DA:34,1
DA:40,0
DA:43,328
DA:45,328
LF:13
LH:10
BRDA:10,0,0,169
BRDA:13,1,0,1
BRDA:13,1,1,1
BRDA:13,1,2,1
BRDA:13,1,3,328
BRF:5
BRH:5
end_of_record
TN:
SF:C:\DFolder\Projects\EVOX\E2eTesting\EVOX Code-Git\evox-app-e2e\client\src\store\reducers\opsschedule\opsScheduleReducers.js
FN:10,(anonymous_0)
FNF:1
FNH:1
FNDA:340,(anonymous_0)
DA:5,57
DA:10,57
DA:11,340
DA:12,340
DA:13,340
DA:18,4
DA:23,0
DA:25,2
DA:30,0
DA:32,2
DA:35,0
DA:39,2
DA:43,0
DA:45,330
DA:47,330
LF:15
LH:11
BRDA:10,0,0,171
BRDA:13,1,0,4
BRDA:13,1,1,2
BRDA:13,1,2,2
BRDA:13,1,3,2
BRDA:13,1,4,330
BRDA:21,2,0,2
BRDA:21,2,1,2
BRF:8
BRH:8
end_of_record
TN:
SF:C:\DFolder\Projects\EVOX\E2eTesting\EVOX Code-Git\evox-app-e2e\client\src\store\reducers\profile\profileReducer.js
FN:22,(anonymous_0)
FNF:1
FNH:1
FNDA:357,(anonymous_0)
DA:5,57
DA:22,57
DA:23,357
DA:24,357
DA:25,357
DA:28,2
DA:33,0
DA:36,2
DA:40,0
DA:43,2
DA:48,0
DA:52,2
DA:56,0
DA:60,2
DA:64,0
DA:68,2
DA:72,0
DA:76,2
DA:80,0
DA:84,2
DA:88,0
DA:92,2
DA:96,0
DA:100,2
DA:104,0
DA:108,2
DA:113,0
DA:117,2
DA:121,0
DA:125,2
DA:129,0
DA:131,2
DA:135,0
DA:141,329
DA:143,329
LF:35
LH:21
BRDA:22,0,0,180
BRDA:25,1,0,2
BRDA:25,1,1,2
BRDA:25,1,2,2
BRDA:25,1,3,2
BRDA:25,1,4,2
BRDA:25,1,5,2
BRDA:25,1,6,2
BRDA:25,1,7,2
BRDA:25,1,8,2
BRDA:25,1,9,2
BRDA:25,1,10,2
BRDA:25,1,11,2
BRDA:25,1,12,2
BRDA:25,1,13,2
BRDA:25,1,14,329
BRF:16
BRH:16
end_of_record
TN:
SF:C:\DFolder\Projects\EVOX\E2eTesting\EVOX Code-Git\evox-app-e2e\client\src\store\reducers\report\reportReducers.js
FN:11,(anonymous_0)
FNF:1
FNH:1
FNDA:331,(anonymous_0)
DA:5,56
DA:11,56
DA:12,331
DA:13,331
DA:14,331
DA:17,1
DA:21,1
DA:23,1
DA:27,1
DA:29,1
DA:33,1
DA:35,328
DA:37,331
LF:13
LH:13
BRDA:11,0,0,169
BRDA:14,1,0,1
BRDA:14,1,1,1
BRDA:14,1,2,1
BRDA:14,1,3,328
BRF:5
BRH:5
end_of_record
TN:
SF:C:\DFolder\Projects\EVOX\E2eTesting\EVOX Code-Git\evox-app-e2e\client\src\store\reducers\requests\alterLogPunchReducers.js
FN:10,(anonymous_0)
FNF:1
FNH:1
FNDA:331,(anonymous_0)
DA:5,56
DA:10,56
DA:11,331
DA:12,331
DA:13,331
DA:20,1
DA:21,1
DA:25,0
DA:29,1
DA:35,0
DA:39,1
DA:43,0
DA:46,328
DA:48,328
LF:14
LH:11
BRDA:10,0,0,167
BRDA:13,1,0,1
BRDA:13,1,1,1
BRDA:13,1,2,1
BRDA:13,1,3,328
BRF:5
BRH:5
end_of_record
TN:
SF:C:\DFolder\Projects\EVOX\E2eTesting\EVOX Code-Git\evox-app-e2e\client\src\store\reducers\requests\alterLogReducers.js
FN:10,(anonymous_0)
FNF:1
FNH:1
FNDA:331,(anonymous_0)
DA:5,56
DA:10,56
DA:11,331
DA:12,331
DA:13,331
DA:20,1
DA:24,0
DA:28,1
DA:34,0
DA:38,1
DA:42,0
DA:45,328
DA:47,328
LF:13
LH:10
BRDA:10,0,0,167
BRDA:13,1,0,1
BRDA:13,1,1,1
BRDA:13,1,2,1
BRDA:13,1,3,328
BRF:5
BRH:5
end_of_record
TN:
SF:C:\DFolder\Projects\EVOX\E2eTesting\EVOX Code-Git\evox-app-e2e\client\src\store\reducers\requests\changeScheduleReducers.js
FN:10,(anonymous_0)
FNF:1
FNH:1
FNDA:331,(anonymous_0)
DA:5,56
DA:10,56
DA:11,331
DA:12,331
DA:13,331
DA:20,1
DA:24,0
DA:28,1
DA:34,0
DA:38,1
DA:42,0
DA:45,328
DA:47,328
LF:13
LH:10
BRDA:10,0,0,167
BRDA:13,1,0,1
BRDA:13,1,1,1
BRDA:13,1,2,1
BRDA:13,1,3,328
BRF:5
BRH:5
end_of_record
TN:
SF:C:\DFolder\Projects\EVOX\E2eTesting\EVOX Code-Git\evox-app-e2e\client\src\store\reducers\requests\coeReducers.js
FN:10,(anonymous_0)
FNF:1
FNH:1
FNDA:330,(anonymous_0)
DA:5,56
DA:10,56
DA:11,330
DA:12,330
DA:13,330
DA:18,1
DA:22,0
DA:24,1
DA:27,1
DA:28,1
DA:29,1
DA:30,1
DA:31,1
DA:32,1
DA:33,0
DA:35,328
DA:37,328
LF:17
LH:15
BRDA:10,0,0,167
BRDA:13,1,0,1
BRDA:13,1,1,1
BRDA:13,1,2,328
BRF:4
BRH:4
end_of_record
TN:
SF:C:\DFolder\Projects\EVOX\E2eTesting\EVOX Code-Git\evox-app-e2e\client\src\store\reducers\requests\overtimeReducers.js
FN:10,(anonymous_0)
FNF:1
FNH:1
FNDA:331,(anonymous_0)
DA:5,56
DA:10,56
DA:11,331
DA:12,331
DA:13,331
DA:18,1
DA:22,0
DA:24,1
DA:27,0
DA:31,1
DA:35,0
DA:37,328
DA:39,328
LF:13
LH:10
BRDA:10,0,0,168
BRDA:13,1,0,1
BRDA:13,1,1,1
BRDA:13,1,2,1
BRDA:13,1,3,328
BRF:5
BRH:5
end_of_record
TN:
SF:C:\DFolder\Projects\EVOX\E2eTesting\EVOX Code-Git\evox-app-e2e\client\src\store\reducers\requests\restDayWorkReducers.js
FN:10,(anonymous_0)
FNF:1
FNH:1
FNDA:331,(anonymous_0)
DA:5,56
DA:10,56
DA:11,331
DA:12,331
DA:13,331
DA:17,1
DA:21,0
DA:25,1
DA:31,0
DA:35,1
DA:39,0
DA:42,328
DA:44,328
LF:13
LH:10
BRDA:10,0,0,167
BRDA:13,1,0,1
BRDA:13,1,1,1
BRDA:13,1,2,1
BRDA:13,1,3,328
BRF:5
BRH:5
end_of_record
TN:
SF:C:\DFolder\Projects\EVOX\E2eTesting\EVOX Code-Git\evox-app-e2e\client\src\store\reducers\schedule\scheduleReducers.js
FN:15,(anonymous_0)
FNF:1
FNH:1
FNDA:334,(anonymous_0)
DA:5,56
DA:15,56
DA:16,334
DA:17,334
DA:18,334
DA:23,1
DA:24,1
DA:30,0
DA:32,1
DA:33,1
DA:41,0
DA:43,1
DA:44,1
DA:49,0
DA:51,1
DA:52,1
DA:57,0
DA:59,1
DA:63,0
DA:66,1
DA:67,1
DA:70,0
DA:75,328
DA:77,328
LF:24
LH:18
BRDA:15,0,0,172
BRDA:18,1,0,1
BRDA:18,1,1,1
BRDA:18,1,2,1
BRDA:18,1,3,1
BRDA:18,1,4,1
BRDA:18,1,5,1
BRDA:18,1,6,328
BRF:8
BRH:8
end_of_record
TN:
SF:C:\DFolder\Projects\EVOX\E2eTesting\EVOX Code-Git\evox-app-e2e\client\src\store\reducers\schedule\teamSchedule.js
FN:12,(anonymous_0)
FNF:1
FNH:1
FNDA:347,(anonymous_0)
DA:5,57
DA:12,57
DA:13,347
DA:14,347
DA:15,347
DA:17,2
DA:21,0
DA:23,2
DA:27,0
DA:29,2
DA:38,2
DA:39,2
DA:40,2
DA:42,2
DA:52,2
DA:62,2
DA:66,0
DA:68,2
DA:76,331
DA:78,331
LF:20
LH:17
BRDA:12,0,0,175
BRDA:15,1,0,2
BRDA:15,1,1,2
BRDA:15,1,2,2
BRDA:15,1,3,2
BRDA:15,1,4,2
BRDA:15,1,5,2
BRDA:15,1,6,2
BRDA:15,1,7,2
BRDA:15,1,8,331
BRF:10
BRH:10
end_of_record
TN:
SF:C:\DFolder\Projects\EVOX\E2eTesting\EVOX Code-Git\evox-app-e2e\client\src\store\reducers\settings\alertReducers.js
FN:16,(anonymous_0)
FNF:1
FNH:1
FNDA:333,(anonymous_0)
DA:5,56
DA:16,56
DA:17,333
DA:19,333
DA:25,2
DA:26,2
DA:27,1
DA:36,1
DA:45,2
DA:46,0
DA:48,1
DA:50,1
DA:59,1
DA:60,0
DA:62,1
DA:63,0
DA:65,1
DA:69,0
DA:73,328
DA:75,328
LF:20
LH:16
BRDA:16,0,0,169
BRDA:19,1,0,2
BRDA:19,1,1,1
BRDA:19,1,2,1
BRDA:19,1,3,1
BRDA:19,1,4,328
BRDA:26,2,0,1
BRDA:26,2,1,1
BRDA:30,3,0,0
BRDA:30,3,1,1
BRDA:31,4,0,1
BRDA:31,4,1,0
BRDA:31,5,0,0
BRDA:31,5,1,0
BRDA:32,6,0,0
BRDA:32,6,1,1
BRDA:33,7,0,1
BRDA:33,7,1,0
BRDA:39,8,0,1
BRDA:39,8,1,0
BRDA:40,9,0,0
BRDA:40,9,1,1
BRDA:41,10,0,0
BRDA:41,10,1,1
BRDA:42,11,0,1
BRDA:42,11,1,0
BRDA:54,12,0,1
BRDA:54,12,1,0
BRDA:55,13,0,0
BRDA:55,13,1,1
BRDA:56,14,0,1
BRDA:56,14,1,0
BRF:32
BRH:19
end_of_record
TN:
SF:C:\DFolder\Projects\EVOX\E2eTesting\EVOX Code-Git\evox-app-e2e\client\src\store\reducers\settings\constantReducers.js
FN:7,(anonymous_0)
FNF:1
FNH:1
FNDA:329,(anonymous_0)
DA:5,56
DA:7,56
DA:8,329
DA:9,329
DA:10,329
DA:16,1
DA:19,0
DA:23,328
DA:25,328
LF:9
LH:8
BRDA:7,0,0,167
BRDA:10,1,0,1
BRDA:10,1,1,328
BRF:3
BRH:3
end_of_record
TN:
SF:C:\DFolder\Projects\EVOX\E2eTesting\EVOX Code-Git\evox-app-e2e\client\src\store\reducers\settings\currentActionReducers.js
FN:7,(anonymous_0)
FNF:1
FNH:1
FNDA:2,(anonymous_0)
DA:5,1
DA:7,1
DA:8,2
DA:9,2
DA:10,2
DA:16,1
DA:19,0
DA:23,1
DA:25,1
LF:9
LH:8
BRDA:7,0,0,2
BRDA:10,1,0,1
BRDA:10,1,1,1
BRF:3
BRH:3
end_of_record
TN:
SF:C:\DFolder\Projects\EVOX\E2eTesting\EVOX Code-Git\evox-app-e2e\client\src\store\reducers\settings\modalLoginReducer.js
FN:9,(anonymous_0)
FNF:1
FNH:1
FNDA:330,(anonymous_0)
DA:5,56
DA:9,56
DA:10,330
DA:12,330
DA:18,1
DA:22,1
DA:23,0
DA:26,1
DA:28,1
DA:31,328
DA:33,329
LF:11
LH:10
BRDA:9,0,0,167
BRDA:12,1,0,1
BRDA:12,1,1,1
BRDA:12,1,2,328
BRF:4
BRH:4
end_of_record
TN:
SF:C:\DFolder\Projects\EVOX\E2eTesting\EVOX Code-Git\evox-app-e2e\client\src\store\reducers\settings\pageReducers.js
FN:10,(anonymous_0)
FNF:1
FNH:1
FNDA:332,(anonymous_0)
DA:5,56
DA:10,56
DA:11,332
DA:12,332
DA:13,332
DA:19,1
DA:20,1
DA:23,0
DA:25,1
DA:26,1
DA:29,0
DA:36,1
DA:37,1
DA:40,0
DA:42,1
DA:43,1
DA:46,0
DA:50,328
DA:52,328
LF:19
LH:15
BRDA:10,0,0,168
BRDA:13,1,0,1
BRDA:13,1,1,1
BRDA:13,1,2,1
BRDA:13,1,3,1
BRDA:13,1,4,328
BRF:6
BRH:6
end_of_record
TN:
SF:C:\DFolder\Projects\EVOX\E2eTesting\EVOX Code-Git\evox-app-e2e\client\src\store\reducers\settings\redirectReducers.js
FN:10,(anonymous_0)
FNF:1
FNH:1
FNDA:331,(anonymous_0)
DA:5,56
DA:10,56
DA:11,331
DA:12,331
DA:13,331
DA:17,2
DA:21,0
DA:23,1
DA:24,0
DA:26,328
DA:28,328
LF:11
LH:9
BRDA:10,0,0,168
BRDA:13,1,0,2
BRDA:13,1,1,1
BRDA:13,1,2,328
BRDA:19,2,0,1
BRDA:19,2,1,1
BRF:6
BRH:6
end_of_record
TN:
SF:C:\DFolder\Projects\EVOX\E2eTesting\EVOX Code-Git\evox-app-e2e\client\src\store\reducers\settings\settingsReducers.js
FN:7,(anonymous_0)
FNF:1
FNH:1
FNDA:329,(anonymous_0)
DA:5,58
DA:7,58
DA:8,329
DA:9,329
DA:10,329
DA:16,1
DA:19,0
DA:23,328
DA:25,328
LF:9
LH:8
BRDA:7,0,0,167
BRDA:10,1,0,1
BRDA:10,1,1,328
BRF:3
BRH:3
end_of_record
TN:
SF:C:\DFolder\Projects\EVOX\E2eTesting\EVOX Code-Git\evox-app-e2e\client\src\store\reducers\user\userReducers.js
FN:11,(anonymous_0)
FN:95,(anonymous_1)
FN:96,(anonymous_2)
FN:104,(anonymous_3)
FN:111,(anonymous_4)
FNF:5
FNH:1
FNDA:424,(anonymous_0)
FNDA:0,(anonymous_1)
FNDA:0,(anonymous_2)
FNDA:0,(anonymous_3)
FNDA:0,(anonymous_4)
DA:7,58
DA:11,58
DA:12,424
DA:13,424
DA:14,424
DA:20,10
DA:22,10
DA:23,10
DA:24,10
DA:25,10
DA:28,10
DA:32,0
DA:39,4
DA:40,4
DA:41,4
DA:42,4
DA:43,4
DA:47,0
DA:49,4
DA:50,4
DA:53,0
DA:57,30
DA:58,30
DA:59,30
DA:60,30
DA:61,30
DA:62,30
DA:66,0
DA:70,5
DA:74,0
DA:78,4
DA:82,0
DA:86,14
DA:87,6
DA:92,8
DA:95,0
DA:96,0
DA:99,0
DA:102,0
DA:103,0
DA:104,0
DA:110,0
DA:111,0
DA:114,0
DA:117,0
DA:120,5
DA:125,0
DA:128,4
DA:133,0
DA:136,4
DA:140,0
DA:144,4
DA:145,4
DA:148,0
DA:151,4
DA:157,0
DA:160,0
DA:166,0
DA:169,4
DA:174,0
DA:177,4
DA:181,0
DA:184,4
DA:189,0
DA:192,4
DA:196,0
DA:199,4
DA:204,0
DA:207,4
DA:211,0
DA:214,4
DA:219,0
DA:222,4
DA:226,0
DA:232,300
DA:234,308
LF:76
LH:45
BRDA:11,0,0,171
BRDA:14,1,0,10
BRDA:14,1,1,4
BRDA:14,1,2,4
BRDA:14,1,3,30
BRDA:14,1,4,5
BRDA:14,1,5,4
BRDA:14,1,6,14
BRDA:14,1,7,0
BRDA:14,1,8,5
BRDA:14,1,9,4
BRDA:14,1,10,4
BRDA:14,1,11,4
BRDA:14,1,12,4
BRDA:14,1,13,0
BRDA:14,1,14,4
BRDA:14,1,15,4
BRDA:14,1,16,4
BRDA:14,1,17,4
BRDA:14,1,18,4
BRDA:14,1,19,4
BRDA:14,1,20,4
BRDA:14,1,21,4
BRDA:14,1,22,300
BRDA:86,2,0,6
BRDA:86,2,1,8
BRDA:99,3,0,0
BRDA:99,3,1,0
BRDA:102,4,0,0
BRDA:102,4,1,0
BRDA:104,5,0,0
BRDA:104,5,1,0
BRDA:104,6,0,0
BRDA:104,6,1,0
BRDA:110,7,0,0
BRDA:110,7,1,0
BRF:36
BRH:24
end_of_record
