{"total": {"lines":{"total":11685,"covered":2102,"skipped":0,"pct":17.99},"statements":{"total":11908,"covered":2114,"skipped":0,"pct":17.75},"functions":{"total":3531,"covered":645,"skipped":0,"pct":18.27},"branches":{"total":6710,"covered":931,"skipped":0,"pct":13.87}}
,"C:\\DFolder\\Projects\\EVOX\\E2eTesting\\EVOX Code-Git\\evox-app-e2e\\client\\src\\App.js": {"lines":{"total":22,"covered":0,"skipped":0,"pct":0},"functions":{"total":7,"covered":0,"skipped":0,"pct":0},"statements":{"total":22,"covered":0,"skipped":0,"pct":0},"branches":{"total":16,"covered":0,"skipped":0,"pct":0}}
,"C:\\DFolder\\Projects\\EVOX\\E2eTesting\\EVOX Code-Git\\evox-app-e2e\\client\\src\\index.js": {"lines":{"total":1,"covered":0,"skipped":0,"pct":0},"functions":{"total":0,"covered":0,"skipped":0,"pct":100},"statements":{"total":1,"covered":0,"skipped":0,"pct":0},"branches":{"total":0,"covered":0,"skipped":0,"pct":100}}
,"C:\\DFolder\\Projects\\EVOX\\E2eTesting\\EVOX Code-Git\\evox-app-e2e\\client\\src\\store.js": {"lines":{"total":1,"covered":0,"skipped":0,"pct":0},"functions":{"total":0,"covered":0,"skipped":0,"pct":100},"statements":{"total":1,"covered":0,"skipped":0,"pct":0},"branches":{"total":0,"covered":0,"skipped":0,"pct":100}}
,"C:\\DFolder\\Projects\\EVOX\\E2eTesting\\EVOX Code-Git\\evox-app-e2e\\client\\src\\components\\AssetManagementForm\\AssetManagementForm.js": {"lines":{"total":51,"covered":41,"skipped":0,"pct":80.39},"functions":{"total":17,"covered":12,"skipped":0,"pct":70.59},"statements":{"total":54,"covered":43,"skipped":0,"pct":79.63},"branches":{"total":44,"covered":38,"skipped":0,"pct":86.36}}
,"C:\\DFolder\\Projects\\EVOX\\E2eTesting\\EVOX Code-Git\\evox-app-e2e\\client\\src\\components\\AssetManagementForm\\index.js": {"lines":{"total":0,"covered":0,"skipped":0,"pct":100},"functions":{"total":0,"covered":0,"skipped":0,"pct":100},"statements":{"total":0,"covered":0,"skipped":0,"pct":100},"branches":{"total":0,"covered":0,"skipped":0,"pct":100}}
,"C:\\DFolder\\Projects\\EVOX\\E2eTesting\\EVOX Code-Git\\evox-app-e2e\\client\\src\\components\\AssetManagementForm\\AssetReport\\AssetReport.js": {"lines":{"total":42,"covered":0,"skipped":0,"pct":0},"functions":{"total":16,"covered":0,"skipped":0,"pct":0},"statements":{"total":44,"covered":0,"skipped":0,"pct":0},"branches":{"total":26,"covered":0,"skipped":0,"pct":0}}
,"C:\\DFolder\\Projects\\EVOX\\E2eTesting\\EVOX Code-Git\\evox-app-e2e\\client\\src\\components\\AssetManagementForm\\AssetReport\\index.js": {"lines":{"total":0,"covered":0,"skipped":0,"pct":100},"functions":{"total":0,"covered":0,"skipped":0,"pct":100},"statements":{"total":0,"covered":0,"skipped":0,"pct":100},"branches":{"total":0,"covered":0,"skipped":0,"pct":100}}
,"C:\\DFolder\\Projects\\EVOX\\E2eTesting\\EVOX Code-Git\\evox-app-e2e\\client\\src\\components\\ChangePasswordForm\\ChangePasswordForm.js": {"lines":{"total":22,"covered":0,"skipped":0,"pct":0},"functions":{"total":7,"covered":0,"skipped":0,"pct":0},"statements":{"total":22,"covered":0,"skipped":0,"pct":0},"branches":{"total":19,"covered":0,"skipped":0,"pct":0}}
,"C:\\DFolder\\Projects\\EVOX\\E2eTesting\\EVOX Code-Git\\evox-app-e2e\\client\\src\\components\\ChangePasswordForm\\index.js": {"lines":{"total":0,"covered":0,"skipped":0,"pct":100},"functions":{"total":0,"covered":0,"skipped":0,"pct":100},"statements":{"total":0,"covered":0,"skipped":0,"pct":100},"branches":{"total":0,"covered":0,"skipped":0,"pct":100}}
,"C:\\DFolder\\Projects\\EVOX\\E2eTesting\\EVOX Code-Git\\evox-app-e2e\\client\\src\\components\\ChangePasswordFormComponent\\ChangePasswordFormComponent.js": {"lines":{"total":26,"covered":0,"skipped":0,"pct":0},"functions":{"total":9,"covered":0,"skipped":0,"pct":0},"statements":{"total":27,"covered":0,"skipped":0,"pct":0},"branches":{"total":7,"covered":0,"skipped":0,"pct":0}}
,"C:\\DFolder\\Projects\\EVOX\\E2eTesting\\EVOX Code-Git\\evox-app-e2e\\client\\src\\components\\ChangePasswordFormComponent\\index.js": {"lines":{"total":0,"covered":0,"skipped":0,"pct":100},"functions":{"total":0,"covered":0,"skipped":0,"pct":100},"statements":{"total":0,"covered":0,"skipped":0,"pct":100},"branches":{"total":0,"covered":0,"skipped":0,"pct":100}}
,"C:\\DFolder\\Projects\\EVOX\\E2eTesting\\EVOX Code-Git\\evox-app-e2e\\client\\src\\components\\Dashboard\\BirthdayAnniversary\\BirthdayAnniversary.js": {"lines":{"total":22,"covered":0,"skipped":0,"pct":0},"functions":{"total":10,"covered":0,"skipped":0,"pct":0},"statements":{"total":22,"covered":0,"skipped":0,"pct":0},"branches":{"total":5,"covered":0,"skipped":0,"pct":0}}
,"C:\\DFolder\\Projects\\EVOX\\E2eTesting\\EVOX Code-Git\\evox-app-e2e\\client\\src\\components\\Dashboard\\BirthdayAnniversary\\index.js": {"lines":{"total":0,"covered":0,"skipped":0,"pct":100},"functions":{"total":0,"covered":0,"skipped":0,"pct":100},"statements":{"total":0,"covered":0,"skipped":0,"pct":100},"branches":{"total":0,"covered":0,"skipped":0,"pct":100}}
,"C:\\DFolder\\Projects\\EVOX\\E2eTesting\\EVOX Code-Git\\evox-app-e2e\\client\\src\\components\\Dashboard\\ChangeLogs\\ChangeLogs.js": {"lines":{"total":19,"covered":0,"skipped":0,"pct":0},"functions":{"total":13,"covered":0,"skipped":0,"pct":0},"statements":{"total":20,"covered":0,"skipped":0,"pct":0},"branches":{"total":6,"covered":0,"skipped":0,"pct":0}}
,"C:\\DFolder\\Projects\\EVOX\\E2eTesting\\EVOX Code-Git\\evox-app-e2e\\client\\src\\components\\Dashboard\\ChangeLogs\\index.js": {"lines":{"total":0,"covered":0,"skipped":0,"pct":100},"functions":{"total":0,"covered":0,"skipped":0,"pct":100},"statements":{"total":0,"covered":0,"skipped":0,"pct":100},"branches":{"total":0,"covered":0,"skipped":0,"pct":100}}
,"C:\\DFolder\\Projects\\EVOX\\E2eTesting\\EVOX Code-Git\\evox-app-e2e\\client\\src\\components\\Dashboard\\DashboardAnnouncements-OLD\\DashboardAnnouncements.js": {"lines":{"total":0,"covered":0,"skipped":0,"pct":100},"functions":{"total":0,"covered":0,"skipped":0,"pct":100},"statements":{"total":0,"covered":0,"skipped":0,"pct":100},"branches":{"total":0,"covered":0,"skipped":0,"pct":100}}
,"C:\\DFolder\\Projects\\EVOX\\E2eTesting\\EVOX Code-Git\\evox-app-e2e\\client\\src\\components\\Dashboard\\DashboardAnnouncements-OLD\\index.js": {"lines":{"total":0,"covered":0,"skipped":0,"pct":100},"functions":{"total":0,"covered":0,"skipped":0,"pct":100},"statements":{"total":0,"covered":0,"skipped":0,"pct":100},"branches":{"total":0,"covered":0,"skipped":0,"pct":100}}
,"C:\\DFolder\\Projects\\EVOX\\E2eTesting\\EVOX Code-Git\\evox-app-e2e\\client\\src\\components\\Dashboard\\DashboardAnnouncementsList\\DashboardAnnouncementsList.js": {"lines":{"total":62,"covered":53,"skipped":0,"pct":85.48},"functions":{"total":25,"covered":18,"skipped":0,"pct":72},"statements":{"total":64,"covered":55,"skipped":0,"pct":85.94},"branches":{"total":26,"covered":22,"skipped":0,"pct":84.62}}
,"C:\\DFolder\\Projects\\EVOX\\E2eTesting\\EVOX Code-Git\\evox-app-e2e\\client\\src\\components\\Dashboard\\DashboardAnnouncementsList\\index.js": {"lines":{"total":0,"covered":0,"skipped":0,"pct":100},"functions":{"total":0,"covered":0,"skipped":0,"pct":100},"statements":{"total":0,"covered":0,"skipped":0,"pct":100},"branches":{"total":0,"covered":0,"skipped":0,"pct":100}}
,"C:\\DFolder\\Projects\\EVOX\\E2eTesting\\EVOX Code-Git\\evox-app-e2e\\client\\src\\components\\Dashboard\\DashboardTabs\\DashboardTabs.js": {"lines":{"total":25,"covered":0,"skipped":0,"pct":0},"functions":{"total":11,"covered":0,"skipped":0,"pct":0},"statements":{"total":25,"covered":0,"skipped":0,"pct":0},"branches":{"total":18,"covered":0,"skipped":0,"pct":0}}
,"C:\\DFolder\\Projects\\EVOX\\E2eTesting\\EVOX Code-Git\\evox-app-e2e\\client\\src\\components\\Dashboard\\DashboardTabs\\index.js": {"lines":{"total":0,"covered":0,"skipped":0,"pct":100},"functions":{"total":0,"covered":0,"skipped":0,"pct":100},"statements":{"total":0,"covered":0,"skipped":0,"pct":100},"branches":{"total":0,"covered":0,"skipped":0,"pct":100}}
,"C:\\DFolder\\Projects\\EVOX\\E2eTesting\\EVOX Code-Git\\evox-app-e2e\\client\\src\\components\\Dashboard\\DtrNotifications\\DtrNotifications.js": {"lines":{"total":23,"covered":0,"skipped":0,"pct":0},"functions":{"total":9,"covered":0,"skipped":0,"pct":0},"statements":{"total":23,"covered":0,"skipped":0,"pct":0},"branches":{"total":14,"covered":0,"skipped":0,"pct":0}}
,"C:\\DFolder\\Projects\\EVOX\\E2eTesting\\EVOX Code-Git\\evox-app-e2e\\client\\src\\components\\Dashboard\\DtrNotifications\\index.js": {"lines":{"total":0,"covered":0,"skipped":0,"pct":100},"functions":{"total":0,"covered":0,"skipped":0,"pct":100},"statements":{"total":0,"covered":0,"skipped":0,"pct":100},"branches":{"total":0,"covered":0,"skipped":0,"pct":100}}
,"C:\\DFolder\\Projects\\EVOX\\E2eTesting\\EVOX Code-Git\\evox-app-e2e\\client\\src\\components\\Dashboard\\EmployeeDashboard\\EmployeeDashboard.js": {"lines":{"total":14,"covered":0,"skipped":0,"pct":0},"functions":{"total":5,"covered":0,"skipped":0,"pct":0},"statements":{"total":14,"covered":0,"skipped":0,"pct":0},"branches":{"total":2,"covered":0,"skipped":0,"pct":0}}
,"C:\\DFolder\\Projects\\EVOX\\E2eTesting\\EVOX Code-Git\\evox-app-e2e\\client\\src\\components\\Dashboard\\EmployeeDashboard\\index.js": {"lines":{"total":0,"covered":0,"skipped":0,"pct":100},"functions":{"total":0,"covered":0,"skipped":0,"pct":100},"statements":{"total":0,"covered":0,"skipped":0,"pct":100},"branches":{"total":0,"covered":0,"skipped":0,"pct":100}}
,"C:\\DFolder\\Projects\\EVOX\\E2eTesting\\EVOX Code-Git\\evox-app-e2e\\client\\src\\components\\Dashboard\\Engagement\\Engagement.js": {"lines":{"total":2,"covered":0,"skipped":0,"pct":0},"functions":{"total":1,"covered":0,"skipped":0,"pct":0},"statements":{"total":2,"covered":0,"skipped":0,"pct":0},"branches":{"total":0,"covered":0,"skipped":0,"pct":100}}
,"C:\\DFolder\\Projects\\EVOX\\E2eTesting\\EVOX Code-Git\\evox-app-e2e\\client\\src\\components\\Dashboard\\Engagement\\index.js": {"lines":{"total":0,"covered":0,"skipped":0,"pct":100},"functions":{"total":0,"covered":0,"skipped":0,"pct":100},"statements":{"total":0,"covered":0,"skipped":0,"pct":100},"branches":{"total":0,"covered":0,"skipped":0,"pct":100}}
,"C:\\DFolder\\Projects\\EVOX\\E2eTesting\\EVOX Code-Git\\evox-app-e2e\\client\\src\\components\\Dashboard\\HandlerDashboard\\HandlerDashboard.js": {"lines":{"total":34,"covered":0,"skipped":0,"pct":0},"functions":{"total":14,"covered":0,"skipped":0,"pct":0},"statements":{"total":35,"covered":0,"skipped":0,"pct":0},"branches":{"total":19,"covered":0,"skipped":0,"pct":0}}
,"C:\\DFolder\\Projects\\EVOX\\E2eTesting\\EVOX Code-Git\\evox-app-e2e\\client\\src\\components\\Dashboard\\HandlerDashboard\\index.js": {"lines":{"total":0,"covered":0,"skipped":0,"pct":100},"functions":{"total":0,"covered":0,"skipped":0,"pct":100},"statements":{"total":0,"covered":0,"skipped":0,"pct":100},"branches":{"total":0,"covered":0,"skipped":0,"pct":100}}
,"C:\\DFolder\\Projects\\EVOX\\E2eTesting\\EVOX Code-Git\\evox-app-e2e\\client\\src\\components\\Dashboard\\Holiday\\Holiday.js": {"lines":{"total":9,"covered":0,"skipped":0,"pct":0},"functions":{"total":6,"covered":0,"skipped":0,"pct":0},"statements":{"total":9,"covered":0,"skipped":0,"pct":0},"branches":{"total":2,"covered":0,"skipped":0,"pct":0}}
,"C:\\DFolder\\Projects\\EVOX\\E2eTesting\\EVOX Code-Git\\evox-app-e2e\\client\\src\\components\\Dashboard\\Holiday\\index.js": {"lines":{"total":0,"covered":0,"skipped":0,"pct":100},"functions":{"total":0,"covered":0,"skipped":0,"pct":100},"statements":{"total":0,"covered":0,"skipped":0,"pct":100},"branches":{"total":0,"covered":0,"skipped":0,"pct":100}}
,"C:\\DFolder\\Projects\\EVOX\\E2eTesting\\EVOX Code-Git\\evox-app-e2e\\client\\src\\components\\Dashboard\\JobOpenings\\JobOpenings.js": {"lines":{"total":19,"covered":0,"skipped":0,"pct":0},"functions":{"total":9,"covered":0,"skipped":0,"pct":0},"statements":{"total":19,"covered":0,"skipped":0,"pct":0},"branches":{"total":4,"covered":0,"skipped":0,"pct":0}}
,"C:\\DFolder\\Projects\\EVOX\\E2eTesting\\EVOX Code-Git\\evox-app-e2e\\client\\src\\components\\Dashboard\\JobOpenings\\index.js": {"lines":{"total":0,"covered":0,"skipped":0,"pct":100},"functions":{"total":0,"covered":0,"skipped":0,"pct":100},"statements":{"total":0,"covered":0,"skipped":0,"pct":100},"branches":{"total":0,"covered":0,"skipped":0,"pct":100}}
,"C:\\DFolder\\Projects\\EVOX\\E2eTesting\\EVOX Code-Git\\evox-app-e2e\\client\\src\\components\\Dashboard\\PunchComponents\\MultiQuickpunch\\MultiQuickpunch - Copy.js": {"lines":{"total":76,"covered":0,"skipped":0,"pct":0},"functions":{"total":18,"covered":0,"skipped":0,"pct":0},"statements":{"total":76,"covered":0,"skipped":0,"pct":0},"branches":{"total":55,"covered":0,"skipped":0,"pct":0}}
,"C:\\DFolder\\Projects\\EVOX\\E2eTesting\\EVOX Code-Git\\evox-app-e2e\\client\\src\\components\\Dashboard\\PunchComponents\\MultiQuickpunch\\MultiQuickpunch.js": {"lines":{"total":124,"covered":0,"skipped":0,"pct":0},"functions":{"total":26,"covered":0,"skipped":0,"pct":0},"statements":{"total":124,"covered":0,"skipped":0,"pct":0},"branches":{"total":104,"covered":0,"skipped":0,"pct":0}}
,"C:\\DFolder\\Projects\\EVOX\\E2eTesting\\EVOX Code-Git\\evox-app-e2e\\client\\src\\components\\Dashboard\\PunchComponents\\MultiQuickpunch\\index.js": {"lines":{"total":0,"covered":0,"skipped":0,"pct":100},"functions":{"total":0,"covered":0,"skipped":0,"pct":100},"statements":{"total":0,"covered":0,"skipped":0,"pct":100},"branches":{"total":0,"covered":0,"skipped":0,"pct":100}}
,"C:\\DFolder\\Projects\\EVOX\\E2eTesting\\EVOX Code-Git\\evox-app-e2e\\client\\src\\components\\Dashboard\\PunchComponents\\RecentPunch\\RecentPunch.js": {"lines":{"total":29,"covered":0,"skipped":0,"pct":0},"functions":{"total":9,"covered":0,"skipped":0,"pct":0},"statements":{"total":29,"covered":0,"skipped":0,"pct":0},"branches":{"total":27,"covered":0,"skipped":0,"pct":0}}
,"C:\\DFolder\\Projects\\EVOX\\E2eTesting\\EVOX Code-Git\\evox-app-e2e\\client\\src\\components\\Dashboard\\PunchComponents\\RecentPunch\\index.js": {"lines":{"total":0,"covered":0,"skipped":0,"pct":100},"functions":{"total":0,"covered":0,"skipped":0,"pct":100},"statements":{"total":0,"covered":0,"skipped":0,"pct":100},"branches":{"total":0,"covered":0,"skipped":0,"pct":100}}
,"C:\\DFolder\\Projects\\EVOX\\E2eTesting\\EVOX Code-Git\\evox-app-e2e\\client\\src\\components\\Dashboard\\QuickPunch\\QuickPunch.js": {"lines":{"total":28,"covered":15,"skipped":0,"pct":53.57},"functions":{"total":15,"covered":7,"skipped":0,"pct":46.67},"statements":{"total":31,"covered":15,"skipped":0,"pct":48.39},"branches":{"total":13,"covered":6,"skipped":0,"pct":46.15}}
,"C:\\DFolder\\Projects\\EVOX\\E2eTesting\\EVOX Code-Git\\evox-app-e2e\\client\\src\\components\\Dashboard\\QuickPunch\\index.js": {"lines":{"total":0,"covered":0,"skipped":0,"pct":100},"functions":{"total":0,"covered":0,"skipped":0,"pct":100},"statements":{"total":0,"covered":0,"skipped":0,"pct":100},"branches":{"total":0,"covered":0,"skipped":0,"pct":100}}
,"C:\\DFolder\\Projects\\EVOX\\E2eTesting\\EVOX Code-Git\\evox-app-e2e\\client\\src\\components\\Dashboard\\RecentDtr\\RecentDtr.js": {"lines":{"total":50,"covered":37,"skipped":0,"pct":74},"functions":{"total":14,"covered":9,"skipped":0,"pct":64.29},"statements":{"total":51,"covered":37,"skipped":0,"pct":72.55},"branches":{"total":29,"covered":20,"skipped":0,"pct":68.97}}
,"C:\\DFolder\\Projects\\EVOX\\E2eTesting\\EVOX Code-Git\\evox-app-e2e\\client\\src\\components\\Dashboard\\RecentDtr\\index.js": {"lines":{"total":0,"covered":0,"skipped":0,"pct":100},"functions":{"total":0,"covered":0,"skipped":0,"pct":100},"statements":{"total":0,"covered":0,"skipped":0,"pct":100},"branches":{"total":0,"covered":0,"skipped":0,"pct":100}}
,"C:\\DFolder\\Projects\\EVOX\\E2eTesting\\EVOX Code-Git\\evox-app-e2e\\client\\src\\components\\Dashboard\\RecentDtrNav\\RecentDtrNav.js": {"lines":{"total":49,"covered":0,"skipped":0,"pct":0},"functions":{"total":15,"covered":0,"skipped":0,"pct":0},"statements":{"total":50,"covered":0,"skipped":0,"pct":0},"branches":{"total":37,"covered":0,"skipped":0,"pct":0}}
,"C:\\DFolder\\Projects\\EVOX\\E2eTesting\\EVOX Code-Git\\evox-app-e2e\\client\\src\\components\\Dashboard\\RecentDtrNav\\RecentDtrNavcopy.js": {"lines":{"total":50,"covered":0,"skipped":0,"pct":0},"functions":{"total":16,"covered":0,"skipped":0,"pct":0},"statements":{"total":51,"covered":0,"skipped":0,"pct":0},"branches":{"total":39,"covered":0,"skipped":0,"pct":0}}
,"C:\\DFolder\\Projects\\EVOX\\E2eTesting\\EVOX Code-Git\\evox-app-e2e\\client\\src\\components\\Dashboard\\RecentDtrNav\\index.js": {"lines":{"total":0,"covered":0,"skipped":0,"pct":100},"functions":{"total":0,"covered":0,"skipped":0,"pct":100},"statements":{"total":0,"covered":0,"skipped":0,"pct":100},"branches":{"total":0,"covered":0,"skipped":0,"pct":100}}
,"C:\\DFolder\\Projects\\EVOX\\E2eTesting\\EVOX Code-Git\\evox-app-e2e\\client\\src\\components\\Dashboard\\TeamAttendance\\TeamAttendance.js": {"lines":{"total":20,"covered":0,"skipped":0,"pct":0},"functions":{"total":15,"covered":0,"skipped":0,"pct":0},"statements":{"total":20,"covered":0,"skipped":0,"pct":0},"branches":{"total":8,"covered":0,"skipped":0,"pct":0}}
,"C:\\DFolder\\Projects\\EVOX\\E2eTesting\\EVOX Code-Git\\evox-app-e2e\\client\\src\\components\\Dashboard\\TeamAttendance\\index.js": {"lines":{"total":0,"covered":0,"skipped":0,"pct":100},"functions":{"total":0,"covered":0,"skipped":0,"pct":100},"statements":{"total":0,"covered":0,"skipped":0,"pct":100},"branches":{"total":0,"covered":0,"skipped":0,"pct":100}}
,"C:\\DFolder\\Projects\\EVOX\\E2eTesting\\EVOX Code-Git\\evox-app-e2e\\client\\src\\components\\DatePickerComponent\\DatePicker.js": {"lines":{"total":88,"covered":0,"skipped":0,"pct":0},"functions":{"total":33,"covered":0,"skipped":0,"pct":0},"statements":{"total":88,"covered":0,"skipped":0,"pct":0},"branches":{"total":90,"covered":0,"skipped":0,"pct":0}}
,"C:\\DFolder\\Projects\\EVOX\\E2eTesting\\EVOX Code-Git\\evox-app-e2e\\client\\src\\components\\DateReport\\PayrollReportApi.js": {"lines":{"total":10,"covered":0,"skipped":0,"pct":0},"functions":{"total":8,"covered":0,"skipped":0,"pct":0},"statements":{"total":10,"covered":0,"skipped":0,"pct":0},"branches":{"total":0,"covered":0,"skipped":0,"pct":100}}
,"C:\\DFolder\\Projects\\EVOX\\E2eTesting\\EVOX Code-Git\\evox-app-e2e\\client\\src\\components\\DateReport\\ViewReport.js": {"lines":{"total":82,"covered":0,"skipped":0,"pct":0},"functions":{"total":17,"covered":0,"skipped":0,"pct":0},"statements":{"total":84,"covered":0,"skipped":0,"pct":0},"branches":{"total":32,"covered":0,"skipped":0,"pct":0}}
,"C:\\DFolder\\Projects\\EVOX\\E2eTesting\\EVOX Code-Git\\evox-app-e2e\\client\\src\\components\\DateReport\\ViewReportMorocco.js": {"lines":{"total":84,"covered":0,"skipped":0,"pct":0},"functions":{"total":20,"covered":0,"skipped":0,"pct":0},"statements":{"total":86,"covered":0,"skipped":0,"pct":0},"branches":{"total":36,"covered":0,"skipped":0,"pct":0}}
,"C:\\DFolder\\Projects\\EVOX\\E2eTesting\\EVOX Code-Git\\evox-app-e2e\\client\\src\\components\\FreshService\\FreshServiceForm.js": {"lines":{"total":189,"covered":0,"skipped":0,"pct":0},"functions":{"total":56,"covered":0,"skipped":0,"pct":0},"statements":{"total":204,"covered":0,"skipped":0,"pct":0},"branches":{"total":153,"covered":0,"skipped":0,"pct":0}}
,"C:\\DFolder\\Projects\\EVOX\\E2eTesting\\EVOX Code-Git\\evox-app-e2e\\client\\src\\components\\FreshService\\FreshServiceTickets.js": {"lines":{"total":257,"covered":0,"skipped":0,"pct":0},"functions":{"total":72,"covered":0,"skipped":0,"pct":0},"statements":{"total":278,"covered":0,"skipped":0,"pct":0},"branches":{"total":152,"covered":0,"skipped":0,"pct":0}}
,"C:\\DFolder\\Projects\\EVOX\\E2eTesting\\EVOX Code-Git\\evox-app-e2e\\client\\src\\components\\GridComponent\\AdminLte.js": {"lines":{"total":14,"covered":0,"skipped":0,"pct":0},"functions":{"total":7,"covered":0,"skipped":0,"pct":0},"statements":{"total":14,"covered":0,"skipped":0,"pct":0},"branches":{"total":2,"covered":0,"skipped":0,"pct":0}}
,"C:\\DFolder\\Projects\\EVOX\\E2eTesting\\EVOX Code-Git\\evox-app-e2e\\client\\src\\components\\JobReferal\\JobReferalapi.js": {"lines":{"total":18,"covered":0,"skipped":0,"pct":0},"functions":{"total":8,"covered":0,"skipped":0,"pct":0},"statements":{"total":18,"covered":0,"skipped":0,"pct":0},"branches":{"total":4,"covered":0,"skipped":0,"pct":0}}
,"C:\\DFolder\\Projects\\EVOX\\E2eTesting\\EVOX Code-Git\\evox-app-e2e\\client\\src\\components\\JobReferal\\Referalmachanisam.js": {"lines":{"total":2,"covered":0,"skipped":0,"pct":0},"functions":{"total":1,"covered":0,"skipped":0,"pct":0},"statements":{"total":2,"covered":0,"skipped":0,"pct":0},"branches":{"total":0,"covered":0,"skipped":0,"pct":100}}
,"C:\\DFolder\\Projects\\EVOX\\E2eTesting\\EVOX Code-Git\\evox-app-e2e\\client\\src\\components\\JobReferal\\Referjobs.js": {"lines":{"total":146,"covered":0,"skipped":0,"pct":0},"functions":{"total":30,"covered":0,"skipped":0,"pct":0},"statements":{"total":147,"covered":0,"skipped":0,"pct":0},"branches":{"total":76,"covered":0,"skipped":0,"pct":0}}
,"C:\\DFolder\\Projects\\EVOX\\E2eTesting\\EVOX Code-Git\\evox-app-e2e\\client\\src\\components\\MeetingRoomBooking\\Createlocationapi.js": {"lines":{"total":70,"covered":0,"skipped":0,"pct":0},"functions":{"total":36,"covered":0,"skipped":0,"pct":0},"statements":{"total":70,"covered":0,"skipped":0,"pct":0},"branches":{"total":8,"covered":0,"skipped":0,"pct":0}}
,"C:\\DFolder\\Projects\\EVOX\\E2eTesting\\EVOX Code-Git\\evox-app-e2e\\client\\src\\components\\MeetingRoomBooking\\Createroomapi.js": {"lines":{"total":62,"covered":0,"skipped":0,"pct":0},"functions":{"total":28,"covered":0,"skipped":0,"pct":0},"statements":{"total":62,"covered":0,"skipped":0,"pct":0},"branches":{"total":24,"covered":0,"skipped":0,"pct":0}}
,"C:\\DFolder\\Projects\\EVOX\\E2eTesting\\EVOX Code-Git\\evox-app-e2e\\client\\src\\components\\MeetingRoomBooking\\FecthDetailsapi.js": {"lines":{"total":18,"covered":0,"skipped":0,"pct":0},"functions":{"total":12,"covered":0,"skipped":0,"pct":0},"statements":{"total":18,"covered":0,"skipped":0,"pct":0},"branches":{"total":0,"covered":0,"skipped":0,"pct":100}}
,"C:\\DFolder\\Projects\\EVOX\\E2eTesting\\EVOX Code-Git\\evox-app-e2e\\client\\src\\components\\MeetingRoomBooking\\ItRequirementList.js": {"lines":{"total":17,"covered":0,"skipped":0,"pct":0},"functions":{"total":6,"covered":0,"skipped":0,"pct":0},"statements":{"total":17,"covered":0,"skipped":0,"pct":0},"branches":{"total":2,"covered":0,"skipped":0,"pct":0}}
,"C:\\DFolder\\Projects\\EVOX\\E2eTesting\\EVOX Code-Git\\evox-app-e2e\\client\\src\\components\\MeetingRoomBooking\\LocationMaster.js": {"lines":{"total":38,"covered":0,"skipped":0,"pct":0},"functions":{"total":11,"covered":0,"skipped":0,"pct":0},"statements":{"total":38,"covered":0,"skipped":0,"pct":0},"branches":{"total":24,"covered":0,"skipped":0,"pct":0}}
,"C:\\DFolder\\Projects\\EVOX\\E2eTesting\\EVOX Code-Git\\evox-app-e2e\\client\\src\\components\\MeetingRoomBooking\\Locationlist.js": {"lines":{"total":14,"covered":0,"skipped":0,"pct":0},"functions":{"total":4,"covered":0,"skipped":0,"pct":0},"statements":{"total":14,"covered":0,"skipped":0,"pct":0},"branches":{"total":4,"covered":0,"skipped":0,"pct":0}}
,"C:\\DFolder\\Projects\\EVOX\\E2eTesting\\EVOX Code-Git\\evox-app-e2e\\client\\src\\components\\MeetingRoomBooking\\MeetingApprovalapi.js": {"lines":{"total":57,"covered":0,"skipped":0,"pct":0},"functions":{"total":16,"covered":0,"skipped":0,"pct":0},"statements":{"total":57,"covered":0,"skipped":0,"pct":0},"branches":{"total":30,"covered":0,"skipped":0,"pct":0}}
,"C:\\DFolder\\Projects\\EVOX\\E2eTesting\\EVOX Code-Git\\evox-app-e2e\\client\\src\\components\\MeetingRoomBooking\\Meetingcalander.js": {"lines":{"total":606,"covered":0,"skipped":0,"pct":0},"functions":{"total":41,"covered":0,"skipped":0,"pct":0},"statements":{"total":609,"covered":0,"skipped":0,"pct":0},"branches":{"total":138,"covered":0,"skipped":0,"pct":0}}
,"C:\\DFolder\\Projects\\EVOX\\E2eTesting\\EVOX Code-Git\\evox-app-e2e\\client\\src\\components\\MeetingRoomBooking\\Meetingroomapproval.js": {"lines":{"total":30,"covered":0,"skipped":0,"pct":0},"functions":{"total":8,"covered":0,"skipped":0,"pct":0},"statements":{"total":30,"covered":0,"skipped":0,"pct":0},"branches":{"total":17,"covered":0,"skipped":0,"pct":0}}
,"C:\\DFolder\\Projects\\EVOX\\E2eTesting\\EVOX Code-Git\\evox-app-e2e\\client\\src\\components\\MeetingRoomBooking\\Meetingroombooking.js": {"lines":{"total":47,"covered":0,"skipped":0,"pct":0},"functions":{"total":15,"covered":0,"skipped":0,"pct":0},"statements":{"total":47,"covered":0,"skipped":0,"pct":0},"branches":{"total":6,"covered":0,"skipped":0,"pct":0}}
,"C:\\DFolder\\Projects\\EVOX\\E2eTesting\\EVOX Code-Git\\evox-app-e2e\\client\\src\\components\\MeetingRoomBooking\\Meetingroomrequestapi.js": {"lines":{"total":26,"covered":0,"skipped":0,"pct":0},"functions":{"total":8,"covered":0,"skipped":0,"pct":0},"statements":{"total":26,"covered":0,"skipped":0,"pct":0},"branches":{"total":8,"covered":0,"skipped":0,"pct":0}}
,"C:\\DFolder\\Projects\\EVOX\\E2eTesting\\EVOX Code-Git\\evox-app-e2e\\client\\src\\components\\MeetingRoomBooking\\PreLoader.js": {"lines":{"total":2,"covered":0,"skipped":0,"pct":0},"functions":{"total":1,"covered":0,"skipped":0,"pct":0},"statements":{"total":2,"covered":0,"skipped":0,"pct":0},"branches":{"total":0,"covered":0,"skipped":0,"pct":100}}
,"C:\\DFolder\\Projects\\EVOX\\E2eTesting\\EVOX Code-Git\\evox-app-e2e\\client\\src\\components\\MeetingRoomBooking\\RoomMaster.js": {"lines":{"total":62,"covered":0,"skipped":0,"pct":0},"functions":{"total":15,"covered":0,"skipped":0,"pct":0},"statements":{"total":62,"covered":0,"skipped":0,"pct":0},"branches":{"total":50,"covered":0,"skipped":0,"pct":0}}
,"C:\\DFolder\\Projects\\EVOX\\E2eTesting\\EVOX Code-Git\\evox-app-e2e\\client\\src\\components\\MeetingRoomBooking\\Roomlist.js": {"lines":{"total":14,"covered":0,"skipped":0,"pct":0},"functions":{"total":4,"covered":0,"skipped":0,"pct":0},"statements":{"total":14,"covered":0,"skipped":0,"pct":0},"branches":{"total":6,"covered":0,"skipped":0,"pct":0}}
,"C:\\DFolder\\Projects\\EVOX\\E2eTesting\\EVOX Code-Git\\evox-app-e2e\\client\\src\\components\\MeetingRoomBooking\\Test.js": {"lines":{"total":331,"covered":0,"skipped":0,"pct":0},"functions":{"total":35,"covered":0,"skipped":0,"pct":0},"statements":{"total":334,"covered":0,"skipped":0,"pct":0},"branches":{"total":60,"covered":0,"skipped":0,"pct":0}}
,"C:\\DFolder\\Projects\\EVOX\\E2eTesting\\EVOX Code-Git\\evox-app-e2e\\client\\src\\components\\MeetingRoomBooking\\history.js": {"lines":{"total":0,"covered":0,"skipped":0,"pct":100},"functions":{"total":0,"covered":0,"skipped":0,"pct":100},"statements":{"total":0,"covered":0,"skipped":0,"pct":100},"branches":{"total":0,"covered":0,"skipped":0,"pct":100}}
,"C:\\DFolder\\Projects\\EVOX\\E2eTesting\\EVOX Code-Git\\evox-app-e2e\\client\\src\\components\\NeoReport\\NeoDetails.js": {"lines":{"total":96,"covered":0,"skipped":0,"pct":0},"functions":{"total":28,"covered":0,"skipped":0,"pct":0},"statements":{"total":100,"covered":0,"skipped":0,"pct":0},"branches":{"total":59,"covered":0,"skipped":0,"pct":0}}
,"C:\\DFolder\\Projects\\EVOX\\E2eTesting\\EVOX Code-Git\\evox-app-e2e\\client\\src\\components\\NeoReport\\NeoOnboarding.js": {"lines":{"total":12,"covered":0,"skipped":0,"pct":0},"functions":{"total":6,"covered":0,"skipped":0,"pct":0},"statements":{"total":12,"covered":0,"skipped":0,"pct":0},"branches":{"total":12,"covered":0,"skipped":0,"pct":0}}
,"C:\\DFolder\\Projects\\EVOX\\E2eTesting\\EVOX Code-Git\\evox-app-e2e\\client\\src\\components\\NeoReport\\NeoSubmissions.js": {"lines":{"total":8,"covered":0,"skipped":0,"pct":0},"functions":{"total":4,"covered":0,"skipped":0,"pct":0},"statements":{"total":8,"covered":0,"skipped":0,"pct":0},"branches":{"total":10,"covered":0,"skipped":0,"pct":0}}
,"C:\\DFolder\\Projects\\EVOX\\E2eTesting\\EVOX Code-Git\\evox-app-e2e\\client\\src\\components\\PayrollDispute\\Disouteapi.js": {"lines":{"total":11,"covered":0,"skipped":0,"pct":0},"functions":{"total":8,"covered":0,"skipped":0,"pct":0},"statements":{"total":11,"covered":0,"skipped":0,"pct":0},"branches":{"total":0,"covered":0,"skipped":0,"pct":100}}
,"C:\\DFolder\\Projects\\EVOX\\E2eTesting\\EVOX Code-Git\\evox-app-e2e\\client\\src\\components\\PayrollDispute\\DisputeForm.js": {"lines":{"total":143,"covered":0,"skipped":0,"pct":0},"functions":{"total":32,"covered":0,"skipped":0,"pct":0},"statements":{"total":143,"covered":0,"skipped":0,"pct":0},"branches":{"total":44,"covered":0,"skipped":0,"pct":0}}
,"C:\\DFolder\\Projects\\EVOX\\E2eTesting\\EVOX Code-Git\\evox-app-e2e\\client\\src\\components\\PayrollDispute\\DisputeReport.js": {"lines":{"total":40,"covered":0,"skipped":0,"pct":0},"functions":{"total":15,"covered":0,"skipped":0,"pct":0},"statements":{"total":40,"covered":0,"skipped":0,"pct":0},"branches":{"total":32,"covered":0,"skipped":0,"pct":0}}
,"C:\\DFolder\\Projects\\EVOX\\E2eTesting\\EVOX Code-Git\\evox-app-e2e\\client\\src\\components\\PoliciesDocument\\PoliciesDocumentApi.js": {"lines":{"total":23,"covered":0,"skipped":0,"pct":0},"functions":{"total":12,"covered":0,"skipped":0,"pct":0},"statements":{"total":23,"covered":0,"skipped":0,"pct":0},"branches":{"total":2,"covered":0,"skipped":0,"pct":0}}
,"C:\\DFolder\\Projects\\EVOX\\E2eTesting\\EVOX Code-Git\\evox-app-e2e\\client\\src\\components\\PoliciesDocument\\PoliciesDocumentDownload.js": {"lines":{"total":84,"covered":0,"skipped":0,"pct":0},"functions":{"total":23,"covered":0,"skipped":0,"pct":0},"statements":{"total":85,"covered":0,"skipped":0,"pct":0},"branches":{"total":19,"covered":0,"skipped":0,"pct":0}}
,"C:\\DFolder\\Projects\\EVOX\\E2eTesting\\EVOX Code-Git\\evox-app-e2e\\client\\src\\components\\PoliciesDocument\\PoliciesDocumentModal.js": {"lines":{"total":51,"covered":0,"skipped":0,"pct":0},"functions":{"total":16,"covered":0,"skipped":0,"pct":0},"statements":{"total":54,"covered":0,"skipped":0,"pct":0},"branches":{"total":17,"covered":0,"skipped":0,"pct":0}}
,"C:\\DFolder\\Projects\\EVOX\\E2eTesting\\EVOX Code-Git\\evox-app-e2e\\client\\src\\components\\PoliciesDocument\\PoliciesDocumentUpload.js": {"lines":{"total":104,"covered":0,"skipped":0,"pct":0},"functions":{"total":23,"covered":0,"skipped":0,"pct":0},"statements":{"total":110,"covered":0,"skipped":0,"pct":0},"branches":{"total":48,"covered":0,"skipped":0,"pct":0}}
,"C:\\DFolder\\Projects\\EVOX\\E2eTesting\\EVOX Code-Git\\evox-app-e2e\\client\\src\\components\\PoliciesDocument\\PoliciesDocumentViewer.js": {"lines":{"total":33,"covered":0,"skipped":0,"pct":0},"functions":{"total":12,"covered":0,"skipped":0,"pct":0},"statements":{"total":34,"covered":0,"skipped":0,"pct":0},"branches":{"total":17,"covered":0,"skipped":0,"pct":0}}
,"C:\\DFolder\\Projects\\EVOX\\E2eTesting\\EVOX Code-Git\\evox-app-e2e\\client\\src\\components\\PoliciesDocument\\UploadedDocumentList.js": {"lines":{"total":60,"covered":0,"skipped":0,"pct":0},"functions":{"total":16,"covered":0,"skipped":0,"pct":0},"statements":{"total":62,"covered":0,"skipped":0,"pct":0},"branches":{"total":22,"covered":0,"skipped":0,"pct":0}}
,"C:\\DFolder\\Projects\\EVOX\\E2eTesting\\EVOX Code-Git\\evox-app-e2e\\client\\src\\components\\Report\\HRTeamAttendanceSummaryPanel\\HRTeamAttendanceSummaryPanel.js": {"lines":{"total":19,"covered":0,"skipped":0,"pct":0},"functions":{"total":11,"covered":0,"skipped":0,"pct":0},"statements":{"total":19,"covered":0,"skipped":0,"pct":0},"branches":{"total":41,"covered":0,"skipped":0,"pct":0}}
,"C:\\DFolder\\Projects\\EVOX\\E2eTesting\\EVOX Code-Git\\evox-app-e2e\\client\\src\\components\\Report\\HRTeamAttendanceSummaryPanel\\index.js": {"lines":{"total":0,"covered":0,"skipped":0,"pct":100},"functions":{"total":0,"covered":0,"skipped":0,"pct":100},"statements":{"total":0,"covered":0,"skipped":0,"pct":100},"branches":{"total":0,"covered":0,"skipped":0,"pct":100}}
,"C:\\DFolder\\Projects\\EVOX\\E2eTesting\\EVOX Code-Git\\evox-app-e2e\\client\\src\\components\\Report\\TeamAttendanceSummaryPanel\\TeamAttendanceSummaryPanel.js": {"lines":{"total":19,"covered":0,"skipped":0,"pct":0},"functions":{"total":11,"covered":0,"skipped":0,"pct":0},"statements":{"total":19,"covered":0,"skipped":0,"pct":0},"branches":{"total":41,"covered":0,"skipped":0,"pct":0}}
,"C:\\DFolder\\Projects\\EVOX\\E2eTesting\\EVOX Code-Git\\evox-app-e2e\\client\\src\\components\\Report\\TeamAttendanceSummaryPanel\\index.js": {"lines":{"total":0,"covered":0,"skipped":0,"pct":100},"functions":{"total":0,"covered":0,"skipped":0,"pct":100},"statements":{"total":0,"covered":0,"skipped":0,"pct":100},"branches":{"total":0,"covered":0,"skipped":0,"pct":100}}
,"C:\\DFolder\\Projects\\EVOX\\E2eTesting\\EVOX Code-Git\\evox-app-e2e\\client\\src\\components\\RequestComponent\\RequestButtons\\RequestButtons.js": {"lines":{"total":11,"covered":0,"skipped":0,"pct":0},"functions":{"total":9,"covered":0,"skipped":0,"pct":0},"statements":{"total":19,"covered":0,"skipped":0,"pct":0},"branches":{"total":20,"covered":0,"skipped":0,"pct":0}}
,"C:\\DFolder\\Projects\\EVOX\\E2eTesting\\EVOX Code-Git\\evox-app-e2e\\client\\src\\components\\RequestComponent\\RequestButtons\\RequestSubtitle.js": {"lines":{"total":2,"covered":0,"skipped":0,"pct":0},"functions":{"total":1,"covered":0,"skipped":0,"pct":0},"statements":{"total":2,"covered":0,"skipped":0,"pct":0},"branches":{"total":6,"covered":0,"skipped":0,"pct":0}}
,"C:\\DFolder\\Projects\\EVOX\\E2eTesting\\EVOX Code-Git\\evox-app-e2e\\client\\src\\components\\RequestComponent\\RequestButtons\\index.js": {"lines":{"total":0,"covered":0,"skipped":0,"pct":100},"functions":{"total":0,"covered":0,"skipped":0,"pct":100},"statements":{"total":0,"covered":0,"skipped":0,"pct":100},"branches":{"total":0,"covered":0,"skipped":0,"pct":100}}
,"C:\\DFolder\\Projects\\EVOX\\E2eTesting\\EVOX Code-Git\\evox-app-e2e\\client\\src\\components\\Schedule\\ScheduleDetails.js": {"lines":{"total":143,"covered":0,"skipped":0,"pct":0},"functions":{"total":59,"covered":0,"skipped":0,"pct":0},"statements":{"total":147,"covered":0,"skipped":0,"pct":0},"branches":{"total":55,"covered":0,"skipped":0,"pct":0}}
,"C:\\DFolder\\Projects\\EVOX\\E2eTesting\\EVOX Code-Git\\evox-app-e2e\\client\\src\\components\\Summary\\SummaryDashbord.js": {"lines":{"total":55,"covered":0,"skipped":0,"pct":0},"functions":{"total":16,"covered":0,"skipped":0,"pct":0},"statements":{"total":55,"covered":0,"skipped":0,"pct":0},"branches":{"total":22,"covered":0,"skipped":0,"pct":0}}
,"C:\\DFolder\\Projects\\EVOX\\E2eTesting\\EVOX Code-Git\\evox-app-e2e\\client\\src\\components\\Summary\\index.js": {"lines":{"total":0,"covered":0,"skipped":0,"pct":100},"functions":{"total":0,"covered":0,"skipped":0,"pct":100},"statements":{"total":0,"covered":0,"skipped":0,"pct":100},"branches":{"total":0,"covered":0,"skipped":0,"pct":100}}
,"C:\\DFolder\\Projects\\EVOX\\E2eTesting\\EVOX Code-Git\\evox-app-e2e\\client\\src\\components\\Template\\AlertContainer\\AlertContainer.js": {"lines":{"total":20,"covered":0,"skipped":0,"pct":0},"functions":{"total":7,"covered":0,"skipped":0,"pct":0},"statements":{"total":20,"covered":0,"skipped":0,"pct":0},"branches":{"total":14,"covered":0,"skipped":0,"pct":0}}
,"C:\\DFolder\\Projects\\EVOX\\E2eTesting\\EVOX Code-Git\\evox-app-e2e\\client\\src\\components\\Template\\AlertContainer\\index.js": {"lines":{"total":0,"covered":0,"skipped":0,"pct":100},"functions":{"total":0,"covered":0,"skipped":0,"pct":100},"statements":{"total":0,"covered":0,"skipped":0,"pct":100},"branches":{"total":0,"covered":0,"skipped":0,"pct":100}}
,"C:\\DFolder\\Projects\\EVOX\\E2eTesting\\EVOX Code-Git\\evox-app-e2e\\client\\src\\components\\Template\\BackButton\\BackButton.js": {"lines":{"total":7,"covered":0,"skipped":0,"pct":0},"functions":{"total":5,"covered":0,"skipped":0,"pct":0},"statements":{"total":8,"covered":0,"skipped":0,"pct":0},"branches":{"total":2,"covered":0,"skipped":0,"pct":0}}
,"C:\\DFolder\\Projects\\EVOX\\E2eTesting\\EVOX Code-Git\\evox-app-e2e\\client\\src\\components\\Template\\BackButton\\index.js": {"lines":{"total":0,"covered":0,"skipped":0,"pct":100},"functions":{"total":0,"covered":0,"skipped":0,"pct":100},"statements":{"total":0,"covered":0,"skipped":0,"pct":100},"branches":{"total":0,"covered":0,"skipped":0,"pct":100}}
,"C:\\DFolder\\Projects\\EVOX\\E2eTesting\\EVOX Code-Git\\evox-app-e2e\\client\\src\\components\\Template\\DropDownMenu\\DropDownMenu.js": {"lines":{"total":19,"covered":0,"skipped":0,"pct":0},"functions":{"total":9,"covered":0,"skipped":0,"pct":0},"statements":{"total":19,"covered":0,"skipped":0,"pct":0},"branches":{"total":6,"covered":0,"skipped":0,"pct":0}}
,"C:\\DFolder\\Projects\\EVOX\\E2eTesting\\EVOX Code-Git\\evox-app-e2e\\client\\src\\components\\Template\\DropDownMenu\\index.js": {"lines":{"total":0,"covered":0,"skipped":0,"pct":100},"functions":{"total":0,"covered":0,"skipped":0,"pct":100},"statements":{"total":0,"covered":0,"skipped":0,"pct":100},"branches":{"total":0,"covered":0,"skipped":0,"pct":100}}
,"C:\\DFolder\\Projects\\EVOX\\E2eTesting\\EVOX Code-Git\\evox-app-e2e\\client\\src\\components\\Template\\Footer\\Footer.js": {"lines":{"total":2,"covered":0,"skipped":0,"pct":0},"functions":{"total":1,"covered":0,"skipped":0,"pct":0},"statements":{"total":2,"covered":0,"skipped":0,"pct":0},"branches":{"total":0,"covered":0,"skipped":0,"pct":100}}
,"C:\\DFolder\\Projects\\EVOX\\E2eTesting\\EVOX Code-Git\\evox-app-e2e\\client\\src\\components\\Template\\Footer\\index.js": {"lines":{"total":0,"covered":0,"skipped":0,"pct":100},"functions":{"total":0,"covered":0,"skipped":0,"pct":100},"statements":{"total":0,"covered":0,"skipped":0,"pct":100},"branches":{"total":0,"covered":0,"skipped":0,"pct":100}}
,"C:\\DFolder\\Projects\\EVOX\\E2eTesting\\EVOX Code-Git\\evox-app-e2e\\client\\src\\components\\Template\\Header\\Header.js": {"lines":{"total":2,"covered":0,"skipped":0,"pct":0},"functions":{"total":1,"covered":0,"skipped":0,"pct":0},"statements":{"total":2,"covered":0,"skipped":0,"pct":0},"branches":{"total":0,"covered":0,"skipped":0,"pct":100}}
,"C:\\DFolder\\Projects\\EVOX\\E2eTesting\\EVOX Code-Git\\evox-app-e2e\\client\\src\\components\\Template\\Header\\index.js": {"lines":{"total":0,"covered":0,"skipped":0,"pct":100},"functions":{"total":0,"covered":0,"skipped":0,"pct":100},"statements":{"total":0,"covered":0,"skipped":0,"pct":100},"branches":{"total":0,"covered":0,"skipped":0,"pct":100}}
,"C:\\DFolder\\Projects\\EVOX\\E2eTesting\\EVOX Code-Git\\evox-app-e2e\\client\\src\\components\\Template\\LoaderContainer\\LoaderContainer.js": {"lines":{"total":4,"covered":0,"skipped":0,"pct":0},"functions":{"total":1,"covered":0,"skipped":0,"pct":0},"statements":{"total":4,"covered":0,"skipped":0,"pct":0},"branches":{"total":5,"covered":0,"skipped":0,"pct":0}}
,"C:\\DFolder\\Projects\\EVOX\\E2eTesting\\EVOX Code-Git\\evox-app-e2e\\client\\src\\components\\Template\\LoaderContainer\\index.js": {"lines":{"total":0,"covered":0,"skipped":0,"pct":100},"functions":{"total":0,"covered":0,"skipped":0,"pct":100},"statements":{"total":0,"covered":0,"skipped":0,"pct":100},"branches":{"total":0,"covered":0,"skipped":0,"pct":100}}
,"C:\\DFolder\\Projects\\EVOX\\E2eTesting\\EVOX Code-Git\\evox-app-e2e\\client\\src\\components\\Template\\ModalLoginContainer\\ModalLoginContainer.js": {"lines":{"total":12,"covered":0,"skipped":0,"pct":0},"functions":{"total":5,"covered":0,"skipped":0,"pct":0},"statements":{"total":12,"covered":0,"skipped":0,"pct":0},"branches":{"total":2,"covered":0,"skipped":0,"pct":0}}
,"C:\\DFolder\\Projects\\EVOX\\E2eTesting\\EVOX Code-Git\\evox-app-e2e\\client\\src\\components\\Template\\ModalLoginContainer\\index.js": {"lines":{"total":0,"covered":0,"skipped":0,"pct":100},"functions":{"total":0,"covered":0,"skipped":0,"pct":100},"statements":{"total":0,"covered":0,"skipped":0,"pct":100},"branches":{"total":0,"covered":0,"skipped":0,"pct":100}}
,"C:\\DFolder\\Projects\\EVOX\\E2eTesting\\EVOX Code-Git\\evox-app-e2e\\client\\src\\components\\Template\\NavPuncher\\NavPuncher.js": {"lines":{"total":95,"covered":0,"skipped":0,"pct":0},"functions":{"total":28,"covered":0,"skipped":0,"pct":0},"statements":{"total":97,"covered":0,"skipped":0,"pct":0},"branches":{"total":84,"covered":0,"skipped":0,"pct":0}}
,"C:\\DFolder\\Projects\\EVOX\\E2eTesting\\EVOX Code-Git\\evox-app-e2e\\client\\src\\components\\Template\\NavPuncher\\index.js": {"lines":{"total":0,"covered":0,"skipped":0,"pct":100},"functions":{"total":0,"covered":0,"skipped":0,"pct":100},"statements":{"total":0,"covered":0,"skipped":0,"pct":100},"branches":{"total":0,"covered":0,"skipped":0,"pct":100}}
,"C:\\DFolder\\Projects\\EVOX\\E2eTesting\\EVOX Code-Git\\evox-app-e2e\\client\\src\\components\\Template\\NavQuickPunch\\NavQuickPunch.js": {"lines":{"total":38,"covered":0,"skipped":0,"pct":0},"functions":{"total":12,"covered":0,"skipped":0,"pct":0},"statements":{"total":39,"covered":0,"skipped":0,"pct":0},"branches":{"total":22,"covered":0,"skipped":0,"pct":0}}
,"C:\\DFolder\\Projects\\EVOX\\E2eTesting\\EVOX Code-Git\\evox-app-e2e\\client\\src\\components\\Template\\NavQuickPunch\\index.js": {"lines":{"total":0,"covered":0,"skipped":0,"pct":100},"functions":{"total":0,"covered":0,"skipped":0,"pct":100},"statements":{"total":0,"covered":0,"skipped":0,"pct":100},"branches":{"total":0,"covered":0,"skipped":0,"pct":100}}
,"C:\\DFolder\\Projects\\EVOX\\E2eTesting\\EVOX Code-Git\\evox-app-e2e\\client\\src\\components\\Template\\NotificationMenu\\NotificationMenu.js": {"lines":{"total":106,"covered":0,"skipped":0,"pct":0},"functions":{"total":23,"covered":0,"skipped":0,"pct":0},"statements":{"total":108,"covered":0,"skipped":0,"pct":0},"branches":{"total":106,"covered":0,"skipped":0,"pct":0}}
,"C:\\DFolder\\Projects\\EVOX\\E2eTesting\\EVOX Code-Git\\evox-app-e2e\\client\\src\\components\\Template\\NotificationMenu\\index.js": {"lines":{"total":0,"covered":0,"skipped":0,"pct":100},"functions":{"total":0,"covered":0,"skipped":0,"pct":100},"statements":{"total":0,"covered":0,"skipped":0,"pct":100},"branches":{"total":0,"covered":0,"skipped":0,"pct":100}}
,"C:\\DFolder\\Projects\\EVOX\\E2eTesting\\EVOX Code-Git\\evox-app-e2e\\client\\src\\components\\Template\\Paginate\\Paginate.js": {"lines":{"total":31,"covered":0,"skipped":0,"pct":0},"functions":{"total":5,"covered":0,"skipped":0,"pct":0},"statements":{"total":32,"covered":0,"skipped":0,"pct":0},"branches":{"total":15,"covered":0,"skipped":0,"pct":0}}
,"C:\\DFolder\\Projects\\EVOX\\E2eTesting\\EVOX Code-Git\\evox-app-e2e\\client\\src\\components\\Template\\Paginate\\index.js": {"lines":{"total":0,"covered":0,"skipped":0,"pct":100},"functions":{"total":0,"covered":0,"skipped":0,"pct":100},"statements":{"total":0,"covered":0,"skipped":0,"pct":100},"branches":{"total":0,"covered":0,"skipped":0,"pct":100}}
,"C:\\DFolder\\Projects\\EVOX\\E2eTesting\\EVOX Code-Git\\evox-app-e2e\\client\\src\\components\\Template\\ReportNavigator\\ReportNavigator.js": {"lines":{"total":56,"covered":0,"skipped":0,"pct":0},"functions":{"total":9,"covered":0,"skipped":0,"pct":0},"statements":{"total":58,"covered":0,"skipped":0,"pct":0},"branches":{"total":23,"covered":0,"skipped":0,"pct":0}}
,"C:\\DFolder\\Projects\\EVOX\\E2eTesting\\EVOX Code-Git\\evox-app-e2e\\client\\src\\components\\Template\\ReportNavigator\\index.js": {"lines":{"total":0,"covered":0,"skipped":0,"pct":100},"functions":{"total":0,"covered":0,"skipped":0,"pct":100},"statements":{"total":0,"covered":0,"skipped":0,"pct":100},"branches":{"total":0,"covered":0,"skipped":0,"pct":100}}
,"C:\\DFolder\\Projects\\EVOX\\E2eTesting\\EVOX Code-Git\\evox-app-e2e\\client\\src\\components\\Template\\ReportNavigatorShort\\ReportNavigatorShort.js": {"lines":{"total":59,"covered":0,"skipped":0,"pct":0},"functions":{"total":9,"covered":0,"skipped":0,"pct":0},"statements":{"total":61,"covered":0,"skipped":0,"pct":0},"branches":{"total":25,"covered":0,"skipped":0,"pct":0}}
,"C:\\DFolder\\Projects\\EVOX\\E2eTesting\\EVOX Code-Git\\evox-app-e2e\\client\\src\\components\\Template\\ReportNavigatorShort\\index.js": {"lines":{"total":0,"covered":0,"skipped":0,"pct":100},"functions":{"total":0,"covered":0,"skipped":0,"pct":100},"statements":{"total":0,"covered":0,"skipped":0,"pct":100},"branches":{"total":0,"covered":0,"skipped":0,"pct":100}}
,"C:\\DFolder\\Projects\\EVOX\\E2eTesting\\EVOX Code-Git\\evox-app-e2e\\client\\src\\components\\Template\\Sidebar\\Sidebar.js": {"lines":{"total":20,"covered":0,"skipped":0,"pct":0},"functions":{"total":6,"covered":0,"skipped":0,"pct":0},"statements":{"total":20,"covered":0,"skipped":0,"pct":0},"branches":{"total":111,"covered":0,"skipped":0,"pct":0}}
,"C:\\DFolder\\Projects\\EVOX\\E2eTesting\\EVOX Code-Git\\evox-app-e2e\\client\\src\\components\\Template\\Sidebar\\index.js": {"lines":{"total":0,"covered":0,"skipped":0,"pct":100},"functions":{"total":0,"covered":0,"skipped":0,"pct":100},"statements":{"total":0,"covered":0,"skipped":0,"pct":100},"branches":{"total":0,"covered":0,"skipped":0,"pct":100}}
,"C:\\DFolder\\Projects\\EVOX\\E2eTesting\\EVOX Code-Git\\evox-app-e2e\\client\\src\\components\\Template\\Wrapper\\Wrapper.js": {"lines":{"total":20,"covered":0,"skipped":0,"pct":0},"functions":{"total":4,"covered":0,"skipped":0,"pct":0},"statements":{"total":20,"covered":0,"skipped":0,"pct":0},"branches":{"total":26,"covered":0,"skipped":0,"pct":0}}
,"C:\\DFolder\\Projects\\EVOX\\E2eTesting\\EVOX Code-Git\\evox-app-e2e\\client\\src\\components\\Template\\Wrapper\\index.js": {"lines":{"total":0,"covered":0,"skipped":0,"pct":100},"functions":{"total":0,"covered":0,"skipped":0,"pct":100},"statements":{"total":0,"covered":0,"skipped":0,"pct":100},"branches":{"total":0,"covered":0,"skipped":0,"pct":100}}
,"C:\\DFolder\\Projects\\EVOX\\E2eTesting\\EVOX Code-Git\\evox-app-e2e\\client\\src\\config\\GlobalVariables.js": {"lines":{"total":2,"covered":0,"skipped":0,"pct":0},"functions":{"total":0,"covered":0,"skipped":0,"pct":100},"statements":{"total":2,"covered":0,"skipped":0,"pct":0},"branches":{"total":0,"covered":0,"skipped":0,"pct":100}}
,"C:\\DFolder\\Projects\\EVOX\\E2eTesting\\EVOX Code-Git\\evox-app-e2e\\client\\src\\config\\ProtectedRoutes.js": {"lines":{"total":19,"covered":0,"skipped":0,"pct":0},"functions":{"total":4,"covered":0,"skipped":0,"pct":0},"statements":{"total":19,"covered":0,"skipped":0,"pct":0},"branches":{"total":10,"covered":0,"skipped":0,"pct":0}}
,"C:\\DFolder\\Projects\\EVOX\\E2eTesting\\EVOX Code-Git\\evox-app-e2e\\client\\src\\config\\RouteList.js": {"lines":{"total":9,"covered":0,"skipped":0,"pct":0},"functions":{"total":4,"covered":0,"skipped":0,"pct":0},"statements":{"total":9,"covered":0,"skipped":0,"pct":0},"branches":{"total":6,"covered":0,"skipped":0,"pct":0}}
,"C:\\DFolder\\Projects\\EVOX\\E2eTesting\\EVOX Code-Git\\evox-app-e2e\\client\\src\\container\\Admin\\AdminAnnouncementsList\\AdminAnnouncementsList.js": {"lines":{"total":60,"covered":0,"skipped":0,"pct":0},"functions":{"total":29,"covered":0,"skipped":0,"pct":0},"statements":{"total":61,"covered":0,"skipped":0,"pct":0},"branches":{"total":33,"covered":0,"skipped":0,"pct":0}}
,"C:\\DFolder\\Projects\\EVOX\\E2eTesting\\EVOX Code-Git\\evox-app-e2e\\client\\src\\container\\Admin\\AdminAnnouncementsList\\index.js": {"lines":{"total":0,"covered":0,"skipped":0,"pct":100},"functions":{"total":0,"covered":0,"skipped":0,"pct":100},"statements":{"total":0,"covered":0,"skipped":0,"pct":100},"branches":{"total":0,"covered":0,"skipped":0,"pct":100}}
,"C:\\DFolder\\Projects\\EVOX\\E2eTesting\\EVOX Code-Git\\evox-app-e2e\\client\\src\\container\\Admin\\AssignDepartmentHandlers\\AssignDepartmentHandlers.js": {"lines":{"total":58,"covered":0,"skipped":0,"pct":0},"functions":{"total":23,"covered":0,"skipped":0,"pct":0},"statements":{"total":61,"covered":0,"skipped":0,"pct":0},"branches":{"total":37,"covered":0,"skipped":0,"pct":0}}
,"C:\\DFolder\\Projects\\EVOX\\E2eTesting\\EVOX Code-Git\\evox-app-e2e\\client\\src\\container\\Admin\\AssignDepartmentHandlers\\index.js": {"lines":{"total":0,"covered":0,"skipped":0,"pct":100},"functions":{"total":0,"covered":0,"skipped":0,"pct":100},"statements":{"total":0,"covered":0,"skipped":0,"pct":100},"branches":{"total":0,"covered":0,"skipped":0,"pct":100}}
,"C:\\DFolder\\Projects\\EVOX\\E2eTesting\\EVOX Code-Git\\evox-app-e2e\\client\\src\\container\\Admin\\AssignEmployeeSupervisors\\AssignEmployeeSupervisors.js": {"lines":{"total":73,"covered":0,"skipped":0,"pct":0},"functions":{"total":22,"covered":0,"skipped":0,"pct":0},"statements":{"total":77,"covered":0,"skipped":0,"pct":0},"branches":{"total":40,"covered":0,"skipped":0,"pct":0}}
,"C:\\DFolder\\Projects\\EVOX\\E2eTesting\\EVOX Code-Git\\evox-app-e2e\\client\\src\\container\\Admin\\AssignEmployeeSupervisors\\index.js": {"lines":{"total":0,"covered":0,"skipped":0,"pct":100},"functions":{"total":0,"covered":0,"skipped":0,"pct":100},"statements":{"total":0,"covered":0,"skipped":0,"pct":100},"branches":{"total":0,"covered":0,"skipped":0,"pct":100}}
,"C:\\DFolder\\Projects\\EVOX\\E2eTesting\\EVOX Code-Git\\evox-app-e2e\\client\\src\\container\\Admin\\AssignEmployeesClient\\AssignEmployeesClient.js": {"lines":{"total":56,"covered":0,"skipped":0,"pct":0},"functions":{"total":23,"covered":0,"skipped":0,"pct":0},"statements":{"total":57,"covered":0,"skipped":0,"pct":0},"branches":{"total":30,"covered":0,"skipped":0,"pct":0}}
,"C:\\DFolder\\Projects\\EVOX\\E2eTesting\\EVOX Code-Git\\evox-app-e2e\\client\\src\\container\\Admin\\AssignEmployeesClient\\index.js": {"lines":{"total":0,"covered":0,"skipped":0,"pct":100},"functions":{"total":0,"covered":0,"skipped":0,"pct":100},"statements":{"total":0,"covered":0,"skipped":0,"pct":100},"branches":{"total":0,"covered":0,"skipped":0,"pct":100}}
,"C:\\DFolder\\Projects\\EVOX\\E2eTesting\\EVOX Code-Git\\evox-app-e2e\\client\\src\\container\\Admin\\AssignFeature\\AssignFeature.js": {"lines":{"total":37,"covered":0,"skipped":0,"pct":0},"functions":{"total":20,"covered":0,"skipped":0,"pct":0},"statements":{"total":40,"covered":0,"skipped":0,"pct":0},"branches":{"total":18,"covered":0,"skipped":0,"pct":0}}
,"C:\\DFolder\\Projects\\EVOX\\E2eTesting\\EVOX Code-Git\\evox-app-e2e\\client\\src\\container\\Admin\\AssignFeature\\index.js": {"lines":{"total":0,"covered":0,"skipped":0,"pct":100},"functions":{"total":0,"covered":0,"skipped":0,"pct":100},"statements":{"total":0,"covered":0,"skipped":0,"pct":100},"branches":{"total":0,"covered":0,"skipped":0,"pct":100}}
,"C:\\DFolder\\Projects\\EVOX\\E2eTesting\\EVOX Code-Git\\evox-app-e2e\\client\\src\\container\\Admin\\AssignRolesPermissions\\AssignRolesPermissions.js": {"lines":{"total":34,"covered":0,"skipped":0,"pct":0},"functions":{"total":18,"covered":0,"skipped":0,"pct":0},"statements":{"total":37,"covered":0,"skipped":0,"pct":0},"branches":{"total":16,"covered":0,"skipped":0,"pct":0}}
,"C:\\DFolder\\Projects\\EVOX\\E2eTesting\\EVOX Code-Git\\evox-app-e2e\\client\\src\\container\\Admin\\AssignRolesPermissions\\index.js": {"lines":{"total":0,"covered":0,"skipped":0,"pct":100},"functions":{"total":0,"covered":0,"skipped":0,"pct":100},"statements":{"total":0,"covered":0,"skipped":0,"pct":100},"branches":{"total":0,"covered":0,"skipped":0,"pct":100}}
,"C:\\DFolder\\Projects\\EVOX\\E2eTesting\\EVOX Code-Git\\evox-app-e2e\\client\\src\\container\\Admin\\AssignSubDepartment\\AssignSubDepartment.js": {"lines":{"total":74,"covered":0,"skipped":0,"pct":0},"functions":{"total":23,"covered":0,"skipped":0,"pct":0},"statements":{"total":77,"covered":0,"skipped":0,"pct":0},"branches":{"total":60,"covered":0,"skipped":0,"pct":0}}
,"C:\\DFolder\\Projects\\EVOX\\E2eTesting\\EVOX Code-Git\\evox-app-e2e\\client\\src\\container\\Admin\\AssignSubDepartment\\index.js": {"lines":{"total":0,"covered":0,"skipped":0,"pct":100},"functions":{"total":0,"covered":0,"skipped":0,"pct":100},"statements":{"total":0,"covered":0,"skipped":0,"pct":100},"branches":{"total":0,"covered":0,"skipped":0,"pct":100}}
,"C:\\DFolder\\Projects\\EVOX\\E2eTesting\\EVOX Code-Git\\evox-app-e2e\\client\\src\\container\\Admin\\ChangeLogs\\ChangeLogs.js": {"lines":{"total":38,"covered":0,"skipped":0,"pct":0},"functions":{"total":11,"covered":0,"skipped":0,"pct":0},"statements":{"total":39,"covered":0,"skipped":0,"pct":0},"branches":{"total":31,"covered":0,"skipped":0,"pct":0}}
,"C:\\DFolder\\Projects\\EVOX\\E2eTesting\\EVOX Code-Git\\evox-app-e2e\\client\\src\\container\\Admin\\ChangeLogs\\index.js": {"lines":{"total":0,"covered":0,"skipped":0,"pct":100},"functions":{"total":0,"covered":0,"skipped":0,"pct":100},"statements":{"total":0,"covered":0,"skipped":0,"pct":100},"branches":{"total":0,"covered":0,"skipped":0,"pct":100}}
,"C:\\DFolder\\Projects\\EVOX\\E2eTesting\\EVOX Code-Git\\evox-app-e2e\\client\\src\\container\\Admin\\DepartmentList\\DepartmentList.js": {"lines":{"total":33,"covered":0,"skipped":0,"pct":0},"functions":{"total":14,"covered":0,"skipped":0,"pct":0},"statements":{"total":33,"covered":0,"skipped":0,"pct":0},"branches":{"total":12,"covered":0,"skipped":0,"pct":0}}
,"C:\\DFolder\\Projects\\EVOX\\E2eTesting\\EVOX Code-Git\\evox-app-e2e\\client\\src\\container\\Admin\\DepartmentList\\index.js": {"lines":{"total":0,"covered":0,"skipped":0,"pct":100},"functions":{"total":0,"covered":0,"skipped":0,"pct":100},"statements":{"total":0,"covered":0,"skipped":0,"pct":100},"branches":{"total":0,"covered":0,"skipped":0,"pct":100}}
,"C:\\DFolder\\Projects\\EVOX\\E2eTesting\\EVOX Code-Git\\evox-app-e2e\\client\\src\\container\\Admin\\GenerateDate\\GenerateDate.js": {"lines":{"total":24,"covered":0,"skipped":0,"pct":0},"functions":{"total":13,"covered":0,"skipped":0,"pct":0},"statements":{"total":24,"covered":0,"skipped":0,"pct":0},"branches":{"total":6,"covered":0,"skipped":0,"pct":0}}
,"C:\\DFolder\\Projects\\EVOX\\E2eTesting\\EVOX Code-Git\\evox-app-e2e\\client\\src\\container\\Admin\\GenerateDate\\index.js": {"lines":{"total":0,"covered":0,"skipped":0,"pct":100},"functions":{"total":0,"covered":0,"skipped":0,"pct":100},"statements":{"total":0,"covered":0,"skipped":0,"pct":100},"branches":{"total":0,"covered":0,"skipped":0,"pct":100}}
,"C:\\DFolder\\Projects\\EVOX\\E2eTesting\\EVOX Code-Git\\evox-app-e2e\\client\\src\\container\\Admin\\JobOpeningsUpdate\\JobOpeningsUpdate.js": {"lines":{"total":33,"covered":0,"skipped":0,"pct":0},"functions":{"total":11,"covered":0,"skipped":0,"pct":0},"statements":{"total":33,"covered":0,"skipped":0,"pct":0},"branches":{"total":18,"covered":0,"skipped":0,"pct":0}}
,"C:\\DFolder\\Projects\\EVOX\\E2eTesting\\EVOX Code-Git\\evox-app-e2e\\client\\src\\container\\Admin\\JobOpeningsUpdate\\index.js": {"lines":{"total":0,"covered":0,"skipped":0,"pct":100},"functions":{"total":0,"covered":0,"skipped":0,"pct":100},"statements":{"total":0,"covered":0,"skipped":0,"pct":100},"branches":{"total":0,"covered":0,"skipped":0,"pct":100}}
,"C:\\DFolder\\Projects\\EVOX\\E2eTesting\\EVOX Code-Git\\evox-app-e2e\\client\\src\\container\\Admin\\PayrollCutoff\\PayrollCutoff.js": {"lines":{"total":38,"covered":0,"skipped":0,"pct":0},"functions":{"total":22,"covered":0,"skipped":0,"pct":0},"statements":{"total":39,"covered":0,"skipped":0,"pct":0},"branches":{"total":14,"covered":0,"skipped":0,"pct":0}}
,"C:\\DFolder\\Projects\\EVOX\\E2eTesting\\EVOX Code-Git\\evox-app-e2e\\client\\src\\container\\Admin\\PayrollCutoff\\PayrollCutoffForm.js": {"lines":{"total":35,"covered":0,"skipped":0,"pct":0},"functions":{"total":10,"covered":0,"skipped":0,"pct":0},"statements":{"total":35,"covered":0,"skipped":0,"pct":0},"branches":{"total":25,"covered":0,"skipped":0,"pct":0}}
,"C:\\DFolder\\Projects\\EVOX\\E2eTesting\\EVOX Code-Git\\evox-app-e2e\\client\\src\\container\\Admin\\PayrollCutoff\\index.js": {"lines":{"total":0,"covered":0,"skipped":0,"pct":100},"functions":{"total":0,"covered":0,"skipped":0,"pct":100},"statements":{"total":0,"covered":0,"skipped":0,"pct":100},"branches":{"total":0,"covered":0,"skipped":0,"pct":100}}
,"C:\\DFolder\\Projects\\EVOX\\E2eTesting\\EVOX Code-Git\\evox-app-e2e\\client\\src\\container\\Admin\\RegisterUser\\RegisterUser.js": {"lines":{"total":57,"covered":0,"skipped":0,"pct":0},"functions":{"total":19,"covered":0,"skipped":0,"pct":0},"statements":{"total":59,"covered":0,"skipped":0,"pct":0},"branches":{"total":29,"covered":0,"skipped":0,"pct":0}}
,"C:\\DFolder\\Projects\\EVOX\\E2eTesting\\EVOX Code-Git\\evox-app-e2e\\client\\src\\container\\Admin\\RegisterUser\\index.js": {"lines":{"total":0,"covered":0,"skipped":0,"pct":100},"functions":{"total":0,"covered":0,"skipped":0,"pct":100},"statements":{"total":0,"covered":0,"skipped":0,"pct":100},"branches":{"total":0,"covered":0,"skipped":0,"pct":100}}
,"C:\\DFolder\\Projects\\EVOX\\E2eTesting\\EVOX Code-Git\\evox-app-e2e\\client\\src\\container\\Admin\\SyncBhrLeaves\\SyncBhrLeaves.js": {"lines":{"total":24,"covered":0,"skipped":0,"pct":0},"functions":{"total":9,"covered":0,"skipped":0,"pct":0},"statements":{"total":24,"covered":0,"skipped":0,"pct":0},"branches":{"total":15,"covered":0,"skipped":0,"pct":0}}
,"C:\\DFolder\\Projects\\EVOX\\E2eTesting\\EVOX Code-Git\\evox-app-e2e\\client\\src\\container\\Admin\\SyncBhrLeaves\\index.js": {"lines":{"total":0,"covered":0,"skipped":0,"pct":100},"functions":{"total":0,"covered":0,"skipped":0,"pct":100},"statements":{"total":0,"covered":0,"skipped":0,"pct":100},"branches":{"total":0,"covered":0,"skipped":0,"pct":100}}
,"C:\\DFolder\\Projects\\EVOX\\E2eTesting\\EVOX Code-Git\\evox-app-e2e\\client\\src\\container\\Admin\\SyncBiometrics\\SyncBiometrics.js": {"lines":{"total":23,"covered":0,"skipped":0,"pct":0},"functions":{"total":9,"covered":0,"skipped":0,"pct":0},"statements":{"total":23,"covered":0,"skipped":0,"pct":0},"branches":{"total":15,"covered":0,"skipped":0,"pct":0}}
,"C:\\DFolder\\Projects\\EVOX\\E2eTesting\\EVOX Code-Git\\evox-app-e2e\\client\\src\\container\\Admin\\SyncBiometrics\\index.js": {"lines":{"total":0,"covered":0,"skipped":0,"pct":100},"functions":{"total":0,"covered":0,"skipped":0,"pct":100},"statements":{"total":0,"covered":0,"skipped":0,"pct":100},"branches":{"total":0,"covered":0,"skipped":0,"pct":100}}
,"C:\\DFolder\\Projects\\EVOX\\E2eTesting\\EVOX Code-Git\\evox-app-e2e\\client\\src\\container\\Admin\\SyncUTCAdjustment\\SyncUTCAdjustment.js": {"lines":{"total":21,"covered":0,"skipped":0,"pct":0},"functions":{"total":8,"covered":0,"skipped":0,"pct":0},"statements":{"total":21,"covered":0,"skipped":0,"pct":0},"branches":{"total":11,"covered":0,"skipped":0,"pct":0}}
,"C:\\DFolder\\Projects\\EVOX\\E2eTesting\\EVOX Code-Git\\evox-app-e2e\\client\\src\\container\\Admin\\SyncUTCAdjustment\\index.js": {"lines":{"total":0,"covered":0,"skipped":0,"pct":100},"functions":{"total":0,"covered":0,"skipped":0,"pct":100},"statements":{"total":0,"covered":0,"skipped":0,"pct":100},"branches":{"total":0,"covered":0,"skipped":0,"pct":100}}
,"C:\\DFolder\\Projects\\EVOX\\E2eTesting\\EVOX Code-Git\\evox-app-e2e\\client\\src\\container\\Admin\\SyncUserUpdates\\SyncUserUpdates.js": {"lines":{"total":25,"covered":0,"skipped":0,"pct":0},"functions":{"total":9,"covered":0,"skipped":0,"pct":0},"statements":{"total":25,"covered":0,"skipped":0,"pct":0},"branches":{"total":12,"covered":0,"skipped":0,"pct":0}}
,"C:\\DFolder\\Projects\\EVOX\\E2eTesting\\EVOX Code-Git\\evox-app-e2e\\client\\src\\container\\Admin\\SyncUserUpdates\\index.js": {"lines":{"total":0,"covered":0,"skipped":0,"pct":100},"functions":{"total":0,"covered":0,"skipped":0,"pct":100},"statements":{"total":0,"covered":0,"skipped":0,"pct":100},"branches":{"total":0,"covered":0,"skipped":0,"pct":100}}
,"C:\\DFolder\\Projects\\EVOX\\E2eTesting\\EVOX Code-Git\\evox-app-e2e\\client\\src\\container\\AuthenticateClient\\AuthenticateClient.js": {"lines":{"total":24,"covered":0,"skipped":0,"pct":0},"functions":{"total":8,"covered":0,"skipped":0,"pct":0},"statements":{"total":24,"covered":0,"skipped":0,"pct":0},"branches":{"total":14,"covered":0,"skipped":0,"pct":0}}
,"C:\\DFolder\\Projects\\EVOX\\E2eTesting\\EVOX Code-Git\\evox-app-e2e\\client\\src\\container\\AuthenticateClient\\index.js": {"lines":{"total":0,"covered":0,"skipped":0,"pct":100},"functions":{"total":0,"covered":0,"skipped":0,"pct":100},"statements":{"total":0,"covered":0,"skipped":0,"pct":100},"branches":{"total":0,"covered":0,"skipped":0,"pct":100}}
,"C:\\DFolder\\Projects\\EVOX\\E2eTesting\\EVOX Code-Git\\evox-app-e2e\\client\\src\\container\\DPAForm\\DPAForm.js": {"lines":{"total":25,"covered":22,"skipped":0,"pct":88},"functions":{"total":17,"covered":10,"skipped":0,"pct":58.82},"statements":{"total":25,"covered":22,"skipped":0,"pct":88},"branches":{"total":16,"covered":14,"skipped":0,"pct":87.5}}
,"C:\\DFolder\\Projects\\EVOX\\E2eTesting\\EVOX Code-Git\\evox-app-e2e\\client\\src\\container\\DPAForm\\index.js": {"lines":{"total":0,"covered":0,"skipped":0,"pct":100},"functions":{"total":0,"covered":0,"skipped":0,"pct":100},"statements":{"total":0,"covered":0,"skipped":0,"pct":100},"branches":{"total":0,"covered":0,"skipped":0,"pct":100}}
,"C:\\DFolder\\Projects\\EVOX\\E2eTesting\\EVOX Code-Git\\evox-app-e2e\\client\\src\\container\\DPAFormIndia\\DPAFormIndia.js": {"lines":{"total":20,"covered":0,"skipped":0,"pct":0},"functions":{"total":10,"covered":0,"skipped":0,"pct":0},"statements":{"total":20,"covered":0,"skipped":0,"pct":0},"branches":{"total":9,"covered":0,"skipped":0,"pct":0}}
,"C:\\DFolder\\Projects\\EVOX\\E2eTesting\\EVOX Code-Git\\evox-app-e2e\\client\\src\\container\\DPAFormIndia\\index.js": {"lines":{"total":0,"covered":0,"skipped":0,"pct":100},"functions":{"total":0,"covered":0,"skipped":0,"pct":100},"statements":{"total":0,"covered":0,"skipped":0,"pct":100},"branches":{"total":0,"covered":0,"skipped":0,"pct":100}}
,"C:\\DFolder\\Projects\\EVOX\\E2eTesting\\EVOX Code-Git\\evox-app-e2e\\client\\src\\container\\DailyTimeRecord\\DailyTimeRecord.js": {"lines":{"total":85,"covered":72,"skipped":0,"pct":84.71},"functions":{"total":24,"covered":18,"skipped":0,"pct":75},"statements":{"total":87,"covered":74,"skipped":0,"pct":85.06},"branches":{"total":94,"covered":66,"skipped":0,"pct":70.21}}
,"C:\\DFolder\\Projects\\EVOX\\E2eTesting\\EVOX Code-Git\\evox-app-e2e\\client\\src\\container\\DailyTimeRecord\\index.js": {"lines":{"total":0,"covered":0,"skipped":0,"pct":100},"functions":{"total":0,"covered":0,"skipped":0,"pct":100},"statements":{"total":0,"covered":0,"skipped":0,"pct":100},"branches":{"total":0,"covered":0,"skipped":0,"pct":100}}
,"C:\\DFolder\\Projects\\EVOX\\E2eTesting\\EVOX Code-Git\\evox-app-e2e\\client\\src\\container\\DailyTimeRecordIndiaMorocco\\DailyTimeRecordIndiaMorocco.js": {"lines":{"total":84,"covered":0,"skipped":0,"pct":0},"functions":{"total":24,"covered":0,"skipped":0,"pct":0},"statements":{"total":86,"covered":0,"skipped":0,"pct":0},"branches":{"total":94,"covered":0,"skipped":0,"pct":0}}
,"C:\\DFolder\\Projects\\EVOX\\E2eTesting\\EVOX Code-Git\\evox-app-e2e\\client\\src\\container\\DailyTimeRecordIndiaMorocco\\index.js": {"lines":{"total":0,"covered":0,"skipped":0,"pct":100},"functions":{"total":0,"covered":0,"skipped":0,"pct":100},"statements":{"total":0,"covered":0,"skipped":0,"pct":100},"branches":{"total":0,"covered":0,"skipped":0,"pct":100}}
,"C:\\DFolder\\Projects\\EVOX\\E2eTesting\\EVOX Code-Git\\evox-app-e2e\\client\\src\\container\\DailyTimeRecordPuncher\\DailyTimeRecordPuncher.js": {"lines":{"total":70,"covered":0,"skipped":0,"pct":0},"functions":{"total":26,"covered":0,"skipped":0,"pct":0},"statements":{"total":72,"covered":0,"skipped":0,"pct":0},"branches":{"total":71,"covered":0,"skipped":0,"pct":0}}
,"C:\\DFolder\\Projects\\EVOX\\E2eTesting\\EVOX Code-Git\\evox-app-e2e\\client\\src\\container\\DailyTimeRecordPuncher\\index.js": {"lines":{"total":0,"covered":0,"skipped":0,"pct":100},"functions":{"total":0,"covered":0,"skipped":0,"pct":100},"statements":{"total":0,"covered":0,"skipped":0,"pct":100},"branches":{"total":0,"covered":0,"skipped":0,"pct":100}}
,"C:\\DFolder\\Projects\\EVOX\\E2eTesting\\EVOX Code-Git\\evox-app-e2e\\client\\src\\container\\Dashboard\\Dashboard.js": {"lines":{"total":172,"covered":0,"skipped":0,"pct":0},"functions":{"total":39,"covered":0,"skipped":0,"pct":0},"statements":{"total":177,"covered":0,"skipped":0,"pct":0},"branches":{"total":124,"covered":0,"skipped":0,"pct":0}}
,"C:\\DFolder\\Projects\\EVOX\\E2eTesting\\EVOX Code-Git\\evox-app-e2e\\client\\src\\container\\Dashboard\\index.js": {"lines":{"total":0,"covered":0,"skipped":0,"pct":100},"functions":{"total":0,"covered":0,"skipped":0,"pct":100},"statements":{"total":0,"covered":0,"skipped":0,"pct":100},"branches":{"total":0,"covered":0,"skipped":0,"pct":100}}
,"C:\\DFolder\\Projects\\EVOX\\E2eTesting\\EVOX Code-Git\\evox-app-e2e\\client\\src\\container\\DashboardContainers\\DashboardAnnouncements\\DashboardAnnouncements.js": {"lines":{"total":0,"covered":0,"skipped":0,"pct":100},"functions":{"total":0,"covered":0,"skipped":0,"pct":100},"statements":{"total":0,"covered":0,"skipped":0,"pct":100},"branches":{"total":0,"covered":0,"skipped":0,"pct":100}}
,"C:\\DFolder\\Projects\\EVOX\\E2eTesting\\EVOX Code-Git\\evox-app-e2e\\client\\src\\container\\DashboardContainers\\DashboardAnnouncements\\index.js": {"lines":{"total":0,"covered":0,"skipped":0,"pct":100},"functions":{"total":0,"covered":0,"skipped":0,"pct":100},"statements":{"total":0,"covered":0,"skipped":0,"pct":100},"branches":{"total":0,"covered":0,"skipped":0,"pct":100}}
,"C:\\DFolder\\Projects\\EVOX\\E2eTesting\\EVOX Code-Git\\evox-app-e2e\\client\\src\\container\\DashboardContainers\\DashboardAnnouncementsList\\DashboardAnnouncementsList.js": {"lines":{"total":0,"covered":0,"skipped":0,"pct":100},"functions":{"total":0,"covered":0,"skipped":0,"pct":100},"statements":{"total":0,"covered":0,"skipped":0,"pct":100},"branches":{"total":0,"covered":0,"skipped":0,"pct":100}}
,"C:\\DFolder\\Projects\\EVOX\\E2eTesting\\EVOX Code-Git\\evox-app-e2e\\client\\src\\container\\DashboardContainers\\DashboardAnnouncementsList\\index.js": {"lines":{"total":0,"covered":0,"skipped":0,"pct":100},"functions":{"total":0,"covered":0,"skipped":0,"pct":100},"statements":{"total":0,"covered":0,"skipped":0,"pct":100},"branches":{"total":0,"covered":0,"skipped":0,"pct":100}}
,"C:\\DFolder\\Projects\\EVOX\\E2eTesting\\EVOX Code-Git\\evox-app-e2e\\client\\src\\container\\DashboardContainers\\DashboardTabs\\DashboardTabs.js": {"lines":{"total":7,"covered":7,"skipped":0,"pct":100},"functions":{"total":5,"covered":5,"skipped":0,"pct":100},"statements":{"total":7,"covered":7,"skipped":0,"pct":100},"branches":{"total":0,"covered":0,"skipped":0,"pct":100}}
,"C:\\DFolder\\Projects\\EVOX\\E2eTesting\\EVOX Code-Git\\evox-app-e2e\\client\\src\\container\\DashboardContainers\\DashboardTabs\\index.js": {"lines":{"total":0,"covered":0,"skipped":0,"pct":100},"functions":{"total":0,"covered":0,"skipped":0,"pct":100},"statements":{"total":0,"covered":0,"skipped":0,"pct":100},"branches":{"total":0,"covered":0,"skipped":0,"pct":100}}
,"C:\\DFolder\\Projects\\EVOX\\E2eTesting\\EVOX Code-Git\\evox-app-e2e\\client\\src\\container\\DepartmentAnnouncements\\AnnouncementsPage\\AnnouncementsPage.js": {"lines":{"total":26,"covered":0,"skipped":0,"pct":0},"functions":{"total":10,"covered":0,"skipped":0,"pct":0},"statements":{"total":26,"covered":0,"skipped":0,"pct":0},"branches":{"total":16,"covered":0,"skipped":0,"pct":0}}
,"C:\\DFolder\\Projects\\EVOX\\E2eTesting\\EVOX Code-Git\\evox-app-e2e\\client\\src\\container\\DepartmentAnnouncements\\AnnouncementsPage\\index.js": {"lines":{"total":0,"covered":0,"skipped":0,"pct":100},"functions":{"total":0,"covered":0,"skipped":0,"pct":100},"statements":{"total":0,"covered":0,"skipped":0,"pct":100},"branches":{"total":0,"covered":0,"skipped":0,"pct":100}}
,"C:\\DFolder\\Projects\\EVOX\\E2eTesting\\EVOX Code-Git\\evox-app-e2e\\client\\src\\container\\DepartmentAnnouncements\\DepartmentAnnouncementsForm\\DepartmentAnnouncementsForm.js": {"lines":{"total":168,"covered":0,"skipped":0,"pct":0},"functions":{"total":34,"covered":0,"skipped":0,"pct":0},"statements":{"total":169,"covered":0,"skipped":0,"pct":0},"branches":{"total":240,"covered":0,"skipped":0,"pct":0}}
,"C:\\DFolder\\Projects\\EVOX\\E2eTesting\\EVOX Code-Git\\evox-app-e2e\\client\\src\\container\\DepartmentAnnouncements\\DepartmentAnnouncementsForm\\index.js": {"lines":{"total":0,"covered":0,"skipped":0,"pct":100},"functions":{"total":0,"covered":0,"skipped":0,"pct":100},"statements":{"total":0,"covered":0,"skipped":0,"pct":100},"branches":{"total":0,"covered":0,"skipped":0,"pct":100}}
,"C:\\DFolder\\Projects\\EVOX\\E2eTesting\\EVOX Code-Git\\evox-app-e2e\\client\\src\\container\\DepartmentAnnouncements\\DepartmentAnnouncementsList\\DepartmentAnnouncementsList.js": {"lines":{"total":53,"covered":0,"skipped":0,"pct":0},"functions":{"total":15,"covered":0,"skipped":0,"pct":0},"statements":{"total":53,"covered":0,"skipped":0,"pct":0},"branches":{"total":36,"covered":0,"skipped":0,"pct":0}}
,"C:\\DFolder\\Projects\\EVOX\\E2eTesting\\EVOX Code-Git\\evox-app-e2e\\client\\src\\container\\DepartmentAnnouncements\\DepartmentAnnouncementsList\\index.js": {"lines":{"total":0,"covered":0,"skipped":0,"pct":100},"functions":{"total":0,"covered":0,"skipped":0,"pct":100},"statements":{"total":0,"covered":0,"skipped":0,"pct":100},"branches":{"total":0,"covered":0,"skipped":0,"pct":100}}
,"C:\\DFolder\\Projects\\EVOX\\E2eTesting\\EVOX Code-Git\\evox-app-e2e\\client\\src\\container\\DtrPunch\\DtrPunch.js": {"lines":{"total":30,"covered":0,"skipped":0,"pct":0},"functions":{"total":12,"covered":0,"skipped":0,"pct":0},"statements":{"total":32,"covered":0,"skipped":0,"pct":0},"branches":{"total":8,"covered":0,"skipped":0,"pct":0}}
,"C:\\DFolder\\Projects\\EVOX\\E2eTesting\\EVOX Code-Git\\evox-app-e2e\\client\\src\\container\\DtrPunch\\index.js": {"lines":{"total":0,"covered":0,"skipped":0,"pct":100},"functions":{"total":0,"covered":0,"skipped":0,"pct":100},"statements":{"total":0,"covered":0,"skipped":0,"pct":100},"branches":{"total":0,"covered":0,"skipped":0,"pct":100}}
,"C:\\DFolder\\Projects\\EVOX\\E2eTesting\\EVOX Code-Git\\evox-app-e2e\\client\\src\\container\\EVLearning\\EVLearning.js": {"lines":{"total":1,"covered":1,"skipped":0,"pct":100},"functions":{"total":1,"covered":1,"skipped":0,"pct":100},"statements":{"total":1,"covered":1,"skipped":0,"pct":100},"branches":{"total":0,"covered":0,"skipped":0,"pct":100}}
,"C:\\DFolder\\Projects\\EVOX\\E2eTesting\\EVOX Code-Git\\evox-app-e2e\\client\\src\\container\\EVLearning\\index.js": {"lines":{"total":0,"covered":0,"skipped":0,"pct":100},"functions":{"total":0,"covered":0,"skipped":0,"pct":100},"statements":{"total":0,"covered":0,"skipped":0,"pct":100},"branches":{"total":0,"covered":0,"skipped":0,"pct":100}}
,"C:\\DFolder\\Projects\\EVOX\\E2eTesting\\EVOX Code-Git\\evox-app-e2e\\client\\src\\container\\ElSecureCoding\\ElSecureCoding.js": {"lines":{"total":12,"covered":0,"skipped":0,"pct":0},"functions":{"total":6,"covered":0,"skipped":0,"pct":0},"statements":{"total":12,"covered":0,"skipped":0,"pct":0},"branches":{"total":0,"covered":0,"skipped":0,"pct":100}}
,"C:\\DFolder\\Projects\\EVOX\\E2eTesting\\EVOX Code-Git\\evox-app-e2e\\client\\src\\container\\ElSecureCoding\\index.js": {"lines":{"total":0,"covered":0,"skipped":0,"pct":100},"functions":{"total":0,"covered":0,"skipped":0,"pct":100},"statements":{"total":0,"covered":0,"skipped":0,"pct":100},"branches":{"total":0,"covered":0,"skipped":0,"pct":100}}
,"C:\\DFolder\\Projects\\EVOX\\E2eTesting\\EVOX Code-Git\\evox-app-e2e\\client\\src\\container\\EmailNotFound\\EmailNotFound.js": {"lines":{"total":10,"covered":0,"skipped":0,"pct":0},"functions":{"total":6,"covered":0,"skipped":0,"pct":0},"statements":{"total":10,"covered":0,"skipped":0,"pct":0},"branches":{"total":0,"covered":0,"skipped":0,"pct":100}}
,"C:\\DFolder\\Projects\\EVOX\\E2eTesting\\EVOX Code-Git\\evox-app-e2e\\client\\src\\container\\EmailNotFound\\index.js": {"lines":{"total":0,"covered":0,"skipped":0,"pct":100},"functions":{"total":0,"covered":0,"skipped":0,"pct":100},"statements":{"total":0,"covered":0,"skipped":0,"pct":100},"branches":{"total":0,"covered":0,"skipped":0,"pct":100}}
,"C:\\DFolder\\Projects\\EVOX\\E2eTesting\\EVOX Code-Git\\evox-app-e2e\\client\\src\\container\\ForgotPasswordRequest\\ForgotPasswordRequest.js": {"lines":{"total":18,"covered":0,"skipped":0,"pct":0},"functions":{"total":10,"covered":0,"skipped":0,"pct":0},"statements":{"total":18,"covered":0,"skipped":0,"pct":0},"branches":{"total":4,"covered":0,"skipped":0,"pct":0}}
,"C:\\DFolder\\Projects\\EVOX\\E2eTesting\\EVOX Code-Git\\evox-app-e2e\\client\\src\\container\\ForgotPasswordRequest\\index.js": {"lines":{"total":0,"covered":0,"skipped":0,"pct":100},"functions":{"total":0,"covered":0,"skipped":0,"pct":100},"statements":{"total":0,"covered":0,"skipped":0,"pct":100},"branches":{"total":0,"covered":0,"skipped":0,"pct":100}}
,"C:\\DFolder\\Projects\\EVOX\\E2eTesting\\EVOX Code-Git\\evox-app-e2e\\client\\src\\container\\Hr\\Announcements\\Announcements.js": {"lines":{"total":19,"covered":0,"skipped":0,"pct":0},"functions":{"total":12,"covered":0,"skipped":0,"pct":0},"statements":{"total":19,"covered":0,"skipped":0,"pct":0},"branches":{"total":4,"covered":0,"skipped":0,"pct":0}}
,"C:\\DFolder\\Projects\\EVOX\\E2eTesting\\EVOX Code-Git\\evox-app-e2e\\client\\src\\container\\Hr\\Announcements\\index.js": {"lines":{"total":0,"covered":0,"skipped":0,"pct":100},"functions":{"total":0,"covered":0,"skipped":0,"pct":100},"statements":{"total":0,"covered":0,"skipped":0,"pct":100},"branches":{"total":0,"covered":0,"skipped":0,"pct":100}}
,"C:\\DFolder\\Projects\\EVOX\\E2eTesting\\EVOX Code-Git\\evox-app-e2e\\client\\src\\container\\Hr\\HrAnnouncementsForm\\HrAnnouncementsForm.js": {"lines":{"total":70,"covered":0,"skipped":0,"pct":0},"functions":{"total":16,"covered":0,"skipped":0,"pct":0},"statements":{"total":71,"covered":0,"skipped":0,"pct":0},"branches":{"total":77,"covered":0,"skipped":0,"pct":0}}
,"C:\\DFolder\\Projects\\EVOX\\E2eTesting\\EVOX Code-Git\\evox-app-e2e\\client\\src\\container\\Hr\\HrAnnouncementsForm\\index.js": {"lines":{"total":0,"covered":0,"skipped":0,"pct":100},"functions":{"total":0,"covered":0,"skipped":0,"pct":100},"statements":{"total":0,"covered":0,"skipped":0,"pct":100},"branches":{"total":0,"covered":0,"skipped":0,"pct":100}}
,"C:\\DFolder\\Projects\\EVOX\\E2eTesting\\EVOX Code-Git\\evox-app-e2e\\client\\src\\container\\Hr\\HrAnnouncementsList\\HrAnnouncementsList.js": {"lines":{"total":23,"covered":0,"skipped":0,"pct":0},"functions":{"total":11,"covered":0,"skipped":0,"pct":0},"statements":{"total":23,"covered":0,"skipped":0,"pct":0},"branches":{"total":8,"covered":0,"skipped":0,"pct":0}}
,"C:\\DFolder\\Projects\\EVOX\\E2eTesting\\EVOX Code-Git\\evox-app-e2e\\client\\src\\container\\Hr\\HrAnnouncementsList\\index.js": {"lines":{"total":0,"covered":0,"skipped":0,"pct":100},"functions":{"total":0,"covered":0,"skipped":0,"pct":100},"statements":{"total":0,"covered":0,"skipped":0,"pct":100},"branches":{"total":0,"covered":0,"skipped":0,"pct":100}}
,"C:\\DFolder\\Projects\\EVOX\\E2eTesting\\EVOX Code-Git\\evox-app-e2e\\client\\src\\container\\Hr\\PostAnnouncements\\PostAnnouncements.js": {"lines":{"total":47,"covered":0,"skipped":0,"pct":0},"functions":{"total":16,"covered":0,"skipped":0,"pct":0},"statements":{"total":48,"covered":0,"skipped":0,"pct":0},"branches":{"total":39,"covered":0,"skipped":0,"pct":0}}
,"C:\\DFolder\\Projects\\EVOX\\E2eTesting\\EVOX Code-Git\\evox-app-e2e\\client\\src\\container\\Hr\\PostAnnouncements\\index.js": {"lines":{"total":0,"covered":0,"skipped":0,"pct":100},"functions":{"total":0,"covered":0,"skipped":0,"pct":100},"statements":{"total":0,"covered":0,"skipped":0,"pct":100},"branches":{"total":0,"covered":0,"skipped":0,"pct":100}}
,"C:\\DFolder\\Projects\\EVOX\\E2eTesting\\EVOX Code-Git\\evox-app-e2e\\client\\src\\container\\Login\\Login.js": {"lines":{"total":27,"covered":0,"skipped":0,"pct":0},"functions":{"total":10,"covered":0,"skipped":0,"pct":0},"statements":{"total":27,"covered":0,"skipped":0,"pct":0},"branches":{"total":24,"covered":0,"skipped":0,"pct":0}}
,"C:\\DFolder\\Projects\\EVOX\\E2eTesting\\EVOX Code-Git\\evox-app-e2e\\client\\src\\container\\Login\\index.js": {"lines":{"total":0,"covered":0,"skipped":0,"pct":100},"functions":{"total":0,"covered":0,"skipped":0,"pct":100},"statements":{"total":0,"covered":0,"skipped":0,"pct":100},"branches":{"total":0,"covered":0,"skipped":0,"pct":100}}
,"C:\\DFolder\\Projects\\EVOX\\E2eTesting\\EVOX Code-Git\\evox-app-e2e\\client\\src\\container\\ModalLogin\\ModalLogin.js": {"lines":{"total":15,"covered":0,"skipped":0,"pct":0},"functions":{"total":8,"covered":0,"skipped":0,"pct":0},"statements":{"total":15,"covered":0,"skipped":0,"pct":0},"branches":{"total":10,"covered":0,"skipped":0,"pct":0}}
,"C:\\DFolder\\Projects\\EVOX\\E2eTesting\\EVOX Code-Git\\evox-app-e2e\\client\\src\\container\\ModalLogin\\index.js": {"lines":{"total":0,"covered":0,"skipped":0,"pct":100},"functions":{"total":0,"covered":0,"skipped":0,"pct":100},"statements":{"total":0,"covered":0,"skipped":0,"pct":100},"branches":{"total":0,"covered":0,"skipped":0,"pct":100}}
,"C:\\DFolder\\Projects\\EVOX\\E2eTesting\\EVOX Code-Git\\evox-app-e2e\\client\\src\\container\\MyOverallRequest\\MyOverallRequest.js": {"lines":{"total":90,"covered":0,"skipped":0,"pct":0},"functions":{"total":19,"covered":0,"skipped":0,"pct":0},"statements":{"total":99,"covered":0,"skipped":0,"pct":0},"branches":{"total":53,"covered":0,"skipped":0,"pct":0}}
,"C:\\DFolder\\Projects\\EVOX\\E2eTesting\\EVOX Code-Git\\evox-app-e2e\\client\\src\\container\\MyOverallRequest\\index.js": {"lines":{"total":0,"covered":0,"skipped":0,"pct":100},"functions":{"total":0,"covered":0,"skipped":0,"pct":100},"statements":{"total":0,"covered":0,"skipped":0,"pct":100},"branches":{"total":0,"covered":0,"skipped":0,"pct":100}}
,"C:\\DFolder\\Projects\\EVOX\\E2eTesting\\EVOX Code-Git\\evox-app-e2e\\client\\src\\container\\MyRequests\\MyRequests.js": {"lines":{"total":95,"covered":83,"skipped":0,"pct":87.37},"functions":{"total":19,"covered":11,"skipped":0,"pct":57.89},"statements":{"total":104,"covered":84,"skipped":0,"pct":80.77},"branches":{"total":66,"covered":52,"skipped":0,"pct":78.79}}
,"C:\\DFolder\\Projects\\EVOX\\E2eTesting\\EVOX Code-Git\\evox-app-e2e\\client\\src\\container\\MyRequests\\index.js": {"lines":{"total":0,"covered":0,"skipped":0,"pct":100},"functions":{"total":0,"covered":0,"skipped":0,"pct":100},"statements":{"total":0,"covered":0,"skipped":0,"pct":100},"branches":{"total":0,"covered":0,"skipped":0,"pct":100}}
,"C:\\DFolder\\Projects\\EVOX\\E2eTesting\\EVOX Code-Git\\evox-app-e2e\\client\\src\\container\\MyRequestsDispute\\MyRequestsDispute.js": {"lines":{"total":93,"covered":67,"skipped":0,"pct":72.04},"functions":{"total":17,"covered":11,"skipped":0,"pct":64.71},"statements":{"total":101,"covered":67,"skipped":0,"pct":66.34},"branches":{"total":52,"covered":35,"skipped":0,"pct":67.31}}
,"C:\\DFolder\\Projects\\EVOX\\E2eTesting\\EVOX Code-Git\\evox-app-e2e\\client\\src\\container\\MyRequestsDispute\\index.js": {"lines":{"total":0,"covered":0,"skipped":0,"pct":100},"functions":{"total":0,"covered":0,"skipped":0,"pct":100},"statements":{"total":0,"covered":0,"skipped":0,"pct":100},"branches":{"total":0,"covered":0,"skipped":0,"pct":100}}
,"C:\\DFolder\\Projects\\EVOX\\E2eTesting\\EVOX Code-Git\\evox-app-e2e\\client\\src\\container\\MyTeam\\OverallRequest.js": {"lines":{"total":26,"covered":0,"skipped":0,"pct":0},"functions":{"total":7,"covered":0,"skipped":0,"pct":0},"statements":{"total":26,"covered":0,"skipped":0,"pct":0},"branches":{"total":8,"covered":0,"skipped":0,"pct":0}}
[...]
,"C:\\DFolder\\Projects\\EVOX\\E2eTesting\\EVOX Code-Git\\evox-app-e2e\\client\\src\\store\\actions\\report\\reportActions.js": {"lines":{"total":27,"covered":0,"skipped":0,"pct":0},"functions":{"total":13,"covered":0,"skipped":0,"pct":0},"statements":{"total":27,"covered":0,"skipped":0,"pct":0},"branches":{"total":2,"covered":0,"skipped":0,"pct":0}}
,"C:\\DFolder\\Projects\\EVOX\\E2eTesting\\EVOX Code-Git\\evox-app-e2e\\client\\src\\store\\actions\\requests\\alterLogActions.js": {"lines":{"total":33,"covered":33,"skipped":0,"pct":100},"functions":{"total":20,"covered":20,"skipped":0,"pct":100},"statements":{"total":33,"covered":33,"skipped":0,"pct":100},"branches":{"total":0,"covered":0,"skipped":0,"pct":100}}
,"C:\\DFolder\\Projects\\EVOX\\E2eTesting\\EVOX Code-Git\\evox-app-e2e\\client\\src\\store\\actions\\requests\\alterPunchLogActions.js": {"lines":{"total":33,"covered":33,"skipped":0,"pct":100},"functions":{"total":20,"covered":20,"skipped":0,"pct":100},"statements":{"total":33,"covered":33,"skipped":0,"pct":100},"branches":{"total":0,"covered":0,"skipped":0,"pct":100}}
,"C:\\DFolder\\Projects\\EVOX\\E2eTesting\\EVOX Code-Git\\evox-app-e2e\\client\\src\\store\\actions\\requests\\changeScheduleActions.js": {"lines":{"total":32,"covered":32,"skipped":0,"pct":100},"functions":{"total":20,"covered":20,"skipped":0,"pct":100},"statements":{"total":32,"covered":32,"skipped":0,"pct":100},"branches":{"total":0,"covered":0,"skipped":0,"pct":100}}
,"C:\\DFolder\\Projects\\EVOX\\E2eTesting\\EVOX Code-Git\\evox-app-e2e\\client\\src\\store\\actions\\requests\\coeActions.js": {"lines":{"total":17,"covered":14,"skipped":0,"pct":82.35},"functions":{"total":8,"covered":8,"skipped":0,"pct":100},"statements":{"total":17,"covered":14,"skipped":0,"pct":82.35},"branches":{"total":8,"covered":2,"skipped":0,"pct":25}}
,"C:\\DFolder\\Projects\\EVOX\\E2eTesting\\EVOX Code-Git\\evox-app-e2e\\client\\src\\store\\actions\\requests\\overtimeActions.js": {"lines":{"total":32,"covered":32,"skipped":0,"pct":100},"functions":{"total":20,"covered":20,"skipped":0,"pct":100},"statements":{"total":32,"covered":32,"skipped":0,"pct":100},"branches":{"total":0,"covered":0,"skipped":0,"pct":100}}
,"C:\\DFolder\\Projects\\EVOX\\E2eTesting\\EVOX Code-Git\\evox-app-e2e\\client\\src\\store\\actions\\requests\\restDayWorkActions.js": {"lines":{"total":32,"covered":32,"skipped":0,"pct":100},"functions":{"total":20,"covered":20,"skipped":0,"pct":100},"statements":{"total":32,"covered":32,"skipped":0,"pct":100},"branches":{"total":0,"covered":0,"skipped":0,"pct":100}}
,"C:\\DFolder\\Projects\\EVOX\\E2eTesting\\EVOX Code-Git\\evox-app-e2e\\client\\src\\store\\actions\\settings\\alertActions.js": {"lines":{"total":3,"covered":3,"skipped":0,"pct":100},"functions":{"total":2,"covered":2,"skipped":0,"pct":100},"statements":{"total":3,"covered":3,"skipped":0,"pct":100},"branches":{"total":0,"covered":0,"skipped":0,"pct":100}}
,"C:\\DFolder\\Projects\\EVOX\\E2eTesting\\EVOX Code-Git\\evox-app-e2e\\client\\src\\store\\actions\\settings\\modalLoginActions.js": {"lines":{"total":6,"covered":6,"skipped":0,"pct":100},"functions":{"total":4,"covered":4,"skipped":0,"pct":100},"statements":{"total":6,"covered":6,"skipped":0,"pct":100},"branches":{"total":0,"covered":0,"skipped":0,"pct":100}}
,"C:\\DFolder\\Projects\\EVOX\\E2eTesting\\EVOX Code-Git\\evox-app-e2e\\client\\src\\store\\actions\\team\\teamActions.js": {"lines":{"total":15,"covered":0,"skipped":0,"pct":0},"functions":{"total":12,"covered":0,"skipped":0,"pct":0},"statements":{"total":15,"covered":0,"skipped":0,"pct":0},"branches":{"total":0,"covered":0,"skipped":0,"pct":100}}
,"C:\\DFolder\\Projects\\EVOX\\E2eTesting\\EVOX Code-Git\\evox-app-e2e\\client\\src\\store\\reducers\\rootReducers.js": {"lines":{"total":1,"covered":0,"skipped":0,"pct":0},"functions":{"total":0,"covered":0,"skipped":0,"pct":100},"statements":{"total":1,"covered":0,"skipped":0,"pct":0},"branches":{"total":0,"covered":0,"skipped":0,"pct":100}}
,"C:\\DFolder\\Projects\\EVOX\\E2eTesting\\EVOX Code-Git\\evox-app-e2e\\client\\src\\store\\reducers\\admin\\assignRoleReducers.js": {"lines":{"total":17,"covered":12,"skipped":0,"pct":70.59},"functions":{"total":1,"covered":1,"skipped":0,"pct":100},"statements":{"total":17,"covered":12,"skipped":0,"pct":70.59},"branches":{"total":7,"covered":7,"skipped":0,"pct":100}}
,"C:\\DFolder\\Projects\\EVOX\\E2eTesting\\EVOX Code-Git\\evox-app-e2e\\client\\src\\store\\reducers\\admin\\departmentListReducers.js": {"lines":{"total":9,"covered":8,"skipped":0,"pct":88.89},"functions":{"total":1,"covered":1,"skipped":0,"pct":100},"statements":{"total":9,"covered":8,"skipped":0,"pct":88.89},"branches":{"total":3,"covered":3,"skipped":0,"pct":100}}
,"C:\\DFolder\\Projects\\EVOX\\E2eTesting\\EVOX Code-Git\\evox-app-e2e\\client\\src\\store\\reducers\\admin\\jobOpeningReducers.js": {"lines":{"total":9,"covered":8,"skipped":0,"pct":88.89},"functions":{"total":1,"covered":1,"skipped":0,"pct":100},"statements":{"total":9,"covered":8,"skipped":0,"pct":88.89},"branches":{"total":3,"covered":3,"skipped":0,"pct":100}}
,"C:\\DFolder\\Projects\\EVOX\\E2eTesting\\EVOX Code-Git\\evox-app-e2e\\client\\src\\store\\reducers\\admin\\payrollCutoffReducers.js": {"lines":{"total":15,"covered":11,"skipped":0,"pct":73.33},"functions":{"total":1,"covered":1,"skipped":0,"pct":100},"statements":{"total":15,"covered":11,"skipped":0,"pct":73.33},"branches":{"total":6,"covered":6,"skipped":0,"pct":100}}
,"C:\\DFolder\\Projects\\EVOX\\E2eTesting\\EVOX Code-Git\\evox-app-e2e\\client\\src\\store\\reducers\\admin\\registerUserReducers.js": {"lines":{"total":9,"covered":8,"skipped":0,"pct":88.89},"functions":{"total":1,"covered":1,"skipped":0,"pct":100},"statements":{"total":9,"covered":8,"skipped":0,"pct":88.89},"branches":{"total":3,"covered":3,"skipped":0,"pct":100}}
,"C:\\DFolder\\Projects\\EVOX\\E2eTesting\\EVOX Code-Git\\evox-app-e2e\\client\\src\\store\\reducers\\admin\\syncReducers.js": {"lines":{"total":15,"covered":11,"skipped":0,"pct":73.33},"functions":{"total":1,"covered":1,"skipped":0,"pct":100},"statements":{"total":15,"covered":11,"skipped":0,"pct":73.33},"branches":{"total":6,"covered":6,"skipped":0,"pct":100}}
,"C:\\DFolder\\Projects\\EVOX\\E2eTesting\\EVOX Code-Git\\evox-app-e2e\\client\\src\\store\\reducers\\announcements\\departmentAnnouncementReducers.js": {"lines":{"total":17,"covered":12,"skipped":0,"pct":70.59},"functions":{"total":1,"covered":1,"skipped":0,"pct":100},"statements":{"total":17,"covered":12,"skipped":0,"pct":70.59},"branches":{"total":9,"covered":9,"skipped":0,"pct":100}}
,"C:\\DFolder\\Projects\\EVOX\\E2eTesting\\EVOX Code-Git\\evox-app-e2e\\client\\src\\store\\reducers\\approvals\\requestApprovalReducers.js": {"lines":{"total":11,"covered":9,"skipped":0,"pct":81.82},"functions":{"total":1,"covered":1,"skipped":0,"pct":100},"statements":{"total":11,"covered":9,"skipped":0,"pct":81.82},"branches":{"total":4,"covered":4,"skipped":0,"pct":100}}
,"C:\\DFolder\\Projects\\EVOX\\E2eTesting\\EVOX Code-Git\\evox-app-e2e\\client\\src\\store\\reducers\\dashboard\\dashboardReducers.js": {"lines":{"total":57,"covered":57,"skipped":0,"pct":100},"functions":{"total":1,"covered":1,"skipped":0,"pct":100},"statements":{"total":57,"covered":57,"skipped":0,"pct":100},"branches":{"total":27,"covered":27,"skipped":0,"pct":100}}
,"C:\\DFolder\\Projects\\EVOX\\E2eTesting\\EVOX Code-Git\\evox-app-e2e\\client\\src\\store\\reducers\\dtr\\dtrConflictReducer.js": {"lines":{"total":9,"covered":8,"skipped":0,"pct":88.89},"functions":{"total":1,"covered":1,"skipped":0,"pct":100},"statements":{"total":9,"covered":8,"skipped":0,"pct":88.89},"branches":{"total":9,"covered":6,"skipped":0,"pct":66.67}}
,"C:\\DFolder\\Projects\\EVOX\\E2eTesting\\EVOX Code-Git\\evox-app-e2e\\client\\src\\store\\reducers\\dtr\\dtrLogsReducers.js": {"lines":{"total":9,"covered":8,"skipped":0,"pct":88.89},"functions":{"total":1,"covered":1,"skipped":0,"pct":100},"statements":{"total":9,"covered":8,"skipped":0,"pct":88.89},"branches":{"total":3,"covered":3,"skipped":0,"pct":100}}
,"C:\\DFolder\\Projects\\EVOX\\E2eTesting\\EVOX Code-Git\\evox-app-e2e\\client\\src\\store\\reducers\\dtr\\dtrMultiLogsSummaryReducers.js": {"lines":{"total":21,"covered":15,"skipped":0,"pct":71.43},"functions":{"total":2,"covered":1,"skipped":0,"pct":50},"statements":{"total":21,"covered":15,"skipped":0,"pct":71.43},"branches":{"total":6,"covered":4,"skipped":0,"pct":66.67}}
,"C:\\DFolder\\Projects\\EVOX\\E2eTesting\\EVOX Code-Git\\evox-app-e2e\\client\\src\\store\\reducers\\dtr\\dtrReducers.js": {"lines":{"total":26,"covered":22,"skipped":0,"pct":84.62},"functions":{"total":1,"covered":1,"skipped":0,"pct":100},"statements":{"total":26,"covered":22,"skipped":0,"pct":84.62},"branches":{"total":11,"covered":11,"skipped":0,"pct":100}}
,"C:\\DFolder\\Projects\\EVOX\\E2eTesting\\EVOX Code-Git\\evox-app-e2e\\client\\src\\store\\reducers\\dtr\\dtrSummaryReducers.js": {"lines":{"total":37,"covered":31,"skipped":0,"pct":83.78},"functions":{"total":2,"covered":2,"skipped":0,"pct":100},"statements":{"total":37,"covered":31,"skipped":0,"pct":83.78},"branches":{"total":28,"covered":25,"skipped":0,"pct":89.29}}
,"C:\\DFolder\\Projects\\EVOX\\E2eTesting\\EVOX Code-Git\\evox-app-e2e\\client\\src\\store\\reducers\\filters\\dpaListReducers.js": {"lines":{"total":11,"covered":9,"skipped":0,"pct":81.82},"functions":{"total":1,"covered":1,"skipped":0,"pct":100},"statements":{"total":11,"covered":9,"skipped":0,"pct":81.82},"branches":{"total":4,"covered":4,"skipped":0,"pct":100}}
,"C:\\DFolder\\Projects\\EVOX\\E2eTesting\\EVOX Code-Git\\evox-app-e2e\\client\\src\\store\\reducers\\filters\\myDepartmentsTeamsListReducers.js": {"lines":{"total":14,"covered":11,"skipped":0,"pct":78.57},"functions":{"total":1,"covered":1,"skipped":0,"pct":100},"statements":{"total":14,"covered":11,"skipped":0,"pct":78.57},"branches":{"total":6,"covered":6,"skipped":0,"pct":100}}
,"C:\\DFolder\\Projects\\EVOX\\E2eTesting\\EVOX Code-Git\\evox-app-e2e\\client\\src\\store\\reducers\\filters\\myDisputeRequestListReducers.js": {"lines":{"total":9,"covered":8,"skipped":0,"pct":88.89},"functions":{"total":1,"covered":1,"skipped":0,"pct":100},"statements":{"total":9,"covered":8,"skipped":0,"pct":88.89},"branches":{"total":3,"covered":3,"skipped":0,"pct":100}}
,"C:\\DFolder\\Projects\\EVOX\\E2eTesting\\EVOX Code-Git\\evox-app-e2e\\client\\src\\store\\reducers\\filters\\myRequestListReducers.js": {"lines":{"total":15,"covered":11,"skipped":0,"pct":73.33},"functions":{"total":1,"covered":1,"skipped":0,"pct":100},"statements":{"total":15,"covered":11,"skipped":0,"pct":73.33},"branches":{"total":6,"covered":6,"skipped":0,"pct":100}}
,"C:\\DFolder\\Projects\\EVOX\\E2eTesting\\EVOX Code-Git\\evox-app-e2e\\client\\src\\store\\reducers\\filters\\myTeamListReducers.js": {"lines":{"total":15,"covered":12,"skipped":0,"pct":80},"functions":{"total":1,"covered":1,"skipped":0,"pct":100},"statements":{"total":15,"covered":12,"skipped":0,"pct":80},"branches":{"total":7,"covered":7,"skipped":0,"pct":100}}
,"C:\\DFolder\\Projects\\EVOX\\E2eTesting\\EVOX Code-Git\\evox-app-e2e\\client\\src\\store\\reducers\\filters\\myTeamRequestListReducers.js": {"lines":{"total":19,"covered":13,"skipped":0,"pct":68.42},"functions":{"total":1,"covered":1,"skipped":0,"pct":100},"statements":{"total":19,"covered":13,"skipped":0,"pct":68.42},"branches":{"total":10,"covered":10,"skipped":0,"pct":100}}
,"C:\\DFolder\\Projects\\EVOX\\E2eTesting\\EVOX Code-Git\\evox-app-e2e\\client\\src\\store\\reducers\\freshservice\\freshServiceReducers.js": {"lines":{"total":11,"covered":9,"skipped":0,"pct":81.82},"functions":{"total":1,"covered":1,"skipped":0,"pct":100},"statements":{"total":11,"covered":9,"skipped":0,"pct":81.82},"branches":{"total":4,"covered":4,"skipped":0,"pct":100}}
,"C:\\DFolder\\Projects\\EVOX\\E2eTesting\\EVOX Code-Git\\evox-app-e2e\\client\\src\\store\\reducers\\hr\\hrAnnouncementReducers.js": {"lines":{"total":12,"covered":10,"skipped":0,"pct":83.33},"functions":{"total":1,"covered":1,"skipped":0,"pct":100},"statements":{"total":12,"covered":10,"skipped":0,"pct":83.33},"branches":{"total":5,"covered":5,"skipped":0,"pct":100}}
,"C:\\DFolder\\Projects\\EVOX\\E2eTesting\\EVOX Code-Git\\evox-app-e2e\\client\\src\\store\\reducers\\lookup\\lookupListReducers.js": {"lines":{"total":33,"covered":33,"skipped":0,"pct":100},"functions":{"total":2,"covered":2,"skipped":0,"pct":100},"statements":{"total":34,"covered":34,"skipped":0,"pct":100},"branches":{"total":13,"covered":13,"skipped":0,"pct":100}}
,"C:\\DFolder\\Projects\\EVOX\\E2eTesting\\EVOX Code-Git\\evox-app-e2e\\client\\src\\store\\reducers\\neo\\neoReducers.js": {"lines":{"total":13,"covered":10,"skipped":0,"pct":76.92},"functions":{"total":1,"covered":1,"skipped":0,"pct":100},"statements":{"total":13,"covered":10,"skipped":0,"pct":76.92},"branches":{"total":5,"covered":5,"skipped":0,"pct":100}}
,"C:\\DFolder\\Projects\\EVOX\\E2eTesting\\EVOX Code-Git\\evox-app-e2e\\client\\src\\store\\reducers\\opsschedule\\opsScheduleReducers.js": {"lines":{"total":15,"covered":11,"skipped":0,"pct":73.33},"functions":{"total":1,"covered":1,"skipped":0,"pct":100},"statements":{"total":15,"covered":11,"skipped":0,"pct":73.33},"branches":{"total":8,"covered":8,"skipped":0,"pct":100}}
,"C:\\DFolder\\Projects\\EVOX\\E2eTesting\\EVOX Code-Git\\evox-app-e2e\\client\\src\\store\\reducers\\profile\\profileReducer.js": {"lines":{"total":35,"covered":21,"skipped":0,"pct":60},"functions":{"total":1,"covered":1,"skipped":0,"pct":100},"statements":{"total":35,"covered":21,"skipped":0,"pct":60},"branches":{"total":16,"covered":16,"skipped":0,"pct":100}}
,"C:\\DFolder\\Projects\\EVOX\\E2eTesting\\EVOX Code-Git\\evox-app-e2e\\client\\src\\store\\reducers\\report\\reportReducers.js": {"lines":{"total":13,"covered":13,"skipped":0,"pct":100},"functions":{"total":1,"covered":1,"skipped":0,"pct":100},"statements":{"total":13,"covered":13,"skipped":0,"pct":100},"branches":{"total":5,"covered":5,"skipped":0,"pct":100}}
,"C:\\DFolder\\Projects\\EVOX\\E2eTesting\\EVOX Code-Git\\evox-app-e2e\\client\\src\\store\\reducers\\requests\\alterLogPunchReducers.js": {"lines":{"total":14,"covered":11,"skipped":0,"pct":78.57},"functions":{"total":1,"covered":1,"skipped":0,"pct":100},"statements":{"total":14,"covered":11,"skipped":0,"pct":78.57},"branches":{"total":5,"covered":5,"skipped":0,"pct":100}}
,"C:\\DFolder\\Projects\\EVOX\\E2eTesting\\EVOX Code-Git\\evox-app-e2e\\client\\src\\store\\reducers\\requests\\alterLogReducers.js": {"lines":{"total":13,"covered":10,"skipped":0,"pct":76.92},"functions":{"total":1,"covered":1,"skipped":0,"pct":100},"statements":{"total":13,"covered":10,"skipped":0,"pct":76.92},"branches":{"total":5,"covered":5,"skipped":0,"pct":100}}
,"C:\\DFolder\\Projects\\EVOX\\E2eTesting\\EVOX Code-Git\\evox-app-e2e\\client\\src\\store\\reducers\\requests\\changeScheduleReducers.js": {"lines":{"total":13,"covered":10,"skipped":0,"pct":76.92},"functions":{"total":1,"covered":1,"skipped":0,"pct":100},"statements":{"total":13,"covered":10,"skipped":0,"pct":76.92},"branches":{"total":5,"covered":5,"skipped":0,"pct":100}}
,"C:\\DFolder\\Projects\\EVOX\\E2eTesting\\EVOX Code-Git\\evox-app-e2e\\client\\src\\store\\reducers\\requests\\coeReducers.js": {"lines":{"total":17,"covered":15,"skipped":0,"pct":88.24},"functions":{"total":1,"covered":1,"skipped":0,"pct":100},"statements":{"total":17,"covered":15,"skipped":0,"pct":88.24},"branches":{"total":4,"covered":4,"skipped":0,"pct":100}}
,"C:\\DFolder\\Projects\\EVOX\\E2eTesting\\EVOX Code-Git\\evox-app-e2e\\client\\src\\store\\reducers\\requests\\overtimeReducers.js": {"lines":{"total":13,"covered":10,"skipped":0,"pct":76.92},"functions":{"total":1,"covered":1,"skipped":0,"pct":100},"statements":{"total":13,"covered":10,"skipped":0,"pct":76.92},"branches":{"total":5,"covered":5,"skipped":0,"pct":100}}
,"C:\\DFolder\\Projects\\EVOX\\E2eTesting\\EVOX Code-Git\\evox-app-e2e\\client\\src\\store\\reducers\\requests\\restDayWorkReducers.js": {"lines":{"total":13,"covered":10,"skipped":0,"pct":76.92},"functions":{"total":1,"covered":1,"skipped":0,"pct":100},"statements":{"total":13,"covered":10,"skipped":0,"pct":76.92},"branches":{"total":5,"covered":5,"skipped":0,"pct":100}}
,"C:\\DFolder\\Projects\\EVOX\\E2eTesting\\EVOX Code-Git\\evox-app-e2e\\client\\src\\store\\reducers\\schedule\\scheduleReducers.js": {"lines":{"total":24,"covered":18,"skipped":0,"pct":75},"functions":{"total":1,"covered":1,"skipped":0,"pct":100},"statements":{"total":24,"covered":18,"skipped":0,"pct":75},"branches":{"total":8,"covered":8,"skipped":0,"pct":100}}
,"C:\\DFolder\\Projects\\EVOX\\E2eTesting\\EVOX Code-Git\\evox-app-e2e\\client\\src\\store\\reducers\\schedule\\teamSchedule.js": {"lines":{"total":20,"covered":17,"skipped":0,"pct":85},"functions":{"total":1,"covered":1,"skipped":0,"pct":100},"statements":{"total":20,"covered":17,"skipped":0,"pct":85},"branches":{"total":10,"covered":10,"skipped":0,"pct":100}}
,"C:\\DFolder\\Projects\\EVOX\\E2eTesting\\EVOX Code-Git\\evox-app-e2e\\client\\src\\store\\reducers\\settings\\alertReducers.js": {"lines":{"total":20,"covered":16,"skipped":0,"pct":80},"functions":{"total":1,"covered":1,"skipped":0,"pct":100},"statements":{"total":20,"covered":16,"skipped":0,"pct":80},"branches":{"total":32,"covered":19,"skipped":0,"pct":59.38}}
,"C:\\DFolder\\Projects\\EVOX\\E2eTesting\\EVOX Code-Git\\evox-app-e2e\\client\\src\\store\\reducers\\settings\\constantReducers.js": {"lines":{"total":9,"covered":8,"skipped":0,"pct":88.89},"functions":{"total":1,"covered":1,"skipped":0,"pct":100},"statements":{"total":9,"covered":8,"skipped":0,"pct":88.89},"branches":{"total":3,"covered":3,"skipped":0,"pct":100}}
,"C:\\DFolder\\Projects\\EVOX\\E2eTesting\\EVOX Code-Git\\evox-app-e2e\\client\\src\\store\\reducers\\settings\\currentActionReducers.js": {"lines":{"total":9,"covered":8,"skipped":0,"pct":88.89},"functions":{"total":1,"covered":1,"skipped":0,"pct":100},"statements":{"total":9,"covered":8,"skipped":0,"pct":88.89},"branches":{"total":3,"covered":3,"skipped":0,"pct":100}}
,"C:\\DFolder\\Projects\\EVOX\\E2eTesting\\EVOX Code-Git\\evox-app-e2e\\client\\src\\store\\reducers\\settings\\modalLoginReducer.js": {"lines":{"total":11,"covered":10,"skipped":0,"pct":90.91},"functions":{"total":1,"covered":1,"skipped":0,"pct":100},"statements":{"total":11,"covered":10,"skipped":0,"pct":90.91},"branches":{"total":4,"covered":4,"skipped":0,"pct":100}}
,"C:\\DFolder\\Projects\\EVOX\\E2eTesting\\EVOX Code-Git\\evox-app-e2e\\client\\src\\store\\reducers\\settings\\pageReducers.js": {"lines":{"total":19,"covered":15,"skipped":0,"pct":78.95},"functions":{"total":1,"covered":1,"skipped":0,"pct":100},"statements":{"total":19,"covered":15,"skipped":0,"pct":78.95},"branches":{"total":6,"covered":6,"skipped":0,"pct":100}}
,"C:\\DFolder\\Projects\\EVOX\\E2eTesting\\EVOX Code-Git\\evox-app-e2e\\client\\src\\store\\reducers\\settings\\redirectReducers.js": {"lines":{"total":11,"covered":9,"skipped":0,"pct":81.82},"functions":{"total":1,"covered":1,"skipped":0,"pct":100},"statements":{"total":11,"covered":9,"skipped":0,"pct":81.82},"branches":{"total":6,"covered":6,"skipped":0,"pct":100}}
,"C:\\DFolder\\Projects\\EVOX\\E2eTesting\\EVOX Code-Git\\evox-app-e2e\\client\\src\\store\\reducers\\settings\\settingsReducers.js": {"lines":{"total":9,"covered":8,"skipped":0,"pct":88.89},"functions":{"total":1,"covered":1,"skipped":0,"pct":100},"statements":{"total":9,"covered":8,"skipped":0,"pct":88.89},"branches":{"total":3,"covered":3,"skipped":0,"pct":100}}
,"C:\\DFolder\\Projects\\EVOX\\E2eTesting\\EVOX Code-Git\\evox-app-e2e\\client\\src\\store\\reducers\\user\\userReducers.js": {"lines":{"total":76,"covered":44,"skipped":0,"pct":57.89},"functions":{"total":5,"covered":1,"skipped":0,"pct":20},"statements":{"total":80,"covered":44,"skipped":0,"pct":55},"branches":{"total":36,"covered":23,"skipped":0,"pct":63.89}}
}
