<?xml version="1.0" encoding="UTF-8"?>
<testsuites>
  <testsuite name="" tests="2230" assertions="4494" errors="26" failures="99" skipped="195" time="6716.847104">
    <testsuite name="Unit" tests="58" assertions="51" errors="7" failures="0" skipped="0" time="34.738173">
      <testsuite name="Tests\Unit\Attendance\BindHolidaysToDtrTest" file="C:\DFolder\Projects\EVOX\E2eTesting\EVOX Code-Git\evox-app-e2e\server\tests\Unit\Attendance\BindHolidaysToDtrTest.php" tests="1" assertions="0" errors="1" failures="0" skipped="0" time="2.948306">
        <testcase name="it_attaches_holiday_to_dtr" class="Tests\Unit\Attendance\BindHolidaysToDtrTest" classname="Tests.Unit.Attendance.BindHolidaysToDtrTest" file="C:\DFolder\Projects\EVOX\E2eTesting\EVOX Code-Git\evox-app-e2e\server\tests\Unit\Attendance\BindHolidaysToDtrTest.php" line="21" assertions="0" time="2.948306">
          <error type="ErrorException">Tests\Unit\Attendance\BindHolidaysToDtrTest::it_attaches_holiday_to_dtr
ErrorException: Undefined index: PAYROLL_DATE

C:\DFolder\Projects\EVOX\E2eTesting\EVOX Code-Git\evox-app-e2e\server\tests\TestCase.php:37
C:\DFolder\Projects\EVOX\E2eTesting\EVOX Code-Git\evox-app-e2e\server\tests\Unit\Attendance\BindHolidaysToDtrTest.php:24
phpvfscomposer://C:\DFolder\Projects\EVOX\E2eTesting\EVOX Code-Git\evox-app-e2e\server\vendor\phpunit\phpunit\phpunit:60
</error>
        </testcase>
      </testsuite>
      <testsuite name="Tests\Unit\Attendance\BindLeavesToDtrTest" file="C:\DFolder\Projects\EVOX\E2eTesting\EVOX Code-Git\evox-app-e2e\server\tests\Unit\Attendance\BindLeavesToDtrTest.php" tests="2" assertions="0" errors="2" failures="0" skipped="0" time="1.505139">
        <testcase name="it_processes_approved_leave" class="Tests\Unit\Attendance\BindLeavesToDtrTest" classname="Tests.Unit.Attendance.BindLeavesToDtrTest" file="C:\DFolder\Projects\EVOX\E2eTesting\EVOX Code-Git\evox-app-e2e\server\tests\Unit\Attendance\BindLeavesToDtrTest.php" line="20" assertions="0" time="0.769136">
          <error type="ErrorException">Tests\Unit\Attendance\BindLeavesToDtrTest::it_processes_approved_leave
ErrorException: Undefined index: PAYROLL_DATE

C:\DFolder\Projects\EVOX\E2eTesting\EVOX Code-Git\evox-app-e2e\server\tests\TestCase.php:37
C:\DFolder\Projects\EVOX\E2eTesting\EVOX Code-Git\evox-app-e2e\server\tests\Unit\Attendance\BindLeavesToDtrTest.php:24
phpvfscomposer://C:\DFolder\Projects\EVOX\E2eTesting\EVOX Code-Git\evox-app-e2e\server\vendor\phpunit\phpunit\phpunit:60
</error>
        </testcase>
        <testcase name="it_ignores_non_approved_leave_status" class="Tests\Unit\Attendance\BindLeavesToDtrTest" classname="Tests.Unit.Attendance.BindLeavesToDtrTest" file="C:\DFolder\Projects\EVOX\E2eTesting\EVOX Code-Git\evox-app-e2e\server\tests\Unit\Attendance\BindLeavesToDtrTest.php" line="74" assertions="0" time="0.736003">
          <error type="ErrorException">Tests\Unit\Attendance\BindLeavesToDtrTest::it_ignores_non_approved_leave_status
ErrorException: Undefined index: PAYROLL_DATE

C:\DFolder\Projects\EVOX\E2eTesting\EVOX Code-Git\evox-app-e2e\server\tests\TestCase.php:37
C:\DFolder\Projects\EVOX\E2eTesting\EVOX Code-Git\evox-app-e2e\server\tests\Unit\Attendance\BindLeavesToDtrTest.php:78
phpvfscomposer://C:\DFolder\Projects\EVOX\E2eTesting\EVOX Code-Git\evox-app-e2e\server\vendor\phpunit\phpunit\phpunit:60
</error>
        </testcase>
      </testsuite>
      <testsuite name="Tests\Unit\Attendance\SyncBiometricsToDtrTest" file="C:\DFolder\Projects\EVOX\E2eTesting\EVOX Code-Git\evox-app-e2e\server\tests\Unit\Attendance\SyncBiometricsToDtrTest.php" tests="1" assertions="0" errors="1" failures="0" skipped="0" time="0.710858">
        <testcase name="it_syncs_biometrics_using_user_and_date" class="Tests\Unit\Attendance\SyncBiometricsToDtrTest" classname="Tests.Unit.Attendance.SyncBiometricsToDtrTest" file="C:\DFolder\Projects\EVOX\E2eTesting\EVOX Code-Git\evox-app-e2e\server\tests\Unit\Attendance\SyncBiometricsToDtrTest.php" line="24" assertions="0" time="0.710858">
          <error type="ErrorException">Tests\Unit\Attendance\SyncBiometricsToDtrTest::it_syncs_biometrics_using_user_and_date
ErrorException: Undefined index: PAYROLL_DATE

C:\DFolder\Projects\EVOX\E2eTesting\EVOX Code-Git\evox-app-e2e\server\tests\TestCase.php:37
C:\DFolder\Projects\EVOX\E2eTesting\EVOX Code-Git\evox-app-e2e\server\tests\Unit\Attendance\SyncBiometricsToDtrTest.php:27
phpvfscomposer://C:\DFolder\Projects\EVOX\E2eTesting\EVOX Code-Git\evox-app-e2e\server\vendor\phpunit\phpunit\phpunit:60
</error>
        </testcase>
      </testsuite>
      <testsuite name="Tests\Unit\DTR\DtrUpsertTest" file="C:\DFolder\Projects\EVOX\E2eTesting\EVOX Code-Git\evox-app-e2e\server\tests\Unit\DTR\DtrUpsertTest.php" tests="3" assertions="0" errors="3" failures="0" skipped="0" time="2.243205">
        <testcase name="it_has_existing_dtr_for_user" class="Tests\Unit\DTR\DtrUpsertTest" classname="Tests.Unit.DTR.DtrUpsertTest" file="C:\DFolder\Projects\EVOX\E2eTesting\EVOX Code-Git\evox-app-e2e\server\tests\Unit\DTR\DtrUpsertTest.php" line="11" assertions="0" time="0.761376">
          <error type="ErrorException">Tests\Unit\DTR\DtrUpsertTest::it_has_existing_dtr_for_user
ErrorException: Undefined index: PAYROLL_DATE

C:\DFolder\Projects\EVOX\E2eTesting\EVOX Code-Git\evox-app-e2e\server\tests\TestCase.php:37
C:\DFolder\Projects\EVOX\E2eTesting\EVOX Code-Git\evox-app-e2e\server\tests\Unit\DTR\DtrUpsertTest.php:14
phpvfscomposer://C:\DFolder\Projects\EVOX\E2eTesting\EVOX Code-Git\evox-app-e2e\server\vendor\phpunit\phpunit\phpunit:60
</error>
        </testcase>
        <testcase name="it_has_single_dtr_record_per_user_per_date" class="Tests\Unit\DTR\DtrUpsertTest" classname="Tests.Unit.DTR.DtrUpsertTest" file="C:\DFolder\Projects\EVOX\E2eTesting\EVOX Code-Git\evox-app-e2e\server\tests\Unit\DTR\DtrUpsertTest.php" line="25" assertions="0" time="0.744941">
          <error type="ErrorException">Tests\Unit\DTR\DtrUpsertTest::it_has_single_dtr_record_per_user_per_date
ErrorException: Undefined index: PAYROLL_DATE

C:\DFolder\Projects\EVOX\E2eTesting\EVOX Code-Git\evox-app-e2e\server\tests\TestCase.php:37
C:\DFolder\Projects\EVOX\E2eTesting\EVOX Code-Git\evox-app-e2e\server\tests\Unit\DTR\DtrUpsertTest.php:28
phpvfscomposer://C:\DFolder\Projects\EVOX\E2eTesting\EVOX Code-Git\evox-app-e2e\server\vendor\phpunit\phpunit\phpunit:60
</error>
        </testcase>
        <testcase name="it_validates_dtr_time_out_is_consistent_or_updated" class="Tests\Unit\DTR\DtrUpsertTest" classname="Tests.Unit.DTR.DtrUpsertTest" file="C:\DFolder\Projects\EVOX\E2eTesting\EVOX Code-Git\evox-app-e2e\server\tests\Unit\DTR\DtrUpsertTest.php" line="39" assertions="0" time="0.736888">
          <error type="ErrorException">Tests\Unit\DTR\DtrUpsertTest::it_validates_dtr_time_out_is_consistent_or_updated
ErrorException: Undefined index: PAYROLL_DATE

C:\DFolder\Projects\EVOX\E2eTesting\EVOX Code-Git\evox-app-e2e\server\tests\TestCase.php:37
C:\DFolder\Projects\EVOX\E2eTesting\EVOX Code-Git\evox-app-e2e\server\tests\Unit\DTR\DtrUpsertTest.php:42
phpvfscomposer://C:\DFolder\Projects\EVOX\E2eTesting\EVOX Code-Git\evox-app-e2e\server\vendor\phpunit\phpunit\phpunit:60
</error>
        </testcase>
      </testsuite>
      <testsuite name="Tests\Unit\ExampleTest" file="C:\DFolder\Projects\EVOX\E2eTesting\EVOX Code-Git\evox-app-e2e\server\tests\Unit\ExampleTest.php" tests="1" assertions="1" errors="0" failures="0" skipped="0" time="0.665832">
        <testcase name="testBasicTest" class="Tests\Unit\ExampleTest" classname="Tests.Unit.ExampleTest" file="C:\DFolder\Projects\EVOX\E2eTesting\EVOX Code-Git\evox-app-e2e\server\tests\Unit\ExampleTest.php" line="15" assertions="1" time="0.665832"/>
      </testsuite>
      <testsuite name="Tests\Unit\Payroll\DtrModelTest" file="C:\DFolder\Projects\EVOX\E2eTesting\EVOX Code-Git\evox-app-e2e\server\tests\Unit\Payroll\DtrModelTest.php" tests="43" assertions="43" errors="0" failures="0" skipped="0" time="22.203848">
        <testcase name="test_hasSchedule_true_when_both_datetimes_set" class="Tests\Unit\Payroll\DtrModelTest" classname="Tests.Unit.Payroll.DtrModelTest" file="C:\DFolder\Projects\EVOX\E2eTesting\EVOX Code-Git\evox-app-e2e\server\tests\Unit\Payroll\DtrModelTest.php" line="52" assertions="1" time="0.696427"/>
        <testcase name="test_hasSchedule_false_when_start_missing" class="Tests\Unit\Payroll\DtrModelTest" classname="Tests.Unit.Payroll.DtrModelTest" file="C:\DFolder\Projects\EVOX\E2eTesting\EVOX Code-Git\evox-app-e2e\server\tests\Unit\Payroll\DtrModelTest.php" line="57" assertions="1" time="0.716769"/>
        <testcase name="test_hasSchedule_false_when_end_missing" class="Tests\Unit\Payroll\DtrModelTest" classname="Tests.Unit.Payroll.DtrModelTest" file="C:\DFolder\Projects\EVOX\E2eTesting\EVOX Code-Git\evox-app-e2e\server\tests\Unit\Payroll\DtrModelTest.php" line="62" assertions="1" time="0.653915"/>
        <testcase name="test_hasFlexibleSchedule_true_when_flexy_datetimes_set" class="Tests\Unit\Payroll\DtrModelTest" classname="Tests.Unit.Payroll.DtrModelTest" file="C:\DFolder\Projects\EVOX\E2eTesting\EVOX Code-Git\evox-app-e2e\server\tests\Unit\Payroll\DtrModelTest.php" line="69" assertions="1" time="0.654847"/>
        <testcase name="test_hasFlexibleSchedule_false_when_flexy_null" class="Tests\Unit\Payroll\DtrModelTest" classname="Tests.Unit.Payroll.DtrModelTest" file="C:\DFolder\Projects\EVOX\E2eTesting\EVOX Code-Git\evox-app-e2e\server\tests\Unit\Payroll\DtrModelTest.php" line="75" assertions="1" time="0.619926"/>
        <testcase name="test_hasCompleteTimelogs_true_when_both_logs_present" class="Tests\Unit\Payroll\DtrModelTest" classname="Tests.Unit.Payroll.DtrModelTest" file="C:\DFolder\Projects\EVOX\E2eTesting\EVOX Code-Git\evox-app-e2e\server\tests\Unit\Payroll\DtrModelTest.php" line="82" assertions="1" time="0.622515"/>
        <testcase name="test_hasCompleteTimelogs_false_when_only_time_in" class="Tests\Unit\Payroll\DtrModelTest" classname="Tests.Unit.Payroll.DtrModelTest" file="C:\DFolder\Projects\EVOX\E2eTesting\EVOX Code-Git\evox-app-e2e\server\tests\Unit\Payroll\DtrModelTest.php" line="88" assertions="1" time="0.421193"/>
        <testcase name="test_hasCompleteTimelogs_false_when_no_logs" class="Tests\Unit\Payroll\DtrModelTest" classname="Tests.Unit.Payroll.DtrModelTest" file="C:\DFolder\Projects\EVOX\E2eTesting\EVOX Code-Git\evox-app-e2e\server\tests\Unit\Payroll\DtrModelTest.php" line="94" assertions="1" time="0.426172"/>
        <testcase name="test_validLog_true_when_both_logs_set" class="Tests\Unit\Payroll\DtrModelTest" classname="Tests.Unit.Payroll.DtrModelTest" file="C:\DFolder\Projects\EVOX\E2eTesting\EVOX Code-Git\evox-app-e2e\server\tests\Unit\Payroll\DtrModelTest.php" line="101" assertions="1" time="0.412308"/>
        <testcase name="test_validLog_false_when_no_logs" class="Tests\Unit\Payroll\DtrModelTest" classname="Tests.Unit.Payroll.DtrModelTest" file="C:\DFolder\Projects\EVOX\E2eTesting\EVOX Code-Git\evox-app-e2e\server\tests\Unit\Payroll\DtrModelTest.php" line="107" assertions="1" time="0.655480"/>
        <testcase name="test_validLogIn_true_when_time_in_set" class="Tests\Unit\Payroll\DtrModelTest" classname="Tests.Unit.Payroll.DtrModelTest" file="C:\DFolder\Projects\EVOX\E2eTesting\EVOX Code-Git\evox-app-e2e\server\tests\Unit\Payroll\DtrModelTest.php" line="112" assertions="1" time="0.498333"/>
        <testcase name="test_validLogIn_false_when_time_in_null" class="Tests\Unit\Payroll\DtrModelTest" classname="Tests.Unit.Payroll.DtrModelTest" file="C:\DFolder\Projects\EVOX\E2eTesting\EVOX Code-Git\evox-app-e2e\server\tests\Unit\Payroll\DtrModelTest.php" line="117" assertions="1" time="0.453284"/>
        <testcase name="test_hasLog_true_when_only_time_in_set" class="Tests\Unit\Payroll\DtrModelTest" classname="Tests.Unit.Payroll.DtrModelTest" file="C:\DFolder\Projects\EVOX\E2eTesting\EVOX Code-Git\evox-app-e2e\server\tests\Unit\Payroll\DtrModelTest.php" line="122" assertions="1" time="0.520746"/>
        <testcase name="test_hasLog_false_when_no_logs" class="Tests\Unit\Payroll\DtrModelTest" classname="Tests.Unit.Payroll.DtrModelTest" file="C:\DFolder\Projects\EVOX\E2eTesting\EVOX Code-Git\evox-app-e2e\server\tests\Unit\Payroll\DtrModelTest.php" line="127" assertions="1" time="0.496787"/>
        <testcase name="test_hasValidBreakTime_true_for_positive_break" class="Tests\Unit\Payroll\DtrModelTest" classname="Tests.Unit.Payroll.DtrModelTest" file="C:\DFolder\Projects\EVOX\E2eTesting\EVOX Code-Git\evox-app-e2e\server\tests\Unit\Payroll\DtrModelTest.php" line="134" assertions="1" time="0.564358"/>
        <testcase name="test_hasValidBreakTime_false_when_zero" class="Tests\Unit\Payroll\DtrModelTest" classname="Tests.Unit.Payroll.DtrModelTest" file="C:\DFolder\Projects\EVOX\E2eTesting\EVOX Code-Git\evox-app-e2e\server\tests\Unit\Payroll\DtrModelTest.php" line="139" assertions="1" time="0.534852"/>
        <testcase name="test_hasValidBreakTime_false_when_null" class="Tests\Unit\Payroll\DtrModelTest" classname="Tests.Unit.Payroll.DtrModelTest" file="C:\DFolder\Projects\EVOX\E2eTesting\EVOX Code-Git\evox-app-e2e\server\tests\Unit\Payroll\DtrModelTest.php" line="144" assertions="1" time="0.383977"/>
        <testcase name="test_isRestDay_true" class="Tests\Unit\Payroll\DtrModelTest" classname="Tests.Unit.Payroll.DtrModelTest" file="C:\DFolder\Projects\EVOX\E2eTesting\EVOX Code-Git\evox-app-e2e\server\tests\Unit\Payroll\DtrModelTest.php" line="151" assertions="1" time="0.362896"/>
        <testcase name="test_isRestDay_false" class="Tests\Unit\Payroll\DtrModelTest" classname="Tests.Unit.Payroll.DtrModelTest" file="C:\DFolder\Projects\EVOX\E2eTesting\EVOX Code-Git\evox-app-e2e\server\tests\Unit\Payroll\DtrModelTest.php" line="156" assertions="1" time="0.416896"/>
        <testcase name="test_isDefault_true" class="Tests\Unit\Payroll\DtrModelTest" classname="Tests.Unit.Payroll.DtrModelTest" file="C:\DFolder\Projects\EVOX\E2eTesting\EVOX Code-Git\evox-app-e2e\server\tests\Unit\Payroll\DtrModelTest.php" line="163" assertions="1" time="0.397775"/>
        <testcase name="test_isDefault_false_for_temporary" class="Tests\Unit\Payroll\DtrModelTest" classname="Tests.Unit.Payroll.DtrModelTest" file="C:\DFolder\Projects\EVOX\E2eTesting\EVOX Code-Git\evox-app-e2e\server\tests\Unit\Payroll\DtrModelTest.php" line="168" assertions="1" time="0.403695"/>
        <testcase name="test_isTemporary_true" class="Tests\Unit\Payroll\DtrModelTest" classname="Tests.Unit.Payroll.DtrModelTest" file="C:\DFolder\Projects\EVOX\E2eTesting\EVOX Code-Git\evox-app-e2e\server\tests\Unit\Payroll\DtrModelTest.php" line="173" assertions="1" time="0.380641"/>
        <testcase name="test_isRestDayWork_true" class="Tests\Unit\Payroll\DtrModelTest" classname="Tests.Unit.Payroll.DtrModelTest" file="C:\DFolder\Projects\EVOX\E2eTesting\EVOX Code-Git\evox-app-e2e\server\tests\Unit\Payroll\DtrModelTest.php" line="178" assertions="1" time="0.451569"/>
        <testcase name="test_isChangeSchedule_true" class="Tests\Unit\Payroll\DtrModelTest" classname="Tests.Unit.Payroll.DtrModelTest" file="C:\DFolder\Projects\EVOX\E2eTesting\EVOX Code-Git\evox-app-e2e\server\tests\Unit\Payroll\DtrModelTest.php" line="183" assertions="1" time="0.472565"/>
        <testcase name="test_getTotalRenderedTime_returns_time_out_minus_time_in" class="Tests\Unit\Payroll\DtrModelTest" classname="Tests.Unit.Payroll.DtrModelTest" file="C:\DFolder\Projects\EVOX\E2eTesting\EVOX Code-Git\evox-app-e2e\server\tests\Unit\Payroll\DtrModelTest.php" line="190" assertions="1" time="0.496663"/>
        <testcase name="test_getTotalRenderedTime_returns_zero_when_no_logs" class="Tests\Unit\Payroll\DtrModelTest" classname="Tests.Unit.Payroll.DtrModelTest" file="C:\DFolder\Projects\EVOX\E2eTesting\EVOX Code-Git\evox-app-e2e\server\tests\Unit\Payroll\DtrModelTest.php" line="197" assertions="1" time="0.528097"/>
        <testcase name="test_getRequiredTime_returns_schedule_duration" class="Tests\Unit\Payroll\DtrModelTest" classname="Tests.Unit.Payroll.DtrModelTest" file="C:\DFolder\Projects\EVOX\E2eTesting\EVOX Code-Git\evox-app-e2e\server\tests\Unit\Payroll\DtrModelTest.php" line="204" assertions="1" time="0.486814"/>
        <testcase name="test_getRequiredTime_returns_zero_without_schedule" class="Tests\Unit\Payroll\DtrModelTest" classname="Tests.Unit.Payroll.DtrModelTest" file="C:\DFolder\Projects\EVOX\E2eTesting\EVOX Code-Git\evox-app-e2e\server\tests\Unit\Payroll\DtrModelTest.php" line="210" assertions="1" time="0.455051"/>
        <testcase name="test_getRequiredHalfDayTime_equals_required_time_halved_minus_half_break" class="Tests\Unit\Payroll\DtrModelTest" classname="Tests.Unit.Payroll.DtrModelTest" file="C:\DFolder\Projects\EVOX\E2eTesting\EVOX Code-Git\evox-app-e2e\server\tests\Unit\Payroll\DtrModelTest.php" line="218" assertions="1" time="0.462650"/>
        <testcase name="test_getExpectedTimeIn_returns_start_datetime_for_standard_schedule" class="Tests\Unit\Payroll\DtrModelTest" classname="Tests.Unit.Payroll.DtrModelTest" file="C:\DFolder\Projects\EVOX\E2eTesting\EVOX Code-Git\evox-app-e2e\server\tests\Unit\Payroll\DtrModelTest.php" line="227" assertions="1" time="0.415081"/>
        <testcase name="test_getExpectedTimeIn_returns_flexy_start_for_flexible_schedule" class="Tests\Unit\Payroll\DtrModelTest" classname="Tests.Unit.Payroll.DtrModelTest" file="C:\DFolder\Projects\EVOX\E2eTesting\EVOX Code-Git\evox-app-e2e\server\tests\Unit\Payroll\DtrModelTest.php" line="232" assertions="1" time="0.562890"/>
        <testcase name="test_getExpectedTimeIn_returns_zero_when_no_schedule" class="Tests\Unit\Payroll\DtrModelTest" classname="Tests.Unit.Payroll.DtrModelTest" file="C:\DFolder\Projects\EVOX\E2eTesting\EVOX Code-Git\evox-app-e2e\server\tests\Unit\Payroll\DtrModelTest.php" line="238" assertions="1" time="0.465603"/>
        <testcase name="test_isTimedInBeforeSchedule_true_when_time_in_exactly_at_start" class="Tests\Unit\Payroll\DtrModelTest" classname="Tests.Unit.Payroll.DtrModelTest" file="C:\DFolder\Projects\EVOX\E2eTesting\EVOX Code-Git\evox-app-e2e\server\tests\Unit\Payroll\DtrModelTest.php" line="246" assertions="1" time="0.398678"/>
        <testcase name="test_isTimedInBeforeSchedule_true_when_early" class="Tests\Unit\Payroll\DtrModelTest" classname="Tests.Unit.Payroll.DtrModelTest" file="C:\DFolder\Projects\EVOX\E2eTesting\EVOX Code-Git\evox-app-e2e\server\tests\Unit\Payroll\DtrModelTest.php" line="251" assertions="1" time="0.401391"/>
        <testcase name="test_isTimedInBeforeSchedule_false_when_late" class="Tests\Unit\Payroll\DtrModelTest" classname="Tests.Unit.Payroll.DtrModelTest" file="C:\DFolder\Projects\EVOX\E2eTesting\EVOX Code-Git\evox-app-e2e\server\tests\Unit\Payroll\DtrModelTest.php" line="256" assertions="1" time="0.420059"/>
        <testcase name="test_isTimedInAfterSchedule_true_when_at_flexy_start" class="Tests\Unit\Payroll\DtrModelTest" classname="Tests.Unit.Payroll.DtrModelTest" file="C:\DFolder\Projects\EVOX\E2eTesting\EVOX Code-Git\evox-app-e2e\server\tests\Unit\Payroll\DtrModelTest.php" line="263" assertions="1" time="0.449705"/>
        <testcase name="test_isTimedInAfterSchedule_true_when_after_flexy_start" class="Tests\Unit\Payroll\DtrModelTest" classname="Tests.Unit.Payroll.DtrModelTest" file="C:\DFolder\Projects\EVOX\E2eTesting\EVOX Code-Git\evox-app-e2e\server\tests\Unit\Payroll\DtrModelTest.php" line="273" assertions="1" time="0.670960"/>
        <testcase name="test_isTimedInBetweenSchedule_true_when_within_flex_window" class="Tests\Unit\Payroll\DtrModelTest" classname="Tests.Unit.Payroll.DtrModelTest" file="C:\DFolder\Projects\EVOX\E2eTesting\EVOX Code-Git\evox-app-e2e\server\tests\Unit\Payroll\DtrModelTest.php" line="285" assertions="1" time="0.626409"/>
        <testcase name="test_isTimedInBetweenSchedule_false_when_before_start" class="Tests\Unit\Payroll\DtrModelTest" classname="Tests.Unit.Payroll.DtrModelTest" file="C:\DFolder\Projects\EVOX\E2eTesting\EVOX Code-Git\evox-app-e2e\server\tests\Unit\Payroll\DtrModelTest.php" line="296" assertions="1" time="0.651874"/>
        <testcase name="test_hasOverlappedTimeLogs_true_when_time_out_is_next_day" class="Tests\Unit\Payroll\DtrModelTest" classname="Tests.Unit.Payroll.DtrModelTest" file="C:\DFolder\Projects\EVOX\E2eTesting\EVOX Code-Git\evox-app-e2e\server\tests\Unit\Payroll\DtrModelTest.php" line="308" assertions="1" time="0.612755"/>
        <testcase name="test_hasOverlappedTimeLogs_false_when_same_day" class="Tests\Unit\Payroll\DtrModelTest" classname="Tests.Unit.Payroll.DtrModelTest" file="C:\DFolder\Projects\EVOX\E2eTesting\EVOX Code-Git\evox-app-e2e\server\tests\Unit\Payroll\DtrModelTest.php" line="316" assertions="1" time="0.619517"/>
        <testcase name="test_hasUnderlappedTimeLogs_true_when_time_in_is_previous_day" class="Tests\Unit\Payroll\DtrModelTest" classname="Tests.Unit.Payroll.DtrModelTest" file="C:\DFolder\Projects\EVOX\E2eTesting\EVOX Code-Git\evox-app-e2e\server\tests\Unit\Payroll\DtrModelTest.php" line="324" assertions="1" time="0.627582"/>
        <testcase name="test_hasUnderlappedTimeLogs_false_when_same_day" class="Tests\Unit\Payroll\DtrModelTest" classname="Tests.Unit.Payroll.DtrModelTest" file="C:\DFolder\Projects\EVOX\E2eTesting\EVOX Code-Git\evox-app-e2e\server\tests\Unit\Payroll\DtrModelTest.php" line="333" assertions="1" time="0.634142"/>
      </testsuite>
      <testsuite name="Tests\Unit\Payroll\LeaveModelTest" file="C:\DFolder\Projects\EVOX\E2eTesting\EVOX Code-Git\evox-app-e2e\server\tests\Unit\Payroll\LeaveModelTest.php" tests="7" assertions="7" errors="0" failures="0" skipped="0" time="4.460985">
        <testcase name="test_isApproved_true_when_status_is_approved" class="Tests\Unit\Payroll\LeaveModelTest" classname="Tests.Unit.Payroll.LeaveModelTest" file="C:\DFolder\Projects\EVOX\E2eTesting\EVOX Code-Git\evox-app-e2e\server\tests\Unit\Payroll\LeaveModelTest.php" line="25" assertions="1" time="0.671381"/>
        <testcase name="test_isApproved_false_when_status_is_requested" class="Tests\Unit\Payroll\LeaveModelTest" classname="Tests.Unit.Payroll.LeaveModelTest" file="C:\DFolder\Projects\EVOX\E2eTesting\EVOX Code-Git\evox-app-e2e\server\tests\Unit\Payroll\LeaveModelTest.php" line="30" assertions="1" time="0.656315"/>
        <testcase name="test_isRequested_true_when_status_is_requested" class="Tests\Unit\Payroll\LeaveModelTest" classname="Tests.Unit.Payroll.LeaveModelTest" file="C:\DFolder\Projects\EVOX\E2eTesting\EVOX Code-Git\evox-app-e2e\server\tests\Unit\Payroll\LeaveModelTest.php" line="35" assertions="1" time="0.616187"/>
        <testcase name="test_isRequested_false_when_status_is_approved" class="Tests\Unit\Payroll\LeaveModelTest" classname="Tests.Unit.Payroll.LeaveModelTest" file="C:\DFolder\Projects\EVOX\E2eTesting\EVOX Code-Git\evox-app-e2e\server\tests\Unit\Payroll\LeaveModelTest.php" line="40" assertions="1" time="0.607196"/>
        <testcase name="test_isDenied_true_when_status_is_denied" class="Tests\Unit\Payroll\LeaveModelTest" classname="Tests.Unit.Payroll.LeaveModelTest" file="C:\DFolder\Projects\EVOX\E2eTesting\EVOX Code-Git\evox-app-e2e\server\tests\Unit\Payroll\LeaveModelTest.php" line="45" assertions="1" time="0.632059"/>
        <testcase name="test_isCanceled_true_when_status_is_canceled" class="Tests\Unit\Payroll\LeaveModelTest" classname="Tests.Unit.Payroll.LeaveModelTest" file="C:\DFolder\Projects\EVOX\E2eTesting\EVOX Code-Git\evox-app-e2e\server\tests\Unit\Payroll\LeaveModelTest.php" line="50" assertions="1" time="0.635512"/>
        <testcase name="test_isCanceled_false_when_status_is_approved" class="Tests\Unit\Payroll\LeaveModelTest" classname="Tests.Unit.Payroll.LeaveModelTest" file="C:\DFolder\Projects\EVOX\E2eTesting\EVOX Code-Git\evox-app-e2e\server\tests\Unit\Payroll\LeaveModelTest.php" line="55" assertions="1" time="0.642335"/>
      </testsuite>
    </testsuite>
    <testsuite name="Feature" tests="2172" assertions="4443" errors="19" failures="99" skipped="195" time="6682.108930">
      <testsuite name="Tests\Feature\AddTemplateVerifiedApiTest" file="C:\DFolder\Projects\EVOX\E2eTesting\EVOX Code-Git\evox-app-e2e\server\tests\Feature\AddTemplateVerifiedApiTest.php" tests="8" assertions="8" errors="0" failures="2" skipped="1" time="6.621942">
        <testcase name="test_post_api_schedule_without_token_returns_401" class="Tests\Feature\AddTemplateVerifiedApiTest" classname="Tests.Feature.AddTemplateVerifiedApiTest" file="C:\DFolder\Projects\EVOX\E2eTesting\EVOX Code-Git\evox-app-e2e\server\tests\Feature\AddTemplateVerifiedApiTest.php" line="42" assertions="2" time="0.987994"/>
        <testcase name="test_post_api_schedule_without_name_returns_422" class="Tests\Feature\AddTemplateVerifiedApiTest" classname="Tests.Feature.AddTemplateVerifiedApiTest" file="C:\DFolder\Projects\EVOX\E2eTesting\EVOX Code-Git\evox-app-e2e\server\tests\Feature\AddTemplateVerifiedApiTest.php" line="56" assertions="1" time="0.795188"/>
        <testcase name="test_post_api_schedule_without_schedule_type_returns_422" class="Tests\Feature\AddTemplateVerifiedApiTest" classname="Tests.Feature.AddTemplateVerifiedApiTest" file="C:\DFolder\Projects\EVOX\E2eTesting\EVOX Code-Git\evox-app-e2e\server\tests\Feature\AddTemplateVerifiedApiTest.php" line="90" assertions="1" time="0.734754"/>
        <testcase name="test_post_api_schedule_with_valid_standard_payload_returns_201" class="Tests\Feature\AddTemplateVerifiedApiTest" classname="Tests.Feature.AddTemplateVerifiedApiTest" file="C:\DFolder\Projects\EVOX\E2eTesting\EVOX Code-Git\evox-app-e2e\server\tests\Feature\AddTemplateVerifiedApiTest.php" line="119" assertions="1" time="0.915456">
          <failure type="PHPUnit\Framework\ExpectationFailedException">Tests\Feature\AddTemplateVerifiedApiTest::test_post_api_schedule_with_valid_standard_payload_returns_201
Expected status code 201 but received 422.
Failed asserting that false is true.

C:\DFolder\Projects\EVOX\E2eTesting\EVOX Code-Git\evox-app-e2e\server\vendor\laravel\framework\src\Illuminate\Foundation\Testing\TestResponse.php:133
C:\DFolder\Projects\EVOX\E2eTesting\EVOX Code-Git\evox-app-e2e\server\tests\Feature\AddTemplateVerifiedApiTest.php:146
phpvfscomposer://C:\DFolder\Projects\EVOX\E2eTesting\EVOX Code-Git\evox-app-e2e\server\vendor\phpunit\phpunit\phpunit:60
</failure>
        </testcase>
        <testcase name="test_post_api_schedule_with_valid_flexible_payload_returns_201" class="Tests\Feature\AddTemplateVerifiedApiTest" classname="Tests.Feature.AddTemplateVerifiedApiTest" file="C:\DFolder\Projects\EVOX\E2eTesting\EVOX Code-Git\evox-app-e2e\server\tests\Feature\AddTemplateVerifiedApiTest.php" line="156" assertions="1" time="0.876662">
          <failure type="PHPUnit\Framework\ExpectationFailedException">Tests\Feature\AddTemplateVerifiedApiTest::test_post_api_schedule_with_valid_flexible_payload_returns_201
Expected status code 201 but received 422.
Failed asserting that false is true.

C:\DFolder\Projects\EVOX\E2eTesting\EVOX Code-Git\evox-app-e2e\server\vendor\laravel\framework\src\Illuminate\Foundation\Testing\TestResponse.php:133
C:\DFolder\Projects\EVOX\E2eTesting\EVOX Code-Git\evox-app-e2e\server\tests\Feature\AddTemplateVerifiedApiTest.php:185
phpvfscomposer://C:\DFolder\Projects\EVOX\E2eTesting\EVOX Code-Git\evox-app-e2e\server\vendor\phpunit\phpunit\phpunit:60
</failure>
        </testcase>
        <testcase name="test_post_api_schedule_with_name_exceeding_255_chars_returns_422" class="Tests\Feature\AddTemplateVerifiedApiTest" classname="Tests.Feature.AddTemplateVerifiedApiTest" file="C:\DFolder\Projects\EVOX\E2eTesting\EVOX Code-Git\evox-app-e2e\server\tests\Feature\AddTemplateVerifiedApiTest.php" line="194" assertions="1" time="0.780297"/>
        <testcase name="test_post_api_schedule_with_empty_body_returns_422" class="Tests\Feature\AddTemplateVerifiedApiTest" classname="Tests.Feature.AddTemplateVerifiedApiTest" file="C:\DFolder\Projects\EVOX\E2eTesting\EVOX Code-Git\evox-app-e2e\server\tests\Feature\AddTemplateVerifiedApiTest.php" line="230" assertions="1" time="0.782491"/>
        <testcase name="test_post_api_schedule_no_redirect_after_success_is_known_gap" class="Tests\Feature\AddTemplateVerifiedApiTest" classname="Tests.Feature.AddTemplateVerifiedApiTest" file="C:\DFolder\Projects\EVOX\E2eTesting\EVOX Code-Git\evox-app-e2e\server\tests\Feature\AddTemplateVerifiedApiTest.php" line="243" assertions="0" time="0.749100">
          <skipped/>
        </testcase>
      </testsuite>
      <testsuite name="Tests\Feature\AdminScheduleManagementTest" file="C:\DFolder\Projects\EVOX\E2eTesting\EVOX Code-Git\evox-app-e2e\server\tests\Feature\AdminScheduleManagementTest.php" tests="2" assertions="19" errors="0" failures="0" skipped="0" time="239.949325">
        <testcase name="test_supervisor_can_create_department_schedule" class="Tests\Feature\AdminScheduleManagementTest" classname="Tests.Feature.AdminScheduleManagementTest" file="C:\DFolder\Projects\EVOX\E2eTesting\EVOX Code-Git\evox-app-e2e\server\tests\Feature\AdminScheduleManagementTest.php" line="15" assertions="16" time="119.725428"/>
        <testcase name="test_applies_the_assigned_schedule_to_department_users_dtr" class="Tests\Feature\AdminScheduleManagementTest" classname="Tests.Feature.AdminScheduleManagementTest" file="C:\DFolder\Projects\EVOX\E2eTesting\EVOX Code-Git\evox-app-e2e\server\tests\Feature\AdminScheduleManagementTest.php" line="116" assertions="3" time="120.223897"/>
      </testsuite>
      <testsuite name="Tests\Feature\AllAnnouncementListVerifiedApiTest" file="C:\DFolder\Projects\EVOX\E2eTesting\EVOX Code-Git\evox-app-e2e\server\tests\Feature\AllAnnouncementListVerifiedApiTest.php" tests="7" assertions="9" errors="0" failures="0" skipped="1" time="9.486201">
        <testcase name="test_get_all_announcements_without_token_returns_401" class="Tests\Feature\AllAnnouncementListVerifiedApiTest" classname="Tests.Feature.AllAnnouncementListVerifiedApiTest" file="C:\DFolder\Projects\EVOX\E2eTesting\EVOX Code-Git\evox-app-e2e\server\tests\Feature\AllAnnouncementListVerifiedApiTest.php" line="49" assertions="2" time="0.948192"/>
        <testcase name="test_delete_announcement_without_token_returns_401" class="Tests\Feature\AllAnnouncementListVerifiedApiTest" classname="Tests.Feature.AllAnnouncementListVerifiedApiTest" file="C:\DFolder\Projects\EVOX\E2eTesting\EVOX Code-Git\evox-app-e2e\server\tests\Feature\AllAnnouncementListVerifiedApiTest.php" line="63" assertions="2" time="0.785907"/>
        <testcase name="test_get_all_announcements_returns_200" class="Tests\Feature\AllAnnouncementListVerifiedApiTest" classname="Tests.Feature.AllAnnouncementListVerifiedApiTest" file="C:\DFolder\Projects\EVOX\E2eTesting\EVOX Code-Git\evox-app-e2e\server\tests\Feature\AllAnnouncementListVerifiedApiTest.php" line="77" assertions="1" time="1.785036"/>
        <testcase name="test_get_all_announcements_response_is_array_or_has_data_key" class="Tests\Feature\AllAnnouncementListVerifiedApiTest" classname="Tests.Feature.AllAnnouncementListVerifiedApiTest" file="C:\DFolder\Projects\EVOX\E2eTesting\EVOX Code-Git\evox-app-e2e\server\tests\Feature\AllAnnouncementListVerifiedApiTest.php" line="86" assertions="2" time="1.579358"/>
        <testcase name="test_get_all_announcements_does_not_500" class="Tests\Feature\AllAnnouncementListVerifiedApiTest" classname="Tests.Feature.AllAnnouncementListVerifiedApiTest" file="C:\DFolder\Projects\EVOX\E2eTesting\EVOX Code-Git\evox-app-e2e\server\tests\Feature\AllAnnouncementListVerifiedApiTest.php" line="101" assertions="1" time="1.540651"/>
        <testcase name="test_delete_nonexistent_announcement_does_not_500" class="Tests\Feature\AllAnnouncementListVerifiedApiTest" classname="Tests.Feature.AllAnnouncementListVerifiedApiTest" file="C:\DFolder\Projects\EVOX\E2eTesting\EVOX Code-Git\evox-app-e2e\server\tests\Feature\AllAnnouncementListVerifiedApiTest.php" line="116" assertions="1" time="1.052640"/>
        <testcase name="test_delete_announcement_with_valid_id_returns_success_status" class="Tests\Feature\AllAnnouncementListVerifiedApiTest" classname="Tests.Feature.AllAnnouncementListVerifiedApiTest" file="C:\DFolder\Projects\EVOX\E2eTesting\EVOX Code-Git\evox-app-e2e\server\tests\Feature\AllAnnouncementListVerifiedApiTest.php" line="127" assertions="0" time="1.794417">
          <skipped/>
        </testcase>
      </testsuite>
      <testsuite name="Tests\Feature\AlterDisputeSubmissionTest" file="C:\DFolder\Projects\EVOX\E2eTesting\EVOX Code-Git\evox-app-e2e\server\tests\Feature\AlterDisputeSubmissionTest.php" tests="3" assertions="19" errors="0" failures="0" skipped="0" time="3.932278">
        <testcase name="test_user_can_create_alter_log_dispute_request" class="Tests\Feature\AlterDisputeSubmissionTest" classname="Tests.Feature.AlterDisputeSubmissionTest" file="C:\DFolder\Projects\EVOX\E2eTesting\EVOX Code-Git\evox-app-e2e\server\tests\Feature\AlterDisputeSubmissionTest.php" line="15" assertions="5" time="1.243123"/>
        <testcase name="test_user_can_create_dispute_when_updating_alter_log_request" class="Tests\Feature\AlterDisputeSubmissionTest" classname="Tests.Feature.AlterDisputeSubmissionTest" file="C:\DFolder\Projects\EVOX\E2eTesting\EVOX Code-Git\evox-app-e2e\server\tests\Feature\AlterDisputeSubmissionTest.php" line="57" assertions="6" time="1.171563"/>
        <testcase name="test_supervisor_can_approve_alter_log_dispute_request" class="Tests\Feature\AlterDisputeSubmissionTest" classname="Tests.Feature.AlterDisputeSubmissionTest" file="C:\DFolder\Projects\EVOX\E2eTesting\EVOX Code-Git\evox-app-e2e\server\tests\Feature\AlterDisputeSubmissionTest.php" line="117" assertions="8" time="1.517592"/>
      </testsuite>
      <testsuite name="Tests\Feature\AlterLogSubmissionTest" file="C:\DFolder\Projects\EVOX\E2eTesting\EVOX Code-Git\evox-app-e2e\server\tests\Feature\AlterLogSubmissionTest.php" tests="1" assertions="0" errors="0" failures="0" skipped="1" time="0.715227">
        <testcase name="test_user_can_create_alter_log" class="Tests\Feature\AlterLogSubmissionTest" classname="Tests.Feature.AlterLogSubmissionTest" file="C:\DFolder\Projects\EVOX\E2eTesting\EVOX Code-Git\evox-app-e2e\server\tests\Feature\AlterLogSubmissionTest.php" line="9" assertions="0" time="0.715227">
          <skipped/>
        </testcase>
      </testsuite>
      <testsuite name="Tests\Feature\AlterPunchDateVerifiedApiTest" file="C:\DFolder\Projects\EVOX\E2eTesting\EVOX Code-Git\evox-app-e2e\server\tests\Feature\AlterPunchDateVerifiedApiTest.php" tests="12" assertions="13" errors="0" failures="1" skipped="3" time="10.990768">
        <testcase name="test_store_alter_log_punch_without_token_returns_401" class="Tests\Feature\AlterPunchDateVerifiedApiTest" classname="Tests.Feature.AlterPunchDateVerifiedApiTest" file="C:\DFolder\Projects\EVOX\E2eTesting\EVOX Code-Git\evox-app-e2e\server\tests\Feature\AlterPunchDateVerifiedApiTest.php" line="47" assertions="2" time="0.845836"/>
        <testcase name="test_approve_alter_log_punch_without_token_returns_401" class="Tests\Feature\AlterPunchDateVerifiedApiTest" classname="Tests.Feature.AlterPunchDateVerifiedApiTest" file="C:\DFolder\Projects\EVOX\E2eTesting\EVOX Code-Git\evox-app-e2e\server\tests\Feature\AlterPunchDateVerifiedApiTest.php" line="61" assertions="2" time="0.886814"/>
        <testcase name="test_decline_alter_log_punch_without_token_returns_401" class="Tests\Feature\AlterPunchDateVerifiedApiTest" classname="Tests.Feature.AlterPunchDateVerifiedApiTest" file="C:\DFolder\Projects\EVOX\E2eTesting\EVOX Code-Git\evox-app-e2e\server\tests\Feature\AlterPunchDateVerifiedApiTest.php" line="75" assertions="2" time="0.803377"/>
        <testcase name="test_cancel_alter_log_punch_without_token_returns_401" class="Tests\Feature\AlterPunchDateVerifiedApiTest" classname="Tests.Feature.AlterPunchDateVerifiedApiTest" file="C:\DFolder\Projects\EVOX\E2eTesting\EVOX Code-Git\evox-app-e2e\server\tests\Feature\AlterPunchDateVerifiedApiTest.php" line="89" assertions="2" time="0.835783"/>
        <testcase name="test_store_alter_log_punch_with_valid_payload_returns_200_or_422" class="Tests\Feature\AlterPunchDateVerifiedApiTest" classname="Tests.Feature.AlterPunchDateVerifiedApiTest" file="C:\DFolder\Projects\EVOX\E2eTesting\EVOX Code-Git\evox-app-e2e\server\tests\Feature\AlterPunchDateVerifiedApiTest.php" line="105" assertions="1" time="0.815535">
          <failure type="PHPUnit\Framework\ExpectationFailedException">Tests\Feature\AlterPunchDateVerifiedApiTest::test_store_alter_log_punch_with_valid_payload_returns_200_or_422
store should return 200/201 on success, 422 on conflict, or 500 (GAP-004 known bug)
Failed asserting that an array contains 400.

C:\DFolder\Projects\EVOX\E2eTesting\EVOX Code-Git\evox-app-e2e\server\tests\Feature\AlterPunchDateVerifiedApiTest.php:132
phpvfscomposer://C:\DFolder\Projects\EVOX\E2eTesting\EVOX Code-Git\evox-app-e2e\server\vendor\phpunit\phpunit\phpunit:60
</failure>
        </testcase>
        <testcase name="test_store_alter_log_punch_with_empty_payload_does_not_return_200" class="Tests\Feature\AlterPunchDateVerifiedApiTest" classname="Tests.Feature.AlterPunchDateVerifiedApiTest" file="C:\DFolder\Projects\EVOX\E2eTesting\EVOX Code-Git\evox-app-e2e\server\tests\Feature\AlterPunchDateVerifiedApiTest.php" line="137" assertions="1" time="0.924192"/>
        <testcase name="test_approve_alter_log_punch_nonexistent_id_returns_404_or_error" class="Tests\Feature\AlterPunchDateVerifiedApiTest" classname="Tests.Feature.AlterPunchDateVerifiedApiTest" file="C:\DFolder\Projects\EVOX\E2eTesting\EVOX Code-Git\evox-app-e2e\server\tests\Feature\AlterPunchDateVerifiedApiTest.php" line="162" assertions="1" time="1.094825"/>
        <testcase name="test_decline_alter_log_punch_nonexistent_id_returns_404_or_error" class="Tests\Feature\AlterPunchDateVerifiedApiTest" classname="Tests.Feature.AlterPunchDateVerifiedApiTest" file="C:\DFolder\Projects\EVOX\E2eTesting\EVOX Code-Git\evox-app-e2e\server\tests\Feature\AlterPunchDateVerifiedApiTest.php" line="186" assertions="1" time="0.826759"/>
        <testcase name="test_cancel_alter_log_punch_nonexistent_id_returns_404_or_error" class="Tests\Feature\AlterPunchDateVerifiedApiTest" classname="Tests.Feature.AlterPunchDateVerifiedApiTest" file="C:\DFolder\Projects\EVOX\E2eTesting\EVOX Code-Git\evox-app-e2e\server\tests\Feature\AlterPunchDateVerifiedApiTest.php" line="209" assertions="1" time="1.170709"/>
        <testcase name="test_gap_004_conflict_returns_500_instead_of_422_is_known_bug" class="Tests\Feature\AlterPunchDateVerifiedApiTest" classname="Tests.Feature.AlterPunchDateVerifiedApiTest" file="C:\DFolder\Projects\EVOX\E2eTesting\EVOX Code-Git\evox-app-e2e\server\tests\Feature\AlterPunchDateVerifiedApiTest.php" line="230" assertions="0" time="1.015560">
          <skipped/>
        </testcase>
        <testcase name="test_bug_009_update_path_is_dead_code_is_known_bug" class="Tests\Feature\AlterPunchDateVerifiedApiTest" classname="Tests.Feature.AlterPunchDateVerifiedApiTest" file="C:\DFolder\Projects\EVOX\E2eTesting\EVOX Code-Git\evox-app-e2e\server\tests\Feature\AlterPunchDateVerifiedApiTest.php" line="243" assertions="0" time="0.864032">
          <skipped/>
        </testcase>
        <testcase name="test_bug_003_destroy_deletes_wrong_model_is_known_bug" class="Tests\Feature\AlterPunchDateVerifiedApiTest" classname="Tests.Feature.AlterPunchDateVerifiedApiTest" file="C:\DFolder\Projects\EVOX\E2eTesting\EVOX Code-Git\evox-app-e2e\server\tests\Feature\AlterPunchDateVerifiedApiTest.php" line="256" assertions="0" time="0.907346">
          <skipped/>
        </testcase>
      </testsuite>
      <testsuite name="Tests\Feature\AnnouncementCreateVerifiedApiTest" file="C:\DFolder\Projects\EVOX\E2eTesting\EVOX Code-Git\evox-app-e2e\server\tests\Feature\AnnouncementCreateVerifiedApiTest.php" tests="14" assertions="12" errors="0" failures="2" skipped="4" time="14.036861">
        <testcase name="test_store_announcement_without_token_returns_401" class="Tests\Feature\AnnouncementCreateVerifiedApiTest" classname="Tests.Feature.AnnouncementCreateVerifiedApiTest" file="C:\DFolder\Projects\EVOX\E2eTesting\EVOX Code-Git\evox-app-e2e\server\tests\Feature\AnnouncementCreateVerifiedApiTest.php" line="50" assertions="2" time="0.936146"/>
        <testcase name="test_update_announcement_without_token_returns_401" class="Tests\Feature\AnnouncementCreateVerifiedApiTest" classname="Tests.Feature.AnnouncementCreateVerifiedApiTest" file="C:\DFolder\Projects\EVOX\E2eTesting\EVOX Code-Git\evox-app-e2e\server\tests\Feature\AnnouncementCreateVerifiedApiTest.php" line="63" assertions="2" time="0.853558"/>
        <testcase name="test_store_announcement_without_title_returns_validation_error" class="Tests\Feature\AnnouncementCreateVerifiedApiTest" classname="Tests.Feature.AnnouncementCreateVerifiedApiTest" file="C:\DFolder\Projects\EVOX\E2eTesting\EVOX Code-Git\evox-app-e2e\server\tests\Feature\AnnouncementCreateVerifiedApiTest.php" line="77" assertions="1" time="0.805665"/>
        <testcase name="test_store_announcement_without_release_date_returns_validation_error" class="Tests\Feature\AnnouncementCreateVerifiedApiTest" classname="Tests.Feature.AnnouncementCreateVerifiedApiTest" file="C:\DFolder\Projects\EVOX\E2eTesting\EVOX Code-Git\evox-app-e2e\server\tests\Feature\AnnouncementCreateVerifiedApiTest.php" line="96" assertions="1" time="0.775406"/>
        <testcase name="test_store_announcement_without_expiry_date_returns_validation_error" class="Tests\Feature\AnnouncementCreateVerifiedApiTest" classname="Tests.Feature.AnnouncementCreateVerifiedApiTest" file="C:\DFolder\Projects\EVOX\E2eTesting\EVOX Code-Git\evox-app-e2e\server\tests\Feature\AnnouncementCreateVerifiedApiTest.php" line="113" assertions="1" time="0.845734"/>
        <testcase name="test_store_announcement_with_valid_payload_returns_success" class="Tests\Feature\AnnouncementCreateVerifiedApiTest" classname="Tests.Feature.AnnouncementCreateVerifiedApiTest" file="C:\DFolder\Projects\EVOX\E2eTesting\EVOX Code-Git\evox-app-e2e\server\tests\Feature\AnnouncementCreateVerifiedApiTest.php" line="130" assertions="1" time="1.085622"/>
        <testcase name="test_store_announcement_with_thumbnail_file_returns_success" class="Tests\Feature\AnnouncementCreateVerifiedApiTest" classname="Tests.Feature.AnnouncementCreateVerifiedApiTest" file="C:\DFolder\Projects\EVOX\E2eTesting\EVOX Code-Git\evox-app-e2e\server\tests\Feature\AnnouncementCreateVerifiedApiTest.php" line="153" assertions="1" time="1.267124"/>
        <testcase name="test_store_announcement_title_exceeding_100_chars_returns_validation_error" class="Tests\Feature\AnnouncementCreateVerifiedApiTest" classname="Tests.Feature.AnnouncementCreateVerifiedApiTest" file="C:\DFolder\Projects\EVOX\E2eTesting\EVOX Code-Git\evox-app-e2e\server\tests\Feature\AnnouncementCreateVerifiedApiTest.php" line="174" assertions="1" time="1.025992">
          <failure type="PHPUnit\Framework\ExpectationFailedException">Tests\Feature\AnnouncementCreateVerifiedApiTest::test_store_announcement_title_exceeding_100_chars_returns_validation_error
Expected status code 422 but received 200.
Failed asserting that false is true.

C:\DFolder\Projects\EVOX\E2eTesting\EVOX Code-Git\evox-app-e2e\server\vendor\laravel\framework\src\Illuminate\Foundation\Testing\TestResponse.php:133
C:\DFolder\Projects\EVOX\E2eTesting\EVOX Code-Git\evox-app-e2e\server\tests\Feature\AnnouncementCreateVerifiedApiTest.php:188
phpvfscomposer://C:\DFolder\Projects\EVOX\E2eTesting\EVOX Code-Git\evox-app-e2e\server\vendor\phpunit\phpunit\phpunit:60
</failure>
        </testcase>
        <testcase name="test_store_announcement_with_invalid_link_url_returns_validation_error" class="Tests\Feature\AnnouncementCreateVerifiedApiTest" classname="Tests.Feature.AnnouncementCreateVerifiedApiTest" file="C:\DFolder\Projects\EVOX\E2eTesting\EVOX Code-Git\evox-app-e2e\server\tests\Feature\AnnouncementCreateVerifiedApiTest.php" line="192" assertions="1" time="1.241415">
          <failure type="PHPUnit\Framework\ExpectationFailedException">Tests\Feature\AnnouncementCreateVerifiedApiTest::test_store_announcement_with_invalid_link_url_returns_validation_error
Expected status code 422 but received 200.
Failed asserting that false is true.

C:\DFolder\Projects\EVOX\E2eTesting\EVOX Code-Git\evox-app-e2e\server\vendor\laravel\framework\src\Illuminate\Foundation\Testing\TestResponse.php:133
C:\DFolder\Projects\EVOX\E2eTesting\EVOX Code-Git\evox-app-e2e\server\tests\Feature\AnnouncementCreateVerifiedApiTest.php:207
phpvfscomposer://C:\DFolder\Projects\EVOX\E2eTesting\EVOX Code-Git\evox-app-e2e\server\vendor\phpunit\phpunit\phpunit:60
</failure>
        </testcase>
        <testcase name="test_store_announcement_scope_set_all_is_accepted" class="Tests\Feature\AnnouncementCreateVerifiedApiTest" classname="Tests.Feature.AnnouncementCreateVerifiedApiTest" file="C:\DFolder\Projects\EVOX\E2eTesting\EVOX Code-Git\evox-app-e2e\server\tests\Feature\AnnouncementCreateVerifiedApiTest.php" line="211" assertions="1" time="1.338209"/>
        <testcase name="test_update_announcement_with_valid_payload_returns_success" class="Tests\Feature\AnnouncementCreateVerifiedApiTest" classname="Tests.Feature.AnnouncementCreateVerifiedApiTest" file="C:\DFolder\Projects\EVOX\E2eTesting\EVOX Code-Git\evox-app-e2e\server\tests\Feature\AnnouncementCreateVerifiedApiTest.php" line="234" assertions="0" time="1.130452">
          <skipped/>
        </testcase>
        <testcase name="test_update_announcement_with_nonexistent_id_does_not_500" class="Tests\Feature\AnnouncementCreateVerifiedApiTest" classname="Tests.Feature.AnnouncementCreateVerifiedApiTest" file="C:\DFolder\Projects\EVOX\E2eTesting\EVOX Code-Git\evox-app-e2e\server\tests\Feature\AnnouncementCreateVerifiedApiTest.php" line="274" assertions="0" time="0.902271">
          <skipped/>
        </testcase>
        <testcase name="test_release_date_self_referential_yup_is_known_bug" class="Tests\Feature\AnnouncementCreateVerifiedApiTest" classname="Tests.Feature.AnnouncementCreateVerifiedApiTest" file="C:\DFolder\Projects\EVOX\E2eTesting\EVOX Code-Git\evox-app-e2e\server\tests\Feature\AnnouncementCreateVerifiedApiTest.php" line="298" assertions="0" time="1.022897">
          <skipped/>
        </testcase>
        <testcase name="test_expiry_date_self_referential_yup_is_known_bug" class="Tests\Feature\AnnouncementCreateVerifiedApiTest" classname="Tests.Feature.AnnouncementCreateVerifiedApiTest" file="C:\DFolder\Projects\EVOX\E2eTesting\EVOX Code-Git\evox-app-e2e\server\tests\Feature\AnnouncementCreateVerifiedApiTest.php" line="313" assertions="0" time="0.806370">
          <skipped/>
        </testcase>
      </testsuite>
      <testsuite name="Tests\Feature\Api\AlterLogApiTest" file="C:\DFolder\Projects\EVOX\E2eTesting\EVOX Code-Git\evox-app-e2e\server\tests\Feature\Api\AlterLogApiTest.php" tests="10" assertions="17" errors="0" failures="0" skipped="0" time="15.998082">
        <testcase name="test_create_alter_log_returns_201_with_valid_payload" class="Tests\Feature\Api\AlterLogApiTest" classname="Tests.Feature.Api.AlterLogApiTest" file="C:\DFolder\Projects\EVOX\E2eTesting\EVOX Code-Git\evox-app-e2e\server\tests\Feature\Api\AlterLogApiTest.php" line="48" assertions="4" time="1.875523"/>
        <testcase name="test_create_alter_log_missing_date_returns_422" class="Tests\Feature\Api\AlterLogApiTest" classname="Tests.Feature.Api.AlterLogApiTest" file="C:\DFolder\Projects\EVOX\E2eTesting\EVOX Code-Git\evox-app-e2e\server\tests\Feature\Api\AlterLogApiTest.php" line="61" assertions="1" time="1.309296"/>
        <testcase name="test_create_alter_log_missing_new_time_in_returns_422" class="Tests\Feature\Api\AlterLogApiTest" classname="Tests.Feature.Api.AlterLogApiTest" file="C:\DFolder\Projects\EVOX\E2eTesting\EVOX Code-Git\evox-app-e2e\server\tests\Feature\Api\AlterLogApiTest.php" line="70" assertions="1" time="1.106370"/>
        <testcase name="test_create_alter_log_missing_new_time_out_returns_422" class="Tests\Feature\Api\AlterLogApiTest" classname="Tests.Feature.Api.AlterLogApiTest" file="C:\DFolder\Projects\EVOX\E2eTesting\EVOX Code-Git\evox-app-e2e\server\tests\Feature\Api\AlterLogApiTest.php" line="79" assertions="1" time="1.015413"/>
        <testcase name="test_create_alter_log_missing_employee_note_returns_422" class="Tests\Feature\Api\AlterLogApiTest" classname="Tests.Feature.Api.AlterLogApiTest" file="C:\DFolder\Projects\EVOX\E2eTesting\EVOX Code-Git\evox-app-e2e\server\tests\Feature\Api\AlterLogApiTest.php" line="88" assertions="1" time="1.152270"/>
        <testcase name="test_create_alter_log_wrong_datetime_format_returns_422" class="Tests\Feature\Api\AlterLogApiTest" classname="Tests.Feature.Api.AlterLogApiTest" file="C:\DFolder\Projects\EVOX\E2eTesting\EVOX Code-Git\evox-app-e2e\server\tests\Feature\Api\AlterLogApiTest.php" line="97" assertions="1" time="1.327962"/>
        <testcase name="test_create_alter_log_duplicate_date_returns_422" class="Tests\Feature\Api\AlterLogApiTest" classname="Tests.Feature.Api.AlterLogApiTest" file="C:\DFolder\Projects\EVOX\E2eTesting\EVOX Code-Git\evox-app-e2e\server\tests\Feature\Api\AlterLogApiTest.php" line="106" assertions="1" time="2.074318"/>
        <testcase name="test_create_alter_log_nonexistent_user_id_returns_422" class="Tests\Feature\Api\AlterLogApiTest" classname="Tests.Feature.Api.AlterLogApiTest" file="C:\DFolder\Projects\EVOX\E2eTesting\EVOX Code-Git\evox-app-e2e\server\tests\Feature\Api\AlterLogApiTest.php" line="114" assertions="1" time="1.336921"/>
        <testcase name="test_find_alter_log_returns_200_for_existing_record" class="Tests\Feature\Api\AlterLogApiTest" classname="Tests.Feature.Api.AlterLogApiTest" file="C:\DFolder\Projects\EVOX\E2eTesting\EVOX Code-Git\evox-app-e2e\server\tests\Feature\Api\AlterLogApiTest.php" line="125" assertions="3" time="2.552999"/>
        <testcase name="test_delete_pending_alter_log_returns_200" class="Tests\Feature\Api\AlterLogApiTest" classname="Tests.Feature.Api.AlterLogApiTest" file="C:\DFolder\Projects\EVOX\E2eTesting\EVOX Code-Git\evox-app-e2e\server\tests\Feature\Api\AlterLogApiTest.php" line="139" assertions="3" time="2.247010"/>
      </testsuite>
      <testsuite name="Tests\Feature\API\AlterLog\AlterLogTest" file="C:\DFolder\Projects\EVOX\E2eTesting\EVOX Code-Git\evox-app-e2e\server\tests\Feature\Api\AlterLog\AlterLogTest.php" tests="3" assertions="22" errors="0" failures="0" skipped="0" time="10.031214">
        <testcase name="alterlog_001_request_validity_check" class="Tests\Feature\API\AlterLog\AlterLogTest" classname="Tests.Feature.API.AlterLog.AlterLogTest" file="C:\DFolder\Projects\EVOX\E2eTesting\EVOX Code-Git\evox-app-e2e\server\tests\Feature\Api\AlterLog\AlterLogTest.php" line="10" assertions="7" time="4.022683"/>
        <testcase name="alterlog_002_submit_dispute_request" class="Tests\Feature\API\AlterLog\AlterLogTest" classname="Tests.Feature.API.AlterLog.AlterLogTest" file="C:\DFolder\Projects\EVOX\E2eTesting\EVOX Code-Git\evox-app-e2e\server\tests\Feature\Api\AlterLog\AlterLogTest.php" line="39" assertions="2" time="2.903143"/>
        <testcase name="alterlog_003_submit_regular_request" class="Tests\Feature\API\AlterLog\AlterLogTest" classname="Tests.Feature.API.AlterLog.AlterLogTest" file="C:\DFolder\Projects\EVOX\E2eTesting\EVOX Code-Git\evox-app-e2e\server\tests\Feature\Api\AlterLog\AlterLogTest.php" line="72" assertions="13" time="3.105388"/>
      </testsuite>
      <testsuite name="Tests\Feature\Api\AnnouncementAndHolidayApiTest" file="C:\DFolder\Projects\EVOX\E2eTesting\EVOX Code-Git\evox-app-e2e\server\tests\Feature\Api\AnnouncementAndHolidayApiTest.php" tests="8" assertions="8" errors="0" failures="0" skipped="0" time="80.374992">
        <testcase name="test_get_all_announcements_returns_200" class="Tests\Feature\Api\AnnouncementAndHolidayApiTest" classname="Tests.Feature.Api.AnnouncementAndHolidayApiTest" file="C:\DFolder\Projects\EVOX\E2eTesting\EVOX Code-Git\evox-app-e2e\server\tests\Feature\Api\AnnouncementAndHolidayApiTest.php" line="35" assertions="1" time="2.028313"/>
        <testcase name="test_get_redis_notifications_returns_200" class="Tests\Feature\Api\AnnouncementAndHolidayApiTest" classname="Tests.Feature.Api.AnnouncementAndHolidayApiTest" file="C:\DFolder\Projects\EVOX\E2eTesting\EVOX Code-Git\evox-app-e2e\server\tests\Feature\Api\AnnouncementAndHolidayApiTest.php" line="45" assertions="1" time="0.867173"/>
        <testcase name="test_get_dashboard_all_returns_200" class="Tests\Feature\Api\AnnouncementAndHolidayApiTest" classname="Tests.Feature.Api.AnnouncementAndHolidayApiTest" file="C:\DFolder\Projects\EVOX\E2eTesting\EVOX Code-Git\evox-app-e2e\server\tests\Feature\Api\AnnouncementAndHolidayApiTest.php" line="55" assertions="1" time="1.950813"/>
        <testcase name="test_get_user_time_off_returns_200" class="Tests\Feature\Api\AnnouncementAndHolidayApiTest" classname="Tests.Feature.Api.AnnouncementAndHolidayApiTest" file="C:\DFolder\Projects\EVOX\E2eTesting\EVOX Code-Git\evox-app-e2e\server\tests\Feature\Api\AnnouncementAndHolidayApiTest.php" line="65" assertions="1" time="1.167607"/>
        <testcase name="test_get_user_temporary_schedules_returns_200" class="Tests\Feature\Api\AnnouncementAndHolidayApiTest" classname="Tests.Feature.Api.AnnouncementAndHolidayApiTest" file="C:\DFolder\Projects\EVOX\E2eTesting\EVOX Code-Git\evox-app-e2e\server\tests\Feature\Api\AnnouncementAndHolidayApiTest.php" line="73" assertions="1" time="5.480270"/>
        <testcase name="test_get_request_list_disputes_returns_200" class="Tests\Feature\Api\AnnouncementAndHolidayApiTest" classname="Tests.Feature.Api.AnnouncementAndHolidayApiTest" file="C:\DFolder\Projects\EVOX\E2eTesting\EVOX Code-Git\evox-app-e2e\server\tests\Feature\Api\AnnouncementAndHolidayApiTest.php" line="83" assertions="1" time="0.978406"/>
        <testcase name="test_get_incomplete_dtr_logs_returns_200" class="Tests\Feature\Api\AnnouncementAndHolidayApiTest" classname="Tests.Feature.Api.AnnouncementAndHolidayApiTest" file="C:\DFolder\Projects\EVOX\E2eTesting\EVOX Code-Git\evox-app-e2e\server\tests\Feature\Api\AnnouncementAndHolidayApiTest.php" line="93" assertions="1" time="0.915020"/>
        <testcase name="test_get_dtr_for_large_date_range_returns_200" class="Tests\Feature\Api\AnnouncementAndHolidayApiTest" classname="Tests.Feature.Api.AnnouncementAndHolidayApiTest" file="C:\DFolder\Projects\EVOX\E2eTesting\EVOX Code-Git\evox-app-e2e\server\tests\Feature\Api\AnnouncementAndHolidayApiTest.php" line="101" assertions="1" time="66.987390"/>
      </testsuite>
      <testsuite name="Tests\Feature\Api\AnnouncementWriteTest" file="C:\DFolder\Projects\EVOX\E2eTesting\EVOX Code-Git\evox-app-e2e\server\tests\Feature\Api\AnnouncementWriteTest.php" tests="11" assertions="11" errors="0" failures="0" skipped="0" time="10.828147">
        <testcase name="test_store_announcement_with_minimal_valid_payload" class="Tests\Feature\Api\AnnouncementWriteTest" classname="Tests.Feature.Api.AnnouncementWriteTest" file="C:\DFolder\Projects\EVOX\E2eTesting\EVOX Code-Git\evox-app-e2e\server\tests\Feature\Api\AnnouncementWriteTest.php" line="42" assertions="1" time="0.742299"/>
        <testcase name="test_store_announcement_without_title_returns_validation_error" class="Tests\Feature\Api\AnnouncementWriteTest" classname="Tests.Feature.Api.AnnouncementWriteTest" file="C:\DFolder\Projects\EVOX\E2eTesting\EVOX Code-Git\evox-app-e2e\server\tests\Feature\Api\AnnouncementWriteTest.php" line="56" assertions="1" time="0.809799"/>
        <testcase name="test_store_announcement_with_departments_array" class="Tests\Feature\Api\AnnouncementWriteTest" classname="Tests.Feature.Api.AnnouncementWriteTest" file="C:\DFolder\Projects\EVOX\E2eTesting\EVOX Code-Git\evox-app-e2e\server\tests\Feature\Api\AnnouncementWriteTest.php" line="68" assertions="1" time="0.880645"/>
        <testcase name="test_update_announcement_with_new_title" class="Tests\Feature\Api\AnnouncementWriteTest" classname="Tests.Feature.Api.AnnouncementWriteTest" file="C:\DFolder\Projects\EVOX\E2eTesting\EVOX Code-Git\evox-app-e2e\server\tests\Feature\Api\AnnouncementWriteTest.php" line="84" assertions="1" time="0.859946"/>
        <testcase name="test_update_nonexistent_announcement_returns_error" class="Tests\Feature\Api\AnnouncementWriteTest" classname="Tests.Feature.Api.AnnouncementWriteTest" file="C:\DFolder\Projects\EVOX\E2eTesting\EVOX Code-Git\evox-app-e2e\server\tests\Feature\Api\AnnouncementWriteTest.php" line="101" assertions="1" time="0.878412"/>
        <testcase name="test_update_announcement_status_to_inactive" class="Tests\Feature\Api\AnnouncementWriteTest" classname="Tests.Feature.Api.AnnouncementWriteTest" file="C:\DFolder\Projects\EVOX\E2eTesting\EVOX Code-Git\evox-app-e2e\server\tests\Feature\Api\AnnouncementWriteTest.php" line="116" assertions="1" time="0.921984"/>
        <testcase name="test_update_announcement_status_to_active" class="Tests\Feature\Api\AnnouncementWriteTest" classname="Tests.Feature.Api.AnnouncementWriteTest" file="C:\DFolder\Projects\EVOX\E2eTesting\EVOX Code-Git\evox-app-e2e\server\tests\Feature\Api\AnnouncementWriteTest.php" line="129" assertions="1" time="1.207505"/>
        <testcase name="test_destroy_announcement_endpoint_is_reachable" class="Tests\Feature\Api\AnnouncementWriteTest" classname="Tests.Feature.Api.AnnouncementWriteTest" file="C:\DFolder\Projects\EVOX\E2eTesting\EVOX Code-Git\evox-app-e2e\server\tests\Feature\Api\AnnouncementWriteTest.php" line="144" assertions="1" time="1.101922"/>
        <testcase name="test_destroy_nonexistent_announcement_returns_error" class="Tests\Feature\Api\AnnouncementWriteTest" classname="Tests.Feature.Api.AnnouncementWriteTest" file="C:\DFolder\Projects\EVOX\E2eTesting\EVOX Code-Git\evox-app-e2e\server\tests\Feature\Api\AnnouncementWriteTest.php" line="156" assertions="1" time="1.084610"/>
        <testcase name="test_dashboard_index_with_page_type_returns_non_404" class="Tests\Feature\Api\AnnouncementWriteTest" classname="Tests.Feature.Api.AnnouncementWriteTest" file="C:\DFolder\Projects\EVOX\E2eTesting\EVOX Code-Git\evox-app-e2e\server\tests\Feature\Api\AnnouncementWriteTest.php" line="167" assertions="1" time="0.969373"/>
        <testcase name="test_increment_dashboard_index_is_reachable" class="Tests\Feature\Api\AnnouncementWriteTest" classname="Tests.Feature.Api.AnnouncementWriteTest" file="C:\DFolder\Projects\EVOX\E2eTesting\EVOX Code-Git\evox-app-e2e\server\tests\Feature\Api\AnnouncementWriteTest.php" line="176" assertions="1" time="1.371652"/>
      </testsuite>
      <testsuite name="Tests\Feature\Api\AttendanceTest" file="C:\DFolder\Projects\EVOX\E2eTesting\EVOX Code-Git\evox-app-e2e\server\tests\Feature\Api\AttendanceTest.php" tests="15" assertions="39" errors="0" failures="0" skipped="0" time="33.169551">
        <testcase name="testRejectsRequestWithoutAuth" class="Tests\Feature\Api\AttendanceTest" classname="Tests.Feature.Api.AttendanceTest" file="C:\DFolder\Projects\EVOX\E2eTesting\EVOX Code-Git\evox-app-e2e\server\tests\Feature\Api\AttendanceTest.php" line="123" assertions="1" time="1.722849"/>
        <testcase name="testReturns404ForUnknownGeo" class="Tests\Feature\Api\AttendanceTest" classname="Tests.Feature.Api.AttendanceTest" file="C:\DFolder\Projects\EVOX\E2eTesting\EVOX Code-Git\evox-app-e2e\server\tests\Feature\Api\AttendanceTest.php" line="134" assertions="1" time="1.903204"/>
        <testcase name="testReturns404ForUnknownDepartment" class="Tests\Feature\Api\AttendanceTest" classname="Tests.Feature.Api.AttendanceTest" file="C:\DFolder\Projects\EVOX\E2eTesting\EVOX Code-Git\evox-app-e2e\server\tests\Feature\Api\AttendanceTest.php" line="142" assertions="1" time="2.121648"/>
        <testcase name="testReturns404ForUnknownEmployee" class="Tests\Feature\Api\AttendanceTest" classname="Tests.Feature.Api.AttendanceTest" file="C:\DFolder\Projects\EVOX\E2eTesting\EVOX Code-Git\evox-app-e2e\server\tests\Feature\Api\AttendanceTest.php" line="150" assertions="1" time="2.040272"/>
        <testcase name="testReturns403WhenCallerCannotAccessGeo" class="Tests\Feature\Api\AttendanceTest" classname="Tests.Feature.Api.AttendanceTest" file="C:\DFolder\Projects\EVOX\E2eTesting\EVOX Code-Git\evox-app-e2e\server\tests\Feature\Api\AttendanceTest.php" line="162" assertions="1" time="2.193566"/>
        <testcase name="testReturns403WhenCallerRequestsForeignEmployee" class="Tests\Feature\Api\AttendanceTest" classname="Tests.Feature.Api.AttendanceTest" file="C:\DFolder\Projects\EVOX\E2eTesting\EVOX Code-Git\evox-app-e2e\server\tests\Feature\Api\AttendanceTest.php" line="170" assertions="1" time="2.183098"/>
        <testcase name="testReturns422ForMalformedFromDate" class="Tests\Feature\Api\AttendanceTest" classname="Tests.Feature.Api.AttendanceTest" file="C:\DFolder\Projects\EVOX\E2eTesting\EVOX Code-Git\evox-app-e2e\server\tests\Feature\Api\AttendanceTest.php" line="182" assertions="1" time="1.879976"/>
        <testcase name="testReturns422WhenRangeExceeds90Days" class="Tests\Feature\Api\AttendanceTest" classname="Tests.Feature.Api.AttendanceTest" file="C:\DFolder\Projects\EVOX\E2eTesting\EVOX Code-Git\evox-app-e2e\server\tests\Feature\Api\AttendanceTest.php" line="190" assertions="1" time="2.028162"/>
        <testcase name="testByGeoHappyPath" class="Tests\Feature\Api\AttendanceTest" classname="Tests.Feature.Api.AttendanceTest" file="C:\DFolder\Projects\EVOX\E2eTesting\EVOX Code-Git\evox-app-e2e\server\tests\Feature\Api\AttendanceTest.php" line="203" assertions="7" time="2.083965"/>
        <testcase name="testByDepartmentHappyPath" class="Tests\Feature\Api\AttendanceTest" classname="Tests.Feature.Api.AttendanceTest" file="C:\DFolder\Projects\EVOX\E2eTesting\EVOX Code-Git\evox-app-e2e\server\tests\Feature\Api\AttendanceTest.php" line="220" assertions="7" time="2.319381"/>
        <testcase name="testByEmployeeHappyPath" class="Tests\Feature\Api\AttendanceTest" classname="Tests.Feature.Api.AttendanceTest" file="C:\DFolder\Projects\EVOX\E2eTesting\EVOX Code-Git\evox-app-e2e\server\tests\Feature\Api\AttendanceTest.php" line="237" assertions="6" time="2.457462"/>
        <testcase name="testGeoGateRejectsForeignGeoForNonPrivilegedCaller" class="Tests\Feature\Api\AttendanceTest" classname="Tests.Feature.Api.AttendanceTest" file="C:\DFolder\Projects\EVOX\E2eTesting\EVOX Code-Git\evox-app-e2e\server\tests\Feature\Api\AttendanceTest.php" line="257" assertions="2" time="2.331732"/>
        <testcase name="testDepartmentsMasterRejectsUnauthenticated" class="Tests\Feature\Api\AttendanceTest" classname="Tests.Feature.Api.AttendanceTest" file="C:\DFolder\Projects\EVOX\E2eTesting\EVOX Code-Git\evox-app-e2e\server\tests\Feature\Api\AttendanceTest.php" line="270" assertions="1" time="2.378098"/>
        <testcase name="testDepartmentsMasterReturns200WithCorrectShape" class="Tests\Feature\Api\AttendanceTest" classname="Tests.Feature.Api.AttendanceTest" file="C:\DFolder\Projects\EVOX\E2eTesting\EVOX Code-Git\evox-app-e2e\server\tests\Feature\Api\AttendanceTest.php" line="277" assertions="7" time="3.249767"/>
        <testcase name="testDepartmentsMasterDerivedGeoIdMatchesUserCountry" class="Tests\Feature\Api\AttendanceTest" classname="Tests.Feature.Api.AttendanceTest" file="C:\DFolder\Projects\EVOX\E2eTesting\EVOX Code-Git\evox-app-e2e\server\tests\Feature\Api\AttendanceTest.php" line="296" assertions="1" time="2.276371"/>
      </testsuite>
      <testsuite name="Tests\Feature\API\Attendance\TeamAttendanceSummaryTest" file="C:\DFolder\Projects\EVOX\E2eTesting\EVOX Code-Git\evox-app-e2e\server\tests\Feature\Api\Attendance\TeamAttendanceSummaryTest.php" tests="13" assertions="97" errors="6" failures="0" skipped="0" time="31.411369">
        <testcase name="teamattendancesummary_001_filter_team_by_department" class="Tests\Feature\API\Attendance\TeamAttendanceSummaryTest" classname="Tests.Feature.API.Attendance.TeamAttendanceSummaryTest" file="C:\DFolder\Projects\EVOX\E2eTesting\EVOX Code-Git\evox-app-e2e\server\tests\Feature\Api\Attendance\TeamAttendanceSummaryTest.php" line="10" assertions="13" time="2.091438"/>
        <testcase name="teamattendancesummary_002_get_summary_by_department_weekly" class="Tests\Feature\API\Attendance\TeamAttendanceSummaryTest" classname="Tests.Feature.API.Attendance.TeamAttendanceSummaryTest" file="C:\DFolder\Projects\EVOX\E2eTesting\EVOX Code-Git\evox-app-e2e\server\tests\Feature\Api\Attendance\TeamAttendanceSummaryTest.php" line="49" assertions="11" time="2.036808"/>
        <testcase name="teamattendancesummary_003_get_summary_by_department_monthly" class="Tests\Feature\API\Attendance\TeamAttendanceSummaryTest" classname="Tests.Feature.API.Attendance.TeamAttendanceSummaryTest" file="C:\DFolder\Projects\EVOX\E2eTesting\EVOX Code-Git\evox-app-e2e\server\tests\Feature\Api\Attendance\TeamAttendanceSummaryTest.php" line="86" assertions="11" time="1.791803"/>
        <testcase name="teamattendancesummary_004_get_summary_by_team_daily" class="Tests\Feature\API\Attendance\TeamAttendanceSummaryTest" classname="Tests.Feature.API.Attendance.TeamAttendanceSummaryTest" file="C:\DFolder\Projects\EVOX\E2eTesting\EVOX Code-Git\evox-app-e2e\server\tests\Feature\Api\Attendance\TeamAttendanceSummaryTest.php" line="123" assertions="11" time="2.106648"/>
        <testcase name="teamattendancesummary_005_get_summary_by_team_monthly" class="Tests\Feature\API\Attendance\TeamAttendanceSummaryTest" classname="Tests.Feature.API.Attendance.TeamAttendanceSummaryTest" file="C:\DFolder\Projects\EVOX\E2eTesting\EVOX Code-Git\evox-app-e2e\server\tests\Feature\Api\Attendance\TeamAttendanceSummaryTest.php" line="163" assertions="11" time="1.979223"/>
        <testcase name="teamattendancesummary_006_search_team_member_daily" class="Tests\Feature\API\Attendance\TeamAttendanceSummaryTest" classname="Tests.Feature.API.Attendance.TeamAttendanceSummaryTest" file="C:\DFolder\Projects\EVOX\E2eTesting\EVOX Code-Git\evox-app-e2e\server\tests\Feature\Api\Attendance\TeamAttendanceSummaryTest.php" line="203" assertions="11" time="1.964224"/>
        <testcase name="teamattendancesummary_007_search_team_member_monthly" class="Tests\Feature\API\Attendance\TeamAttendanceSummaryTest" classname="Tests.Feature.API.Attendance.TeamAttendanceSummaryTest" file="C:\DFolder\Projects\EVOX\E2eTesting\EVOX Code-Git\evox-app-e2e\server\tests\Feature\Api\Attendance\TeamAttendanceSummaryTest.php" line="244" assertions="11" time="1.930116"/>
        <testcase name="teamattendancesummary_008_export_weekly_summary" class="Tests\Feature\API\Attendance\TeamAttendanceSummaryTest" classname="Tests.Feature.API.Attendance.TeamAttendanceSummaryTest" file="C:\DFolder\Projects\EVOX\E2eTesting\EVOX Code-Git\evox-app-e2e\server\tests\Feature\Api\Attendance\TeamAttendanceSummaryTest.php" line="285" assertions="3" time="3.734137">
          <error type="PHPUnit\Framework\RiskyTestError">Risky Test
phpvfscomposer://C:\DFolder\Projects\EVOX\E2eTesting\EVOX Code-Git\evox-app-e2e\server\vendor\phpunit\phpunit\phpunit:60
</error>
        </testcase>
        <testcase name="teamattendancesummary_009_export_monthly_summary" class="Tests\Feature\API\Attendance\TeamAttendanceSummaryTest" classname="Tests.Feature.API.Attendance.TeamAttendanceSummaryTest" file="C:\DFolder\Projects\EVOX\E2eTesting\EVOX Code-Git\evox-app-e2e\server\tests\Feature\Api\Attendance\TeamAttendanceSummaryTest.php" line="304" assertions="3" time="2.899032">
          <error type="PHPUnit\Framework\RiskyTestError">Risky Test
phpvfscomposer://C:\DFolder\Projects\EVOX\E2eTesting\EVOX Code-Git\evox-app-e2e\server\vendor\phpunit\phpunit\phpunit:60
</error>
        </testcase>
        <testcase name="teamattendancesummary_010_export_team_daily_summary" class="Tests\Feature\API\Attendance\TeamAttendanceSummaryTest" classname="Tests.Feature.API.Attendance.TeamAttendanceSummaryTest" file="C:\DFolder\Projects\EVOX\E2eTesting\EVOX Code-Git\evox-app-e2e\server\tests\Feature\Api\Attendance\TeamAttendanceSummaryTest.php" line="323" assertions="3" time="2.515364">
          <error type="PHPUnit\Framework\RiskyTestError">Risky Test
phpvfscomposer://C:\DFolder\Projects\EVOX\E2eTesting\EVOX Code-Git\evox-app-e2e\server\vendor\phpunit\phpunit\phpunit:60
</error>
        </testcase>
        <testcase name="teamattendancesummary_011_export_team_monthly_summary" class="Tests\Feature\API\Attendance\TeamAttendanceSummaryTest" classname="Tests.Feature.API.Attendance.TeamAttendanceSummaryTest" file="C:\DFolder\Projects\EVOX\E2eTesting\EVOX Code-Git\evox-app-e2e\server\tests\Feature\Api\Attendance\TeamAttendanceSummaryTest.php" line="342" assertions="3" time="3.125205">
          <error type="PHPUnit\Framework\RiskyTestError">Risky Test
phpvfscomposer://C:\DFolder\Projects\EVOX\E2eTesting\EVOX Code-Git\evox-app-e2e\server\vendor\phpunit\phpunit\phpunit:60
</error>
        </testcase>
        <testcase name="teamattendancesummary_012_export_team_daily_with_name_filter" class="Tests\Feature\API\Attendance\TeamAttendanceSummaryTest" classname="Tests.Feature.API.Attendance.TeamAttendanceSummaryTest" file="C:\DFolder\Projects\EVOX\E2eTesting\EVOX Code-Git\evox-app-e2e\server\tests\Feature\Api\Attendance\TeamAttendanceSummaryTest.php" line="361" assertions="3" time="2.580987">
          <error type="PHPUnit\Framework\RiskyTestError">Risky Test
phpvfscomposer://C:\DFolder\Projects\EVOX\E2eTesting\EVOX Code-Git\evox-app-e2e\server\vendor\phpunit\phpunit\phpunit:60
</error>
        </testcase>
        <testcase name="teamattendancesummary_012_export_team_monthly_with_name_filter" class="Tests\Feature\API\Attendance\TeamAttendanceSummaryTest" classname="Tests.Feature.API.Attendance.TeamAttendanceSummaryTest" file="C:\DFolder\Projects\EVOX\E2eTesting\EVOX Code-Git\evox-app-e2e\server\tests\Feature\Api\Attendance\TeamAttendanceSummaryTest.php" line="380" assertions="3" time="2.656384">
          <error type="PHPUnit\Framework\RiskyTestError">Risky Test
phpvfscomposer://C:\DFolder\Projects\EVOX\E2eTesting\EVOX Code-Git\evox-app-e2e\server\vendor\phpunit\phpunit\phpunit:60
</error>
        </testcase>
      </testsuite>
      <testsuite name="Tests\Feature\Api\AuthApiTest" file="C:\DFolder\Projects\EVOX\E2eTesting\EVOX Code-Git\evox-app-e2e\server\tests\Feature\Api\AuthApiTest.php" tests="7" assertions="17" errors="0" failures="0" skipped="0" time="16.218782">
        <testcase name="test_login_with_valid_email_returns_token" class="Tests\Feature\Api\AuthApiTest" classname="Tests.Feature.Api.AuthApiTest" file="C:\DFolder\Projects\EVOX\E2eTesting\EVOX Code-Git\evox-app-e2e\server\tests\Feature\Api\AuthApiTest.php" line="29" assertions="4" time="3.614145"/>
        <testcase name="test_login_with_wrong_password_returns_error" class="Tests\Feature\Api\AuthApiTest" classname="Tests.Feature.Api.AuthApiTest" file="C:\DFolder\Projects\EVOX\E2eTesting\EVOX Code-Git\evox-app-e2e\server\tests\Feature\Api\AuthApiTest.php" line="51" assertions="3" time="1.099895"/>
        <testcase name="test_login_with_nonexistent_email_returns_error" class="Tests\Feature\Api\AuthApiTest" classname="Tests.Feature.Api.AuthApiTest" file="C:\DFolder\Projects\EVOX\E2eTesting\EVOX Code-Git\evox-app-e2e\server\tests\Feature\Api\AuthApiTest.php" line="66" assertions="1" time="1.050026"/>
        <testcase name="test_login_with_valid_username_not_email_returns_token" class="Tests\Feature\Api\AuthApiTest" classname="Tests.Feature.Api.AuthApiTest" file="C:\DFolder\Projects\EVOX\E2eTesting\EVOX Code-Git\evox-app-e2e\server\tests\Feature\Api\AuthApiTest.php" line="77" assertions="3" time="2.921533"/>
        <testcase name="test_login_without_api_key_is_rejected" class="Tests\Feature\Api\AuthApiTest" classname="Tests.Feature.Api.AuthApiTest" file="C:\DFolder\Projects\EVOX\E2eTesting\EVOX Code-Git\evox-app-e2e\server\tests\Feature\Api\AuthApiTest.php" line="97" assertions="1" time="1.284522"/>
        <testcase name="test_inactive_user_with_null_termination_date_cannot_login" class="Tests\Feature\Api\AuthApiTest" classname="Tests.Feature.Api.AuthApiTest" file="C:\DFolder\Projects\EVOX\E2eTesting\EVOX Code-Git\evox-app-e2e\server\tests\Feature\Api\AuthApiTest.php" line="110" assertions="1" time="3.044627"/>
        <testcase name="test_logout_invalidates_token" class="Tests\Feature\Api\AuthApiTest" classname="Tests.Feature.Api.AuthApiTest" file="C:\DFolder\Projects\EVOX\E2eTesting\EVOX Code-Git\evox-app-e2e\server\tests\Feature\Api\AuthApiTest.php" line="142" assertions="4" time="3.204034"/>
      </testsuite>
      <testsuite name="Tests\Feature\Api\Auth\JwtSecurityTest" file="C:\DFolder\Projects\EVOX\E2eTesting\EVOX Code-Git\evox-app-e2e\server\tests\Feature\Api\Auth\JwtSecurityTest.php" tests="2" assertions="4" errors="0" failures="0" skipped="0" time="5.410699">
        <testcase name="test_jwt_001_token_expires_after_ttl" class="Tests\Feature\Api\Auth\JwtSecurityTest" classname="Tests.Feature.Api.Auth.JwtSecurityTest" file="C:\DFolder\Projects\EVOX\E2eTesting\EVOX Code-Git\evox-app-e2e\server\tests\Feature\Api\Auth\JwtSecurityTest.php" line="10" assertions="2" time="2.387287"/>
        <testcase name="test_jwt_003_blacklist_enforcement" class="Tests\Feature\Api\Auth\JwtSecurityTest" classname="Tests.Feature.Api.Auth.JwtSecurityTest" file="C:\DFolder\Projects\EVOX\E2eTesting\EVOX Code-Git\evox-app-e2e\server\tests\Feature\Api\Auth\JwtSecurityTest.php" line="50" assertions="2" time="3.023412"/>
      </testsuite>
      <testsuite name="Tests\Feature\Api\Auth\LoginApiTest" file="C:\DFolder\Projects\EVOX\E2eTesting\EVOX Code-Git\evox-app-e2e\server\tests\Feature\Api\Auth\LoginApiTest.php" tests="3" assertions="13" errors="0" failures="0" skipped="0" time="5.671987">
        <testcase name="test_login_001_successful_login_using_username" class="Tests\Feature\Api\Auth\LoginApiTest" classname="Tests.Feature.Api.Auth.LoginApiTest" file="C:\DFolder\Projects\EVOX\E2eTesting\EVOX Code-Git\evox-app-e2e\server\tests\Feature\Api\Auth\LoginApiTest.php" line="10" assertions="9" time="2.270198"/>
        <testcase name="test_login_003_username_required" class="Tests\Feature\Api\Auth\LoginApiTest" classname="Tests.Feature.Api.Auth.LoginApiTest" file="C:\DFolder\Projects\EVOX\E2eTesting\EVOX Code-Git\evox-app-e2e\server\tests\Feature\Api\Auth\LoginApiTest.php" line="37" assertions="1" time="1.643635"/>
        <testcase name="test_login_007_incorrect_password" class="Tests\Feature\Api\Auth\LoginApiTest" classname="Tests.Feature.Api.Auth.LoginApiTest" file="C:\DFolder\Projects\EVOX\E2eTesting\EVOX Code-Git\evox-app-e2e\server\tests\Feature\Api\Auth\LoginApiTest.php" line="51" assertions="3" time="1.758154"/>
      </testsuite>
      <testsuite name="Tests\Feature\Api\Auth\LogoutApiTest" file="C:\DFolder\Projects\EVOX\E2eTesting\EVOX Code-Git\evox-app-e2e\server\tests\Feature\Api\Auth\LogoutApiTest.php" tests="2" assertions="3" errors="0" failures="0" skipped="0" time="5.774724">
        <testcase name="test_logout_001_successful_logout" class="Tests\Feature\Api\Auth\LogoutApiTest" classname="Tests.Feature.Api.Auth.LogoutApiTest" file="C:\DFolder\Projects\EVOX\E2eTesting\EVOX Code-Git\evox-app-e2e\server\tests\Feature\Api\Auth\LogoutApiTest.php" line="9" assertions="1" time="2.995154"/>
        <testcase name="test_logout_002_reuse_blacklisted_token" class="Tests\Feature\Api\Auth\LogoutApiTest" classname="Tests.Feature.Api.Auth.LogoutApiTest" file="C:\DFolder\Projects\EVOX\E2eTesting\EVOX Code-Git\evox-app-e2e\server\tests\Feature\Api\Auth\LogoutApiTest.php" line="23" assertions="2" time="2.779570"/>
      </testsuite>
      <testsuite name="Tests\Feature\Api\Auth\MicrosoftLoginApiTest" file="C:\DFolder\Projects\EVOX\E2eTesting\EVOX Code-Git\evox-app-e2e\server\tests\Feature\Api\Auth\MicrosoftLoginApiTest.php" tests="2" assertions="5" errors="0" failures="0" skipped="0" time="6.379144">
        <testcase name="test_ms_001_missing_authorization_code" class="Tests\Feature\Api\Auth\MicrosoftLoginApiTest" classname="Tests.Feature.Api.Auth.MicrosoftLoginApiTest" file="C:\DFolder\Projects\EVOX\E2eTesting\EVOX Code-Git\evox-app-e2e\server\tests\Feature\Api\Auth\MicrosoftLoginApiTest.php" line="13" assertions="3" time="3.302116"/>
        <testcase name="test_ms_002_token_exchange_failure" class="Tests\Feature\Api\Auth\MicrosoftLoginApiTest" classname="Tests.Feature.Api.Auth.MicrosoftLoginApiTest" file="C:\DFolder\Projects\EVOX\E2eTesting\EVOX Code-Git\evox-app-e2e\server\tests\Feature\Api\Auth\MicrosoftLoginApiTest.php" line="33" assertions="2" time="3.077028"/>
      </testsuite>
      <testsuite name="Tests\Feature\Api\Auth\MiddlewareTest" file="C:\DFolder\Projects\EVOX\E2eTesting\EVOX Code-Git\evox-app-e2e\server\tests\Feature\Api\Auth\MiddlewareTest.php" tests="3" assertions="4" errors="0" failures="0" skipped="0" time="4.150899">
        <testcase name="test_mw_001_missing_api_key" class="Tests\Feature\Api\Auth\MiddlewareTest" classname="Tests.Feature.Api.Auth.MiddlewareTest" file="C:\DFolder\Projects\EVOX\E2eTesting\EVOX Code-Git\evox-app-e2e\server\tests\Feature\Api\Auth\MiddlewareTest.php" line="9" assertions="1" time="1.405283"/>
        <testcase name="test_mw_002_invalid_api_key" class="Tests\Feature\Api\Auth\MiddlewareTest" classname="Tests.Feature.Api.Auth.MiddlewareTest" file="C:\DFolder\Projects\EVOX\E2eTesting\EVOX Code-Git\evox-app-e2e\server\tests\Feature\Api\Auth\MiddlewareTest.php" line="21" assertions="1" time="1.368310"/>
        <testcase name="test_mw_003_protected_endpoint_without_jwt" class="Tests\Feature\Api\Auth\MiddlewareTest" classname="Tests.Feature.Api.Auth.MiddlewareTest" file="C:\DFolder\Projects\EVOX\E2eTesting\EVOX Code-Git\evox-app-e2e\server\tests\Feature\Api\Auth\MiddlewareTest.php" line="33" assertions="2" time="1.377306"/>
      </testsuite>
      <testsuite name="Tests\Feature\Api\Auth\MobileLoginApiTest" file="C:\DFolder\Projects\EVOX\E2eTesting\EVOX Code-Git\evox-app-e2e\server\tests\Feature\Api\Auth\MobileLoginApiTest.php" tests="1" assertions="5" errors="0" failures="0" skipped="0" time="2.085847">
        <testcase name="test_mobile_001_successful_mobile_login" class="Tests\Feature\Api\Auth\MobileLoginApiTest" classname="Tests.Feature.Api.Auth.MobileLoginApiTest" file="C:\DFolder\Projects\EVOX\E2eTesting\EVOX Code-Git\evox-app-e2e\server\tests\Feature\Api\Auth\MobileLoginApiTest.php" line="9" assertions="5" time="2.085847"/>
      </testsuite>
      <testsuite name="Tests\Feature\Api\Auth\PayloadApiTest" file="C:\DFolder\Projects\EVOX\E2eTesting\EVOX Code-Git\evox-app-e2e\server\tests\Feature\Api\Auth\PayloadApiTest.php" tests="4" assertions="11" errors="0" failures="0" skipped="0" time="7.782597">
        <testcase name="test_payload_001_valid_token" class="Tests\Feature\Api\Auth\PayloadApiTest" classname="Tests.Feature.Api.Auth.PayloadApiTest" file="C:\DFolder\Projects\EVOX\E2eTesting\EVOX Code-Git\evox-app-e2e\server\tests\Feature\Api\Auth\PayloadApiTest.php" line="10" assertions="5" time="2.571439"/>
        <testcase name="test_payload_002_expired_token" class="Tests\Feature\Api\Auth\PayloadApiTest" classname="Tests.Feature.Api.Auth.PayloadApiTest" file="C:\DFolder\Projects\EVOX\E2eTesting\EVOX Code-Git\evox-app-e2e\server\tests\Feature\Api\Auth\PayloadApiTest.php" line="32" assertions="2" time="2.241117"/>
        <testcase name="test_payload_003_invalid_token" class="Tests\Feature\Api\Auth\PayloadApiTest" classname="Tests.Feature.Api.Auth.PayloadApiTest" file="C:\DFolder\Projects\EVOX\E2eTesting\EVOX Code-Git\evox-app-e2e\server\tests\Feature\Api\Auth\PayloadApiTest.php" line="57" assertions="2" time="1.487430"/>
        <testcase name="test_payload_004_missing_token" class="Tests\Feature\Api\Auth\PayloadApiTest" classname="Tests.Feature.Api.Auth.PayloadApiTest" file="C:\DFolder\Projects\EVOX\E2eTesting\EVOX Code-Git\evox-app-e2e\server\tests\Feature\Api\Auth\PayloadApiTest.php" line="76" assertions="2" time="1.482611"/>
      </testsuite>
[...]
Expected status code 401 but received 404.
Failed asserting that false is true.

C:\DFolder\Projects\EVOX\E2eTesting\EVOX Code-Git\evox-app-e2e\server\vendor\laravel\framework\src\Illuminate\Foundation\Testing\TestResponse.php:133
C:\DFolder\Projects\EVOX\E2eTesting\EVOX Code-Git\evox-app-e2e\server\tests\Feature\Vishnu\SyncApiTest.php:117
phpvfscomposer://C:\DFolder\Projects\EVOX\E2eTesting\EVOX Code-Git\evox-app-e2e\server\vendor\phpunit\phpunit\phpunit:60
</failure>
        </testcase>
        <testcase name="test_sync_users_with_api_key_missing_body_returns_validation_errors_not_500" class="Tests\Feature\Vishnu\SyncApiTest" classname="Tests.Feature.Vishnu.SyncApiTest" file="C:\DFolder\Projects\EVOX\E2eTesting\EVOX Code-Git\evox-app-e2e\server\tests\Feature\Vishnu\SyncApiTest.php" line="124" assertions="1" time="0.540474">
          <failure type="PHPUnit\Framework\ExpectationFailedException">Tests\Feature\Vishnu\SyncApiTest::test_sync_users_with_api_key_missing_body_returns_validation_errors_not_500
POST /api/sync_users must exist — 404 is a routing regression.
Failed asserting that 404 is not equal to 404.

C:\DFolder\Projects\EVOX\E2eTesting\EVOX Code-Git\evox-app-e2e\server\tests\Feature\Vishnu\SyncApiTest.php:130
phpvfscomposer://C:\DFolder\Projects\EVOX\E2eTesting\EVOX Code-Git\evox-app-e2e\server\vendor\phpunit\phpunit\phpunit:60
</failure>
        </testcase>
        <testcase name="test_sync_users_hris_with_api_key_missing_body_returns_not_500" class="Tests\Feature\Vishnu\SyncApiTest" classname="Tests.Feature.Vishnu.SyncApiTest" file="C:\DFolder\Projects\EVOX\E2eTesting\EVOX Code-Git\evox-app-e2e\server\tests\Feature\Vishnu\SyncApiTest.php" line="139" assertions="1" time="0.667952">
          <failure type="PHPUnit\Framework\ExpectationFailedException">Tests\Feature\Vishnu\SyncApiTest::test_sync_users_hris_with_api_key_missing_body_returns_not_500
Failed asserting that 404 is not equal to 404.

C:\DFolder\Projects\EVOX\E2eTesting\EVOX Code-Git\evox-app-e2e\server\tests\Feature\Vishnu\SyncApiTest.php:142
phpvfscomposer://C:\DFolder\Projects\EVOX\E2eTesting\EVOX Code-Git\evox-app-e2e\server\vendor\phpunit\phpunit\phpunit:60
</failure>
        </testcase>
        <testcase name="test_sync_holidays_with_api_key_is_reachable" class="Tests\Feature\Vishnu\SyncApiTest" classname="Tests.Feature.Vishnu.SyncApiTest" file="C:\DFolder\Projects\EVOX\E2eTesting\EVOX Code-Git\evox-app-e2e\server\tests\Feature\Vishnu\SyncApiTest.php" line="147" assertions="1" time="0.601648">
          <failure type="PHPUnit\Framework\ExpectationFailedException">Tests\Feature\Vishnu\SyncApiTest::test_sync_holidays_with_api_key_is_reachable
Failed asserting that 404 is not equal to 404.

C:\DFolder\Projects\EVOX\E2eTesting\EVOX Code-Git\evox-app-e2e\server\tests\Feature\Vishnu\SyncApiTest.php:150
phpvfscomposer://C:\DFolder\Projects\EVOX\E2eTesting\EVOX Code-Git\evox-app-e2e\server\vendor\phpunit\phpunit\phpunit:60
</failure>
        </testcase>
        <testcase name="test_sync_leaves_with_api_key_is_reachable" class="Tests\Feature\Vishnu\SyncApiTest" classname="Tests.Feature.Vishnu.SyncApiTest" file="C:\DFolder\Projects\EVOX\E2eTesting\EVOX Code-Git\evox-app-e2e\server\tests\Feature\Vishnu\SyncApiTest.php" line="155" assertions="1" time="0.568182">
          <failure type="PHPUnit\Framework\ExpectationFailedException">Tests\Feature\Vishnu\SyncApiTest::test_sync_leaves_with_api_key_is_reachable
Failed asserting that 404 is not equal to 404.

C:\DFolder\Projects\EVOX\E2eTesting\EVOX Code-Git\evox-app-e2e\server\tests\Feature\Vishnu\SyncApiTest.php:158
phpvfscomposer://C:\DFolder\Projects\EVOX\E2eTesting\EVOX Code-Git\evox-app-e2e\server\vendor\phpunit\phpunit\phpunit:60
</failure>
        </testcase>
        <testcase name="test_sync_timeoff_allocation_with_api_key_is_reachable" class="Tests\Feature\Vishnu\SyncApiTest" classname="Tests.Feature.Vishnu.SyncApiTest" file="C:\DFolder\Projects\EVOX\E2eTesting\EVOX Code-Git\evox-app-e2e\server\tests\Feature\Vishnu\SyncApiTest.php" line="163" assertions="1" time="0.579477">
          <failure type="PHPUnit\Framework\ExpectationFailedException">Tests\Feature\Vishnu\SyncApiTest::test_sync_timeoff_allocation_with_api_key_is_reachable
Failed asserting that 404 is not equal to 404.

C:\DFolder\Projects\EVOX\E2eTesting\EVOX Code-Git\evox-app-e2e\server\tests\Feature\Vishnu\SyncApiTest.php:166
phpvfscomposer://C:\DFolder\Projects\EVOX\E2eTesting\EVOX Code-Git\evox-app-e2e\server\vendor\phpunit\phpunit\phpunit:60
</failure>
        </testcase>
        <testcase name="test_sync_timeoff_allocation_new_with_api_key_is_reachable" class="Tests\Feature\Vishnu\SyncApiTest" classname="Tests.Feature.Vishnu.SyncApiTest" file="C:\DFolder\Projects\EVOX\E2eTesting\EVOX Code-Git\evox-app-e2e\server\tests\Feature\Vishnu\SyncApiTest.php" line="171" assertions="1" time="0.600407">
          <failure type="PHPUnit\Framework\ExpectationFailedException">Tests\Feature\Vishnu\SyncApiTest::test_sync_timeoff_allocation_new_with_api_key_is_reachable
Failed asserting that 404 is not equal to 404.

C:\DFolder\Projects\EVOX\E2eTesting\EVOX Code-Git\evox-app-e2e\server\tests\Feature\Vishnu\SyncApiTest.php:174
phpvfscomposer://C:\DFolder\Projects\EVOX\E2eTesting\EVOX Code-Git\evox-app-e2e\server\vendor\phpunit\phpunit\phpunit:60
</failure>
        </testcase>
        <testcase name="test_sync_timeoff_allocation_fail_sync_with_api_key_is_reachable" class="Tests\Feature\Vishnu\SyncApiTest" classname="Tests.Feature.Vishnu.SyncApiTest" file="C:\DFolder\Projects\EVOX\E2eTesting\EVOX Code-Git\evox-app-e2e\server\tests\Feature\Vishnu\SyncApiTest.php" line="179" assertions="1" time="0.572091">
          <failure type="PHPUnit\Framework\ExpectationFailedException">Tests\Feature\Vishnu\SyncApiTest::test_sync_timeoff_allocation_fail_sync_with_api_key_is_reachable
Failed asserting that 404 is not equal to 404.

C:\DFolder\Projects\EVOX\E2eTesting\EVOX Code-Git\evox-app-e2e\server\tests\Feature\Vishnu\SyncApiTest.php:182
phpvfscomposer://C:\DFolder\Projects\EVOX\E2eTesting\EVOX Code-Git\evox-app-e2e\server\vendor\phpunit\phpunit\phpunit:60
</failure>
        </testcase>
      </testsuite>
      <testsuite name="Tests\Feature\Vishnu\UserExtendedApiTest" file="C:\DFolder\Projects\EVOX\E2eTesting\EVOX Code-Git\evox-app-e2e\server\tests\Feature\Vishnu\UserExtendedApiTest.php" tests="10" assertions="14" errors="0" failures="1" skipped="0" time="10.767669">
        <testcase name="test_sub_department_under_department_without_token_returns_401" class="Tests\Feature\Vishnu\UserExtendedApiTest" classname="Tests.Feature.Vishnu.UserExtendedApiTest" file="C:\DFolder\Projects\EVOX\E2eTesting\EVOX Code-Git\evox-app-e2e\server\tests\Feature\Vishnu\UserExtendedApiTest.php" line="80" assertions="2" time="0.698786"/>
        <testcase name="test_tick_dpa_without_token_returns_401" class="Tests\Feature\Vishnu\UserExtendedApiTest" classname="Tests.Feature.Vishnu.UserExtendedApiTest" file="C:\DFolder\Projects\EVOX\E2eTesting\EVOX Code-Git\evox-app-e2e\server\tests\Feature\Vishnu\UserExtendedApiTest.php" line="100" assertions="2" time="0.568937"/>
        <testcase name="test_sub_department_under_department_own_user_returns_not_500" class="Tests\Feature\Vishnu\UserExtendedApiTest" classname="Tests.Feature.Vishnu.UserExtendedApiTest" file="C:\DFolder\Projects\EVOX\E2eTesting\EVOX Code-Git\evox-app-e2e\server\tests\Feature\Vishnu\UserExtendedApiTest.php" line="126" assertions="1" time="0.578101"/>
        <testcase name="test_sub_department_under_department_success_has_envelope" class="Tests\Feature\Vishnu\UserExtendedApiTest" classname="Tests.Feature.Vishnu.UserExtendedApiTest" file="C:\DFolder\Projects\EVOX\E2eTesting\EVOX Code-Git\evox-app-e2e\server\tests\Feature\Vishnu\UserExtendedApiTest.php" line="147" assertions="2" time="0.661029"/>
        <testcase name="test_sub_department_under_department_nonexistent_department_returns_not_500" class="Tests\Feature\Vishnu\UserExtendedApiTest" classname="Tests.Feature.Vishnu.UserExtendedApiTest" file="C:\DFolder\Projects\EVOX\E2eTesting\EVOX Code-Git\evox-app-e2e\server\tests\Feature\Vishnu\UserExtendedApiTest.php" line="173" assertions="1" time="0.619959"/>
        <testcase name="test_sub_department_under_department_nonexistent_user_returns_not_500" class="Tests\Feature\Vishnu\UserExtendedApiTest" classname="Tests.Feature.Vishnu.UserExtendedApiTest" file="C:\DFolder\Projects\EVOX\E2eTesting\EVOX Code-Git\evox-app-e2e\server\tests\Feature\Vishnu\UserExtendedApiTest.php" line="196" assertions="1" time="0.592233">
          <failure type="PHPUnit\Framework\ExpectationFailedException">Tests\Feature\Vishnu\UserExtendedApiTest::test_sub_department_under_department_nonexistent_user_returns_not_500
sub_department_under_department with null user must not return 500.
Failed asserting that 500 is not equal to 500.

C:\DFolder\Projects\EVOX\E2eTesting\EVOX Code-Git\evox-app-e2e\server\tests\Feature\Vishnu\UserExtendedApiTest.php:209
phpvfscomposer://C:\DFolder\Projects\EVOX\E2eTesting\EVOX Code-Git\evox-app-e2e\server\vendor\phpunit\phpunit\phpunit:60
</failure>
        </testcase>
        <testcase name="test_tick_dpa_own_user_returns_not_500" class="Tests\Feature\Vishnu\UserExtendedApiTest" classname="Tests.Feature.Vishnu.UserExtendedApiTest" file="C:\DFolder\Projects\EVOX\E2eTesting\EVOX Code-Git\evox-app-e2e\server\tests\Feature\Vishnu\UserExtendedApiTest.php" line="223" assertions="1" time="1.450100"/>
        <testcase name="test_tick_dpa_success_response_has_envelope" class="Tests\Feature\Vishnu\UserExtendedApiTest" classname="Tests.Feature.Vishnu.UserExtendedApiTest" file="C:\DFolder\Projects\EVOX\E2eTesting\EVOX Code-Git\evox-app-e2e\server\tests\Feature\Vishnu\UserExtendedApiTest.php" line="246" assertions="2" time="2.138597"/>
        <testcase name="test_tick_dpa_with_session_id_returns_not_500" class="Tests\Feature\Vishnu\UserExtendedApiTest" classname="Tests.Feature.Vishnu.UserExtendedApiTest" file="C:\DFolder\Projects\EVOX\E2eTesting\EVOX Code-Git\evox-app-e2e\server\tests\Feature\Vishnu\UserExtendedApiTest.php" line="272" assertions="1" time="2.151762"/>
        <testcase name="test_tick_dpa_nonexistent_user_returns_not_500" class="Tests\Feature\Vishnu\UserExtendedApiTest" classname="Tests.Feature.Vishnu.UserExtendedApiTest" file="C:\DFolder\Projects\EVOX\E2eTesting\EVOX Code-Git\evox-app-e2e\server\tests\Feature\Vishnu\UserExtendedApiTest.php" line="296" assertions="1" time="1.308165"/>
      </testsuite>
      <testsuite name="Tests\Feature\Vishnu\UserPiiApiTest" file="C:\DFolder\Projects\EVOX\E2eTesting\EVOX Code-Git\evox-app-e2e\server\tests\Feature\Vishnu\UserPiiApiTest.php" tests="26" assertions="41" errors="1" failures="0" skipped="0" time="24.825646">
        <testcase name="test_personal_information_without_token_returns_401" class="Tests\Feature\Vishnu\UserPiiApiTest" classname="Tests.Feature.Vishnu.UserPiiApiTest" file="C:\DFolder\Projects\EVOX\E2eTesting\EVOX Code-Git\evox-app-e2e\server\tests\Feature\Vishnu\UserPiiApiTest.php" line="90" assertions="2" time="1.303155"/>
        <testcase name="test_job_information_without_token_returns_401" class="Tests\Feature\Vishnu\UserPiiApiTest" classname="Tests.Feature.Vishnu.UserPiiApiTest" file="C:\DFolder\Projects\EVOX\E2eTesting\EVOX Code-Git\evox-app-e2e\server\tests\Feature\Vishnu\UserPiiApiTest.php" line="98" assertions="2" time="0.619751"/>
        <testcase name="test_time_off_without_token_returns_401" class="Tests\Feature\Vishnu\UserPiiApiTest" classname="Tests.Feature.Vishnu.UserPiiApiTest" file="C:\DFolder\Projects\EVOX\E2eTesting\EVOX Code-Git\evox-app-e2e\server\tests\Feature\Vishnu\UserPiiApiTest.php" line="106" assertions="2" time="0.569344"/>
        <testcase name="test_leave_credits_without_token_returns_401" class="Tests\Feature\Vishnu\UserPiiApiTest" classname="Tests.Feature.Vishnu.UserPiiApiTest" file="C:\DFolder\Projects\EVOX\E2eTesting\EVOX Code-Git\evox-app-e2e\server\tests\Feature\Vishnu\UserPiiApiTest.php" line="117" assertions="2" time="0.559571"/>
        <testcase name="test_change_password_without_token_returns_401" class="Tests\Feature\Vishnu\UserPiiApiTest" classname="Tests.Feature.Vishnu.UserPiiApiTest" file="C:\DFolder\Projects\EVOX\E2eTesting\EVOX Code-Git\evox-app-e2e\server\tests\Feature\Vishnu\UserPiiApiTest.php" line="125" assertions="2" time="0.638399"/>
        <testcase name="test_assign_roles_permissions_without_token_returns_401" class="Tests\Feature\Vishnu\UserPiiApiTest" classname="Tests.Feature.Vishnu.UserPiiApiTest" file="C:\DFolder\Projects\EVOX\E2eTesting\EVOX Code-Git\evox-app-e2e\server\tests\Feature\Vishnu\UserPiiApiTest.php" line="133" assertions="2" time="0.680777"/>
        <testcase name="test_get_dpa_list_without_token_returns_401" class="Tests\Feature\Vishnu\UserPiiApiTest" classname="Tests.Feature.Vishnu.UserPiiApiTest" file="C:\DFolder\Projects\EVOX\E2eTesting\EVOX Code-Git\evox-app-e2e\server\tests\Feature\Vishnu\UserPiiApiTest.php" line="145" assertions="2" time="0.643813"/>
        <testcase name="test_export_dpa_list_without_token_returns_401" class="Tests\Feature\Vishnu\UserPiiApiTest" classname="Tests.Feature.Vishnu.UserPiiApiTest" file="C:\DFolder\Projects\EVOX\E2eTesting\EVOX Code-Git\evox-app-e2e\server\tests\Feature\Vishnu\UserPiiApiTest.php" line="153" assertions="2" time="0.593401"/>
        <testcase name="test_personal_information_own_id_returns_not_500" class="Tests\Feature\Vishnu\UserPiiApiTest" classname="Tests.Feature.Vishnu.UserPiiApiTest" file="C:\DFolder\Projects\EVOX\E2eTesting\EVOX Code-Git\evox-app-e2e\server\tests\Feature\Vishnu\UserPiiApiTest.php" line="174" assertions="1" time="0.637538"/>
        <testcase name="test_personal_information_other_user_id_returns_not_500_idor_probe" class="Tests\Feature\Vishnu\UserPiiApiTest" classname="Tests.Feature.Vishnu.UserPiiApiTest" file="C:\DFolder\Projects\EVOX\E2eTesting\EVOX Code-Git\evox-app-e2e\server\tests\Feature\Vishnu\UserPiiApiTest.php" line="193" assertions="2" time="0.760917"/>
        <testcase name="test_job_information_own_id_returns_not_500" class="Tests\Feature\Vishnu\UserPiiApiTest" classname="Tests.Feature.Vishnu.UserPiiApiTest" file="C:\DFolder\Projects\EVOX\E2eTesting\EVOX Code-Git\evox-app-e2e\server\tests\Feature\Vishnu\UserPiiApiTest.php" line="214" assertions="1" time="0.658407"/>
        <testcase name="test_job_information_other_user_id_returns_not_500_idor_probe" class="Tests\Feature\Vishnu\UserPiiApiTest" classname="Tests.Feature.Vishnu.UserPiiApiTest" file="C:\DFolder\Projects\EVOX\E2eTesting\EVOX Code-Git\evox-app-e2e\server\tests\Feature\Vishnu\UserPiiApiTest.php" line="231" assertions="1" time="1.052414"/>
        <testcase name="test_time_off_valid_date_range_returns_not_500" class="Tests\Feature\Vishnu\UserPiiApiTest" classname="Tests.Feature.Vishnu.UserPiiApiTest" file="C:\DFolder\Projects\EVOX\E2eTesting\EVOX Code-Git\evox-app-e2e\server\tests\Feature\Vishnu\UserPiiApiTest.php" line="248" assertions="2" time="1.400750"/>
        <testcase name="test_leave_credits_returns_not_500" class="Tests\Feature\Vishnu\UserPiiApiTest" classname="Tests.Feature.Vishnu.UserPiiApiTest" file="C:\DFolder\Projects\EVOX\E2eTesting\EVOX Code-Git\evox-app-e2e\server\tests\Feature\Vishnu\UserPiiApiTest.php" line="270" assertions="1" time="1.134850"/>
        <testcase name="test_change_password_missing_current_password_returns_422" class="Tests\Feature\Vishnu\UserPiiApiTest" classname="Tests.Feature.Vishnu.UserPiiApiTest" file="C:\DFolder\Projects\EVOX\E2eTesting\EVOX Code-Git\evox-app-e2e\server\tests\Feature\Vishnu\UserPiiApiTest.php" line="287" assertions="2" time="1.075750"/>
        <testcase name="test_change_password_empty_body_returns_422" class="Tests\Feature\Vishnu\UserPiiApiTest" classname="Tests.Feature.Vishnu.UserPiiApiTest" file="C:\DFolder\Projects\EVOX\E2eTesting\EVOX Code-Git\evox-app-e2e\server\tests\Feature\Vishnu\UserPiiApiTest.php" line="307" assertions="1" time="1.090110"/>
        <testcase name="test_change_password_wrong_current_password_returns_4xx" class="Tests\Feature\Vishnu\UserPiiApiTest" classname="Tests.Feature.Vishnu.UserPiiApiTest" file="C:\DFolder\Projects\EVOX\E2eTesting\EVOX Code-Git\evox-app-e2e\server\tests\Feature\Vishnu\UserPiiApiTest.php" line="323" assertions="3" time="1.445107"/>
        <testcase name="test_change_password_mismatched_confirm_returns_422" class="Tests\Feature\Vishnu\UserPiiApiTest" classname="Tests.Feature.Vishnu.UserPiiApiTest" file="C:\DFolder\Projects\EVOX\E2eTesting\EVOX Code-Git\evox-app-e2e\server\tests\Feature\Vishnu\UserPiiApiTest.php" line="346" assertions="1" time="0.938751"/>
        <testcase name="test_assign_roles_permissions_without_token_returns_401_recheck" class="Tests\Feature\Vishnu\UserPiiApiTest" classname="Tests.Feature.Vishnu.UserPiiApiTest" file="C:\DFolder\Projects\EVOX\E2eTesting\EVOX Code-Git\evox-app-e2e\server\tests\Feature\Vishnu\UserPiiApiTest.php" line="373" assertions="1" time="0.862759"/>
        <testcase name="test_assign_roles_permissions_valid_payload_returns_not_500" class="Tests\Feature\Vishnu\UserPiiApiTest" classname="Tests.Feature.Vishnu.UserPiiApiTest" file="C:\DFolder\Projects\EVOX\E2eTesting\EVOX Code-Git\evox-app-e2e\server\tests\Feature\Vishnu\UserPiiApiTest.php" line="391" assertions="1" time="1.231253"/>
        <testcase name="test_get_dpa_list_returns_not_500" class="Tests\Feature\Vishnu\UserPiiApiTest" classname="Tests.Feature.Vishnu.UserPiiApiTest" file="C:\DFolder\Projects\EVOX\E2eTesting\EVOX Code-Git\evox-app-e2e\server\tests\Feature\Vishnu\UserPiiApiTest.php" line="411" assertions="2" time="0.970199"/>
        <testcase name="test_get_dpa_list_success_has_message_key" class="Tests\Feature\Vishnu\UserPiiApiTest" classname="Tests.Feature.Vishnu.UserPiiApiTest" file="C:\DFolder\Projects\EVOX\E2eTesting\EVOX Code-Git\evox-app-e2e\server\tests\Feature\Vishnu\UserPiiApiTest.php" line="428" assertions="2" time="1.160172"/>
        <testcase name="test_export_dpa_list_returns_not_500" class="Tests\Feature\Vishnu\UserPiiApiTest" classname="Tests.Feature.Vishnu.UserPiiApiTest" file="C:\DFolder\Projects\EVOX\E2eTesting\EVOX Code-Git\evox-app-e2e\server\tests\Feature\Vishnu\UserPiiApiTest.php" line="450" assertions="0" time="1.315828">
          <error type="Error">Tests\Feature\Vishnu\UserPiiApiTest::test_export_dpa_list_returns_not_500
Error: Call to undefined method Symfony\Component\HttpFoundation\BinaryFileResponse::status()

C:\DFolder\Projects\EVOX\E2eTesting\EVOX Code-Git\evox-app-e2e\server\vendor\laravel\framework\src\Illuminate\Foundation\Testing\TestResponse.php:1080
C:\DFolder\Projects\EVOX\E2eTesting\EVOX Code-Git\evox-app-e2e\server\tests\Feature\Vishnu\UserPiiApiTest.php:457
phpvfscomposer://C:\DFolder\Projects\EVOX\E2eTesting\EVOX Code-Git\evox-app-e2e\server\vendor\phpunit\phpunit\phpunit:60
</error>
        </testcase>
        <testcase name="test_forgot_password_request_missing_email_returns_422" class="Tests\Feature\Vishnu\UserPiiApiTest" classname="Tests.Feature.Vishnu.UserPiiApiTest" file="C:\DFolder\Projects\EVOX\E2eTesting\EVOX Code-Git\evox-app-e2e\server\tests\Feature\Vishnu\UserPiiApiTest.php" line="468" assertions="2" time="1.206977"/>
        <testcase name="test_forgot_password_request_nonexistent_email_returns_422" class="Tests\Feature\Vishnu\UserPiiApiTest" classname="Tests.Feature.Vishnu.UserPiiApiTest" file="C:\DFolder\Projects\EVOX\E2eTesting\EVOX Code-Git\evox-app-e2e\server\tests\Feature\Vishnu\UserPiiApiTest.php" line="482" assertions="1" time="1.047332"/>
        <testcase name="test_forgot_password_request_valid_email_returns_not_500" class="Tests\Feature\Vishnu\UserPiiApiTest" classname="Tests.Feature.Vishnu.UserPiiApiTest" file="C:\DFolder\Projects\EVOX\E2eTesting\EVOX Code-Git\evox-app-e2e\server\tests\Feature\Vishnu\UserPiiApiTest.php" line="496" assertions="1" time="1.228321"/>
      </testsuite>
    </testsuite>
  </testsuite>
</testsuites>
